2023-05-03 00:47:19,274 [INFO] ApplicationProperties:184 - Using Application install path: C:\ST\STM32CubeIDE_1.12.1\STM32CubeIDE\plugins\com.st.stm32cube.common.mx_6.8.1.202304191431
2023-05-03 00:47:19,305 [INFO] DbMcusXml:78 - Set database path to: C:\ST\STM32CubeIDE_1.12.1\STM32CubeIDE\plugins\com.st.stm32cube.common.mx_6.8.1.202304191431\\db\/mcu/
2023-05-03 00:47:19,305 [INFO] ApiDb:274 - Set plugin database path to: C:\ST\STM32CubeIDE_1.12.1\STM32CubeIDE\plugins\com.st.stm32cube.common.mx_6.8.1.202304191431\\db\/plugins/boardmanager/
2023-05-03 00:47:19,307 [WARN] ApiDb:259 - Overriding images path with different value:  => C:\ST\STM32CubeIDE_1.12.1\STM32CubeIDE\plugins\com.st.stm32cube.common.mx_6.8.1.202304191431\\db\/plugins/mcufinder/images/
2023-05-03 00:47:19,322 [INFO] ApiDb:250 - Set database path to: C:\Users\User\.stmcufinder\plugins\mcufinder//mcu/
2023-05-03 00:47:19,323 [INFO] DbMcusAds:125 - Set database path to: C:\Users\User\.stmcufinder\plugins\mcufinder//mcu/
2023-05-03 00:47:19,505 [INFO] CrossReferenceDbSqlite:203 - Set database path to: C:\Users\User\.stmcufinder\plugins\mcufinder//mcu/cs/
2023-05-03 00:47:19,618 [INFO] RulesReader:64 - Compatibility file has been processed (293 Rules)
2023-05-03 00:47:19,703 [INFO] DbMcusXml:78 - Set database path to: C:\ST\STM32CubeIDE_1.12.1\STM32CubeIDE\plugins\com.st.stm32cube.common.mx_6.8.1.202304191431\\db\/mcu/
2023-05-03 00:47:19,703 [INFO] ApiDb:274 - Set plugin database path to: C:\ST\STM32CubeIDE_1.12.1\STM32CubeIDE\plugins\com.st.stm32cube.common.mx_6.8.1.202304191431\\db\/plugins/boardmanager/
2023-05-03 00:47:19,703 [INFO] ApiDb:261 - Set plugin images path to: C:\ST\STM32CubeIDE_1.12.1\STM32CubeIDE\plugins\com.st.stm32cube.common.mx_6.8.1.202304191431\\db\/plugins/mcufinder/images/
2023-05-03 00:47:19,704 [WARN] DbFile:41 - Overriding database path with different value: C:\Users\User\.stmcufinder\plugins\mcufinder/ => C:\Users\User\.stmcufinder\plugins\mcufinder
2023-05-03 00:47:19,704 [INFO] ApiDb:250 - Set database path to: C:\Users\User\.stmcufinder\plugins\mcufinder//mcu/
2023-05-03 00:47:19,704 [WARN] DbFile:41 - Overriding database path with different value: C:\Users\User\.stmcufinder\plugins\mcufinder/ => C:\Users\User\.stmcufinder\plugins\mcufinder
2023-05-03 00:47:19,704 [INFO] DbMcusAds:125 - Set database path to: C:\Users\User\.stmcufinder\plugins\mcufinder//mcu/
2023-05-03 00:47:19,704 [WARN] DbFile:41 - Overriding database path with different value: C:\Users\User\.stmcufinder\plugins\mcufinder/ => C:\Users\User\.stmcufinder\plugins\mcufinder
2023-05-03 00:47:19,704 [WARN] DbFile:41 - Overriding database path with different value: C:\Users\User\.stmcufinder\plugins\mcufinder/ => C:\Users\User\.stmcufinder\plugins\mcufinder
2023-05-03 00:47:19,704 [INFO] CrossReferenceDbSqlite:203 - Set database path to: C:\Users\User\.stmcufinder\plugins\mcufinder//mcu/cs/
2023-05-03 00:47:19,790 [INFO] MainPanel:253 - HeapMemory: 268435456
2023-05-03 00:47:19,899 [INFO] DbMcusXml:78 - Set database path to: C:\ST\STM32CubeIDE_1.12.1\STM32CubeIDE\plugins\com.st.stm32cube.common.mx_6.8.1.202304191431\\db\/mcu/
2023-05-03 00:47:19,899 [INFO] ApiDb:274 - Set plugin database path to: C:\ST\STM32CubeIDE_1.12.1\STM32CubeIDE\plugins\com.st.stm32cube.common.mx_6.8.1.202304191431\\db\/plugins/boardmanager/
2023-05-03 00:47:19,899 [INFO] ApiDb:261 - Set plugin images path to: C:\ST\STM32CubeIDE_1.12.1\STM32CubeIDE\plugins\com.st.stm32cube.common.mx_6.8.1.202304191431\\db\/plugins/mcufinder/images/
2023-05-03 00:47:19,900 [WARN] DbFile:41 - Overriding database path with different value: C:\Users\User\.stmcufinder\plugins\mcufinder/ => C:\Users\User\.stmcufinder\plugins\mcufinder
2023-05-03 00:47:19,900 [INFO] ApiDb:250 - Set database path to: C:\Users\User\.stmcufinder\plugins\mcufinder//mcu/
2023-05-03 00:47:19,900 [WARN] DbFile:41 - Overriding database path with different value: C:\Users\User\.stmcufinder\plugins\mcufinder/ => C:\Users\User\.stmcufinder\plugins\mcufinder
2023-05-03 00:47:19,900 [INFO] DbMcusAds:125 - Set database path to: C:\Users\User\.stmcufinder\plugins\mcufinder//mcu/
2023-05-03 00:47:19,901 [WARN] DbFile:41 - Overriding database path with different value: C:\Users\User\.stmcufinder\plugins\mcufinder/ => C:\Users\User\.stmcufinder\plugins\mcufinder
2023-05-03 00:47:19,901 [WARN] DbFile:41 - Overriding database path with different value: C:\Users\User\.stmcufinder\plugins\mcufinder/ => C:\Users\User\.stmcufinder\plugins\mcufinder
2023-05-03 00:47:19,901 [INFO] CrossReferenceDbSqlite:203 - Set database path to: C:\Users\User\.stmcufinder\plugins\mcufinder//mcu/cs/
2023-05-03 00:47:19,923 [INFO] ApplicationProperties:184 - Using Application install path: C:\ST\STM32CubeIDE_1.12.1\STM32CubeIDE\plugins\com.st.stm32cube.common.mx_6.8.1.202304191431
2023-05-03 00:47:19,925 [INFO] PluginManage:196 - Search for loadable plugins [exclusion list=, ]
2023-05-03 00:47:19,928 [INFO] PluginManage:310 - Check plugin analytics
2023-05-03 00:47:20,114 [INFO] AnalyticsPlugin:253 - Accepted Software Licenses: 
2023-05-03 00:47:20,114 [INFO] AnalyticsPlugin:255 - Accepted CMSIS Pack Licenses: 
2023-05-03 00:47:20,114 [INFO] AnalyticsPlugin:257 - Accepted Firmware Licenses: FW.F4.1.27.0
2023-05-03 00:47:20,120 [INFO] PluginManage:359 - Loaded plugin analytics (category:tool,tabindex:-1)
2023-05-03 00:47:20,120 [INFO] PluginManage:310 - Check plugin cadmodel
2023-05-03 00:47:20,143 [INFO] CADModel:105 - Init CAD model plugin
2023-05-03 00:47:20,144 [INFO] PluginManage:359 - Loaded plugin cadmodel (category:power,tabindex:5)
2023-05-03 00:47:20,145 [INFO] PluginManage:310 - Check plugin clock
2023-05-03 00:47:20,162 [INFO] PluginManage:359 - Loaded plugin clock (category:base,tabindex:2)
2023-05-03 00:47:20,163 [INFO] PluginManage:310 - Check plugin ddr
2023-05-03 00:47:20,165 [INFO] PluginManage:359 - Loaded plugin ddr (category:tool,tabindex:6)
2023-05-03 00:47:20,165 [INFO] PluginManage:310 - Check plugin filemanager
2023-05-03 00:47:20,354 [INFO] PluginManage:359 - Loaded plugin filemanager (category:base,tabindex:10)
2023-05-03 00:47:20,354 [INFO] PluginManage:310 - Check plugin ipmanager
2023-05-03 00:47:20,372 [INFO] PluginManage:359 - Loaded plugin ipmanager (category:base,tabindex:5)
2023-05-03 00:47:20,373 [INFO] PluginManage:310 - Check plugin lpbam
2023-05-03 00:47:20,657 [INFO] PluginManage:359 - Loaded plugin lpbam (category:base,tabindex:0)
2023-05-03 00:47:20,657 [INFO] PluginManage:310 - Check plugin pinoutandconfiguration
2023-05-03 00:47:20,685 [INFO] PluginManage:359 - Loaded plugin pinoutandconfiguration (category:base,tabindex:1)
2023-05-03 00:47:20,686 [INFO] PluginManage:310 - Check plugin pinoutconfig
2023-05-03 00:47:20,876 [WARN] SupportedApi:132 - Cannot load RTOS API schema: s4s-elt-must-match.1: The content of 'definitions' must match (annotation?, (simpleType | complexType)?, (unique | key | keyref)*)). A problem was found starting at: attribute.
2023-05-03 00:47:21,125 [INFO] PluginManage:359 - Loaded plugin pinoutconfig (category:base,tabindex:0)
2023-05-03 00:47:21,125 [INFO] PluginManage:310 - Check plugin power
2023-05-03 00:47:21,195 [INFO] PluginManage:359 - Loaded plugin power (category:power,tabindex:4)
2023-05-03 00:47:21,196 [INFO] PluginManage:310 - Check plugin projectmanager
2023-05-03 00:47:21,223 [INFO] PluginManage:359 - Loaded plugin projectmanager (category:projectmanager,tabindex:3)
2023-05-03 00:47:21,223 [INFO] PluginManage:310 - Check plugin thirdparty
2023-05-03 00:47:21,513 [INFO] PluginManage:359 - Loaded plugin thirdparty (category:base,tabindex:-1)
2023-05-03 00:47:21,514 [INFO] PluginManage:310 - Check plugin tools
2023-05-03 00:47:21,513 [WARN] IntegrityCheckThread:84 - waiting for thirdparty lock release [integrity check]
2023-05-03 00:47:21,514 [INFO] IntegrityCheckThread:86 - entering critical section [integrity check]
2023-05-03 00:47:21,515 [INFO] ThirdPartyUpdaterWithRetryManager:70 - Updater plugin not ready yet. [1/15]
2023-05-03 00:47:21,529 [INFO] PluginManage:359 - Loaded plugin tools (category:base,tabindex:7)
2023-05-03 00:47:21,529 [INFO] PluginManage:310 - Check plugin tutovideos
2023-05-03 00:47:21,824 [INFO] PluginManage:359 - Loaded plugin tutovideos (category:base,tabindex:-1)
2023-05-03 00:47:21,824 [INFO] PluginManage:310 - Check plugin updater
2023-05-03 00:47:21,853 [INFO] PluginManage:359 - Loaded plugin updater (category:base,tabindex:12)
2023-05-03 00:47:21,854 [INFO] PluginManage:283 - PluginManage : Loaded plugins [15]
2023-05-03 00:47:22,101 [INFO] PinOutPanel:1499 - setPackage(No Configuration,No Configuration)
2023-05-03 00:47:22,160 [INFO] CADModel:165 - CPN selected for project level
2023-05-03 00:47:22,160 [INFO] CADModel:114 - Register for checkConnection events
2023-05-03 00:47:22,209 [INFO] IPUIPlugin:80 - create IPUIPlugin
2023-05-03 00:47:22,209 [INFO] PluginManager:220 - loadIPPluginJar : add adc
2023-05-03 00:47:22,224 [INFO] IPUIPlugin:80 - create IPUIPlugin
2023-05-03 00:47:22,224 [INFO] PluginManager:220 - loadIPPluginJar : add aes
2023-05-03 00:47:22,239 [INFO] IPUIPlugin:80 - create IPUIPlugin
2023-05-03 00:47:22,240 [INFO] PluginManager:220 - loadIPPluginJar : add can
2023-05-03 00:47:22,250 [INFO] IPUIPlugin:80 - create IPUIPlugin
2023-05-03 00:47:22,250 [INFO] PluginManager:220 - loadIPPluginJar : add comp
2023-05-03 00:47:22,264 [INFO] IPUIPlugin:80 - create IPUIPlugin
2023-05-03 00:47:22,264 [INFO] PluginManager:220 - loadIPPluginJar : add cryp
2023-05-03 00:47:22,277 [INFO] IPUIPlugin:80 - create IPUIPlugin
2023-05-03 00:47:22,277 [INFO] PluginManager:220 - loadIPPluginJar : add dfsdm
2023-05-03 00:47:22,311 [INFO] IPUIPlugin:80 - create IPUIPlugin
2023-05-03 00:47:22,312 [INFO] PluginManager:220 - loadIPPluginJar : add dma
2023-05-03 00:47:22,330 [INFO] IPUIPlugin:80 - create IPUIPlugin
2023-05-03 00:47:22,331 [INFO] PluginManager:220 - loadIPPluginJar : add dma3
2023-05-03 00:47:22,341 [INFO] IPUIPlugin:80 - create IPUIPlugin
2023-05-03 00:47:22,341 [INFO] PluginManager:220 - loadIPPluginJar : add fatfs
2023-05-03 00:47:22,359 [INFO] IPUIPlugin:80 - create IPUIPlugin
2023-05-03 00:47:22,359 [INFO] PluginManager:220 - loadIPPluginJar : add fmc
2023-05-03 00:47:22,369 [INFO] IPUIPlugin:80 - create IPUIPlugin
2023-05-03 00:47:22,369 [INFO] PluginManager:220 - loadIPPluginJar : add freertos
2023-05-03 00:47:22,382 [INFO] IPUIPlugin:80 - create IPUIPlugin
2023-05-03 00:47:22,382 [INFO] PluginManager:220 - loadIPPluginJar : add genericplugin
2023-05-03 00:47:22,439 [INFO] IPUIPlugin:80 - create IPUIPlugin
2023-05-03 00:47:22,439 [INFO] PluginManager:220 - loadIPPluginJar : add gfxmmu
2023-05-03 00:47:22,515 [INFO] IPUIPlugin:80 - create IPUIPlugin
2023-05-03 00:47:22,515 [INFO] PluginManager:220 - loadIPPluginJar : add gic
2023-05-03 00:47:22,616 [INFO] IPUIPlugin:80 - create IPUIPlugin
2023-05-03 00:47:22,616 [INFO] PluginManager:220 - loadIPPluginJar : add gpio
2023-05-03 00:47:22,644 [INFO] IPUIPlugin:80 - create IPUIPlugin
2023-05-03 00:47:22,644 [INFO] PluginManager:220 - loadIPPluginJar : add gtzc
2023-05-03 00:47:22,658 [INFO] IPUIPlugin:80 - create IPUIPlugin
2023-05-03 00:47:22,658 [INFO] PluginManager:220 - loadIPPluginJar : add hash
2023-05-03 00:47:22,678 [INFO] IPUIPlugin:80 - create IPUIPlugin
2023-05-03 00:47:22,678 [INFO] PluginManager:220 - loadIPPluginJar : add i2c
2023-05-03 00:47:22,694 [INFO] IPUIPlugin:80 - create IPUIPlugin
2023-05-03 00:47:22,694 [INFO] PluginManager:220 - loadIPPluginJar : add i2s
2023-05-03 00:47:22,712 [INFO] IPUIPlugin:80 - create IPUIPlugin
2023-05-03 00:47:22,712 [INFO] PluginManager:220 - loadIPPluginJar : add i3c
2023-05-03 00:47:22,741 [INFO] IPUIPlugin:80 - create IPUIPlugin
2023-05-03 00:47:22,741 [INFO] PluginManager:220 - loadIPPluginJar : add ipddr
2023-05-03 00:47:22,781 [INFO] IPUIPlugin:80 - create IPUIPlugin
2023-05-03 00:47:22,781 [INFO] PluginManager:220 - loadIPPluginJar : add linkedlist
2023-05-03 00:47:22,798 [INFO] IPUIPlugin:80 - create IPUIPlugin
2023-05-03 00:47:22,798 [INFO] PluginManager:220 - loadIPPluginJar : add lorawan
2023-05-03 00:47:22,817 [INFO] IPUIPlugin:80 - create IPUIPlugin
2023-05-03 00:47:22,817 [INFO] PluginManager:220 - loadIPPluginJar : add ltdc
2023-05-03 00:47:22,920 [INFO] IPUIPlugin:80 - create IPUIPlugin
2023-05-03 00:47:22,920 [INFO] PluginManager:220 - loadIPPluginJar : add mdma
2023-05-03 00:47:23,036 [INFO] IPUIPlugin:80 - create IPUIPlugin
2023-05-03 00:47:23,036 [INFO] PluginManager:220 - loadIPPluginJar : add nvic
2023-05-03 00:47:23,063 [INFO] IPUIPlugin:80 - create IPUIPlugin
2023-05-03 00:47:23,063 [INFO] PluginManager:220 - loadIPPluginJar : add opamp
2023-05-03 00:47:23,095 [INFO] IPUIPlugin:80 - create IPUIPlugin
2023-05-03 00:47:23,096 [INFO] PluginManager:220 - loadIPPluginJar : add openamp
2023-05-03 00:47:23,123 [INFO] IPUIPlugin:80 - create IPUIPlugin
2023-05-03 00:47:23,123 [INFO] PluginManager:220 - loadIPPluginJar : add pdm2pcm
2023-05-03 00:47:23,231 [INFO] IPUIPlugin:80 - create IPUIPlugin
2023-05-03 00:47:23,233 [INFO] PluginManager:220 - loadIPPluginJar : add plateformsettings
2023-05-03 00:47:23,244 [INFO] IPUIPlugin:80 - create IPUIPlugin
2023-05-03 00:47:23,245 [INFO] PluginManager:220 - loadIPPluginJar : add quadspi
2023-05-03 00:47:23,255 [INFO] IPUIPlugin:80 - create IPUIPlugin
2023-05-03 00:47:23,255 [INFO] PluginManager:220 - loadIPPluginJar : add resmgrutility
2023-05-03 00:47:23,272 [INFO] IPUIPlugin:80 - create IPUIPlugin
2023-05-03 00:47:23,272 [INFO] PluginManager:220 - loadIPPluginJar : add sai
2023-05-03 00:47:23,288 [INFO] IPUIPlugin:80 - create IPUIPlugin
2023-05-03 00:47:23,288 [INFO] PluginManager:220 - loadIPPluginJar : add spi
2023-05-03 00:47:23,311 [INFO] IPUIPlugin:80 - create IPUIPlugin
2023-05-03 00:47:23,311 [INFO] PluginManager:220 - loadIPPluginJar : add stm32_wpan
2023-05-03 00:47:23,321 [INFO] IPUIPlugin:80 - create IPUIPlugin
2023-05-03 00:47:23,322 [INFO] PluginManager:220 - loadIPPluginJar : add tim
2023-05-03 00:47:23,341 [INFO] IPUIPlugin:80 - create IPUIPlugin
2023-05-03 00:47:23,341 [INFO] PluginManager:220 - loadIPPluginJar : add touchsensing
2023-05-03 00:47:23,352 [INFO] IPUIPlugin:80 - create IPUIPlugin
2023-05-03 00:47:23,352 [INFO] PluginManager:220 - loadIPPluginJar : add tracer_emb
2023-05-03 00:47:23,364 [INFO] IPUIPlugin:80 - create IPUIPlugin
2023-05-03 00:47:23,364 [INFO] PluginManager:220 - loadIPPluginJar : add ts
2023-05-03 00:47:23,374 [INFO] IPUIPlugin:80 - create IPUIPlugin
2023-05-03 00:47:23,374 [INFO] PluginManager:220 - loadIPPluginJar : add tsc
2023-05-03 00:47:23,389 [INFO] IPUIPlugin:80 - create IPUIPlugin
2023-05-03 00:47:23,389 [INFO] PluginManager:220 - loadIPPluginJar : add ucpd
2023-05-03 00:47:23,407 [INFO] IPUIPlugin:80 - create IPUIPlugin
2023-05-03 00:47:23,408 [INFO] PluginManager:220 - loadIPPluginJar : add usart
2023-05-03 00:47:23,426 [INFO] IPUIPlugin:80 - create IPUIPlugin
2023-05-03 00:47:23,426 [INFO] PluginManager:220 - loadIPPluginJar : add usbx
2023-05-03 00:47:23,553 [INFO] CADModel:165 - CPN selected for project level
2023-05-03 00:47:23,553 [INFO] CADModel:114 - Register for checkConnection events
2023-05-03 00:47:23,553 [FATAL] Updater:308 - Updater called before beeing initialized
2023-05-03 00:47:23,553 [ERROR] CADModel:125 - Updater not yet initialized, retry later 
2023-05-03 00:47:23,749 [INFO] CADModel:165 - CPN selected for project level
2023-05-03 00:47:23,749 [INFO] CADModel:114 - Register for checkConnection events
2023-05-03 00:47:23,749 [FATAL] Updater:308 - Updater called before beeing initialized
2023-05-03 00:47:23,749 [ERROR] CADModel:125 - Updater not yet initialized, retry later 
2023-05-03 00:47:23,753 [FATAL] Updater:308 - Updater called before beeing initialized
2023-05-03 00:47:23,894 [FATAL] Updater:308 - Updater called before beeing initialized
2023-05-03 00:47:23,906 [INFO] DbMcusAds:53 - JSON generation date=Tue Mar 07 11:50:55 GMT+03:00 2023 (1678179055335)
2023-05-03 00:47:23,906 [FATAL] Updater:308 - Updater called before beeing initialized
2023-05-03 00:47:23,978 [WARN] DetailPanel:346 - Failed to get advertising image, set to default
2023-05-03 00:47:24,210 [FATAL] Updater:308 - Updater called before beeing initialized
2023-05-03 00:47:24,213 [FATAL] Updater:308 - Updater called before beeing initialized
2023-05-03 00:47:24,213 [FATAL] Updater:308 - Updater called before beeing initialized
2023-05-03 00:47:24,213 [WARN] DetailPanel:346 - Failed to get advertising image, set to default
2023-05-03 00:47:24,214 [FATAL] Updater:308 - Updater called before beeing initialized
2023-05-03 00:47:24,259 [ERROR] Updater:1120 - MainUpdater not yet initialized. External WinMGr cannot be set.
2023-05-03 00:47:24,265 [INFO] Updater:1056 - Updater Version found : 6.8.1
2023-05-03 00:47:24,283 [INFO] ApplicationProperties:184 - Using Application install path: C:\ST\STM32CubeIDE_1.12.1\STM32CubeIDE\plugins\com.st.stm32cube.common.mx_6.8.1.202304191431
2023-05-03 00:47:24,371 [INFO] MainUpdater:2854 - connection check result : 10
2023-05-03 00:47:24,372 [INFO] MainUpdater:283 - Updater Check For Update Now.
2023-05-03 00:47:24,372 [INFO] MicroXplorer:498 - Change Database Version : DB.6.0.81
2023-05-03 00:47:24,524 [WARN] MainUpdater:1187 - Updater busy. Cannot search thirdparties
2023-05-03 00:47:24,525 [INFO] ThirdPartyUpdaterWithRetryManager:96 - Updater plugin is busy. [1/15]
2023-05-03 00:47:24,545 [INFO] CheckServerUpdateThread:120 - End of CheckServer Thread
2023-05-03 00:47:24,587 [INFO] MainUpdater:2854 - connection check result : 10
2023-05-03 00:47:24,591 [INFO] MainUpdater:2854 - connection check result : 10
2023-05-03 00:47:24,684 [INFO] MicroXplorer:468 - Change Database Path : 
2023-05-03 00:47:24,684 [INFO] MicroXplorer:498 - Change Database Version : DB.6.0.81
2023-05-03 00:47:24,685 [WARN] ThirdParty:871 - waiting for thirdparty lock release [close project]
2023-05-03 00:47:27,676 [WARN] PackLoader:240 - Cannot read IP mode file for STMicroelectronics.X-CUBE-GNSS1.6.0.0
2023-05-03 00:47:27,706 [WARN] PackLoader:240 - Cannot read IP mode file for STMicroelectronics.X-CUBE-AZRTOS-F4.1.1.0
2023-05-03 00:47:27,720 [WARN] PackLoader:240 - Cannot read IP mode file for STMicroelectronics.X-CUBE-SMBUS.2.1.0
2023-05-03 00:47:27,728 [WARN] PackLoader:240 - Cannot read IP mode file for wolfSSL.I-CUBE-wolfSSL.5.6.0
2023-05-03 00:47:27,756 [WARN] PackLoader:240 - Cannot read IP mode file for STMicroelectronics.X-CUBE-AZRTOS-F7.1.1.0
2023-05-03 00:47:27,848 [WARN] PackLoader:240 - Cannot read IP mode file for STMicroelectronics.X-CUBE-MEMS1.9.6.0
2023-05-03 00:47:27,975 [WARN] PackLoader:240 - Cannot read IP mode file for STMicroelectronics.X-CUBE-BLE1.6.2.4
2023-05-03 00:47:27,990 [WARN] PackLoader:240 - Cannot read IP mode file for emotas.I-CUBE-CANOPEN.1.1.3
2023-05-03 00:47:28,007 [WARN] PackLoader:240 - Cannot read IP mode file for STMicroelectronics.X-CUBE-BLEMGR.2.0.0
2023-05-03 00:47:28,049 [WARN] ConditionMgr:438 - getConditionDescription Invalid condition id : UX DEVICE CLASS RTOS Condition cause : null
2023-05-03 00:47:28,049 [WARN] ConditionMgr:438 - getConditionDescription Invalid condition id : UX DEVICE CLASS RTOS Condition cause : null
2023-05-03 00:47:28,054 [WARN] PackLoader:240 - Cannot read IP mode file for STMicroelectronics.X-CUBE-AZRTOS-H7.3.1.0
2023-05-03 00:47:28,055 [WARN] ConditionMgr:1039 - genDependencies : Invalid condition id : UX DEVICE CLASS RTOS Condition cause : null
2023-05-03 00:47:28,056 [WARN] ConditionMgr:1039 - genDependencies : Invalid condition id : UX DEVICE CLASS RTOS Condition cause : null
2023-05-03 00:47:28,057 [WARN] ConditionMgr:1039 - genDependencies : Invalid condition id : UX DEVICE CLASS RTOS Condition cause : null
2023-05-03 00:47:28,057 [WARN] ConditionMgr:1039 - genDependencies : Invalid condition id : UX DEVICE CLASS RTOS Condition cause : null
2023-05-03 00:47:28,057 [WARN] ConditionMgr:1039 - genDependencies : Invalid condition id : UX DEVICE CLASS RTOS Condition cause : null
2023-05-03 00:47:28,077 [WARN] PackLoader:240 - Cannot read IP mode file for STMicroelectronics.X-CUBE-DISPLAY.3.0.0
2023-05-03 00:47:28,126 [WARN] PackLoader:240 - Cannot read IP mode file for STMicroelectronics.X-CUBE-NFC7.1.0.0
2023-05-03 00:47:28,139 [WARN] PackLoader:240 - Cannot read IP mode file for STMicroelectronics.X-CUBE-EEPRMA1.4.1.0
2023-05-03 00:47:28,153 [WARN] PackLoader:240 - Cannot read IP mode file for WES.I-CUBE-Cesium.1.3.0
2023-05-03 00:47:28,165 [WARN] PackLoader:240 - Cannot read IP mode file for STMicroelectronics.X-CUBE-SFXS2LP1.4.0.0
2023-05-03 00:47:28,175 [WARN] PackLoader:240 - Cannot read IP mode file for STMicroelectronics.X-CUBE-BLE2.3.3.0
2023-05-03 00:47:28,186 [WARN] PackLoader:240 - Cannot read IP mode file for STMicroelectronics.X-CUBE-ISPU.1.1.0
2023-05-03 00:47:28,195 [WARN] PackLoader:240 - Cannot read IP mode file for STMicroelectronics.X-CUBE-AI.8.0.0
2023-05-03 00:47:28,204 [WARN] PackLoader:240 - Cannot read IP mode file for STMicroelectronics.X-CUBE-FREERTOS.1.0.1
2023-05-03 00:47:28,213 [WARN] PackLoader:240 - Cannot read IP mode file for STMicroelectronics.X-CUBE-TOUCHGFX.4.21.3
2023-05-03 00:47:28,225 [WARN] PackLoader:240 - Cannot read IP mode file for STMicroelectronics.X-CUBE-ALGOBUILD.1.3.0
2023-05-03 00:47:28,246 [WARN] PackLoader:240 - Cannot read IP mode file for STMicroelectronics.X-CUBE-AZRTOS-L5.1.1.0
2023-05-03 00:47:28,268 [WARN] PackLoader:240 - Cannot read IP mode file for STMicroelectronics.X-CUBE-AZRTOS-G0.1.1.0
2023-05-03 00:47:28,286 [WARN] PackLoader:240 - Cannot read IP mode file for STMicroelectronics.X-CUBE-SUBG2.5.0.0
2023-05-03 00:47:28,301 [WARN] PackLoader:240 - Cannot read IP mode file for STMicroelectronics.X-CUBE-NFC4.3.0.0
2023-05-03 00:47:28,321 [WARN] PackLoader:240 - Cannot read IP mode file for STMicroelectronics.X-CUBE-AZRTOS-G4.2.0.0
2023-05-03 00:47:28,338 [WARN] PackLoader:240 - Cannot read IP mode file for STMicroelectronics.X-CUBE-TOF1.3.3.0
2023-05-03 00:47:28,355 [WARN] PackLoader:240 - Cannot read IP mode file for STMicroelectronics.FP-ATR-SIGFOX1.3.2.0
2023-05-03 00:47:28,379 [WARN] PackLoader:240 - Cannot read IP mode file for STMicroelectronics.X-CUBE-AZRTOS-L4.1.0.0
2023-05-03 00:47:28,399 [WARN] PackLoader:240 - Cannot read IP mode file for STMicroelectronics.X-CUBE-AZRTOS-WL.1.0.0
2023-05-03 00:47:28,412 [WARN] PackLoader:240 - Cannot read IP mode file for portGmbH.I-Cube-SoM-uGOAL.1.1.0
2023-05-03 00:47:28,422 [WARN] PackLoader:240 - Cannot read IP mode file for STMicroelectronics.X-CUBE-ALS.1.0.1
2023-05-03 00:47:28,457 [WARN] PackLoader:240 - Cannot read IP mode file for STMicroelectronics.X-CUBE-AZRTOS-WB.1.1.0
2023-05-03 00:47:28,494 [WARN] PackLoader:240 - Cannot read IP mode file for SEGGER.I-CUBE-embOS.1.3.1
2023-05-03 00:47:28,532 [WARN] PackLoader:240 - Cannot read IP mode file for STMicroelectronics.FP-ATR-ASTRA1.2.0.0
2023-05-03 00:47:28,533 [INFO] ThirdParty:978 - Integrity check success = true
2023-05-03 00:47:28,533 [INFO] IntegrityCheckThread:100 - exiting critical section [integrity check]
2023-05-03 00:47:28,533 [INFO] IntegrityCheckThread:103 - End integrity checks thread
2023-05-03 00:47:28,533 [INFO] ThirdParty:873 - entering critical section [close project]
2023-05-03 00:47:28,534 [INFO] ThirdParty:883 - exiting critical section [close project]
2023-05-03 00:47:28,538 [INFO] PinOutPanel:1499 - setPackage(No Configuration,No Configuration)
2023-05-03 00:47:28,542 [INFO] UtilMem:75 - Begin LoadConfig() Used Memory: 161742592 Bytes (268435456)
2023-05-03 00:47:28,543 [INFO] MicroXplorer:468 - Change Database Path : 
2023-05-03 00:47:28,543 [INFO] MicroXplorer:498 - Change Database Version : DB.6.0.81
2023-05-03 00:47:28,543 [INFO] OpenFileManager:308 - Change cursor
2023-05-03 00:47:28,594 [INFO] Mcu:1937 - Initializing MCU STM32F407V(E-G)Tx STM32F407VGTx STM32F407VGT6
2023-05-03 00:47:30,146 [INFO] Context:659 - Trying to add GPIOservice into a context  which must be forbidden
2023-05-03 00:47:30,936 [INFO] RtosManager:555 - Registered RTOS mode: class=CMSIS, group=RTOS, mode=CMSIS_V1, owner=FREERTOS
2023-05-03 00:47:30,936 [INFO] RtosManager:555 - Registered RTOS mode: class=CMSIS, group=RTOS2, mode=CMSIS_V2, owner=FREERTOS
2023-05-03 00:47:30,936 [INFO] RtosManager:555 - Registered RTOS mode: class=RTOS, group=Core, mode=CMSIS_V1, owner=FREERTOS
2023-05-03 00:47:30,936 [INFO] RtosManager:555 - Registered RTOS mode: class=RTOS, group=Core, mode=CMSIS_V2, owner=FREERTOS
2023-05-03 00:47:30,936 [WARN] ModelIntegratedComponent:184 - Missing modes for component STMicroelectronics:FreeRTOS:0.0.1:STMicroelectronics:RTOS:FreeRTOS:Core:::10.2.0:
2023-05-03 00:47:30,946 [WARN] ModelIntegratedComponent:63 - No mode defined for component null
2023-05-03 00:47:30,946 [WARN] ModelIntegratedComponent:63 - No mode defined for component null
2023-05-03 00:47:30,946 [WARN] ModelIntegratedComponent:63 - No mode defined for component null
2023-05-03 00:47:30,946 [WARN] ModelIntegratedComponent:63 - No mode defined for component null
2023-05-03 00:47:30,946 [WARN] ModelIntegratedComponent:63 - No mode defined for component null
2023-05-03 00:47:30,946 [WARN] ModelIntegratedComponent:63 - No mode defined for component null
2023-05-03 00:47:30,946 [WARN] ModelIntegratedComponent:63 - No mode defined for component null
2023-05-03 00:47:30,946 [WARN] ModelIntegratedComponent:63 - No mode defined for component null
2023-05-03 00:47:30,946 [WARN] ModelIntegratedComponent:63 - No mode defined for component null
2023-05-03 00:47:30,946 [WARN] ModelIntegratedComponent:63 - No mode defined for component null
2023-05-03 00:47:30,947 [WARN] ModelIntegratedComponent:63 - No mode defined for component null
2023-05-03 00:47:30,947 [WARN] ModelIntegratedComponent:63 - No mode defined for component null
2023-05-03 00:47:30,947 [WARN] ModelIntegratedComponent:63 - No mode defined for component null
2023-05-03 00:47:30,947 [WARN] ModelIntegratedComponent:63 - No mode defined for component null
2023-05-03 00:47:30,947 [WARN] ModelIntegratedComponent:63 - No mode defined for component null
2023-05-03 00:47:30,947 [WARN] ModelIntegratedComponent:63 - No mode defined for component null
2023-05-03 00:47:30,947 [WARN] ModelIntegratedComponent:63 - No mode defined for component null
2023-05-03 00:47:30,947 [WARN] ModelIntegratedComponent:63 - No mode defined for component null
2023-05-03 00:47:30,947 [WARN] ModelIntegratedComponent:63 - No mode defined for component null
2023-05-03 00:47:30,947 [WARN] ModelIntegratedComponent:63 - No mode defined for component null
2023-05-03 00:47:30,947 [WARN] ModelIntegratedComponent:63 - No mode defined for component null
2023-05-03 00:47:30,947 [WARN] ModelIntegratedComponent:63 - No mode defined for component null
2023-05-03 00:47:30,947 [WARN] ModelIntegratedComponent:63 - No mode defined for component null
2023-05-03 00:47:30,947 [WARN] ModelIntegratedComponent:63 - No mode defined for component null
2023-05-03 00:47:30,947 [WARN] ModelIntegratedComponent:63 - No mode defined for component null
2023-05-03 00:47:30,947 [WARN] ModelIntegratedComponent:63 - No mode defined for component null
2023-05-03 00:47:30,947 [WARN] ModelIntegratedComponent:63 - No mode defined for component null
2023-05-03 00:47:30,947 [WARN] ModelIntegratedComponent:63 - No mode defined for component null
2023-05-03 00:47:30,948 [WARN] ModelIntegratedComponent:63 - No mode defined for component null
2023-05-03 00:47:30,948 [WARN] ModelIntegratedComponent:63 - No mode defined for component null
2023-05-03 00:47:30,948 [WARN] ModelIntegratedComponent:63 - No mode defined for component null
2023-05-03 00:47:30,948 [WARN] ModelIntegratedComponent:63 - No mode defined for component null
2023-05-03 00:47:30,948 [WARN] ModelIntegratedComponent:63 - No mode defined for component null
2023-05-03 00:47:30,964 [INFO] ThirdPartyModel:298 - Start build external matchings
2023-05-03 00:47:31,139 [INFO] ThirdPartyModel:316 - End build external matchings
2023-05-03 00:47:31,155 [INFO] ImportTextPane:194 - (OptionalMessage_ERROR) IP (RCC) : Parameter (RTCHSEDivFreq_Value) has invalid value (4000000)
2023-05-03 00:47:31,446 [INFO] UtilMem:75 - End LoadConfig() Used Memory: 178918000 Bytes (382730240)
2023-05-03 00:47:31,549 [INFO] ApiDb:581 - Connected to CubeFinder SQLite database (C:\Users\User\.stmcufinder\plugins\mcufinder\mcu\cube-finder-db.db)
2023-05-03 00:47:31,620 [INFO] ApiDb:668 - CubeFinder database Data Model version=2.1
2023-05-03 00:47:31,620 [INFO] ApiDb:669 - CubeFinder database Configuration version=3.0.35
2023-05-03 00:47:31,620 [INFO] ApiDb:670 - CubeFinder database generation date=2023-04-03 (1680511692)
2023-05-03 00:47:31,620 [INFO] ApiDb:671 - CubeFinder database FW Pack versions=[FP-ATR-ASTRA1_V2.0.0, STM32Cube_FW_C0_V1.0.1, STM32Cube_FW_F0_V1.11.4, STM32Cube_FW_F3_V1.11.4, STM32Cube_FW_F4_V1.27.1, STM32Cube_FW_F7_V1.17.0, STM32Cube_FW_G0_V1.6.1, STM32Cube_FW_G4_V1.5.1, STM32Cube_FW_H5_V0.5.1, STM32Cube_FW_H5_V1.0.0, STM32Cube_FW_H7_V1.11.0, STM32Cube_FW_L0_V1.12.2, STM32Cube_FW_L5_V1.5.0, STM32Cube_FW_U5_V1.2.0, STM32Cube_FW_WBA_V1.0.0, STM32Cube_FW_WBA_V1.0.0RC1, STM32Cube_FW_WBA_V1.0.0RC3, STM32Cube_FW_WB_V1.15.0RC1, STM32Cube_FW_WB_V1.16.0, STM32Cube_FW_WB_V1.16.0RC2, STM32Cube_FW_WL_V1.3.0, X-CUBE-ALGOBUILD_V1.3.0, X-CUBE-ALS_V1.0.1, X-CUBE-AZRTOS-F4_V1.1.0, X-CUBE-AZRTOS-F7_V1.1.0, X-CUBE-AZRTOS-G0_V1.1.0, X-CUBE-AZRTOS-G4_V1.0.0, X-CUBE-AZRTOS-H7_V3.0.0, X-CUBE-AZRTOS-L4_V1.0.0, X-CUBE-AZRTOS-L5_V1.1.0, X-CUBE-AZRTOS-WB_V1.1.0, X-CUBE-AZRTOS-WL_V1.0.0, X-CUBE-BLE1_V6.2.4, X-CUBE-BLE2_V3.3.0, X-CUBE-BLEMGR_V1.3.0, X-CUBE-EEPRMA1_V4.1.0, X-CUBE-FREERTOS_V1.0.1, X-CUBE-GNSS1_V6.0.0, X-CUBE-MEMS1_V9.1.0, X-CUBE-MEMS1_V9.4.0, X-CUBE-MEMS1_V9.5.0, X-CUBE-NFC4_V3.0.0, X-CUBE-NFC7_V1.0.0, X-CUBE-SFXS2LP1_V4.0.0, X-CUBE-SUBG2_V5.0.0]
2023-05-03 00:47:33,753 [INFO] ApiDb:240 - Found 297 in-development CPN: [B-G473E-ZEST1S, B-WB1M-WPAN1, B-WL5M-SUBG1, NUCLEO-C031C6, NUCLEO-H503RB, NUCLEO-H563ZI, NUCLEO-U545RE-Q, NUCLEO-U5A5ZJ-Q, NUCLEO-WBA52CG, STEVAL-PROTEUS1, STEVAL-STWINBX1, STM320518-EVAL, STM32C0116-DK, STM32C011D6Y3TR, STM32C011D6Y6TR, STM32C011F4P3, STM32C011F4P6, STM32C011F4U3, STM32C011F4U6TR, STM32C011F6P3, STM32C011F6P6, STM32C011F6U3, STM32C011F6U6TR, STM32C011J4M3, STM32C011J4M6, STM32C011J6M3, STM32C011J6M6, STM32C0316-DK, STM32C031C4T3, STM32C031C4T6, STM32C031C4U3, STM32C031C4U6, STM32C031C6T3, STM32C031C6T6, STM32C031C6U3, STM32C031C6U6, STM32C031F4P3, STM32C031F4P6, STM32C031F6P3, STM32C031F6P6, STM32C031G4U3, STM32C031G4U6, STM32C031G6U3, STM32C031G6U6, STM32C031K4T3, STM32C031K4T6, STM32C031K4U3, STM32C031K4U6, STM32C031K6T3, STM32C031K6T6, STM32C031K6U3, STM32C031K6U6, STM32G071K8TXN, STM32G071K8UXN, STM32G081GBU6N, STM32G081KBT6N, STM32G081KBUXN, STM32G0B1CCT6N, STM32G0B1KCT6, STM32G0B1NEY6TR, STM32G0B1RCT6N, STM32G0C1CCT6, STM32G0C1CCT6N, STM32G0C1CCU6N, STM32G0C1CET6N, STM32G0C1CEU6N, STM32G0C1KCT6, STM32G0C1NEY6TR, STM32G0C1RCI6N, STM32G0C1RCT6N, STM32G0C1REI6N, STM32G0C1RET6N, STM32G0C1VCI6, STM32G0C1VEI6, STM32G471CCT6, STM32G471CCU6, STM32G471CET3, STM32G471CET6, STM32G471CEU3, STM32G471CEU6, STM32G471MCT6, STM32G471MET3, STM32G471MET6, STM32G471MEY6TR, STM32G471QCT6, STM32G471QET3, STM32G471RCT6, STM32G471RET3, STM32G471RET6, STM32G471VCH6, STM32G471VCI6, STM32G471VCT6, STM32G471VEH3, STM32G471VEH6, STM32G471VEI3, STM32G471VEI6, STM32G471VET3, STM32G471VET6, STM32G474CCT6, STM32H503CBT6, STM32H503CBU6, STM32H503EBY6TR, STM32H503KBU6, STM32H503RBT6, STM32H562AGI6, STM32H562AII6, STM32H562IGK6, STM32H562IGT6, STM32H562IIK6, STM32H562IIT6, STM32H562RGT6, STM32H562RGV6, STM32H562RIT6, STM32H562RIV6, STM32H562VGT6, STM32H562VIT6, STM32H562ZGT6, STM32H562ZIT6, STM32H563AGI6, STM32H563AII3Q, STM32H563AII6, STM32H563IGK6, STM32H563IGT6, STM32H563IIK3Q, STM32H563IIK6, STM32H563IIT3Q, STM32H563IIT6, STM32H563MIY3QTR, STM32H563RGT6, STM32H563RGV6, STM32H563RIT6, STM32H563RIV6, STM32H563VGT6, STM32H563VIT3Q, STM32H563VIT6, STM32H563ZGT6, STM32H563ZIT3Q, STM32H563ZIT6, STM32H573AII3Q, STM32H573AII6, STM32H573I-DK, STM32H573IIK3Q, STM32H573IIK6, STM32H573IIT3Q, STM32H573IIT6, STM32H573MIY3QTR, STM32H573RIT6, STM32H573RIV6, STM32H573VIT3Q, STM32H573VIT6, STM32H573ZIT3Q, STM32H573ZIT6, STM32L4R5QGI6STR, STM32MP131AAE3, STM32MP131AAF3, STM32MP131AAG3, STM32MP131CAE3, STM32MP131CAF3, STM32MP131CAG3, STM32MP131DAE7, STM32MP131DAF7, STM32MP131DAG7, STM32MP131FAE7, STM32MP131FAF7, STM32MP131FAG7, STM32MP133AAE3, STM32MP133AAF3, STM32MP133AAG3, STM32MP133CAE3, STM32MP133CAF3, STM32MP133CAG3, STM32MP133DAE7, STM32MP133DAF7, STM32MP133DAG7, STM32MP133FAE7, STM32MP133FAF7, STM32MP133FAG7, STM32MP135AAE3, STM32MP135AAF3, STM32MP135AAG3, STM32MP135CAE3, STM32MP135CAF3, STM32MP135CAG3, STM32MP135DAE7, STM32MP135DAF7, STM32MP135DAG7, STM32MP135F-DK, STM32MP135FAE7, STM32MP135FAF7, STM32MP135FAF7T, STM32MP135FAF7U, STM32MP135FAG7, STM32U535CBT6, STM32U535CBT6Q, STM32U535CBU6, STM32U535CBU6Q, STM32U535CCT6, STM32U535CCT6Q, STM32U535CCU6, STM32U535CCU6Q, STM32U535CET6, STM32U535CET6Q, STM32U535CEU6, STM32U535CEU6Q, STM32U535JEY6QTR, STM32U535NCY6QTR, STM32U535NEY6QTR, STM32U535RBI6, STM32U535RBI6Q, STM32U535RBT6, STM32U535RBT6Q, STM32U535RCI6, STM32U535RCI6Q, STM32U535RCT6, STM32U535RCT6Q, STM32U535REI6, STM32U535REI6Q, STM32U535RET6, STM32U535RET6Q, STM32U535VCI6, STM32U535VCI6Q, STM32U535VCT6, STM32U535VCT6Q, STM32U535VEI6, STM32U535VEI6Q, STM32U535VET6, STM32U535VET6Q, STM32U545CET6, STM32U545CET6Q, STM32U545CEU6, STM32U545CEU6Q, STM32U545JEY6QTR, STM32U545NEY6QTR, STM32U545REI6, STM32U545REI6Q, STM32U545RET6, STM32U545RET6Q, STM32U545VEI6, STM32U545VEI6Q, STM32U545VET6, STM32U545VET6Q, STM32U595AIH6, STM32U595AIH6Q, STM32U595AJH6, STM32U595AJH6Q, STM32U595QII6, STM32U595QII6Q, STM32U595QJI6, STM32U595QJI6Q, STM32U595RIT6, STM32U595RIT6Q, STM32U595RJT6, STM32U595RJT6Q, STM32U595VIT6, STM32U595VIT6Q, STM32U595VJT6, STM32U595VJT6Q, STM32U595ZIT6, STM32U595ZIT6Q, STM32U595ZIY6QTR, STM32U595ZJT6, STM32U595ZJT6Q, STM32U595ZJY6QTR, STM32U599BJY6QTR, STM32U599NIH6Q, STM32U599NJH6Q, STM32U599VIT6Q, STM32U599VJT6, STM32U599VJT6Q, STM32U599ZIT6Q, STM32U599ZIY6QTR, STM32U599ZJT6Q, STM32U599ZJY6QTR, STM32U5A5AJH6, STM32U5A5AJH6Q, STM32U5A5QJI6, STM32U5A5QJI6Q, STM32U5A5RJT6, STM32U5A5RJT6Q, STM32U5A5VJT6, STM32U5A5VJT6Q, STM32U5A5ZJT6, STM32U5A5ZJT6Q, STM32U5A5ZJY6QTR, STM32U5A9BJY6QTR, STM32U5A9J-DK, STM32U5A9NJH6Q, STM32U5A9VJT6Q, STM32U5A9ZJT6Q, STM32U5A9ZJY6QTR, STM32WB1MMCH6, STM32WBA52CEU6, STM32WBA52CEU6T, STM32WBA52CGU6, STM32WBA52CGU6T, STM32WL5MOCH6, STM32WL5MOCH6TR]
2023-05-03 00:47:33,756 [INFO] DbMcus:216 - Found 3775 MCUs, 3775 are supported
2023-05-03 00:47:33,758 [INFO] ApiDb:423 - Load user favorites file C:\Users\User/.stm32cubeide/favorites.mcus.txt: 0 item(s)
2023-05-03 00:47:33,758 [INFO] ApiDb:427 - User favorites MCUs=[]
2023-05-03 00:47:33,758 [INFO] DbMcus:222 - Set 0 / 0 favorites MCUs
2023-05-03 00:47:34,076 [WARN] ThirdParty:833 - waiting for thirdparty lock release [change project]
2023-05-03 00:47:34,076 [INFO] ThirdParty:835 - entering critical section [change project]
2023-05-03 00:47:34,076 [INFO] ThirdParty:1030 - CMSIS Pack Vendor :STMicroelectronics X-CUBE-ISPU 1.1.0
2023-05-03 00:47:34,076 [INFO] ThirdParty:1030 - CMSIS Pack Vendor :STMicroelectronics X-CUBE-GNSS1 6.0.0
2023-05-03 00:47:34,076 [INFO] ThirdParty:1030 - CMSIS Pack Vendor :STMicroelectronics USB_HOST 2.0.0
2023-05-03 00:47:34,076 [INFO] ThirdParty:1030 - CMSIS Pack Vendor :STMicroelectronics X-CUBE-AZRTOS-F4 1.1.0
2023-05-03 00:47:34,076 [INFO] ThirdParty:1030 - CMSIS Pack Vendor :STMicroelectronics LIBJPEG 8.0.0
2023-05-03 00:47:34,076 [INFO] ThirdParty:1030 - CMSIS Pack Vendor :STMicroelectronics X-CUBE-SMBUS 2.1.0
2023-05-03 00:47:34,076 [INFO] ThirdParty:1030 - CMSIS Pack Vendor :wolfSSL I-CUBE-wolfSSL 5.6.0
2023-05-03 00:47:34,077 [INFO] ThirdParty:1030 - CMSIS Pack Vendor :STMicroelectronics USB_DEVICE 3.0.0
2023-05-03 00:47:34,077 [INFO] ThirdParty:1030 - CMSIS Pack Vendor :STMicroelectronics X-CUBE-AI 8.0.0
2023-05-03 00:47:34,077 [INFO] ThirdParty:1030 - CMSIS Pack Vendor :STMicroelectronics X-CUBE-FREERTOS 1.0.1
2023-05-03 00:47:34,077 [INFO] ThirdParty:1030 - CMSIS Pack Vendor :STMicroelectronics X-CUBE-TOUCHGFX 4.21.3
2023-05-03 00:47:34,077 [INFO] ThirdParty:1030 - CMSIS Pack Vendor :STMicroelectronics X-CUBE-AZRTOS-F7 1.1.0
2023-05-03 00:47:34,077 [INFO] ThirdParty:1030 - CMSIS Pack Vendor :STMicroelectronics USB_DEVICE 2.0.0
2023-05-03 00:47:34,077 [INFO] ThirdParty:1030 - CMSIS Pack Vendor :STMicroelectronics X-CUBE-MEMS1 9.6.0
2023-05-03 00:47:34,077 [INFO] ThirdParty:1030 - CMSIS Pack Vendor :STMicroelectronics X-CUBE-ALGOBUILD 1.3.0
2023-05-03 00:47:34,077 [INFO] ThirdParty:1030 - CMSIS Pack Vendor :STMicroelectronics X-CUBE-BLE1 6.2.4
2023-05-03 00:47:34,077 [INFO] ThirdParty:1030 - CMSIS Pack Vendor :STMicroelectronics X-CUBE-AZRTOS-L5 1.1.0
2023-05-03 00:47:34,077 [INFO] ThirdParty:1030 - CMSIS Pack Vendor :STMicroelectronics FreeRTOS 0.0.1
2023-05-03 00:47:34,077 [INFO] ThirdParty:1030 - CMSIS Pack Vendor :emotas I-CUBE-CANOPEN 1.1.3
2023-05-03 00:47:34,077 [INFO] ThirdParty:1030 - CMSIS Pack Vendor :STMicroelectronics X-CUBE-AZRTOS-G0 1.1.0
2023-05-03 00:47:34,077 [INFO] ThirdParty:1030 - CMSIS Pack Vendor :STMicroelectronics X-CUBE-BLEMGR 2.0.0
2023-05-03 00:47:34,077 [INFO] ThirdParty:1030 - CMSIS Pack Vendor :STMicroelectronics X-CUBE-SUBG2 5.0.0
2023-05-03 00:47:34,077 [INFO] ThirdParty:1030 - CMSIS Pack Vendor :STMicroelectronics X-CUBE-NFC4 3.0.0
2023-05-03 00:47:34,077 [INFO] ThirdParty:1030 - CMSIS Pack Vendor :STMicroelectronics STM32_WPAN 1.0.0
2023-05-03 00:47:34,077 [INFO] ThirdParty:1030 - CMSIS Pack Vendor :STMicroelectronics lwIP 2.0.3
2023-05-03 00:47:34,077 [INFO] ThirdParty:1030 - CMSIS Pack Vendor :STMicroelectronics USB_HOST 1.0.0
2023-05-03 00:47:34,077 [INFO] ThirdParty:1030 - CMSIS Pack Vendor :STMicroelectronics X-CUBE-AZRTOS-G4 2.0.0
2023-05-03 00:47:34,077 [INFO] ThirdParty:1030 - CMSIS Pack Vendor :STMicroelectronics PDM2PCM 3.1.0
2023-05-03 00:47:34,077 [INFO] ThirdParty:1030 - CMSIS Pack Vendor :STMicroelectronics X-CUBE-AZRTOS-H7 3.1.0
2023-05-03 00:47:34,077 [INFO] ThirdParty:1030 - CMSIS Pack Vendor :STMicroelectronics X-CUBE-TOF1 3.3.0
2023-05-03 00:47:34,077 [INFO] ThirdParty:1030 - CMSIS Pack Vendor :STMicroelectronics PDM2PCM 3.3.0
2023-05-03 00:47:34,077 [INFO] ThirdParty:1030 - CMSIS Pack Vendor :STMicroelectronics X-CUBE-DISPLAY 3.0.0
2023-05-03 00:47:34,078 [INFO] ThirdParty:1030 - CMSIS Pack Vendor :STMicroelectronics FP-ATR-SIGFOX1 3.2.0
2023-05-03 00:47:34,078 [INFO] ThirdParty:1030 - CMSIS Pack Vendor :STMicroelectronics X-CUBE-AZRTOS-L4 1.0.0
2023-05-03 00:47:34,078 [INFO] ThirdParty:1030 - CMSIS Pack Vendor :STMicroelectronics HAL Drivers 0.0.0
2023-05-03 00:47:34,078 [INFO] ThirdParty:1030 - CMSIS Pack Vendor :STMicroelectronics MBEDTLS 2.16.2
2023-05-03 00:47:34,078 [INFO] ThirdParty:1030 - CMSIS Pack Vendor :STMicroelectronics MBEDTLS 2.14.1
2023-05-03 00:47:34,078 [INFO] ThirdParty:1030 - CMSIS Pack Vendor :STMicroelectronics X-CUBE-NFC7 1.0.0
2023-05-03 00:47:34,078 [INFO] ThirdParty:1030 - CMSIS Pack Vendor :STMicroelectronics X-CUBE-AZRTOS-WL 1.0.0
2023-05-03 00:47:34,078 [INFO] ThirdParty:1030 - CMSIS Pack Vendor :STMicroelectronics X-CUBE-EEPRMA1 4.1.0
2023-05-03 00:47:34,078 [INFO] ThirdParty:1030 - CMSIS Pack Vendor :portGmbH I-Cube-SoM-uGOAL 1.1.0
2023-05-03 00:47:34,078 [INFO] ThirdParty:1030 - CMSIS Pack Vendor :STMicroelectronics X-CUBE-ALS 1.0.1
2023-05-03 00:47:34,078 [INFO] ThirdParty:1030 - CMSIS Pack Vendor :STMicroelectronics ThreadX 1.0.0
2023-05-03 00:47:34,078 [INFO] ThirdParty:1030 - CMSIS Pack Vendor :STMicroelectronics X-CUBE-AZRTOS-WB 1.1.0
2023-05-03 00:47:34,078 [INFO] ThirdParty:1030 - CMSIS Pack Vendor :SEGGER I-CUBE-embOS 1.3.1
2023-05-03 00:47:34,078 [INFO] ThirdParty:1030 - CMSIS Pack Vendor :STMicroelectronics USB_DEVICE 1.0.0
2023-05-03 00:47:34,078 [INFO] ThirdParty:1030 - CMSIS Pack Vendor :STMicroelectronics ThreadX 0.0.2
2023-05-03 00:47:34,078 [INFO] ThirdParty:1030 - CMSIS Pack Vendor :WES I-CUBE-Cesium 1.3.0
2023-05-03 00:47:34,078 [INFO] ThirdParty:1030 - CMSIS Pack Vendor :STMicroelectronics FP-ATR-ASTRA1 2.0.0
2023-05-03 00:47:34,078 [INFO] ThirdParty:1030 - CMSIS Pack Vendor :STMicroelectronics lwIP 2.1.2
2023-05-03 00:47:34,078 [INFO] ThirdParty:1030 - CMSIS Pack Vendor :STMicroelectronics X-CUBE-SFXS2LP1 4.0.0
2023-05-03 00:47:34,078 [INFO] ThirdParty:1030 - CMSIS Pack Vendor :STMicroelectronics X-CUBE-BLE2 3.3.0
2023-05-03 00:47:34,078 [INFO] ThirdParty:1030 - CMSIS Pack Vendor :STMicroelectronics PDM2PCM 3.2.0
2023-05-03 00:47:34,079 [INFO] ThirdParty:841 - exiting critical section [change project]
2023-05-03 00:47:34,490 [INFO] PinOutPanel:1499 - setPackage(No Configuration,No Configuration)
2023-05-03 00:47:34,492 [INFO] PinOutPanel:1499 - setPackage(STM32F407VGTx,LQFP100)
2023-05-03 00:47:34,976 [INFO] UtilMem:75 - Before build in PCC Used Memory: 291091488 Bytes (435159040)
2023-05-03 00:47:35,575 [INFO] UtilMem:75 - After build in PCC Used Memory: 305682184 Bytes (435159040)
2023-05-03 00:47:35,606 [INFO] IPUIPlugin:80 - create IPUIPlugin
2023-05-03 00:47:35,607 [INFO] IPUIPlugin:80 - create IPUIPlugin
2023-05-03 00:47:35,607 [INFO] IPUIPlugin:80 - create IPUIPlugin
2023-05-03 00:47:35,607 [INFO] IPUIPlugin:80 - create IPUIPlugin
2023-05-03 00:47:35,607 [INFO] IPUIPlugin:80 - create IPUIPlugin
2023-05-03 00:47:35,608 [INFO] IPUIPlugin:80 - create IPUIPlugin
2023-05-03 00:47:35,608 [INFO] IPUIPlugin:80 - create IPUIPlugin
2023-05-03 00:47:35,608 [INFO] IPUIPlugin:80 - create IPUIPlugin
2023-05-03 00:47:35,608 [INFO] IPUIPlugin:80 - create IPUIPlugin
2023-05-03 00:47:35,608 [INFO] IPUIPlugin:80 - create IPUIPlugin
2023-05-03 00:47:35,608 [INFO] IPUIPlugin:80 - create IPUIPlugin
2023-05-03 00:47:35,609 [INFO] IPUIPlugin:80 - create IPUIPlugin
2023-05-03 00:47:35,609 [INFO] IPUIPlugin:80 - create IPUIPlugin
2023-05-03 00:47:35,609 [INFO] IPUIPlugin:80 - create IPUIPlugin
2023-05-03 00:47:35,609 [INFO] IPUIPlugin:80 - create IPUIPlugin
2023-05-03 00:47:35,609 [INFO] IPUIPlugin:80 - create IPUIPlugin
2023-05-03 00:47:35,609 [INFO] IPUIPlugin:80 - create IPUIPlugin
2023-05-03 00:47:35,609 [INFO] IPUIPlugin:80 - create IPUIPlugin
2023-05-03 00:47:35,610 [INFO] IPUIPlugin:80 - create IPUIPlugin
2023-05-03 00:47:35,610 [INFO] IPUIPlugin:80 - create IPUIPlugin
2023-05-03 00:47:35,611 [INFO] IPUIPlugin:80 - create IPUIPlugin
2023-05-03 00:47:35,611 [INFO] IPUIPlugin:80 - create IPUIPlugin
2023-05-03 00:47:35,612 [INFO] IPUIPlugin:80 - create IPUIPlugin
2023-05-03 00:47:35,612 [INFO] IPUIPlugin:80 - create IPUIPlugin
2023-05-03 00:47:35,612 [INFO] IPUIPlugin:80 - create IPUIPlugin
2023-05-03 00:47:35,612 [INFO] IPUIPlugin:80 - create IPUIPlugin
2023-05-03 00:47:35,613 [INFO] IPUIPlugin:80 - create IPUIPlugin
2023-05-03 00:47:35,613 [INFO] IPUIPlugin:80 - create IPUIPlugin
2023-05-03 00:47:35,613 [INFO] IPUIPlugin:80 - create IPUIPlugin
2023-05-03 00:47:35,614 [INFO] IPUIPlugin:80 - create IPUIPlugin
2023-05-03 00:47:35,614 [INFO] IPUIPlugin:80 - create IPUIPlugin
2023-05-03 00:47:35,614 [INFO] IPUIPlugin:80 - create IPUIPlugin
2023-05-03 00:47:35,615 [INFO] IPUIPlugin:80 - create IPUIPlugin
2023-05-03 00:47:35,615 [INFO] IPUIPlugin:80 - create IPUIPlugin
2023-05-03 00:47:35,615 [INFO] IPUIPlugin:80 - create IPUIPlugin
2023-05-03 00:47:35,615 [INFO] IPUIPlugin:80 - create IPUIPlugin
2023-05-03 00:47:35,616 [INFO] IPUIPlugin:80 - create IPUIPlugin
2023-05-03 00:47:35,616 [INFO] IPUIPlugin:80 - create IPUIPlugin
2023-05-03 00:47:35,616 [INFO] IPUIPlugin:80 - create IPUIPlugin
2023-05-03 00:47:35,617 [INFO] IPUIPlugin:80 - create IPUIPlugin
2023-05-03 00:47:35,617 [INFO] IPUIPlugin:80 - create IPUIPlugin
2023-05-03 00:47:35,617 [INFO] IPUIPlugin:80 - create IPUIPlugin
2023-05-03 00:47:35,618 [INFO] IPUIPlugin:80 - create IPUIPlugin
2023-05-03 00:47:35,618 [INFO] IPUIPlugin:80 - create IPUIPlugin
2023-05-03 00:47:35,618 [INFO] IPUIPlugin:80 - create IPUIPlugin
2023-05-03 00:47:35,618 [INFO] IPUIPlugin:80 - create IPUIPlugin
2023-05-03 00:47:35,619 [INFO] IPUIPlugin:80 - create IPUIPlugin
2023-05-03 00:47:35,619 [INFO] IPUIPlugin:80 - create IPUIPlugin
2023-05-03 00:47:35,633 [INFO] IPUIPlugin:80 - create IPUIPlugin
2023-05-03 00:47:35,634 [INFO] IPUIPlugin:80 - create IPUIPlugin
2023-05-03 00:47:35,634 [INFO] IPUIPlugin:80 - create IPUIPlugin
2023-05-03 00:47:35,634 [INFO] IPUIPlugin:80 - create IPUIPlugin
2023-05-03 00:47:35,635 [INFO] IPUIPlugin:80 - create IPUIPlugin
2023-05-03 00:47:35,635 [INFO] IPUIPlugin:80 - create IPUIPlugin
2023-05-03 00:47:35,636 [INFO] IPUIPlugin:80 - create IPUIPlugin
2023-05-03 00:47:35,636 [INFO] IPUIPlugin:80 - create IPUIPlugin
2023-05-03 00:47:35,636 [INFO] IPUIPlugin:80 - create IPUIPlugin
2023-05-03 00:47:35,637 [INFO] IPUIPlugin:80 - create IPUIPlugin
2023-05-03 00:47:35,701 [INFO] ApiDbMcu:507 - Load IP Config File for PDM2PCM
2023-05-03 00:47:35,884 [INFO] CADModel:165 - CPN selected for project levelSTM32F407VGT6
2023-05-03 00:47:35,884 [INFO] CADModel:114 - Register for checkConnection events
2023-05-03 00:47:35,946 [INFO] OpenFileManager:328 - Restore cursor
2023-05-03 00:47:45,226 [INFO] UtilMem:75 - End SaveConfig() Used Memory: 255029808 Bytes (435159040)
2023-05-03 00:47:45,297 [INFO] UtilMem:75 - End SaveConfig() Used Memory: 278069568 Bytes (435159040)
2023-05-03 00:47:45,498 [INFO] UtilMem:75 - End SaveConfig() Used Memory: 305332544 Bytes (435159040)
2023-05-03 00:47:46,196 [INFO] BlockDiagram:2759 - set Specific Code input for plugin: SYS
2023-05-03 00:47:46,196 [INFO] BlockDiagram:2759 - set Specific Code input for plugin: RCC
2023-05-03 00:47:46,197 [INFO] BlockDiagram:2759 - set Specific Code input for plugin: NVIC
2023-05-03 00:47:46,197 [INFO] BlockDiagram:2759 - set Specific Code input for plugin: GPIO
2023-05-03 00:47:46,199 [INFO] CodeGenerator:793 - code generatio: config db path: C:\ST\STM32CubeIDE_1.12.1\STM32CubeIDE\plugins\com.st.stm32cube.common.mx_6.8.1.202304191431\\db\
2023-05-03 00:47:46,496 [INFO] CodeEngine:255 - oldGeneratedFile, C:\Users\User\STM32CubeIDE\workspace_1.12.1\deneme1\MXTmpFiles\license.tmp_save
2023-05-03 00:47:46,900 [INFO] CodeEngine:279 - Generated code: C:\Users\User\STM32CubeIDE\workspace_1.12.1\deneme1\MXTmpFiles\license.tmp
2023-05-03 00:47:47,002 [INFO] CodeEngine:255 - oldGeneratedFile, C:\Users\User\STM32CubeIDE\workspace_1.12.1\deneme1\MXTmpFiles\gpio.tmp_save
2023-05-03 00:47:47,098 [INFO] CodeEngine:279 - Generated code: C:\Users\User\STM32CubeIDE\workspace_1.12.1\deneme1\MXTmpFiles\gpio.tmp
2023-05-03 00:47:47,134 [INFO] CodeEngine:255 - oldGeneratedFile, C:\Users\User\STM32CubeIDE\workspace_1.12.1\deneme1\Core\Src\stm32f4xx_it.c_save
2023-05-03 00:47:47,234 [INFO] CodeEngine:279 - Generated code: C:\Users\User\STM32CubeIDE\workspace_1.12.1\deneme1\Core\Src\stm32f4xx_it.c
2023-05-03 00:47:47,242 [INFO] CodeEngine:255 - oldGeneratedFile, C:\Users\User\STM32CubeIDE\workspace_1.12.1\deneme1\Core\Inc\stm32f4xx_it.h_save
2023-05-03 00:47:47,362 [INFO] CodeEngine:279 - Generated code: C:\Users\User\STM32CubeIDE\workspace_1.12.1\deneme1\Core\Inc\stm32f4xx_it.h
2023-05-03 00:47:47,382 [INFO] CodeEngine:255 - oldGeneratedFile, C:\Users\User\STM32CubeIDE\workspace_1.12.1\deneme1\Core\Src\stm32f4xx_hal_msp.c_save
2023-05-03 00:47:47,491 [INFO] CodeEngine:279 - Generated code: C:\Users\User\STM32CubeIDE\workspace_1.12.1\deneme1\Core\Src\stm32f4xx_hal_msp.c
2023-05-03 00:47:47,497 [INFO] CodeEngine:255 - oldGeneratedFile, C:\Users\User\STM32CubeIDE\workspace_1.12.1\deneme1\MXTmpFiles\system.tmp_save
2023-05-03 00:47:47,551 [INFO] CodeEngine:279 - Generated code: C:\Users\User\STM32CubeIDE\workspace_1.12.1\deneme1\MXTmpFiles\system.tmp
2023-05-03 00:47:47,564 [INFO] CodeEngine:311 - oldGeneratedFile, C:\Users\User\STM32CubeIDE\workspace_1.12.1\deneme1\Core\Inc\stm32f4xx_hal_conf.h_save
2023-05-03 00:47:47,643 [INFO] CodeEngine:335 - Generated code: C:\Users\User\STM32CubeIDE\workspace_1.12.1\deneme1\Core\Inc\stm32f4xx_hal_conf.h
2023-05-03 00:47:47,708 [INFO] CodeEngine:255 - oldGeneratedFile, C:\Users\User\STM32CubeIDE\workspace_1.12.1\deneme1\Core\Inc\main.h_save
2023-05-03 00:47:47,788 [INFO] CodeEngine:279 - Generated code: C:\Users\User\STM32CubeIDE\workspace_1.12.1\deneme1\Core\Inc\main.h
2023-05-03 00:47:47,797 [INFO] CodeEngine:255 - oldGeneratedFile, C:\Users\User\STM32CubeIDE\workspace_1.12.1\deneme1\Core\Src\main.c_save
2023-05-03 00:47:47,896 [INFO] CodeEngine:279 - Generated code: C:\Users\User\STM32CubeIDE\workspace_1.12.1\deneme1\Core\Src\main.c
2023-05-03 00:47:48,728 [INFO] ProjectBuilder:2996 - Time for Copy HAL[1] : 228mS.
2023-05-03 00:47:48,740 [INFO] ProjectBuilder:4304 - Project Generator version: 3.19.2
2023-05-03 00:47:49,052 [INFO] ConfigFileManager:1483 - The Die is : DIE413
2023-05-03 00:47:49,078 [INFO] ApiDbMcu:507 - Load IP Config File for FATFS
2023-05-03 00:47:49,095 [INFO] ApiDbMcu:507 - Load IP Config File for FREERTOS
2023-05-03 00:47:49,103 [INFO] ApiDbMcu:507 - Load IP Config File for LIBJPEG
2023-05-03 00:47:49,131 [INFO] ApiDbMcu:507 - Load IP Config File for LWIP
2023-05-03 00:47:49,149 [INFO] ApiDbMcu:507 - Load IP Config File for MBEDTLS
2023-05-03 00:47:49,170 [INFO] ApiDbMcu:507 - Load IP Config File for USB_DEVICE
2023-05-03 00:47:49,186 [INFO] ApiDbMcu:507 - Load IP Config File for USB_HOST
