2023-05-16 00:23:10,793 [INFO] UtilMem:75 - End SaveConfig() Used Memory: 688070128 Bytes (934281216)
2023-05-16 00:23:11,060 [INFO] UtilMem:75 - End SaveConfig() Used Memory: 752033264 Bytes (934281216)
2023-05-16 00:23:11,273 [INFO] UtilMem:75 - End SaveConfig() Used Memory: 795024880 Bytes (934281216)
2023-05-16 00:23:11,784 [INFO] BlockDiagram:2759 - set Specific Code input for plugin: SYS
2023-05-16 00:23:11,784 [INFO] BlockDiagram:2759 - set Specific Code input for plugin: RCC
2023-05-16 00:23:11,784 [INFO] BlockDiagram:2759 - set Specific Code input for plugin: NVIC
2023-05-16 00:23:11,785 [INFO] BlockDiagram:2759 - set Specific Code input for plugin: GPIO
2023-05-16 00:23:11,787 [INFO] CodeGenerator:793 - code generatio: config db path: C:\ST\STM32CubeIDE_1.12.1\STM32CubeIDE\plugins\com.st.stm32cube.common.mx_6.8.1.202304191431\\db\
2023-05-16 00:23:12,151 [INFO] CodeEngine:255 - oldGeneratedFile, C:\Users\User\STM32CubeIDE\workspace_1.12.1\06_timer_interrupt\MXTmpFiles\license.tmp_save
2023-05-16 00:23:12,249 [INFO] CodeEngine:279 - Generated code: C:\Users\User\STM32CubeIDE\workspace_1.12.1\06_timer_interrupt\MXTmpFiles\license.tmp
2023-05-16 00:23:12,263 [INFO] CodeEngine:255 - oldGeneratedFile, C:\Users\User\STM32CubeIDE\workspace_1.12.1\06_timer_interrupt\MXTmpFiles\gpio.tmp_save
2023-05-16 00:23:12,320 [INFO] CodeEngine:279 - Generated code: C:\Users\User\STM32CubeIDE\workspace_1.12.1\06_timer_interrupt\MXTmpFiles\gpio.tmp
2023-05-16 00:23:12,338 [INFO] CodeEngine:255 - oldGeneratedFile, C:\Users\User\STM32CubeIDE\workspace_1.12.1\06_timer_interrupt\Core\Src\stm32f4xx_it.c_save
2023-05-16 00:23:12,510 [INFO] CodeEngine:279 - Generated code: C:\Users\User\STM32CubeIDE\workspace_1.12.1\06_timer_interrupt\Core\Src\stm32f4xx_it.c
2023-05-16 00:23:12,518 [INFO] CodeEngine:255 - oldGeneratedFile, C:\Users\User\STM32CubeIDE\workspace_1.12.1\06_timer_interrupt\Core\Inc\stm32f4xx_it.h_save
2023-05-16 00:23:12,575 [INFO] CodeEngine:279 - Generated code: C:\Users\User\STM32CubeIDE\workspace_1.12.1\06_timer_interrupt\Core\Inc\stm32f4xx_it.h
2023-05-16 00:23:12,590 [INFO] CodeEngine:255 - oldGeneratedFile, C:\Users\User\STM32CubeIDE\workspace_1.12.1\06_timer_interrupt\Core\Src\stm32f4xx_hal_msp.c_save
2023-05-16 00:23:12,784 [INFO] CodeEngine:279 - Generated code: C:\Users\User\STM32CubeIDE\workspace_1.12.1\06_timer_interrupt\Core\Src\stm32f4xx_hal_msp.c
2023-05-16 00:23:12,789 [INFO] CodeEngine:255 - oldGeneratedFile, C:\Users\User\STM32CubeIDE\workspace_1.12.1\06_timer_interrupt\MXTmpFiles\system.tmp_save
2023-05-16 00:23:12,903 [INFO] CodeEngine:279 - Generated code: C:\Users\User\STM32CubeIDE\workspace_1.12.1\06_timer_interrupt\MXTmpFiles\system.tmp
2023-05-16 00:23:12,913 [INFO] CodeEngine:311 - oldGeneratedFile, C:\Users\User\STM32CubeIDE\workspace_1.12.1\06_timer_interrupt\Core\Inc\stm32f4xx_hal_conf.h_save
2023-05-16 00:23:12,972 [INFO] CodeEngine:335 - Generated code: C:\Users\User\STM32CubeIDE\workspace_1.12.1\06_timer_interrupt\Core\Inc\stm32f4xx_hal_conf.h
2023-05-16 00:23:13,001 [INFO] CodeEngine:255 - oldGeneratedFile, C:\Users\User\STM32CubeIDE\workspace_1.12.1\06_timer_interrupt\Core\Inc\main.h_save
2023-05-16 00:23:13,106 [INFO] CodeEngine:279 - Generated code: C:\Users\User\STM32CubeIDE\workspace_1.12.1\06_timer_interrupt\Core\Inc\main.h
2023-05-16 00:23:13,115 [INFO] CodeEngine:255 - oldGeneratedFile, C:\Users\User\STM32CubeIDE\workspace_1.12.1\06_timer_interrupt\Core\Src\main.c_save
2023-05-16 00:23:13,213 [INFO] CodeEngine:279 - Generated code: C:\Users\User\STM32CubeIDE\workspace_1.12.1\06_timer_interrupt\Core\Src\main.c
2023-05-16 00:23:13,763 [INFO] ProjectBuilder:2996 - Time for Copy HAL[1] : 195mS.
2023-05-16 00:23:13,769 [INFO] ProjectBuilder:4304 - Project Generator version: 3.19.2
2023-05-16 00:23:13,980 [INFO] ConfigFileManager:1483 - The Die is : DIE413
2023-05-16 00:23:16,303 [INFO] ProjectBuilder:4505 - Time for Generating toolchain IDE Files: 2533mS.
2023-05-16 00:23:16,304 [INFO] ProjectBuilder:2867 - Time for Copy CMSIS : 1mS.
2023-05-16 00:23:16,307 [INFO] ProjectBuilder:2867 - Time for Copy CMSIS : 1mS.
2023-05-16 15:41:47,859 [INFO] Activator:176 - 


2023-05-16 15:41:47,861 [INFO] Activator:177 - !SESSION log4j initialized
2023-05-16 15:41:52,570 [INFO] LogOutputStream:77 - [STDOUT_REDIRECT] 
2023-05-16 15:42:15,438 [ERROR] LogOutputStream:75 - [STDERR_REDIRECT] SLF4J: Failed to load class "org.slf4j.impl.StaticLoggerBinder".
2023-05-16 15:42:15,439 [ERROR] LogOutputStream:75 - [STDERR_REDIRECT] SLF4J: Defaulting to no-operation (NOP) logger implementation
2023-05-16 15:42:15,440 [ERROR] LogOutputStream:75 - [STDERR_REDIRECT] SLF4J: See http://www.slf4j.org/codes.html#StaticLoggerBinder for further details.
2023-05-16 15:42:44,416 [INFO] ApplicationProperties:184 - Using Application install path: C:\ST\STM32CubeIDE_1.12.1\STM32CubeIDE\plugins\com.st.stm32cube.common.mx_6.8.1.202304191431
2023-05-16 15:42:44,440 [INFO] DbMcusXml:78 - Set database path to: C:\ST\STM32CubeIDE_1.12.1\STM32CubeIDE\plugins\com.st.stm32cube.common.mx_6.8.1.202304191431\\db\/mcu/
2023-05-16 15:42:44,441 [INFO] ApiDb:274 - Set plugin database path to: C:\ST\STM32CubeIDE_1.12.1\STM32CubeIDE\plugins\com.st.stm32cube.common.mx_6.8.1.202304191431\\db\/plugins/boardmanager/
2023-05-16 15:42:44,443 [WARN] ApiDb:259 - Overriding images path with different value:  => C:\ST\STM32CubeIDE_1.12.1\STM32CubeIDE\plugins\com.st.stm32cube.common.mx_6.8.1.202304191431\\db\/plugins/mcufinder/images/
2023-05-16 15:42:44,464 [INFO] ApiDb:250 - Set database path to: C:\Users\User\.stmcufinder\plugins\mcufinder//mcu/
2023-05-16 15:42:44,465 [INFO] DbMcusAds:125 - Set database path to: C:\Users\User\.stmcufinder\plugins\mcufinder//mcu/
2023-05-16 15:42:44,488 [INFO] CrossReferenceDbSqlite:203 - Set database path to: C:\Users\User\.stmcufinder\plugins\mcufinder//mcu/cs/
2023-05-16 15:42:44,587 [INFO] RulesReader:64 - Compatibility file has been processed (293 Rules)
2023-05-16 15:42:44,672 [INFO] DbMcusXml:78 - Set database path to: C:\ST\STM32CubeIDE_1.12.1\STM32CubeIDE\plugins\com.st.stm32cube.common.mx_6.8.1.202304191431\\db\/mcu/
2023-05-16 15:42:44,672 [INFO] ApiDb:274 - Set plugin database path to: C:\ST\STM32CubeIDE_1.12.1\STM32CubeIDE\plugins\com.st.stm32cube.common.mx_6.8.1.202304191431\\db\/plugins/boardmanager/
2023-05-16 15:42:44,672 [INFO] ApiDb:261 - Set plugin images path to: C:\ST\STM32CubeIDE_1.12.1\STM32CubeIDE\plugins\com.st.stm32cube.common.mx_6.8.1.202304191431\\db\/plugins/mcufinder/images/
2023-05-16 15:42:44,672 [WARN] DbFile:41 - Overriding database path with different value: C:\Users\User\.stmcufinder\plugins\mcufinder/ => C:\Users\User\.stmcufinder\plugins\mcufinder
2023-05-16 15:42:44,672 [INFO] ApiDb:250 - Set database path to: C:\Users\User\.stmcufinder\plugins\mcufinder//mcu/
2023-05-16 15:42:44,673 [WARN] DbFile:41 - Overriding database path with different value: C:\Users\User\.stmcufinder\plugins\mcufinder/ => C:\Users\User\.stmcufinder\plugins\mcufinder
2023-05-16 15:42:44,673 [INFO] DbMcusAds:125 - Set database path to: C:\Users\User\.stmcufinder\plugins\mcufinder//mcu/
2023-05-16 15:42:44,673 [WARN] DbFile:41 - Overriding database path with different value: C:\Users\User\.stmcufinder\plugins\mcufinder/ => C:\Users\User\.stmcufinder\plugins\mcufinder
2023-05-16 15:42:44,673 [WARN] DbFile:41 - Overriding database path with different value: C:\Users\User\.stmcufinder\plugins\mcufinder/ => C:\Users\User\.stmcufinder\plugins\mcufinder
2023-05-16 15:42:44,673 [INFO] CrossReferenceDbSqlite:203 - Set database path to: C:\Users\User\.stmcufinder\plugins\mcufinder//mcu/cs/
2023-05-16 15:42:44,771 [INFO] MainPanel:253 - HeapMemory: 408944640
2023-05-16 15:42:44,889 [INFO] DbMcusXml:78 - Set database path to: C:\ST\STM32CubeIDE_1.12.1\STM32CubeIDE\plugins\com.st.stm32cube.common.mx_6.8.1.202304191431\\db\/mcu/
2023-05-16 15:42:44,889 [INFO] ApiDb:274 - Set plugin database path to: C:\ST\STM32CubeIDE_1.12.1\STM32CubeIDE\plugins\com.st.stm32cube.common.mx_6.8.1.202304191431\\db\/plugins/boardmanager/
2023-05-16 15:42:44,889 [INFO] ApiDb:261 - Set plugin images path to: C:\ST\STM32CubeIDE_1.12.1\STM32CubeIDE\plugins\com.st.stm32cube.common.mx_6.8.1.202304191431\\db\/plugins/mcufinder/images/
2023-05-16 15:42:44,890 [WARN] DbFile:41 - Overriding database path with different value: C:\Users\User\.stmcufinder\plugins\mcufinder/ => C:\Users\User\.stmcufinder\plugins\mcufinder
2023-05-16 15:42:44,890 [INFO] ApiDb:250 - Set database path to: C:\Users\User\.stmcufinder\plugins\mcufinder//mcu/
2023-05-16 15:42:44,890 [WARN] DbFile:41 - Overriding database path with different value: C:\Users\User\.stmcufinder\plugins\mcufinder/ => C:\Users\User\.stmcufinder\plugins\mcufinder
2023-05-16 15:42:44,890 [INFO] DbMcusAds:125 - Set database path to: C:\Users\User\.stmcufinder\plugins\mcufinder//mcu/
2023-05-16 15:42:44,890 [WARN] DbFile:41 - Overriding database path with different value: C:\Users\User\.stmcufinder\plugins\mcufinder/ => C:\Users\User\.stmcufinder\plugins\mcufinder
2023-05-16 15:42:44,891 [WARN] DbFile:41 - Overriding database path with different value: C:\Users\User\.stmcufinder\plugins\mcufinder/ => C:\Users\User\.stmcufinder\plugins\mcufinder
2023-05-16 15:42:44,891 [INFO] CrossReferenceDbSqlite:203 - Set database path to: C:\Users\User\.stmcufinder\plugins\mcufinder//mcu/cs/
2023-05-16 15:42:44,907 [INFO] ApplicationProperties:184 - Using Application install path: C:\ST\STM32CubeIDE_1.12.1\STM32CubeIDE\plugins\com.st.stm32cube.common.mx_6.8.1.202304191431
2023-05-16 15:42:44,909 [INFO] PluginManage:196 - Search for loadable plugins [exclusion list=, ]
2023-05-16 15:42:44,910 [INFO] PluginManage:310 - Check plugin analytics
2023-05-16 15:42:45,201 [INFO] AnalyticsPlugin:253 - Accepted Software Licenses: 
2023-05-16 15:42:45,201 [INFO] AnalyticsPlugin:255 - Accepted CMSIS Pack Licenses: 
2023-05-16 15:42:45,201 [INFO] AnalyticsPlugin:257 - Accepted Firmware Licenses: FW.F4.1.27.0
2023-05-16 15:42:45,213 [INFO] PluginManage:359 - Loaded plugin analytics (category:tool,tabindex:-1)
2023-05-16 15:42:45,213 [INFO] PluginManage:310 - Check plugin cadmodel
2023-05-16 15:42:45,222 [INFO] CADModel:105 - Init CAD model plugin
2023-05-16 15:42:45,222 [INFO] PluginManage:359 - Loaded plugin cadmodel (category:power,tabindex:5)
2023-05-16 15:42:45,223 [INFO] PluginManage:310 - Check plugin clock
2023-05-16 15:42:45,234 [INFO] PluginManage:359 - Loaded plugin clock (category:base,tabindex:2)
2023-05-16 15:42:45,234 [INFO] PluginManage:310 - Check plugin ddr
2023-05-16 15:42:45,237 [INFO] PluginManage:359 - Loaded plugin ddr (category:tool,tabindex:6)
2023-05-16 15:42:45,237 [INFO] PluginManage:310 - Check plugin filemanager
2023-05-16 15:42:45,347 [INFO] PluginManage:359 - Loaded plugin filemanager (category:base,tabindex:10)
2023-05-16 15:42:45,347 [INFO] PluginManage:310 - Check plugin ipmanager
2023-05-16 15:42:45,353 [INFO] PluginManage:359 - Loaded plugin ipmanager (category:base,tabindex:5)
2023-05-16 15:42:45,354 [INFO] PluginManage:310 - Check plugin lpbam
2023-05-16 15:42:45,362 [INFO] PluginManage:359 - Loaded plugin lpbam (category:base,tabindex:0)
2023-05-16 15:42:45,362 [INFO] PluginManage:310 - Check plugin pinoutandconfiguration
2023-05-16 15:42:45,370 [INFO] PluginManage:359 - Loaded plugin pinoutandconfiguration (category:base,tabindex:1)
2023-05-16 15:42:45,370 [INFO] PluginManage:310 - Check plugin pinoutconfig
2023-05-16 15:42:45,457 [WARN] SupportedApi:132 - Cannot load RTOS API schema: s4s-elt-must-match.1: The content of 'definitions' must match (annotation?, (simpleType | complexType)?, (unique | key | keyref)*)). A problem was found starting at: attribute.
2023-05-16 15:42:45,628 [INFO] PluginManage:359 - Loaded plugin pinoutconfig (category:base,tabindex:0)
2023-05-16 15:42:45,628 [INFO] PluginManage:310 - Check plugin power
2023-05-16 15:42:45,646 [INFO] PluginManage:359 - Loaded plugin power (category:power,tabindex:4)
2023-05-16 15:42:45,646 [INFO] PluginManage:310 - Check plugin projectmanager
2023-05-16 15:42:45,675 [INFO] PluginManage:359 - Loaded plugin projectmanager (category:projectmanager,tabindex:3)
2023-05-16 15:42:45,676 [INFO] PluginManage:310 - Check plugin thirdparty
2023-05-16 15:42:45,930 [INFO] PluginManage:359 - Loaded plugin thirdparty (category:base,tabindex:-1)
2023-05-16 15:42:45,930 [INFO] PluginManage:310 - Check plugin tools
2023-05-16 15:42:45,930 [WARN] IntegrityCheckThread:84 - waiting for thirdparty lock release [integrity check]
2023-05-16 15:42:45,931 [INFO] IntegrityCheckThread:86 - entering critical section [integrity check]
2023-05-16 15:42:45,934 [INFO] ThirdPartyUpdaterWithRetryManager:70 - Updater plugin not ready yet. [1/15]
2023-05-16 15:42:45,937 [INFO] PluginManage:359 - Loaded plugin tools (category:base,tabindex:7)
2023-05-16 15:42:45,937 [INFO] PluginManage:310 - Check plugin tutovideos
2023-05-16 15:42:46,243 [INFO] PluginManage:359 - Loaded plugin tutovideos (category:base,tabindex:-1)
2023-05-16 15:42:46,244 [INFO] PluginManage:310 - Check plugin updater
2023-05-16 15:42:46,260 [INFO] PluginManage:359 - Loaded plugin updater (category:base,tabindex:12)
2023-05-16 15:42:46,261 [INFO] PluginManage:283 - PluginManage : Loaded plugins [15]
2023-05-16 15:42:46,491 [INFO] PinOutPanel:1499 - setPackage(No Configuration,No Configuration)
2023-05-16 15:42:46,543 [INFO] CADModel:165 - CPN selected for project level
2023-05-16 15:42:46,543 [INFO] CADModel:114 - Register for checkConnection events
2023-05-16 15:42:46,560 [INFO] IPUIPlugin:80 - create IPUIPlugin
2023-05-16 15:42:46,560 [INFO] PluginManager:220 - loadIPPluginJar : add adc
2023-05-16 15:42:46,564 [INFO] IPUIPlugin:80 - create IPUIPlugin
2023-05-16 15:42:46,564 [INFO] PluginManager:220 - loadIPPluginJar : add aes
2023-05-16 15:42:46,567 [INFO] IPUIPlugin:80 - create IPUIPlugin
2023-05-16 15:42:46,567 [INFO] PluginManager:220 - loadIPPluginJar : add can
2023-05-16 15:42:46,569 [INFO] IPUIPlugin:80 - create IPUIPlugin
2023-05-16 15:42:46,569 [INFO] PluginManager:220 - loadIPPluginJar : add comp
2023-05-16 15:42:46,572 [INFO] IPUIPlugin:80 - create IPUIPlugin
2023-05-16 15:42:46,572 [INFO] PluginManager:220 - loadIPPluginJar : add cryp
2023-05-16 15:42:46,574 [INFO] IPUIPlugin:80 - create IPUIPlugin
2023-05-16 15:42:46,574 [INFO] PluginManager:220 - loadIPPluginJar : add dfsdm
2023-05-16 15:42:46,579 [INFO] IPUIPlugin:80 - create IPUIPlugin
2023-05-16 15:42:46,580 [INFO] PluginManager:220 - loadIPPluginJar : add dma
2023-05-16 15:42:46,583 [INFO] IPUIPlugin:80 - create IPUIPlugin
2023-05-16 15:42:46,583 [INFO] PluginManager:220 - loadIPPluginJar : add dma3
2023-05-16 15:42:46,585 [INFO] IPUIPlugin:80 - create IPUIPlugin
2023-05-16 15:42:46,585 [INFO] PluginManager:220 - loadIPPluginJar : add fatfs
2023-05-16 15:42:46,590 [INFO] IPUIPlugin:80 - create IPUIPlugin
2023-05-16 15:42:46,590 [INFO] PluginManager:220 - loadIPPluginJar : add fmc
2023-05-16 15:42:46,596 [INFO] IPUIPlugin:80 - create IPUIPlugin
2023-05-16 15:42:46,596 [INFO] PluginManager:220 - loadIPPluginJar : add freertos
2023-05-16 15:42:46,598 [INFO] IPUIPlugin:80 - create IPUIPlugin
2023-05-16 15:42:46,598 [INFO] PluginManager:220 - loadIPPluginJar : add genericplugin
2023-05-16 15:42:46,601 [INFO] IPUIPlugin:80 - create IPUIPlugin
2023-05-16 15:42:46,601 [INFO] PluginManager:220 - loadIPPluginJar : add gfxmmu
2023-05-16 15:42:46,606 [INFO] IPUIPlugin:80 - create IPUIPlugin
2023-05-16 15:42:46,606 [INFO] PluginManager:220 - loadIPPluginJar : add gic
2023-05-16 15:42:46,610 [INFO] IPUIPlugin:80 - create IPUIPlugin
2023-05-16 15:42:46,610 [INFO] PluginManager:220 - loadIPPluginJar : add gpio
2023-05-16 15:42:46,613 [INFO] IPUIPlugin:80 - create IPUIPlugin
2023-05-16 15:42:46,614 [INFO] PluginManager:220 - loadIPPluginJar : add gtzc
2023-05-16 15:42:46,616 [INFO] IPUIPlugin:80 - create IPUIPlugin
2023-05-16 15:42:46,616 [INFO] PluginManager:220 - loadIPPluginJar : add hash
2023-05-16 15:42:46,620 [INFO] IPUIPlugin:80 - create IPUIPlugin
2023-05-16 15:42:46,620 [INFO] PluginManager:220 - loadIPPluginJar : add i2c
2023-05-16 15:42:46,623 [INFO] IPUIPlugin:80 - create IPUIPlugin
2023-05-16 15:42:46,623 [INFO] PluginManager:220 - loadIPPluginJar : add i2s
2023-05-16 15:42:46,626 [INFO] IPUIPlugin:80 - create IPUIPlugin
2023-05-16 15:42:46,626 [INFO] PluginManager:220 - loadIPPluginJar : add i3c
2023-05-16 15:42:46,630 [INFO] IPUIPlugin:80 - create IPUIPlugin
2023-05-16 15:42:46,630 [INFO] PluginManager:220 - loadIPPluginJar : add ipddr
2023-05-16 15:42:46,637 [INFO] IPUIPlugin:80 - create IPUIPlugin
2023-05-16 15:42:46,637 [INFO] PluginManager:220 - loadIPPluginJar : add linkedlist
2023-05-16 15:42:46,640 [INFO] IPUIPlugin:80 - create IPUIPlugin
2023-05-16 15:42:46,640 [INFO] PluginManager:220 - loadIPPluginJar : add lorawan
2023-05-16 15:42:46,642 [INFO] IPUIPlugin:80 - create IPUIPlugin
2023-05-16 15:42:46,642 [INFO] PluginManager:220 - loadIPPluginJar : add ltdc
2023-05-16 15:42:46,648 [INFO] IPUIPlugin:80 - create IPUIPlugin
2023-05-16 15:42:46,648 [INFO] PluginManager:220 - loadIPPluginJar : add mdma
2023-05-16 15:42:46,655 [INFO] IPUIPlugin:80 - create IPUIPlugin
2023-05-16 15:42:46,656 [INFO] PluginManager:220 - loadIPPluginJar : add nvic
2023-05-16 15:42:46,659 [INFO] IPUIPlugin:80 - create IPUIPlugin
2023-05-16 15:42:46,660 [INFO] PluginManager:220 - loadIPPluginJar : add opamp
2023-05-16 15:42:46,664 [INFO] IPUIPlugin:80 - create IPUIPlugin
2023-05-16 15:42:46,664 [INFO] PluginManager:220 - loadIPPluginJar : add openamp
2023-05-16 15:42:46,668 [INFO] IPUIPlugin:80 - create IPUIPlugin
2023-05-16 15:42:46,668 [INFO] PluginManager:220 - loadIPPluginJar : add pdm2pcm
2023-05-16 15:42:46,675 [INFO] IPUIPlugin:80 - create IPUIPlugin
2023-05-16 15:42:46,678 [INFO] PluginManager:220 - loadIPPluginJar : add plateformsettings
2023-05-16 15:42:46,681 [INFO] IPUIPlugin:80 - create IPUIPlugin
2023-05-16 15:42:46,681 [INFO] PluginManager:220 - loadIPPluginJar : add quadspi
2023-05-16 15:42:46,686 [INFO] IPUIPlugin:80 - create IPUIPlugin
2023-05-16 15:42:46,686 [INFO] PluginManager:220 - loadIPPluginJar : add resmgrutility
2023-05-16 15:42:46,689 [INFO] IPUIPlugin:80 - create IPUIPlugin
2023-05-16 15:42:46,689 [INFO] PluginManager:220 - loadIPPluginJar : add sai
2023-05-16 15:42:46,692 [INFO] IPUIPlugin:80 - create IPUIPlugin
2023-05-16 15:42:46,692 [INFO] PluginManager:220 - loadIPPluginJar : add spi
2023-05-16 15:42:46,697 [INFO] IPUIPlugin:80 - create IPUIPlugin
2023-05-16 15:42:46,697 [INFO] PluginManager:220 - loadIPPluginJar : add stm32_wpan
2023-05-16 15:42:46,699 [INFO] IPUIPlugin:80 - create IPUIPlugin
2023-05-16 15:42:46,700 [INFO] PluginManager:220 - loadIPPluginJar : add tim
2023-05-16 15:42:46,703 [INFO] IPUIPlugin:80 - create IPUIPlugin
2023-05-16 15:42:46,703 [INFO] PluginManager:220 - loadIPPluginJar : add touchsensing
2023-05-16 15:42:46,705 [INFO] IPUIPlugin:80 - create IPUIPlugin
2023-05-16 15:42:46,705 [INFO] PluginManager:220 - loadIPPluginJar : add tracer_emb
2023-05-16 15:42:46,707 [INFO] IPUIPlugin:80 - create IPUIPlugin
2023-05-16 15:42:46,707 [INFO] PluginManager:220 - loadIPPluginJar : add ts
2023-05-16 15:42:46,709 [INFO] IPUIPlugin:80 - create IPUIPlugin
2023-05-16 15:42:46,709 [INFO] PluginManager:220 - loadIPPluginJar : add tsc
2023-05-16 15:42:46,711 [INFO] IPUIPlugin:80 - create IPUIPlugin
2023-05-16 15:42:46,711 [INFO] PluginManager:220 - loadIPPluginJar : add ucpd
2023-05-16 15:42:46,713 [INFO] IPUIPlugin:80 - create IPUIPlugin
2023-05-16 15:42:46,714 [INFO] PluginManager:220 - loadIPPluginJar : add usart
2023-05-16 15:42:46,717 [INFO] IPUIPlugin:80 - create IPUIPlugin
2023-05-16 15:42:46,717 [INFO] PluginManager:220 - loadIPPluginJar : add usbx
2023-05-16 15:42:46,832 [INFO] CADModel:165 - CPN selected for project level
2023-05-16 15:42:46,832 [INFO] CADModel:114 - Register for checkConnection events
2023-05-16 15:42:46,832 [FATAL] Updater:308 - Updater called before beeing initialized
2023-05-16 15:42:46,832 [ERROR] CADModel:125 - Updater not yet initialized, retry later 
2023-05-16 15:42:46,966 [INFO] CADModel:165 - CPN selected for project level
2023-05-16 15:42:46,967 [INFO] CADModel:114 - Register for checkConnection events
2023-05-16 15:42:46,967 [FATAL] Updater:308 - Updater called before beeing initialized
2023-05-16 15:42:46,967 [ERROR] CADModel:125 - Updater not yet initialized, retry later 
2023-05-16 15:42:46,971 [FATAL] Updater:308 - Updater called before beeing initialized
2023-05-16 15:42:47,086 [FATAL] Updater:308 - Updater called before beeing initialized
2023-05-16 15:42:47,096 [INFO] DbMcusAds:53 - JSON generation date=Tue Mar 07 11:50:54 GMT+03:00 2023 (1678179054945)
2023-05-16 15:42:47,096 [FATAL] Updater:308 - Updater called before beeing initialized
2023-05-16 15:42:47,156 [WARN] DetailPanel:346 - Failed to get advertising image, set to default
2023-05-16 15:42:47,250 [FATAL] Updater:308 - Updater called before beeing initialized
2023-05-16 15:42:47,252 [FATAL] Updater:308 - Updater called before beeing initialized
2023-05-16 15:42:47,252 [FATAL] Updater:308 - Updater called before beeing initialized
2023-05-16 15:42:47,253 [WARN] DetailPanel:346 - Failed to get advertising image, set to default
2023-05-16 15:42:47,253 [FATAL] Updater:308 - Updater called before beeing initialized
2023-05-16 15:42:47,293 [ERROR] Updater:1120 - MainUpdater not yet initialized. External WinMGr cannot be set.
2023-05-16 15:42:47,295 [INFO] Updater:1056 - Updater Version found : 6.8.1
2023-05-16 15:42:47,311 [INFO] ApplicationProperties:184 - Using Application install path: C:\ST\STM32CubeIDE_1.12.1\STM32CubeIDE\plugins\com.st.stm32cube.common.mx_6.8.1.202304191431
2023-05-16 15:42:47,441 [INFO] MainUpdater:2854 - connection check result : 10
2023-05-16 15:42:47,443 [INFO] MainUpdater:283 - Updater Check For Update Now.
2023-05-16 15:42:47,443 [INFO] MicroXplorer:498 - Change Database Version : DB.6.0.81
2023-05-16 15:42:47,614 [INFO] CheckServerUpdateThread:120 - End of CheckServer Thread
2023-05-16 15:42:47,667 [INFO] MainUpdater:2854 - connection check result : 10
2023-05-16 15:42:47,670 [INFO] MainUpdater:2854 - connection check result : 10
2023-05-16 15:42:47,720 [INFO] MicroXplorer:468 - Change Database Path : 
2023-05-16 15:42:47,721 [INFO] MicroXplorer:498 - Change Database Version : DB.6.0.81
2023-05-16 15:42:47,722 [WARN] ThirdParty:871 - waiting for thirdparty lock release [close project]
2023-05-16 15:42:49,083 [WARN] PackLoader:240 - Cannot read IP mode file for STMicroelectronics.X-CUBE-GNSS1.6.0.0
2023-05-16 15:42:49,119 [WARN] PackLoader:240 - Cannot read IP mode file for STMicroelectronics.X-CUBE-AZRTOS-F4.1.1.0
2023-05-16 15:42:49,129 [WARN] PackLoader:240 - Cannot read IP mode file for STMicroelectronics.X-CUBE-SMBUS.2.1.0
2023-05-16 15:42:49,136 [WARN] PackLoader:240 - Cannot read IP mode file for wolfSSL.I-CUBE-wolfSSL.5.6.0
2023-05-16 15:42:49,155 [WARN] PackLoader:240 - Cannot read IP mode file for STMicroelectronics.X-CUBE-AZRTOS-F7.1.1.0
2023-05-16 15:42:49,228 [WARN] PackLoader:240 - Cannot read IP mode file for STMicroelectronics.X-CUBE-MEMS1.9.6.0
2023-05-16 15:42:49,424 [ERROR] RealEvaluatedCondition:428 - Found unsupported composite condition: CLASS='Data Exchange' GROUP='STM32_MetaDataManager'
2023-05-16 15:42:49,424 [ERROR] RealEvaluatedCondition:428 - Found unsupported composite condition: CLASS='Data Exchange' GROUP='STM32_MetaDataManager'
2023-05-16 15:42:49,427 [WARN] PackLoader:240 - Cannot read IP mode file for STMicroelectronics.FP-SNS-MOTENV1.4.3.0
2023-05-16 15:42:49,445 [WARN] PackLoader:240 - Cannot read IP mode file for STMicroelectronics.FP-SNS-FLIGHT1.5.0.0
2023-05-16 15:42:49,452 [WARN] PackLoader:240 - Cannot read IP mode file for STMicroelectronics.X-CUBE-BLE1.6.2.4
2023-05-16 15:42:49,487 [WARN] PackLoader:240 - Cannot read IP mode file for emotas.I-CUBE-CANOPEN.1.1.3
2023-05-16 15:42:49,499 [WARN] PackLoader:240 - Cannot read IP mode file for STMicroelectronics.X-CUBE-BLEMGR.2.0.0
2023-05-16 15:42:49,519 [WARN] ConditionMgr:438 - getConditionDescription Invalid condition id : UX DEVICE CLASS RTOS Condition cause : null
2023-05-16 15:42:49,519 [WARN] ConditionMgr:438 - getConditionDescription Invalid condition id : UX DEVICE CLASS RTOS Condition cause : null
2023-05-16 15:42:49,530 [WARN] PackLoader:240 - Cannot read IP mode file for STMicroelectronics.X-CUBE-AZRTOS-H7.3.1.0
2023-05-16 15:42:49,531 [WARN] ConditionMgr:1039 - genDependencies : Invalid condition id : UX DEVICE CLASS RTOS Condition cause : null
2023-05-16 15:42:49,531 [WARN] ConditionMgr:1039 - genDependencies : Invalid condition id : UX DEVICE CLASS RTOS Condition cause : null
2023-05-16 15:42:49,532 [WARN] ConditionMgr:1039 - genDependencies : Invalid condition id : UX DEVICE CLASS RTOS Condition cause : null
2023-05-16 15:42:49,532 [WARN] ConditionMgr:1039 - genDependencies : Invalid condition id : UX DEVICE CLASS RTOS Condition cause : null
2023-05-16 15:42:49,532 [WARN] ConditionMgr:1039 - genDependencies : Invalid condition id : UX DEVICE CLASS RTOS Condition cause : null
2023-05-16 15:42:49,544 [WARN] PackLoader:240 - Cannot read IP mode file for STMicroelectronics.X-CUBE-DISPLAY.3.0.0
2023-05-16 15:42:49,558 [WARN] PackLoader:240 - Cannot read IP mode file for STMicroelectronics.X-CUBE-NFC7.1.0.0
2023-05-16 15:42:49,567 [WARN] PackLoader:240 - Cannot read IP mode file for STMicroelectronics.X-CUBE-EEPRMA1.4.1.0
2023-05-16 15:42:49,579 [WARN] PackLoader:240 - Cannot read IP mode file for WES.I-CUBE-Cesium.1.3.0
2023-05-16 15:42:49,589 [WARN] PackLoader:240 - Cannot read IP mode file for STMicroelectronics.X-CUBE-SFXS2LP1.4.0.0
2023-05-16 15:42:49,600 [WARN] PackLoader:240 - Cannot read IP mode file for STMicroelectronics.X-CUBE-BLE2.3.3.0
2023-05-16 15:42:49,608 [WARN] PackLoader:240 - Cannot read IP mode file for STMicroelectronics.X-CUBE-ISPU.1.1.0
2023-05-16 15:42:49,614 [WARN] PackLoader:240 - Cannot read IP mode file for STMicroelectronics.X-CUBE-AI.8.0.0
2023-05-16 15:42:49,621 [WARN] PackLoader:240 - Cannot read IP mode file for STMicroelectronics.X-CUBE-FREERTOS.1.0.1
2023-05-16 15:42:49,630 [WARN] PackLoader:240 - Cannot read IP mode file for STMicroelectronics.X-CUBE-TOUCHGFX.4.21.3
2023-05-16 15:42:49,642 [WARN] PackLoader:240 - Cannot read IP mode file for STMicroelectronics.X-CUBE-TOUCHGFX.4.21.4
2023-05-16 15:42:49,653 [WARN] PackLoader:240 - Cannot read IP mode file for STMicroelectronics.X-CUBE-ALGOBUILD.1.3.0
2023-05-16 15:42:49,667 [WARN] PackLoader:240 - Cannot read IP mode file for STMicroelectronics.X-CUBE-AZRTOS-L5.1.1.0
2023-05-16 15:42:49,682 [WARN] PackLoader:240 - Cannot read IP mode file for STMicroelectronics.X-CUBE-AZRTOS-G0.1.1.0
2023-05-16 15:42:49,693 [WARN] PackLoader:240 - Cannot read IP mode file for STMicroelectronics.X-CUBE-AI.8.0.1
2023-05-16 15:42:49,711 [WARN] PackLoader:240 - Cannot read IP mode file for STMicroelectronics.X-CUBE-SUBG2.5.0.0
2023-05-16 15:42:49,721 [WARN] PackLoader:240 - Cannot read IP mode file for STMicroelectronics.X-CUBE-NFC4.3.0.0
2023-05-16 15:42:49,735 [WARN] PackLoader:240 - Cannot read IP mode file for STMicroelectronics.X-CUBE-AZRTOS-G4.2.0.0
2023-05-16 15:42:49,745 [WARN] PackLoader:240 - Cannot read IP mode file for STMicroelectronics.X-CUBE-TOF1.3.3.0
2023-05-16 15:42:49,765 [WARN] PackLoader:240 - Cannot read IP mode file for STMicroelectronics.FP-ATR-SIGFOX1.3.2.0
2023-05-16 15:42:49,781 [WARN] PackLoader:240 - Cannot read IP mode file for STMicroelectronics.X-CUBE-AZRTOS-L4.1.0.0
2023-05-16 15:42:49,800 [WARN] PackLoader:240 - Cannot read IP mode file for STMicroelectronics.X-CUBE-AZRTOS-WL.1.0.0
2023-05-16 15:42:49,810 [WARN] PackLoader:240 - Cannot read IP mode file for portGmbH.I-Cube-SoM-uGOAL.1.1.0
2023-05-16 15:42:49,818 [WARN] PackLoader:240 - Cannot read IP mode file for STMicroelectronics.X-CUBE-ALS.1.0.1
2023-05-16 15:42:49,839 [WARN] PackLoader:240 - Cannot read IP mode file for STMicroelectronics.X-CUBE-AZRTOS-WB.1.1.0
2023-05-16 15:42:49,875 [WARN] PackLoader:240 - Cannot read IP mode file for SEGGER.I-CUBE-embOS.1.3.1
2023-05-16 15:42:49,923 [WARN] PackLoader:240 - Cannot read IP mode file for STMicroelectronics.FP-ATR-ASTRA1.2.0.0
2023-05-16 15:42:49,924 [INFO] ThirdParty:978 - Integrity check success = true
2023-05-16 15:42:49,924 [INFO] IntegrityCheckThread:100 - exiting critical section [integrity check]
2023-05-16 15:42:49,925 [INFO] IntegrityCheckThread:103 - End integrity checks thread
2023-05-16 15:42:49,925 [INFO] ThirdParty:873 - entering critical section [close project]
2023-05-16 15:42:49,927 [INFO] ThirdParty:883 - exiting critical section [close project]
2023-05-16 15:42:49,932 [INFO] PinOutPanel:1499 - setPackage(No Configuration,No Configuration)
2023-05-16 15:42:49,939 [INFO] UtilMem:75 - Begin LoadConfig() Used Memory: 407000432 Bytes (426770432)
2023-05-16 15:42:49,940 [INFO] MicroXplorer:468 - Change Database Path : 
2023-05-16 15:42:49,940 [INFO] MicroXplorer:498 - Change Database Version : DB.6.0.81
2023-05-16 15:42:49,941 [INFO] OpenFileManager:308 - Change cursor
2023-05-16 15:42:49,979 [INFO] Mcu:1937 - Initializing MCU STM32F407V(E-G)Tx STM32F407VGTx STM32F407VGT6
2023-05-16 15:42:51,487 [INFO] Context:659 - Trying to add GPIOservice into a context  which must be forbidden
2023-05-16 15:42:52,936 [INFO] RtosManager:555 - Registered RTOS mode: class=CMSIS, group=RTOS, mode=CMSIS_V1, owner=FREERTOS
2023-05-16 15:42:52,938 [INFO] RtosManager:555 - Registered RTOS mode: class=CMSIS, group=RTOS2, mode=CMSIS_V2, owner=FREERTOS
2023-05-16 15:42:52,939 [INFO] RtosManager:555 - Registered RTOS mode: class=RTOS, group=Core, mode=CMSIS_V1, owner=FREERTOS
2023-05-16 15:42:52,940 [INFO] RtosManager:555 - Registered RTOS mode: class=RTOS, group=Core, mode=CMSIS_V2, owner=FREERTOS
2023-05-16 15:42:52,941 [WARN] ModelIntegratedComponent:184 - Missing modes for component STMicroelectronics:FreeRTOS:0.0.1:STMicroelectronics:RTOS:FreeRTOS:Core:::10.2.0:
2023-05-16 15:42:52,972 [WARN] ModelIntegratedComponent:63 - No mode defined for component null
2023-05-16 15:42:52,973 [WARN] ModelIntegratedComponent:63 - No mode defined for component null
2023-05-16 15:42:52,974 [WARN] ModelIntegratedComponent:63 - No mode defined for component null
2023-05-16 15:42:52,975 [WARN] ModelIntegratedComponent:63 - No mode defined for component null
2023-05-16 15:42:52,975 [WARN] ModelIntegratedComponent:63 - No mode defined for component null
2023-05-16 15:42:52,976 [WARN] ModelIntegratedComponent:63 - No mode defined for component null
2023-05-16 15:42:52,977 [WARN] ModelIntegratedComponent:63 - No mode defined for component null
2023-05-16 15:42:52,977 [WARN] ModelIntegratedComponent:63 - No mode defined for component null
2023-05-16 15:42:52,977 [WARN] ModelIntegratedComponent:63 - No mode defined for component null
2023-05-16 15:42:52,977 [WARN] ModelIntegratedComponent:63 - No mode defined for component null
2023-05-16 15:42:52,977 [WARN] ModelIntegratedComponent:63 - No mode defined for component null
2023-05-16 15:42:52,977 [WARN] ModelIntegratedComponent:63 - No mode defined for component null
2023-05-16 15:42:52,977 [WARN] ModelIntegratedComponent:63 - No mode defined for component null
2023-05-16 15:42:52,977 [WARN] ModelIntegratedComponent:63 - No mode defined for component null
2023-05-16 15:42:52,977 [WARN] ModelIntegratedComponent:63 - No mode defined for component null
2023-05-16 15:42:52,978 [WARN] ModelIntegratedComponent:63 - No mode defined for component null
2023-05-16 15:42:52,978 [WARN] ModelIntegratedComponent:63 - No mode defined for component null
2023-05-16 15:42:52,978 [WARN] ModelIntegratedComponent:63 - No mode defined for component null
2023-05-16 15:42:52,978 [WARN] ModelIntegratedComponent:63 - No mode defined for component null
2023-05-16 15:42:52,978 [WARN] ModelIntegratedComponent:63 - No mode defined for component null
2023-05-16 15:42:52,978 [WARN] ModelIntegratedComponent:63 - No mode defined for component null
2023-05-16 15:42:52,978 [WARN] ModelIntegratedComponent:63 - No mode defined for component null
2023-05-16 15:42:52,978 [WARN] ModelIntegratedComponent:63 - No mode defined for component null
2023-05-16 15:42:52,978 [WARN] ModelIntegratedComponent:63 - No mode defined for component null
2023-05-16 15:42:52,978 [WARN] ModelIntegratedComponent:63 - No mode defined for component null
2023-05-16 15:42:52,979 [WARN] ModelIntegratedComponent:63 - No mode defined for component null
2023-05-16 15:42:52,979 [WARN] ModelIntegratedComponent:63 - No mode defined for component null
2023-05-16 15:42:52,979 [WARN] ModelIntegratedComponent:63 - No mode defined for component null
2023-05-16 15:42:52,979 [WARN] ModelIntegratedComponent:63 - No mode defined for component null
2023-05-16 15:42:52,979 [WARN] ModelIntegratedComponent:63 - No mode defined for component null
2023-05-16 15:42:52,979 [WARN] ModelIntegratedComponent:63 - No mode defined for component null
2023-05-16 15:42:52,979 [WARN] ModelIntegratedComponent:63 - No mode defined for component null
2023-05-16 15:42:52,979 [WARN] ModelIntegratedComponent:63 - No mode defined for component null
2023-05-16 15:42:53,020 [INFO] ThirdPartyModel:298 - Start build external matchings
2023-05-16 15:42:53,287 [INFO] ThirdPartyModel:316 - End build external matchings
2023-05-16 15:42:53,313 [INFO] ImportTextPane:194 - (OptionalMessage_ERROR) IP (RCC) : Parameter (RTCHSEDivFreq_Value) has invalid value (4000000)
2023-05-16 15:42:53,600 [INFO] UtilMem:75 - End LoadConfig() Used Memory: 557824520 Bytes (652214272)
2023-05-16 15:42:53,691 [INFO] ApiDb:581 - Connected to CubeFinder SQLite database (C:\Users\User\.stmcufinder\plugins\mcufinder\mcu\cube-finder-db.db)
2023-05-16 15:42:53,774 [INFO] ApiDb:668 - CubeFinder database Data Model version=2.1
2023-05-16 15:42:53,774 [INFO] ApiDb:669 - CubeFinder database Configuration version=3.0.35
2023-05-16 15:42:53,775 [INFO] ApiDb:670 - CubeFinder database generation date=2023-04-03 (1680511692)
2023-05-16 15:42:53,775 [INFO] ApiDb:671 - CubeFinder database FW Pack versions=[FP-ATR-ASTRA1_V2.0.0, STM32Cube_FW_C0_V1.0.1, STM32Cube_FW_F0_V1.11.4, STM32Cube_FW_F3_V1.11.4, STM32Cube_FW_F4_V1.27.1, STM32Cube_FW_F7_V1.17.0, STM32Cube_FW_G0_V1.6.1, STM32Cube_FW_G4_V1.5.1, STM32Cube_FW_H5_V0.5.1, STM32Cube_FW_H5_V1.0.0, STM32Cube_FW_H7_V1.11.0, STM32Cube_FW_L0_V1.12.2, STM32Cube_FW_L5_V1.5.0, STM32Cube_FW_U5_V1.2.0, STM32Cube_FW_WBA_V1.0.0, STM32Cube_FW_WBA_V1.0.0RC1, STM32Cube_FW_WBA_V1.0.0RC3, STM32Cube_FW_WB_V1.15.0RC1, STM32Cube_FW_WB_V1.16.0, STM32Cube_FW_WB_V1.16.0RC2, STM32Cube_FW_WL_V1.3.0, X-CUBE-ALGOBUILD_V1.3.0, X-CUBE-ALS_V1.0.1, X-CUBE-AZRTOS-F4_V1.1.0, X-CUBE-AZRTOS-F7_V1.1.0, X-CUBE-AZRTOS-G0_V1.1.0, X-CUBE-AZRTOS-G4_V1.0.0, X-CUBE-AZRTOS-H7_V3.0.0, X-CUBE-AZRTOS-L4_V1.0.0, X-CUBE-AZRTOS-L5_V1.1.0, X-CUBE-AZRTOS-WB_V1.1.0, X-CUBE-AZRTOS-WL_V1.0.0, X-CUBE-BLE1_V6.2.4, X-CUBE-BLE2_V3.3.0, X-CUBE-BLEMGR_V1.3.0, X-CUBE-EEPRMA1_V4.1.0, X-CUBE-FREERTOS_V1.0.1, X-CUBE-GNSS1_V6.0.0, X-CUBE-MEMS1_V9.1.0, X-CUBE-MEMS1_V9.4.0, X-CUBE-MEMS1_V9.5.0, X-CUBE-NFC4_V3.0.0, X-CUBE-NFC7_V1.0.0, X-CUBE-SFXS2LP1_V4.0.0, X-CUBE-SUBG2_V5.0.0]
2023-05-16 15:42:55,939 [INFO] ApiDb:240 - Found 297 in-development CPN: [B-G473E-ZEST1S, B-WB1M-WPAN1, B-WL5M-SUBG1, NUCLEO-C031C6, NUCLEO-H503RB, NUCLEO-H563ZI, NUCLEO-U545RE-Q, NUCLEO-U5A5ZJ-Q, NUCLEO-WBA52CG, STEVAL-PROTEUS1, STEVAL-STWINBX1, STM320518-EVAL, STM32C0116-DK, STM32C011D6Y3TR, STM32C011D6Y6TR, STM32C011F4P3, STM32C011F4P6, STM32C011F4U3, STM32C011F4U6TR, STM32C011F6P3, STM32C011F6P6, STM32C011F6U3, STM32C011F6U6TR, STM32C011J4M3, STM32C011J4M6, STM32C011J6M3, STM32C011J6M6, STM32C0316-DK, STM32C031C4T3, STM32C031C4T6, STM32C031C4U3, STM32C031C4U6, STM32C031C6T3, STM32C031C6T6, STM32C031C6U3, STM32C031C6U6, STM32C031F4P3, STM32C031F4P6, STM32C031F6P3, STM32C031F6P6, STM32C031G4U3, STM32C031G4U6, STM32C031G6U3, STM32C031G6U6, STM32C031K4T3, STM32C031K4T6, STM32C031K4U3, STM32C031K4U6, STM32C031K6T3, STM32C031K6T6, STM32C031K6U3, STM32C031K6U6, STM32G071K8TXN, STM32G071K8UXN, STM32G081GBU6N, STM32G081KBT6N, STM32G081KBUXN, STM32G0B1CCT6N, STM32G0B1KCT6, STM32G0B1NEY6TR, STM32G0B1RCT6N, STM32G0C1CCT6, STM32G0C1CCT6N, STM32G0C1CCU6N, STM32G0C1CET6N, STM32G0C1CEU6N, STM32G0C1KCT6, STM32G0C1NEY6TR, STM32G0C1RCI6N, STM32G0C1RCT6N, STM32G0C1REI6N, STM32G0C1RET6N, STM32G0C1VCI6, STM32G0C1VEI6, STM32G471CCT6, STM32G471CCU6, STM32G471CET3, STM32G471CET6, STM32G471CEU3, STM32G471CEU6, STM32G471MCT6, STM32G471MET3, STM32G471MET6, STM32G471MEY6TR, STM32G471QCT6, STM32G471QET3, STM32G471RCT6, STM32G471RET3, STM32G471RET6, STM32G471VCH6, STM32G471VCI6, STM32G471VCT6, STM32G471VEH3, STM32G471VEH6, STM32G471VEI3, STM32G471VEI6, STM32G471VET3, STM32G471VET6, STM32G474CCT6, STM32H503CBT6, STM32H503CBU6, STM32H503EBY6TR, STM32H503KBU6, STM32H503RBT6, STM32H562AGI6, STM32H562AII6, STM32H562IGK6, STM32H562IGT6, STM32H562IIK6, STM32H562IIT6, STM32H562RGT6, STM32H562RGV6, STM32H562RIT6, STM32H562RIV6, STM32H562VGT6, STM32H562VIT6, STM32H562ZGT6, STM32H562ZIT6, STM32H563AGI6, STM32H563AII3Q, STM32H563AII6, STM32H563IGK6, STM32H563IGT6, STM32H563IIK3Q, STM32H563IIK6, STM32H563IIT3Q, STM32H563IIT6, STM32H563MIY3QTR, STM32H563RGT6, STM32H563RGV6, STM32H563RIT6, STM32H563RIV6, STM32H563VGT6, STM32H563VIT3Q, STM32H563VIT6, STM32H563ZGT6, STM32H563ZIT3Q, STM32H563ZIT6, STM32H573AII3Q, STM32H573AII6, STM32H573I-DK, STM32H573IIK3Q, STM32H573IIK6, STM32H573IIT3Q, STM32H573IIT6, STM32H573MIY3QTR, STM32H573RIT6, STM32H573RIV6, STM32H573VIT3Q, STM32H573VIT6, STM32H573ZIT3Q, STM32H573ZIT6, STM32L4R5QGI6STR, STM32MP131AAE3, STM32MP131AAF3, STM32MP131AAG3, STM32MP131CAE3, STM32MP131CAF3, STM32MP131CAG3, STM32MP131DAE7, STM32MP131DAF7, STM32MP131DAG7, STM32MP131FAE7, STM32MP131FAF7, STM32MP131FAG7, STM32MP133AAE3, STM32MP133AAF3, STM32MP133AAG3, STM32MP133CAE3, STM32MP133CAF3, STM32MP133CAG3, STM32MP133DAE7, STM32MP133DAF7, STM32MP133DAG7, STM32MP133FAE7, STM32MP133FAF7, STM32MP133FAG7, STM32MP135AAE3, STM32MP135AAF3, STM32MP135AAG3, STM32MP135CAE3, STM32MP135CAF3, STM32MP135CAG3, STM32MP135DAE7, STM32MP135DAF7, STM32MP135DAG7, STM32MP135F-DK, STM32MP135FAE7, STM32MP135FAF7, STM32MP135FAF7T, STM32MP135FAF7U, STM32MP135FAG7, STM32U535CBT6, STM32U535CBT6Q, STM32U535CBU6, STM32U535CBU6Q, STM32U535CCT6, STM32U535CCT6Q, STM32U535CCU6, STM32U535CCU6Q, STM32U535CET6, STM32U535CET6Q, STM32U535CEU6, STM32U535CEU6Q, STM32U535JEY6QTR, STM32U535NCY6QTR, STM32U535NEY6QTR, STM32U535RBI6, STM32U535RBI6Q, STM32U535RBT6, STM32U535RBT6Q, STM32U535RCI6, STM32U535RCI6Q, STM32U535RCT6, STM32U535RCT6Q, STM32U535REI6, STM32U535REI6Q, STM32U535RET6, STM32U535RET6Q, STM32U535VCI6, STM32U535VCI6Q, STM32U535VCT6, STM32U535VCT6Q, STM32U535VEI6, STM32U535VEI6Q, STM32U535VET6, STM32U535VET6Q, STM32U545CET6, STM32U545CET6Q, STM32U545CEU6, STM32U545CEU6Q, STM32U545JEY6QTR, STM32U545NEY6QTR, STM32U545REI6, STM32U545REI6Q, STM32U545RET6, STM32U545RET6Q, STM32U545VEI6, STM32U545VEI6Q, STM32U545VET6, STM32U545VET6Q, STM32U595AIH6, STM32U595AIH6Q, STM32U595AJH6, STM32U595AJH6Q, STM32U595QII6, STM32U595QII6Q, STM32U595QJI6, STM32U595QJI6Q, STM32U595RIT6, STM32U595RIT6Q, STM32U595RJT6, STM32U595RJT6Q, STM32U595VIT6, STM32U595VIT6Q, STM32U595VJT6, STM32U595VJT6Q, STM32U595ZIT6, STM32U595ZIT6Q, STM32U595ZIY6QTR, STM32U595ZJT6, STM32U595ZJT6Q, STM32U595ZJY6QTR, STM32U599BJY6QTR, STM32U599NIH6Q, STM32U599NJH6Q, STM32U599VIT6Q, STM32U599VJT6, STM32U599VJT6Q, STM32U599ZIT6Q, STM32U599ZIY6QTR, STM32U599ZJT6Q, STM32U599ZJY6QTR, STM32U5A5AJH6, STM32U5A5AJH6Q, STM32U5A5QJI6, STM32U5A5QJI6Q, STM32U5A5RJT6, STM32U5A5RJT6Q, STM32U5A5VJT6, STM32U5A5VJT6Q, STM32U5A5ZJT6, STM32U5A5ZJT6Q, STM32U5A5ZJY6QTR, STM32U5A9BJY6QTR, STM32U5A9J-DK, STM32U5A9NJH6Q, STM32U5A9VJT6Q, STM32U5A9ZJT6Q, STM32U5A9ZJY6QTR, STM32WB1MMCH6, STM32WBA52CEU6, STM32WBA52CEU6T, STM32WBA52CGU6, STM32WBA52CGU6T, STM32WL5MOCH6, STM32WL5MOCH6TR]
2023-05-16 15:42:55,944 [INFO] DbMcus:216 - Found 3775 MCUs, 3775 are supported
2023-05-16 15:42:55,947 [INFO] ApiDb:423 - Load user favorites file C:\Users\User/.stm32cubeide/favorites.mcus.txt: 0 item(s)
2023-05-16 15:42:55,947 [INFO] ApiDb:427 - User favorites MCUs=[]
2023-05-16 15:42:55,947 [INFO] DbMcus:222 - Set 0 / 0 favorites MCUs
2023-05-16 15:42:56,265 [WARN] ThirdParty:833 - waiting for thirdparty lock release [change project]
2023-05-16 15:42:56,265 [INFO] ThirdParty:835 - entering critical section [change project]
2023-05-16 15:42:56,265 [INFO] ThirdParty:1030 - CMSIS Pack Vendor :STMicroelectronics X-CUBE-ISPU 1.1.0
2023-05-16 15:42:56,265 [INFO] ThirdParty:1030 - CMSIS Pack Vendor :STMicroelectronics X-CUBE-GNSS1 6.0.0
2023-05-16 15:42:56,265 [INFO] ThirdParty:1030 - CMSIS Pack Vendor :STMicroelectronics USB_HOST 2.0.0
2023-05-16 15:42:56,265 [INFO] ThirdParty:1030 - CMSIS Pack Vendor :STMicroelectronics X-CUBE-AZRTOS-F4 1.1.0
2023-05-16 15:42:56,265 [INFO] ThirdParty:1030 - CMSIS Pack Vendor :STMicroelectronics LIBJPEG 8.0.0
2023-05-16 15:42:56,265 [INFO] ThirdParty:1030 - CMSIS Pack Vendor :STMicroelectronics X-CUBE-SMBUS 2.1.0
2023-05-16 15:42:56,265 [INFO] ThirdParty:1030 - CMSIS Pack Vendor :wolfSSL I-CUBE-wolfSSL 5.6.0
2023-05-16 15:42:56,265 [INFO] ThirdParty:1030 - CMSIS Pack Vendor :STMicroelectronics USB_DEVICE 3.0.0
2023-05-16 15:42:56,265 [INFO] ThirdParty:1030 - CMSIS Pack Vendor :STMicroelectronics X-CUBE-AI 8.0.0
2023-05-16 15:42:56,265 [INFO] ThirdParty:1030 - CMSIS Pack Vendor :STMicroelectronics X-CUBE-FREERTOS 1.0.1
2023-05-16 15:42:56,266 [INFO] ThirdParty:1030 - CMSIS Pack Vendor :STMicroelectronics X-CUBE-TOUCHGFX 4.21.3
2023-05-16 15:42:56,266 [INFO] ThirdParty:1030 - CMSIS Pack Vendor :STMicroelectronics X-CUBE-AZRTOS-F7 1.1.0
2023-05-16 15:42:56,266 [INFO] ThirdParty:1030 - CMSIS Pack Vendor :STMicroelectronics X-CUBE-TOUCHGFX 4.21.4
2023-05-16 15:42:56,266 [INFO] ThirdParty:1030 - CMSIS Pack Vendor :STMicroelectronics USB_DEVICE 2.0.0
2023-05-16 15:42:56,266 [INFO] ThirdParty:1030 - CMSIS Pack Vendor :STMicroelectronics X-CUBE-MEMS1 9.6.0
2023-05-16 15:42:56,266 [INFO] ThirdParty:1030 - CMSIS Pack Vendor :STMicroelectronics FP-SNS-MOTENV1 4.3.0
2023-05-16 15:42:56,266 [INFO] ThirdParty:1030 - CMSIS Pack Vendor :STMicroelectronics FP-SNS-FLIGHT1 5.0.0
2023-05-16 15:42:56,266 [INFO] ThirdParty:1030 - CMSIS Pack Vendor :STMicroelectronics X-CUBE-ALGOBUILD 1.3.0
2023-05-16 15:42:56,266 [INFO] ThirdParty:1030 - CMSIS Pack Vendor :STMicroelectronics X-CUBE-BLE1 6.2.4
2023-05-16 15:42:56,266 [INFO] ThirdParty:1030 - CMSIS Pack Vendor :STMicroelectronics X-CUBE-AZRTOS-L5 1.1.0
2023-05-16 15:42:56,266 [INFO] ThirdParty:1030 - CMSIS Pack Vendor :STMicroelectronics FreeRTOS 0.0.1
2023-05-16 15:42:56,266 [INFO] ThirdParty:1030 - CMSIS Pack Vendor :emotas I-CUBE-CANOPEN 1.1.3
2023-05-16 15:42:56,266 [INFO] ThirdParty:1030 - CMSIS Pack Vendor :STMicroelectronics X-CUBE-AZRTOS-G0 1.1.0
2023-05-16 15:42:56,266 [INFO] ThirdParty:1030 - CMSIS Pack Vendor :STMicroelectronics X-CUBE-BLEMGR 2.0.0
2023-05-16 15:42:56,266 [INFO] ThirdParty:1030 - CMSIS Pack Vendor :STMicroelectronics X-CUBE-AI 8.0.1
2023-05-16 15:42:56,266 [INFO] ThirdParty:1030 - CMSIS Pack Vendor :STMicroelectronics X-CUBE-SUBG2 5.0.0
2023-05-16 15:42:56,266 [INFO] ThirdParty:1030 - CMSIS Pack Vendor :STMicroelectronics X-CUBE-NFC4 3.0.0
2023-05-16 15:42:56,266 [INFO] ThirdParty:1030 - CMSIS Pack Vendor :STMicroelectronics STM32_WPAN 1.0.0
2023-05-16 15:42:56,266 [INFO] ThirdParty:1030 - CMSIS Pack Vendor :STMicroelectronics lwIP 2.0.3
2023-05-16 15:42:56,266 [INFO] ThirdParty:1030 - CMSIS Pack Vendor :STMicroelectronics USB_HOST 1.0.0
2023-05-16 15:42:56,266 [INFO] ThirdParty:1030 - CMSIS Pack Vendor :STMicroelectronics X-CUBE-AZRTOS-G4 2.0.0
2023-05-16 15:42:56,267 [INFO] ThirdParty:1030 - CMSIS Pack Vendor :STMicroelectronics PDM2PCM 3.1.0
2023-05-16 15:42:56,267 [INFO] ThirdParty:1030 - CMSIS Pack Vendor :STMicroelectronics X-CUBE-AZRTOS-H7 3.1.0
2023-05-16 15:42:56,267 [INFO] ThirdParty:1030 - CMSIS Pack Vendor :STMicroelectronics X-CUBE-TOF1 3.3.0
2023-05-16 15:42:56,267 [INFO] ThirdParty:1030 - CMSIS Pack Vendor :STMicroelectronics PDM2PCM 3.3.0
2023-05-16 15:42:56,267 [INFO] ThirdParty:1030 - CMSIS Pack Vendor :STMicroelectronics X-CUBE-DISPLAY 3.0.0
2023-05-16 15:42:56,267 [INFO] ThirdParty:1030 - CMSIS Pack Vendor :STMicroelectronics FP-ATR-SIGFOX1 3.2.0
2023-05-16 15:42:56,267 [INFO] ThirdParty:1030 - CMSIS Pack Vendor :STMicroelectronics X-CUBE-AZRTOS-L4 1.0.0
2023-05-16 15:42:56,267 [INFO] ThirdParty:1030 - CMSIS Pack Vendor :STMicroelectronics HAL Drivers 0.0.0
2023-05-16 15:42:56,267 [INFO] ThirdParty:1030 - CMSIS Pack Vendor :STMicroelectronics MBEDTLS 2.16.2
2023-05-16 15:42:56,267 [INFO] ThirdParty:1030 - CMSIS Pack Vendor :STMicroelectronics MBEDTLS 2.14.1
2023-05-16 15:42:56,267 [INFO] ThirdParty:1030 - CMSIS Pack Vendor :STMicroelectronics X-CUBE-NFC7 1.0.0
2023-05-16 15:42:56,267 [INFO] ThirdParty:1030 - CMSIS Pack Vendor :STMicroelectronics X-CUBE-AZRTOS-WL 1.0.0
2023-05-16 15:42:56,267 [INFO] ThirdParty:1030 - CMSIS Pack Vendor :STMicroelectronics X-CUBE-EEPRMA1 4.1.0
2023-05-16 15:42:56,267 [INFO] ThirdParty:1030 - CMSIS Pack Vendor :portGmbH I-Cube-SoM-uGOAL 1.1.0
2023-05-16 15:42:56,267 [INFO] ThirdParty:1030 - CMSIS Pack Vendor :STMicroelectronics X-CUBE-ALS 1.0.1
2023-05-16 15:42:56,267 [INFO] ThirdParty:1030 - CMSIS Pack Vendor :STMicroelectronics ThreadX 1.0.0
2023-05-16 15:42:56,267 [INFO] ThirdParty:1030 - CMSIS Pack Vendor :STMicroelectronics X-CUBE-AZRTOS-WB 1.1.0
2023-05-16 15:42:56,267 [INFO] ThirdParty:1030 - CMSIS Pack Vendor :SEGGER I-CUBE-embOS 1.3.1
2023-05-16 15:42:56,267 [INFO] ThirdParty:1030 - CMSIS Pack Vendor :STMicroelectronics USB_DEVICE 1.0.0
2023-05-16 15:42:56,267 [INFO] ThirdParty:1030 - CMSIS Pack Vendor :STMicroelectronics ThreadX 0.0.2
2023-05-16 15:42:56,267 [INFO] ThirdParty:1030 - CMSIS Pack Vendor :WES I-CUBE-Cesium 1.3.0
2023-05-16 15:42:56,267 [INFO] ThirdParty:1030 - CMSIS Pack Vendor :STMicroelectronics FP-ATR-ASTRA1 2.0.0
2023-05-16 15:42:56,267 [INFO] ThirdParty:1030 - CMSIS Pack Vendor :STMicroelectronics lwIP 2.1.2
2023-05-16 15:42:56,267 [INFO] ThirdParty:1030 - CMSIS Pack Vendor :STMicroelectronics X-CUBE-SFXS2LP1 4.0.0
2023-05-16 15:42:56,268 [INFO] ThirdParty:1030 - CMSIS Pack Vendor :STMicroelectronics X-CUBE-BLE2 3.3.0
2023-05-16 15:42:56,268 [INFO] ThirdParty:1030 - CMSIS Pack Vendor :STMicroelectronics PDM2PCM 3.2.0
2023-05-16 15:42:56,268 [INFO] ThirdParty:841 - exiting critical section [change project]
2023-05-16 15:42:56,828 [INFO] PinOutPanel:1499 - setPackage(No Configuration,No Configuration)
2023-05-16 15:42:56,829 [INFO] PinOutPanel:1499 - setPackage(STM32F407VGTx,LQFP100)
2023-05-16 15:42:57,458 [INFO] UtilMem:75 - Before build in PCC Used Memory: 453003256 Bytes (652214272)
2023-05-16 15:42:58,234 [INFO] UtilMem:75 - After build in PCC Used Memory: 524959056 Bytes (652214272)
2023-05-16 15:42:58,273 [INFO] IPUIPlugin:80 - create IPUIPlugin
2023-05-16 15:42:58,273 [INFO] IPUIPlugin:80 - create IPUIPlugin
2023-05-16 15:42:58,273 [INFO] IPUIPlugin:80 - create IPUIPlugin
2023-05-16 15:42:58,273 [INFO] IPUIPlugin:80 - create IPUIPlugin
2023-05-16 15:42:58,273 [INFO] IPUIPlugin:80 - create IPUIPlugin
2023-05-16 15:42:58,274 [INFO] IPUIPlugin:80 - create IPUIPlugin
2023-05-16 15:42:58,274 [INFO] IPUIPlugin:80 - create IPUIPlugin
2023-05-16 15:42:58,274 [INFO] IPUIPlugin:80 - create IPUIPlugin
2023-05-16 15:42:58,274 [INFO] IPUIPlugin:80 - create IPUIPlugin
2023-05-16 15:42:58,275 [INFO] IPUIPlugin:80 - create IPUIPlugin
2023-05-16 15:42:58,275 [INFO] IPUIPlugin:80 - create IPUIPlugin
2023-05-16 15:42:58,275 [INFO] IPUIPlugin:80 - create IPUIPlugin
2023-05-16 15:42:58,275 [INFO] IPUIPlugin:80 - create IPUIPlugin
2023-05-16 15:42:58,275 [INFO] IPUIPlugin:80 - create IPUIPlugin
2023-05-16 15:42:58,275 [INFO] IPUIPlugin:80 - create IPUIPlugin
2023-05-16 15:42:58,275 [INFO] IPUIPlugin:80 - create IPUIPlugin
2023-05-16 15:42:58,276 [INFO] IPUIPlugin:80 - create IPUIPlugin
2023-05-16 15:42:58,276 [INFO] IPUIPlugin:80 - create IPUIPlugin
2023-05-16 15:42:58,276 [INFO] IPUIPlugin:80 - create IPUIPlugin
2023-05-16 15:42:58,276 [INFO] IPUIPlugin:80 - create IPUIPlugin
2023-05-16 15:42:58,276 [INFO] IPUIPlugin:80 - create IPUIPlugin
2023-05-16 15:42:58,277 [INFO] IPUIPlugin:80 - create IPUIPlugin
2023-05-16 15:42:58,277 [INFO] IPUIPlugin:80 - create IPUIPlugin
2023-05-16 15:42:58,277 [INFO] IPUIPlugin:80 - create IPUIPlugin
2023-05-16 15:42:58,277 [INFO] IPUIPlugin:80 - create IPUIPlugin
2023-05-16 15:42:58,278 [INFO] IPUIPlugin:80 - create IPUIPlugin
2023-05-16 15:42:58,278 [INFO] IPUIPlugin:80 - create IPUIPlugin
2023-05-16 15:42:58,278 [INFO] IPUIPlugin:80 - create IPUIPlugin
2023-05-16 15:42:58,278 [INFO] IPUIPlugin:80 - create IPUIPlugin
2023-05-16 15:42:58,279 [INFO] IPUIPlugin:80 - create IPUIPlugin
2023-05-16 15:42:58,279 [INFO] IPUIPlugin:80 - create IPUIPlugin
2023-05-16 15:42:58,279 [INFO] IPUIPlugin:80 - create IPUIPlugin
2023-05-16 15:42:58,279 [INFO] IPUIPlugin:80 - create IPUIPlugin
2023-05-16 15:42:58,280 [INFO] IPUIPlugin:80 - create IPUIPlugin
2023-05-16 15:42:58,280 [INFO] IPUIPlugin:80 - create IPUIPlugin
2023-05-16 15:42:58,280 [INFO] IPUIPlugin:80 - create IPUIPlugin
2023-05-16 15:42:58,280 [INFO] IPUIPlugin:80 - create IPUIPlugin
2023-05-16 15:42:58,281 [INFO] IPUIPlugin:80 - create IPUIPlugin
2023-05-16 15:42:58,281 [INFO] IPUIPlugin:80 - create IPUIPlugin
2023-05-16 15:42:58,281 [INFO] IPUIPlugin:80 - create IPUIPlugin
2023-05-16 15:42:58,282 [INFO] IPUIPlugin:80 - create IPUIPlugin
2023-05-16 15:42:58,282 [INFO] IPUIPlugin:80 - create IPUIPlugin
2023-05-16 15:42:58,282 [INFO] IPUIPlugin:80 - create IPUIPlugin
2023-05-16 15:42:58,282 [INFO] IPUIPlugin:80 - create IPUIPlugin
2023-05-16 15:42:58,283 [INFO] IPUIPlugin:80 - create IPUIPlugin
2023-05-16 15:42:58,283 [INFO] IPUIPlugin:80 - create IPUIPlugin
2023-05-16 15:42:58,283 [INFO] IPUIPlugin:80 - create IPUIPlugin
2023-05-16 15:42:58,283 [INFO] IPUIPlugin:80 - create IPUIPlugin
2023-05-16 15:42:58,284 [INFO] IPUIPlugin:80 - create IPUIPlugin
2023-05-16 15:42:58,284 [INFO] IPUIPlugin:80 - create IPUIPlugin
2023-05-16 15:42:58,284 [INFO] IPUIPlugin:80 - create IPUIPlugin
2023-05-16 15:42:58,284 [INFO] IPUIPlugin:80 - create IPUIPlugin
2023-05-16 15:42:58,285 [INFO] IPUIPlugin:80 - create IPUIPlugin
2023-05-16 15:42:58,285 [INFO] IPUIPlugin:80 - create IPUIPlugin
2023-05-16 15:42:58,285 [INFO] IPUIPlugin:80 - create IPUIPlugin
2023-05-16 15:42:58,286 [INFO] IPUIPlugin:80 - create IPUIPlugin
2023-05-16 15:42:58,286 [INFO] IPUIPlugin:80 - create IPUIPlugin
2023-05-16 15:42:58,286 [INFO] IPUIPlugin:80 - create IPUIPlugin
2023-05-16 15:42:58,351 [INFO] ApiDbMcu:507 - Load IP Config File for PDM2PCM
2023-05-16 15:42:58,577 [INFO] CADModel:165 - CPN selected for project levelSTM32F407VGT6
2023-05-16 15:42:58,577 [INFO] CADModel:114 - Register for checkConnection events
2023-05-16 15:42:58,626 [INFO] OpenFileManager:328 - Restore cursor
2023-05-16 15:44:47,016 [INFO] NvicIntPanel:101 - NVIC parent = com.st.microxplorer.plugins.ip.nvic.MultiNvicIntPanel[,0,0,450x260,layout=javax.swing.BoxLayout,alignmentX=0.0,alignmentY=0.0,border=,flags=9,maximumSize=,minimumSize=,preferredSize=]
2023-05-16 15:44:47,984 [INFO] NvicIntPanel:101 - NVIC parent = com.st.microxplorer.plugins.ip.nvic.MultiNvicIntPanel[,0,0,0x0,invalid,layout=javax.swing.BoxLayout,alignmentX=0.0,alignmentY=0.0,border=,flags=9,maximumSize=,minimumSize=,preferredSize=]
2023-05-16 15:44:48,361 [INFO] NvicIntPanel:101 - NVIC parent = com.st.microxplorer.plugins.ip.nvic.MultiNvicIntPanel[,0,0,0x0,invalid,layout=javax.swing.BoxLayout,alignmentX=0.0,alignmentY=0.0,border=,flags=9,maximumSize=,minimumSize=,preferredSize=]
2023-05-16 15:46:25,527 [INFO] UtilMem:75 - End SaveConfig() Used Memory: 497413312 Bytes (652214272)
2023-05-16 15:46:25,601 [INFO] UtilMem:75 - End SaveConfig() Used Memory: 520675920 Bytes (652214272)
2023-05-16 15:46:26,930 [INFO] UtilMem:75 - End SaveConfig() Used Memory: 482414112 Bytes (652214272)
2023-05-16 15:46:27,587 [INFO] BlockDiagram:2759 - set Specific Code input for plugin: TIM1_8
2023-05-16 15:46:27,587 [INFO] BlockDiagram:2759 - set Specific Code input for plugin: SYS
2023-05-16 15:46:27,587 [INFO] BlockDiagram:2759 - set Specific Code input for plugin: RCC
2023-05-16 15:46:27,587 [INFO] BlockDiagram:2759 - set Specific Code input for plugin: NVIC
2023-05-16 15:46:27,588 [INFO] BlockDiagram:2759 - set Specific Code input for plugin: GPIO
2023-05-16 15:46:27,592 [INFO] CodeGenerator:793 - code generatio: config db path: C:\ST\STM32CubeIDE_1.12.1\STM32CubeIDE\plugins\com.st.stm32cube.common.mx_6.8.1.202304191431\\db\
2023-05-16 15:46:27,924 [INFO] CodeEngine:255 - oldGeneratedFile, C:\Users\User\STM32CubeIDE\workspace_1.12.1\06_timer_interrupt\MXTmpFiles\license.tmp_save
2023-05-16 15:46:28,371 [INFO] CodeEngine:279 - Generated code: C:\Users\User\STM32CubeIDE\workspace_1.12.1\06_timer_interrupt\MXTmpFiles\license.tmp
2023-05-16 15:46:28,458 [INFO] CodeEngine:255 - oldGeneratedFile, C:\Users\User\STM32CubeIDE\workspace_1.12.1\06_timer_interrupt\MXTmpFiles\gpio.tmp_save
2023-05-16 15:46:28,538 [INFO] CodeEngine:279 - Generated code: C:\Users\User\STM32CubeIDE\workspace_1.12.1\06_timer_interrupt\MXTmpFiles\gpio.tmp
2023-05-16 15:46:28,630 [INFO] CodeEngine:255 - oldGeneratedFile, C:\Users\User\STM32CubeIDE\workspace_1.12.1\06_timer_interrupt\Core\Src\stm32f4xx_it.c_save
2023-05-16 15:46:28,785 [INFO] CodeEngine:279 - Generated code: C:\Users\User\STM32CubeIDE\workspace_1.12.1\06_timer_interrupt\Core\Src\stm32f4xx_it.c
2023-05-16 15:46:28,796 [INFO] CodeEngine:255 - oldGeneratedFile, C:\Users\User\STM32CubeIDE\workspace_1.12.1\06_timer_interrupt\Core\Inc\stm32f4xx_it.h_save
2023-05-16 15:46:28,866 [INFO] CodeEngine:279 - Generated code: C:\Users\User\STM32CubeIDE\workspace_1.12.1\06_timer_interrupt\Core\Inc\stm32f4xx_it.h
2023-05-16 15:46:28,881 [INFO] CodeEngine:255 - oldGeneratedFile, C:\Users\User\STM32CubeIDE\workspace_1.12.1\06_timer_interrupt\Core\Src\stm32f4xx_hal_msp.c_save
2023-05-16 15:46:29,011 [INFO] CodeEngine:279 - Generated code: C:\Users\User\STM32CubeIDE\workspace_1.12.1\06_timer_interrupt\Core\Src\stm32f4xx_hal_msp.c
2023-05-16 15:46:29,018 [INFO] CodeEngine:255 - oldGeneratedFile, C:\Users\User\STM32CubeIDE\workspace_1.12.1\06_timer_interrupt\MXTmpFiles\system.tmp_save
2023-05-16 15:46:29,075 [INFO] CodeEngine:279 - Generated code: C:\Users\User\STM32CubeIDE\workspace_1.12.1\06_timer_interrupt\MXTmpFiles\system.tmp
2023-05-16 15:46:29,088 [INFO] CodeEngine:311 - oldGeneratedFile, C:\Users\User\STM32CubeIDE\workspace_1.12.1\06_timer_interrupt\Core\Inc\stm32f4xx_hal_conf.h_save
2023-05-16 15:46:29,163 [INFO] CodeEngine:335 - Generated code: C:\Users\User\STM32CubeIDE\workspace_1.12.1\06_timer_interrupt\Core\Inc\stm32f4xx_hal_conf.h
2023-05-16 15:46:29,192 [WARN] IPConfigManager:3431 - IP not found : TIM
2023-05-16 15:46:29,193 [WARN] CodeGenerator:3754 - IP not found : null
2023-05-16 15:46:29,200 [INFO] CodeEngine:255 - oldGeneratedFile, C:\Users\User\STM32CubeIDE\workspace_1.12.1\06_timer_interrupt\Core\Inc\main.h_save
2023-05-16 15:46:29,290 [INFO] CodeEngine:279 - Generated code: C:\Users\User\STM32CubeIDE\workspace_1.12.1\06_timer_interrupt\Core\Inc\main.h
2023-05-16 15:46:29,300 [INFO] CodeEngine:255 - oldGeneratedFile, C:\Users\User\STM32CubeIDE\workspace_1.12.1\06_timer_interrupt\Core\Src\main.c_save
2023-05-16 15:46:29,419 [INFO] CodeEngine:279 - Generated code: C:\Users\User\STM32CubeIDE\workspace_1.12.1\06_timer_interrupt\Core\Src\main.c
2023-05-16 15:46:30,249 [INFO] ProjectBuilder:2996 - Time for Copy HAL[1] : 190mS.
2023-05-16 15:46:30,262 [INFO] ProjectBuilder:4304 - Project Generator version: 3.19.2
2023-05-16 15:46:30,646 [INFO] ConfigFileManager:1483 - The Die is : DIE413
2023-05-16 15:46:30,654 [INFO] ApiDbMcu:507 - Load IP Config File for FATFS
2023-05-16 15:46:30,661 [INFO] ApiDbMcu:507 - Load IP Config File for FREERTOS
2023-05-16 15:46:30,665 [INFO] ApiDbMcu:507 - Load IP Config File for LIBJPEG
2023-05-16 15:46:30,671 [INFO] ApiDbMcu:507 - Load IP Config File for LWIP
2023-05-16 15:46:30,678 [INFO] ApiDbMcu:507 - Load IP Config File for MBEDTLS
2023-05-16 15:46:30,687 [INFO] ApiDbMcu:507 - Load IP Config File for USB_DEVICE
2023-05-16 15:46:30,725 [INFO] ApiDbMcu:507 - Load IP Config File for USB_HOST
2023-05-16 15:46:31,635 [INFO] LogOutputStream:77 - [STDOUT_REDIRECT] 
2023-05-16 15:46:32,688 [INFO] ProjectBuilder:4505 - Time for Generating toolchain IDE Files: 2425mS.
2023-05-16 15:46:32,689 [INFO] ProjectBuilder:2867 - Time for Copy CMSIS : 1mS.
2023-05-16 15:46:32,691 [INFO] ProjectBuilder:2867 - Time for Copy CMSIS : 0mS.
2023-05-16 21:00:20,141 [INFO] MainUpdater:2854 - connection check result : 10
2023-05-16 21:00:20,142 [INFO] MainUpdater:2854 - connection check result : 10
2023-05-16 21:00:20,177 [INFO] MicroXplorer:468 - Change Database Path : 
2023-05-16 21:00:20,177 [INFO] MicroXplorer:498 - Change Database Version : DB.6.0.81
2023-05-16 21:00:20,208 [WARN] ThirdParty:871 - waiting for thirdparty lock release [close project]
2023-05-16 21:00:20,208 [INFO] ThirdParty:873 - entering critical section [close project]
2023-05-16 21:00:20,208 [INFO] ThirdParty:883 - exiting critical section [close project]
2023-05-16 21:00:20,210 [INFO] PinOutPanel:1499 - setPackage(No Configuration,No Configuration)
2023-05-16 21:00:20,221 [WARN] IpParametersView:150 - Warning: This peripheral hasn't parameters
2023-05-16 21:00:20,238 [WARN] MainPanel:257 - <html><b><center>Warning: This peripheral has no parameters to be configured<br></b></html>
2023-05-16 21:00:20,259 [INFO] UtilMem:75 - Begin LoadConfig() Used Memory: 371932944 Bytes (917504000)
2023-05-16 21:00:20,260 [INFO] MicroXplorer:468 - Change Database Path : 
2023-05-16 21:00:20,260 [INFO] MicroXplorer:498 - Change Database Version : DB.6.0.81
2023-05-16 21:00:20,260 [INFO] OpenFileManager:308 - Change cursor
2023-05-16 21:00:20,279 [INFO] RulesReader:64 - Compatibility file has been processed (293 Rules)
2023-05-16 21:00:20,288 [INFO] Mcu:1937 - Initializing MCU STM32F407V(E-G)Tx STM32F407VGTx STM32F407VGT6
2023-05-16 21:00:21,376 [INFO] Context:659 - Trying to add GPIOservice into a context  which must be forbidden
2023-05-16 21:00:21,984 [INFO] RtosManager:555 - Registered RTOS mode: class=CMSIS, group=RTOS, mode=CMSIS_V1, owner=FREERTOS
2023-05-16 21:00:21,984 [INFO] RtosManager:555 - Registered RTOS mode: class=CMSIS, group=RTOS2, mode=CMSIS_V2, owner=FREERTOS
2023-05-16 21:00:21,984 [INFO] RtosManager:555 - Registered RTOS mode: class=RTOS, group=Core, mode=CMSIS_V1, owner=FREERTOS
2023-05-16 21:00:21,984 [INFO] RtosManager:555 - Registered RTOS mode: class=RTOS, group=Core, mode=CMSIS_V2, owner=FREERTOS
2023-05-16 21:00:21,984 [WARN] ModelIntegratedComponent:184 - Missing modes for component STMicroelectronics:FreeRTOS:0.0.1:STMicroelectronics:RTOS:FreeRTOS:Core:::10.2.0:
2023-05-16 21:00:21,990 [WARN] ModelIntegratedComponent:63 - No mode defined for component null
2023-05-16 21:00:21,991 [WARN] ModelIntegratedComponent:63 - No mode defined for component null
2023-05-16 21:00:21,991 [WARN] ModelIntegratedComponent:63 - No mode defined for component null
2023-05-16 21:00:21,991 [WARN] ModelIntegratedComponent:63 - No mode defined for component null
2023-05-16 21:00:21,991 [WARN] ModelIntegratedComponent:63 - No mode defined for component null
2023-05-16 21:00:21,991 [WARN] ModelIntegratedComponent:63 - No mode defined for component null
2023-05-16 21:00:21,991 [WARN] ModelIntegratedComponent:63 - No mode defined for component null
2023-05-16 21:00:21,991 [WARN] ModelIntegratedComponent:63 - No mode defined for component null
2023-05-16 21:00:21,991 [WARN] ModelIntegratedComponent:63 - No mode defined for component null
2023-05-16 21:00:21,991 [WARN] ModelIntegratedComponent:63 - No mode defined for component null
2023-05-16 21:00:21,991 [WARN] ModelIntegratedComponent:63 - No mode defined for component null
2023-05-16 21:00:21,991 [WARN] ModelIntegratedComponent:63 - No mode defined for component null
2023-05-16 21:00:21,991 [WARN] ModelIntegratedComponent:63 - No mode defined for component null
2023-05-16 21:00:21,991 [WARN] ModelIntegratedComponent:63 - No mode defined for component null
2023-05-16 21:00:21,991 [WARN] ModelIntegratedComponent:63 - No mode defined for component null
2023-05-16 21:00:21,991 [WARN] ModelIntegratedComponent:63 - No mode defined for component null
2023-05-16 21:00:21,991 [WARN] ModelIntegratedComponent:63 - No mode defined for component null
2023-05-16 21:00:21,991 [WARN] ModelIntegratedComponent:63 - No mode defined for component null
2023-05-16 21:00:21,992 [WARN] ModelIntegratedComponent:63 - No mode defined for component null
2023-05-16 21:00:21,992 [WARN] ModelIntegratedComponent:63 - No mode defined for component null
2023-05-16 21:00:21,992 [WARN] ModelIntegratedComponent:63 - No mode defined for component null
2023-05-16 21:00:21,992 [WARN] ModelIntegratedComponent:63 - No mode defined for component null
2023-05-16 21:00:21,992 [WARN] ModelIntegratedComponent:63 - No mode defined for component null
2023-05-16 21:00:21,992 [WARN] ModelIntegratedComponent:63 - No mode defined for component null
2023-05-16 21:00:21,992 [WARN] ModelIntegratedComponent:63 - No mode defined for component null
2023-05-16 21:00:21,992 [WARN] ModelIntegratedComponent:63 - No mode defined for component null
2023-05-16 21:00:21,992 [WARN] ModelIntegratedComponent:63 - No mode defined for component null
2023-05-16 21:00:21,992 [WARN] ModelIntegratedComponent:63 - No mode defined for component null
2023-05-16 21:00:21,992 [WARN] ModelIntegratedComponent:63 - No mode defined for component null
2023-05-16 21:00:21,992 [WARN] ModelIntegratedComponent:63 - No mode defined for component null
2023-05-16 21:00:21,992 [WARN] ModelIntegratedComponent:63 - No mode defined for component null
2023-05-16 21:00:21,992 [WARN] ModelIntegratedComponent:63 - No mode defined for component null
2023-05-16 21:00:21,992 [WARN] ModelIntegratedComponent:63 - No mode defined for component null
2023-05-16 21:00:22,000 [INFO] ThirdPartyModel:298 - Start build external matchings
2023-05-16 21:00:22,204 [INFO] ThirdPartyModel:316 - End build external matchings
2023-05-16 21:00:22,213 [INFO] ImportTextPane:194 - (OptionalMessage_ERROR) IP (RCC) : Parameter (RTCHSEDivFreq_Value) has invalid value (4000000)
2023-05-16 21:00:22,435 [INFO] UtilMem:75 - End LoadConfig() Used Memory: 341869880 Bytes (917504000)
2023-05-16 21:00:22,510 [WARN] ThirdParty:833 - waiting for thirdparty lock release [change project]
2023-05-16 21:00:22,510 [INFO] ThirdParty:835 - entering critical section [change project]
2023-05-16 21:00:22,511 [INFO] ThirdParty:1030 - CMSIS Pack Vendor :STMicroelectronics X-CUBE-ISPU 1.1.0
2023-05-16 21:00:22,511 [INFO] ThirdParty:1030 - CMSIS Pack Vendor :STMicroelectronics X-CUBE-GNSS1 6.0.0
2023-05-16 21:00:22,511 [INFO] ThirdParty:1030 - CMSIS Pack Vendor :STMicroelectronics USB_HOST 2.0.0
2023-05-16 21:00:22,511 [INFO] ThirdParty:1030 - CMSIS Pack Vendor :STMicroelectronics X-CUBE-AZRTOS-F4 1.1.0
2023-05-16 21:00:22,511 [INFO] ThirdParty:1030 - CMSIS Pack Vendor :STMicroelectronics LIBJPEG 8.0.0
2023-05-16 21:00:22,511 [INFO] ThirdParty:1030 - CMSIS Pack Vendor :STMicroelectronics X-CUBE-SMBUS 2.1.0
2023-05-16 21:00:22,511 [INFO] ThirdParty:1030 - CMSIS Pack Vendor :wolfSSL I-CUBE-wolfSSL 5.6.0
2023-05-16 21:00:22,511 [INFO] ThirdParty:1030 - CMSIS Pack Vendor :STMicroelectronics USB_DEVICE 3.0.0
2023-05-16 21:00:22,511 [INFO] ThirdParty:1030 - CMSIS Pack Vendor :STMicroelectronics X-CUBE-AI 8.0.0
2023-05-16 21:00:22,511 [INFO] ThirdParty:1030 - CMSIS Pack Vendor :STMicroelectronics X-CUBE-FREERTOS 1.0.1
2023-05-16 21:00:22,511 [INFO] ThirdParty:1030 - CMSIS Pack Vendor :STMicroelectronics X-CUBE-TOUCHGFX 4.21.3
2023-05-16 21:00:22,511 [INFO] ThirdParty:1030 - CMSIS Pack Vendor :STMicroelectronics X-CUBE-AZRTOS-F7 1.1.0
2023-05-16 21:00:22,511 [INFO] ThirdParty:1030 - CMSIS Pack Vendor :STMicroelectronics X-CUBE-TOUCHGFX 4.21.4
2023-05-16 21:00:22,511 [INFO] ThirdParty:1030 - CMSIS Pack Vendor :STMicroelectronics USB_DEVICE 2.0.0
2023-05-16 21:00:22,511 [INFO] ThirdParty:1030 - CMSIS Pack Vendor :STMicroelectronics X-CUBE-MEMS1 9.6.0
2023-05-16 21:00:22,511 [INFO] ThirdParty:1030 - CMSIS Pack Vendor :STMicroelectronics FP-SNS-MOTENV1 4.3.0
2023-05-16 21:00:22,511 [INFO] ThirdParty:1030 - CMSIS Pack Vendor :STMicroelectronics FP-SNS-FLIGHT1 5.0.0
2023-05-16 21:00:22,511 [INFO] ThirdParty:1030 - CMSIS Pack Vendor :STMicroelectronics X-CUBE-ALGOBUILD 1.3.0
2023-05-16 21:00:22,512 [INFO] ThirdParty:1030 - CMSIS Pack Vendor :STMicroelectronics X-CUBE-BLE1 6.2.4
2023-05-16 21:00:22,512 [INFO] ThirdParty:1030 - CMSIS Pack Vendor :STMicroelectronics X-CUBE-AZRTOS-L5 1.1.0
2023-05-16 21:00:22,512 [INFO] ThirdParty:1030 - CMSIS Pack Vendor :STMicroelectronics FreeRTOS 0.0.1
2023-05-16 21:00:22,512 [INFO] ThirdParty:1030 - CMSIS Pack Vendor :emotas I-CUBE-CANOPEN 1.1.3
2023-05-16 21:00:22,512 [INFO] ThirdParty:1030 - CMSIS Pack Vendor :STMicroelectronics X-CUBE-AZRTOS-G0 1.1.0
2023-05-16 21:00:22,512 [INFO] ThirdParty:1030 - CMSIS Pack Vendor :STMicroelectronics X-CUBE-BLEMGR 2.0.0
2023-05-16 21:00:22,512 [INFO] ThirdParty:1030 - CMSIS Pack Vendor :STMicroelectronics X-CUBE-AI 8.0.1
2023-05-16 21:00:22,512 [INFO] ThirdParty:1030 - CMSIS Pack Vendor :STMicroelectronics X-CUBE-SUBG2 5.0.0
2023-05-16 21:00:22,512 [INFO] ThirdParty:1030 - CMSIS Pack Vendor :STMicroelectronics X-CUBE-NFC4 3.0.0
2023-05-16 21:00:22,512 [INFO] ThirdParty:1030 - CMSIS Pack Vendor :STMicroelectronics STM32_WPAN 1.0.0
2023-05-16 21:00:22,512 [INFO] ThirdParty:1030 - CMSIS Pack Vendor :STMicroelectronics lwIP 2.0.3
2023-05-16 21:00:22,512 [INFO] ThirdParty:1030 - CMSIS Pack Vendor :STMicroelectronics USB_HOST 1.0.0
2023-05-16 21:00:22,512 [INFO] ThirdParty:1030 - CMSIS Pack Vendor :STMicroelectronics X-CUBE-AZRTOS-G4 2.0.0
2023-05-16 21:00:22,512 [INFO] ThirdParty:1030 - CMSIS Pack Vendor :STMicroelectronics PDM2PCM 3.1.0
2023-05-16 21:00:22,512 [INFO] ThirdParty:1030 - CMSIS Pack Vendor :STMicroelectronics X-CUBE-AZRTOS-H7 3.1.0
2023-05-16 21:00:22,512 [INFO] ThirdParty:1030 - CMSIS Pack Vendor :STMicroelectronics X-CUBE-TOF1 3.3.0
2023-05-16 21:00:22,512 [INFO] ThirdParty:1030 - CMSIS Pack Vendor :STMicroelectronics PDM2PCM 3.3.0
2023-05-16 21:00:22,512 [INFO] ThirdParty:1030 - CMSIS Pack Vendor :STMicroelectronics X-CUBE-DISPLAY 3.0.0
2023-05-16 21:00:22,512 [INFO] ThirdParty:1030 - CMSIS Pack Vendor :STMicroelectronics FP-ATR-SIGFOX1 3.2.0
2023-05-16 21:00:22,513 [INFO] ThirdParty:1030 - CMSIS Pack Vendor :STMicroelectronics X-CUBE-AZRTOS-L4 1.0.0
2023-05-16 21:00:22,513 [INFO] ThirdParty:1030 - CMSIS Pack Vendor :STMicroelectronics HAL Drivers 0.0.0
2023-05-16 21:00:22,513 [INFO] ThirdParty:1030 - CMSIS Pack Vendor :STMicroelectronics MBEDTLS 2.16.2
2023-05-16 21:00:22,513 [INFO] ThirdParty:1030 - CMSIS Pack Vendor :STMicroelectronics MBEDTLS 2.14.1
2023-05-16 21:00:22,513 [INFO] ThirdParty:1030 - CMSIS Pack Vendor :STMicroelectronics X-CUBE-NFC7 1.0.0
2023-05-16 21:00:22,513 [INFO] ThirdParty:1030 - CMSIS Pack Vendor :STMicroelectronics X-CUBE-AZRTOS-WL 1.0.0
2023-05-16 21:00:22,513 [INFO] ThirdParty:1030 - CMSIS Pack Vendor :STMicroelectronics X-CUBE-EEPRMA1 4.1.0
2023-05-16 21:00:22,513 [INFO] ThirdParty:1030 - CMSIS Pack Vendor :portGmbH I-Cube-SoM-uGOAL 1.1.0
2023-05-16 21:00:22,513 [INFO] ThirdParty:1030 - CMSIS Pack Vendor :STMicroelectronics X-CUBE-ALS 1.0.1
2023-05-16 21:00:22,513 [INFO] ThirdParty:1030 - CMSIS Pack Vendor :STMicroelectronics ThreadX 1.0.0
2023-05-16 21:00:22,513 [INFO] ThirdParty:1030 - CMSIS Pack Vendor :STMicroelectronics X-CUBE-AZRTOS-WB 1.1.0
2023-05-16 21:00:22,513 [INFO] ThirdParty:1030 - CMSIS Pack Vendor :SEGGER I-CUBE-embOS 1.3.1
2023-05-16 21:00:22,513 [INFO] ThirdParty:1030 - CMSIS Pack Vendor :STMicroelectronics USB_DEVICE 1.0.0
2023-05-16 21:00:22,513 [INFO] ThirdParty:1030 - CMSIS Pack Vendor :STMicroelectronics ThreadX 0.0.2
2023-05-16 21:00:22,513 [INFO] ThirdParty:1030 - CMSIS Pack Vendor :WES I-CUBE-Cesium 1.3.0
2023-05-16 21:00:22,513 [INFO] ThirdParty:1030 - CMSIS Pack Vendor :STMicroelectronics FP-ATR-ASTRA1 2.0.0
2023-05-16 21:00:22,513 [INFO] ThirdParty:1030 - CMSIS Pack Vendor :STMicroelectronics lwIP 2.1.2
2023-05-16 21:00:22,513 [INFO] ThirdParty:1030 - CMSIS Pack Vendor :STMicroelectronics X-CUBE-SFXS2LP1 4.0.0
2023-05-16 21:00:22,513 [INFO] ThirdParty:1030 - CMSIS Pack Vendor :STMicroelectronics X-CUBE-BLE2 3.3.0
2023-05-16 21:00:22,513 [INFO] ThirdParty:1030 - CMSIS Pack Vendor :STMicroelectronics PDM2PCM 3.2.0
2023-05-16 21:00:22,514 [INFO] ThirdParty:841 - exiting critical section [change project]
2023-05-16 21:00:22,694 [INFO] PinOutPanel:1499 - setPackage(No Configuration,No Configuration)
2023-05-16 21:00:22,696 [INFO] PinOutPanel:1499 - setPackage(STM32F407VGTx,LQFP100)
2023-05-16 21:00:22,943 [INFO] UtilMem:75 - Before build in PCC Used Memory: 597725936 Bytes (917504000)
2023-05-16 21:00:23,145 [INFO] UtilMem:75 - After build in PCC Used Memory: 641766128 Bytes (917504000)
2023-05-16 21:00:23,167 [INFO] IPUIPlugin:80 - create IPUIPlugin
2023-05-16 21:00:23,167 [INFO] IPUIPlugin:80 - create IPUIPlugin
2023-05-16 21:00:23,167 [INFO] IPUIPlugin:80 - create IPUIPlugin
2023-05-16 21:00:23,167 [INFO] IPUIPlugin:80 - create IPUIPlugin
2023-05-16 21:00:23,167 [INFO] IPUIPlugin:80 - create IPUIPlugin
2023-05-16 21:00:23,167 [INFO] IPUIPlugin:80 - create IPUIPlugin
2023-05-16 21:00:23,167 [INFO] IPUIPlugin:80 - create IPUIPlugin
2023-05-16 21:00:23,168 [INFO] IPUIPlugin:80 - create IPUIPlugin
2023-05-16 21:00:23,168 [INFO] IPUIPlugin:80 - create IPUIPlugin
2023-05-16 21:00:23,168 [INFO] IPUIPlugin:80 - create IPUIPlugin
2023-05-16 21:00:23,168 [INFO] IPUIPlugin:80 - create IPUIPlugin
2023-05-16 21:00:23,168 [INFO] IPUIPlugin:80 - create IPUIPlugin
2023-05-16 21:00:23,168 [INFO] IPUIPlugin:80 - create IPUIPlugin
2023-05-16 21:00:23,168 [INFO] IPUIPlugin:80 - create IPUIPlugin
2023-05-16 21:00:23,169 [INFO] IPUIPlugin:80 - create IPUIPlugin
2023-05-16 21:00:23,169 [INFO] IPUIPlugin:80 - create IPUIPlugin
2023-05-16 21:00:23,169 [INFO] IPUIPlugin:80 - create IPUIPlugin
2023-05-16 21:00:23,169 [INFO] IPUIPlugin:80 - create IPUIPlugin
2023-05-16 21:00:23,169 [INFO] IPUIPlugin:80 - create IPUIPlugin
2023-05-16 21:00:23,169 [INFO] IPUIPlugin:80 - create IPUIPlugin
2023-05-16 21:00:23,169 [INFO] IPUIPlugin:80 - create IPUIPlugin
2023-05-16 21:00:23,169 [INFO] IPUIPlugin:80 - create IPUIPlugin
2023-05-16 21:00:23,169 [INFO] IPUIPlugin:80 - create IPUIPlugin
2023-05-16 21:00:23,170 [INFO] IPUIPlugin:80 - create IPUIPlugin
2023-05-16 21:00:23,170 [INFO] IPUIPlugin:80 - create IPUIPlugin
2023-05-16 21:00:23,170 [INFO] IPUIPlugin:80 - create IPUIPlugin
2023-05-16 21:00:23,170 [INFO] IPUIPlugin:80 - create IPUIPlugin
2023-05-16 21:00:23,170 [INFO] IPUIPlugin:80 - create IPUIPlugin
2023-05-16 21:00:23,170 [INFO] IPUIPlugin:80 - create IPUIPlugin
2023-05-16 21:00:23,170 [INFO] IPUIPlugin:80 - create IPUIPlugin
2023-05-16 21:00:23,171 [INFO] IPUIPlugin:80 - create IPUIPlugin
2023-05-16 21:00:23,171 [INFO] IPUIPlugin:80 - create IPUIPlugin
2023-05-16 21:00:23,171 [INFO] IPUIPlugin:80 - create IPUIPlugin
2023-05-16 21:00:23,171 [INFO] IPUIPlugin:80 - create IPUIPlugin
2023-05-16 21:00:23,171 [INFO] IPUIPlugin:80 - create IPUIPlugin
2023-05-16 21:00:23,171 [INFO] IPUIPlugin:80 - create IPUIPlugin
2023-05-16 21:00:23,172 [INFO] IPUIPlugin:80 - create IPUIPlugin
2023-05-16 21:00:23,172 [INFO] IPUIPlugin:80 - create IPUIPlugin
2023-05-16 21:00:23,172 [INFO] IPUIPlugin:80 - create IPUIPlugin
2023-05-16 21:00:23,172 [INFO] IPUIPlugin:80 - create IPUIPlugin
2023-05-16 21:00:23,172 [INFO] IPUIPlugin:80 - create IPUIPlugin
2023-05-16 21:00:23,173 [INFO] IPUIPlugin:80 - create IPUIPlugin
2023-05-16 21:00:23,174 [INFO] IPUIPlugin:80 - create IPUIPlugin
2023-05-16 21:00:23,175 [INFO] IPUIPlugin:80 - create IPUIPlugin
2023-05-16 21:00:23,176 [INFO] IPUIPlugin:80 - create IPUIPlugin
2023-05-16 21:00:23,176 [INFO] IPUIPlugin:80 - create IPUIPlugin
2023-05-16 21:00:23,176 [INFO] IPUIPlugin:80 - create IPUIPlugin
2023-05-16 21:00:23,177 [INFO] IPUIPlugin:80 - create IPUIPlugin
2023-05-16 21:00:23,177 [INFO] IPUIPlugin:80 - create IPUIPlugin
2023-05-16 21:00:23,177 [INFO] IPUIPlugin:80 - create IPUIPlugin
2023-05-16 21:00:23,177 [INFO] IPUIPlugin:80 - create IPUIPlugin
2023-05-16 21:00:23,178 [INFO] IPUIPlugin:80 - create IPUIPlugin
2023-05-16 21:00:23,178 [INFO] IPUIPlugin:80 - create IPUIPlugin
2023-05-16 21:00:23,178 [INFO] IPUIPlugin:80 - create IPUIPlugin
2023-05-16 21:00:23,180 [INFO] IPUIPlugin:80 - create IPUIPlugin
2023-05-16 21:00:23,180 [INFO] IPUIPlugin:80 - create IPUIPlugin
2023-05-16 21:00:23,180 [INFO] IPUIPlugin:80 - create IPUIPlugin
2023-05-16 21:00:23,181 [INFO] IPUIPlugin:80 - create IPUIPlugin
2023-05-16 21:00:23,187 [INFO] ApiDbMcu:507 - Load IP Config File for PDM2PCM
2023-05-16 21:00:23,254 [INFO] CADModel:165 - CPN selected for project levelSTM32F407VGT6
2023-05-16 21:00:23,254 [INFO] CADModel:114 - Register for checkConnection events
2023-05-16 21:00:23,320 [INFO] OpenFileManager:328 - Restore cursor
2023-05-16 21:00:42,916 [INFO] NvicIntPanel:101 - NVIC parent = com.st.microxplorer.plugins.ip.nvic.MultiNvicIntPanel[,0,0,0x0,invalid,layout=javax.swing.BoxLayout,alignmentX=0.0,alignmentY=0.0,border=,flags=9,maximumSize=,minimumSize=,preferredSize=]
2023-05-16 21:00:55,611 [INFO] NvicIntPanel:101 - NVIC parent = com.st.microxplorer.plugins.ip.nvic.MultiNvicIntPanel[,0,0,0x0,invalid,layout=javax.swing.BoxLayout,alignmentX=0.0,alignmentY=0.0,border=,flags=9,maximumSize=,minimumSize=,preferredSize=]
2023-05-16 21:01:02,341 [INFO] NvicIntPanel:101 - NVIC parent = com.st.microxplorer.plugins.ip.nvic.MultiNvicIntPanel[,0,0,0x0,invalid,layout=javax.swing.BoxLayout,alignmentX=0.0,alignmentY=0.0,border=,flags=9,maximumSize=,minimumSize=,preferredSize=]
2023-05-16 21:01:07,043 [INFO] UtilMem:75 - End SaveConfig() Used Memory: 270770560 Bytes (917504000)
2023-05-16 21:01:07,096 [INFO] UtilMem:75 - End SaveConfig() Used Memory: 293316992 Bytes (917504000)
2023-05-16 21:01:07,477 [INFO] UtilMem:75 - End SaveConfig() Used Memory: 331587968 Bytes (917504000)
2023-05-16 21:01:07,645 [INFO] BlockDiagram:2759 - set Specific Code input for plugin: TIM1_8
2023-05-16 21:01:07,645 [INFO] BlockDiagram:2759 - set Specific Code input for plugin: SYS
2023-05-16 21:01:07,645 [INFO] BlockDiagram:2759 - set Specific Code input for plugin: RCC
2023-05-16 21:01:07,645 [INFO] BlockDiagram:2759 - set Specific Code input for plugin: NVIC
2023-05-16 21:01:07,645 [INFO] BlockDiagram:2759 - set Specific Code input for plugin: GPIO
2023-05-16 21:01:07,646 [INFO] CodeGenerator:793 - code generatio: config db path: C:\ST\STM32CubeIDE_1.12.1\STM32CubeIDE\plugins\com.st.stm32cube.common.mx_6.8.1.202304191431\\db\
2023-05-16 21:01:07,784 [INFO] CodeEngine:255 - oldGeneratedFile, C:\Users\User\STM32CubeIDE\workspace_1.12.1\06_timer_interrupt\MXTmpFiles\license.tmp_save
2023-05-16 21:01:07,891 [INFO] CodeEngine:279 - Generated code: C:\Users\User\STM32CubeIDE\workspace_1.12.1\06_timer_interrupt\MXTmpFiles\license.tmp
2023-05-16 21:01:07,942 [INFO] CodeEngine:255 - oldGeneratedFile, C:\Users\User\STM32CubeIDE\workspace_1.12.1\06_timer_interrupt\MXTmpFiles\gpio.tmp_save
2023-05-16 21:01:08,010 [INFO] CodeEngine:279 - Generated code: C:\Users\User\STM32CubeIDE\workspace_1.12.1\06_timer_interrupt\MXTmpFiles\gpio.tmp
2023-05-16 21:01:08,061 [INFO] CodeEngine:255 - oldGeneratedFile, C:\Users\User\STM32CubeIDE\workspace_1.12.1\06_timer_interrupt\Core\Src\stm32f4xx_it.c_save
2023-05-16 21:01:08,374 [INFO] CodeEngine:279 - Generated code: C:\Users\User\STM32CubeIDE\workspace_1.12.1\06_timer_interrupt\Core\Src\stm32f4xx_it.c
2023-05-16 21:01:08,383 [INFO] CodeEngine:255 - oldGeneratedFile, C:\Users\User\STM32CubeIDE\workspace_1.12.1\06_timer_interrupt\Core\Inc\stm32f4xx_it.h_save
2023-05-16 21:01:08,449 [INFO] CodeEngine:279 - Generated code: C:\Users\User\STM32CubeIDE\workspace_1.12.1\06_timer_interrupt\Core\Inc\stm32f4xx_it.h
2023-05-16 21:01:08,461 [INFO] CodeEngine:255 - oldGeneratedFile, C:\Users\User\STM32CubeIDE\workspace_1.12.1\06_timer_interrupt\Core\Src\stm32f4xx_hal_msp.c_save
2023-05-16 21:01:08,562 [INFO] CodeEngine:279 - Generated code: C:\Users\User\STM32CubeIDE\workspace_1.12.1\06_timer_interrupt\Core\Src\stm32f4xx_hal_msp.c
2023-05-16 21:01:08,569 [INFO] CodeEngine:255 - oldGeneratedFile, C:\Users\User\STM32CubeIDE\workspace_1.12.1\06_timer_interrupt\MXTmpFiles\system.tmp_save
2023-05-16 21:01:08,623 [INFO] CodeEngine:279 - Generated code: C:\Users\User\STM32CubeIDE\workspace_1.12.1\06_timer_interrupt\MXTmpFiles\system.tmp
2023-05-16 21:01:08,632 [INFO] CodeEngine:311 - oldGeneratedFile, C:\Users\User\STM32CubeIDE\workspace_1.12.1\06_timer_interrupt\Core\Inc\stm32f4xx_hal_conf.h_save
2023-05-16 21:01:08,695 [INFO] CodeEngine:335 - Generated code: C:\Users\User\STM32CubeIDE\workspace_1.12.1\06_timer_interrupt\Core\Inc\stm32f4xx_hal_conf.h
2023-05-16 21:01:08,716 [WARN] IPConfigManager:3431 - IP not found : TIM
2023-05-16 21:01:08,717 [WARN] CodeGenerator:3754 - IP not found : null
2023-05-16 21:01:08,728 [INFO] CodeEngine:255 - oldGeneratedFile, C:\Users\User\STM32CubeIDE\workspace_1.12.1\06_timer_interrupt\Core\Inc\main.h_save
2023-05-16 21:01:08,807 [INFO] CodeEngine:279 - Generated code: C:\Users\User\STM32CubeIDE\workspace_1.12.1\06_timer_interrupt\Core\Inc\main.h
2023-05-16 21:01:08,815 [INFO] CodeEngine:255 - oldGeneratedFile, C:\Users\User\STM32CubeIDE\workspace_1.12.1\06_timer_interrupt\Core\Src\main.c_save
2023-05-16 21:01:08,914 [INFO] CodeEngine:279 - Generated code: C:\Users\User\STM32CubeIDE\workspace_1.12.1\06_timer_interrupt\Core\Src\main.c
2023-05-16 21:01:09,470 [INFO] ProjectBuilder:2996 - Time for Copy HAL[1] : 156mS.
2023-05-16 21:01:09,472 [INFO] ProjectBuilder:4304 - Project Generator version: 3.19.2
2023-05-16 21:01:09,667 [INFO] ConfigFileManager:1483 - The Die is : DIE413
2023-05-16 21:01:09,671 [INFO] ApiDbMcu:507 - Load IP Config File for FATFS
2023-05-16 21:01:09,677 [INFO] ApiDbMcu:507 - Load IP Config File for FREERTOS
2023-05-16 21:01:09,681 [INFO] ApiDbMcu:507 - Load IP Config File for LIBJPEG
2023-05-16 21:01:09,687 [INFO] ApiDbMcu:507 - Load IP Config File for LWIP
2023-05-16 21:01:09,692 [INFO] ApiDbMcu:507 - Load IP Config File for MBEDTLS
2023-05-16 21:01:09,699 [INFO] ApiDbMcu:507 - Load IP Config File for USB_DEVICE
2023-05-16 21:01:09,703 [INFO] ApiDbMcu:507 - Load IP Config File for USB_HOST
2023-05-16 21:01:11,182 [INFO] ProjectBuilder:4505 - Time for Generating toolchain IDE Files: 1709mS.
2023-05-16 21:01:11,183 [INFO] ProjectBuilder:2867 - Time for Copy CMSIS : 1mS.
2023-05-16 21:01:11,185 [INFO] ProjectBuilder:2867 - Time for Copy CMSIS : 0mS.
2023-05-16 21:01:14,165 [INFO] NvicIntPanel:101 - NVIC parent = com.st.microxplorer.plugins.ip.nvic.MultiNvicIntPanel[,0,0,0x0,invalid,layout=javax.swing.BoxLayout,alignmentX=0.0,alignmentY=0.0,border=,flags=9,maximumSize=,minimumSize=,preferredSize=]
2023-05-16 21:01:25,343 [INFO] UtilMem:75 - End SaveConfig() Used Memory: 397658744 Bytes (923795456)
2023-05-16 21:01:25,403 [INFO] UtilMem:75 - End SaveConfig() Used Memory: 443547648 Bytes (923795456)
2023-05-16 21:01:25,541 [INFO] UtilMem:75 - End SaveConfig() Used Memory: 515899392 Bytes (923795456)
2023-05-16 21:01:25,790 [INFO] BlockDiagram:2759 - set Specific Code input for plugin: TIM1_8
2023-05-16 21:01:25,790 [INFO] BlockDiagram:2759 - set Specific Code input for plugin: SYS
2023-05-16 21:01:25,790 [INFO] BlockDiagram:2759 - set Specific Code input for plugin: RCC
2023-05-16 21:01:25,790 [INFO] BlockDiagram:2759 - set Specific Code input for plugin: NVIC
2023-05-16 21:01:25,791 [INFO] BlockDiagram:2759 - set Specific Code input for plugin: GPIO
2023-05-16 21:01:25,792 [INFO] CodeGenerator:793 - code generatio: config db path: C:\ST\STM32CubeIDE_1.12.1\STM32CubeIDE\plugins\com.st.stm32cube.common.mx_6.8.1.202304191431\\db\
2023-05-16 21:01:26,030 [INFO] CodeEngine:255 - oldGeneratedFile, C:\Users\User\STM32CubeIDE\workspace_1.12.1\06_timer_interrupt\MXTmpFiles\license.tmp_save
2023-05-16 21:01:26,079 [INFO] CodeEngine:279 - Generated code: C:\Users\User\STM32CubeIDE\workspace_1.12.1\06_timer_interrupt\MXTmpFiles\license.tmp
2023-05-16 21:01:26,090 [INFO] CodeEngine:255 - oldGeneratedFile, C:\Users\User\STM32CubeIDE\workspace_1.12.1\06_timer_interrupt\MXTmpFiles\gpio.tmp_save
2023-05-16 21:01:26,141 [INFO] CodeEngine:279 - Generated code: C:\Users\User\STM32CubeIDE\workspace_1.12.1\06_timer_interrupt\MXTmpFiles\gpio.tmp
2023-05-16 21:01:26,180 [INFO] CodeEngine:255 - oldGeneratedFile, C:\Users\User\STM32CubeIDE\workspace_1.12.1\06_timer_interrupt\Core\Src\stm32f4xx_it.c_save
2023-05-16 21:01:26,250 [INFO] CodeEngine:279 - Generated code: C:\Users\User\STM32CubeIDE\workspace_1.12.1\06_timer_interrupt\Core\Src\stm32f4xx_it.c
2023-05-16 21:01:26,256 [INFO] CodeEngine:255 - oldGeneratedFile, C:\Users\User\STM32CubeIDE\workspace_1.12.1\06_timer_interrupt\Core\Inc\stm32f4xx_it.h_save
2023-05-16 21:01:26,308 [INFO] CodeEngine:279 - Generated code: C:\Users\User\STM32CubeIDE\workspace_1.12.1\06_timer_interrupt\Core\Inc\stm32f4xx_it.h
2023-05-16 21:01:26,318 [INFO] CodeEngine:255 - oldGeneratedFile, C:\Users\User\STM32CubeIDE\workspace_1.12.1\06_timer_interrupt\Core\Src\stm32f4xx_hal_msp.c_save
2023-05-16 21:01:26,383 [INFO] CodeEngine:279 - Generated code: C:\Users\User\STM32CubeIDE\workspace_1.12.1\06_timer_interrupt\Core\Src\stm32f4xx_hal_msp.c
2023-05-16 21:01:26,387 [INFO] CodeEngine:255 - oldGeneratedFile, C:\Users\User\STM32CubeIDE\workspace_1.12.1\06_timer_interrupt\MXTmpFiles\system.tmp_save
2023-05-16 21:01:26,432 [INFO] CodeEngine:279 - Generated code: C:\Users\User\STM32CubeIDE\workspace_1.12.1\06_timer_interrupt\MXTmpFiles\system.tmp
2023-05-16 21:01:26,439 [INFO] CodeEngine:311 - oldGeneratedFile, C:\Users\User\STM32CubeIDE\workspace_1.12.1\06_timer_interrupt\Core\Inc\stm32f4xx_hal_conf.h_save
2023-05-16 21:01:26,488 [INFO] CodeEngine:335 - Generated code: C:\Users\User\STM32CubeIDE\workspace_1.12.1\06_timer_interrupt\Core\Inc\stm32f4xx_hal_conf.h
2023-05-16 21:01:26,503 [WARN] IPConfigManager:3431 - IP not found : TIM
2023-05-16 21:01:26,503 [WARN] CodeGenerator:3754 - IP not found : null
2023-05-16 21:01:26,509 [INFO] CodeEngine:255 - oldGeneratedFile, C:\Users\User\STM32CubeIDE\workspace_1.12.1\06_timer_interrupt\Core\Inc\main.h_save
2023-05-16 21:01:26,555 [INFO] CodeEngine:279 - Generated code: C:\Users\User\STM32CubeIDE\workspace_1.12.1\06_timer_interrupt\Core\Inc\main.h
2023-05-16 21:01:26,559 [INFO] CodeEngine:255 - oldGeneratedFile, C:\Users\User\STM32CubeIDE\workspace_1.12.1\06_timer_interrupt\Core\Src\main.c_save
2023-05-16 21:01:26,628 [INFO] CodeEngine:279 - Generated code: C:\Users\User\STM32CubeIDE\workspace_1.12.1\06_timer_interrupt\Core\Src\main.c
2023-05-16 21:01:27,243 [INFO] ProjectBuilder:2996 - Time for Copy HAL[1] : 116mS.
2023-05-16 21:01:27,246 [INFO] ProjectBuilder:4304 - Project Generator version: 3.19.2
2023-05-16 21:01:27,424 [INFO] ConfigFileManager:1483 - The Die is : DIE413
2023-05-16 21:01:28,753 [INFO] ProjectBuilder:4505 - Time for Generating toolchain IDE Files: 1507mS.
2023-05-16 21:01:28,755 [INFO] ProjectBuilder:2867 - Time for Copy CMSIS : 0mS.
2023-05-16 21:01:28,758 [INFO] ProjectBuilder:2867 - Time for Copy CMSIS : 0mS.
