2023-05-28 01:03:13,335 [INFO] Activator:176 - 


2023-05-28 01:03:13,340 [INFO] Activator:177 - !SESSION log4j initialized
2023-05-28 01:03:19,232 [INFO] LogOutputStream:77 - [STDOUT_REDIRECT] 
2023-05-28 01:03:45,656 [ERROR] LogOutputStream:75 - [STDERR_REDIRECT] SLF4J: Failed to load class "org.slf4j.impl.StaticLoggerBinder".
2023-05-28 01:03:45,657 [ERROR] LogOutputStream:75 - [STDERR_REDIRECT] SLF4J: Defaulting to no-operation (NOP) logger implementation
2023-05-28 01:03:45,658 [ERROR] LogOutputStream:75 - [STDERR_REDIRECT] SLF4J: See http://www.slf4j.org/codes.html#StaticLoggerBinder for further details.
2023-05-28 01:04:55,607 [INFO] ApplicationProperties:184 - Using Application install path: C:\ST\STM32CubeIDE_1.12.1\STM32CubeIDE\plugins\com.st.stm32cube.common.mx_6.8.1.202304191431
2023-05-28 01:04:55,622 [INFO] DbMcusXml:78 - Set database path to: C:\ST\STM32CubeIDE_1.12.1\STM32CubeIDE\plugins\com.st.stm32cube.common.mx_6.8.1.202304191431\\db\/mcu/
2023-05-28 01:04:55,622 [INFO] ApiDb:274 - Set plugin database path to: C:\ST\STM32CubeIDE_1.12.1\STM32CubeIDE\plugins\com.st.stm32cube.common.mx_6.8.1.202304191431\\db\/plugins/boardmanager/
2023-05-28 01:04:55,624 [WARN] ApiDb:259 - Overriding images path with different value:  => C:\ST\STM32CubeIDE_1.12.1\STM32CubeIDE\plugins\com.st.stm32cube.common.mx_6.8.1.202304191431\\db\/plugins/mcufinder/images/
2023-05-28 01:04:55,639 [INFO] ApiDb:250 - Set database path to: C:\Users\User\.stmcufinder\plugins\mcufinder//mcu/
2023-05-28 01:04:55,641 [INFO] DbMcusAds:125 - Set database path to: C:\Users\User\.stmcufinder\plugins\mcufinder//mcu/
2023-05-28 01:04:55,657 [INFO] CrossReferenceDbSqlite:203 - Set database path to: C:\Users\User\.stmcufinder\plugins\mcufinder//mcu/cs/
2023-05-28 01:04:55,736 [INFO] RulesReader:64 - Compatibility file has been processed (293 Rules)
2023-05-28 01:04:55,795 [INFO] DbMcusXml:78 - Set database path to: C:\ST\STM32CubeIDE_1.12.1\STM32CubeIDE\plugins\com.st.stm32cube.common.mx_6.8.1.202304191431\\db\/mcu/
2023-05-28 01:04:55,795 [INFO] ApiDb:274 - Set plugin database path to: C:\ST\STM32CubeIDE_1.12.1\STM32CubeIDE\plugins\com.st.stm32cube.common.mx_6.8.1.202304191431\\db\/plugins/boardmanager/
2023-05-28 01:04:55,796 [INFO] ApiDb:261 - Set plugin images path to: C:\ST\STM32CubeIDE_1.12.1\STM32CubeIDE\plugins\com.st.stm32cube.common.mx_6.8.1.202304191431\\db\/plugins/mcufinder/images/
2023-05-28 01:04:55,796 [WARN] DbFile:41 - Overriding database path with different value: C:\Users\User\.stmcufinder\plugins\mcufinder/ => C:\Users\User\.stmcufinder\plugins\mcufinder
2023-05-28 01:04:55,796 [INFO] ApiDb:250 - Set database path to: C:\Users\User\.stmcufinder\plugins\mcufinder//mcu/
2023-05-28 01:04:55,796 [WARN] DbFile:41 - Overriding database path with different value: C:\Users\User\.stmcufinder\plugins\mcufinder/ => C:\Users\User\.stmcufinder\plugins\mcufinder
2023-05-28 01:04:55,796 [INFO] DbMcusAds:125 - Set database path to: C:\Users\User\.stmcufinder\plugins\mcufinder//mcu/
2023-05-28 01:04:55,796 [WARN] DbFile:41 - Overriding database path with different value: C:\Users\User\.stmcufinder\plugins\mcufinder/ => C:\Users\User\.stmcufinder\plugins\mcufinder
2023-05-28 01:04:55,796 [WARN] DbFile:41 - Overriding database path with different value: C:\Users\User\.stmcufinder\plugins\mcufinder/ => C:\Users\User\.stmcufinder\plugins\mcufinder
2023-05-28 01:04:55,796 [INFO] CrossReferenceDbSqlite:203 - Set database path to: C:\Users\User\.stmcufinder\plugins\mcufinder//mcu/cs/
2023-05-28 01:04:55,856 [INFO] MainPanel:253 - HeapMemory: 394264576
2023-05-28 01:04:55,934 [INFO] DbMcusXml:78 - Set database path to: C:\ST\STM32CubeIDE_1.12.1\STM32CubeIDE\plugins\com.st.stm32cube.common.mx_6.8.1.202304191431\\db\/mcu/
2023-05-28 01:04:55,934 [INFO] ApiDb:274 - Set plugin database path to: C:\ST\STM32CubeIDE_1.12.1\STM32CubeIDE\plugins\com.st.stm32cube.common.mx_6.8.1.202304191431\\db\/plugins/boardmanager/
2023-05-28 01:04:55,935 [INFO] ApiDb:261 - Set plugin images path to: C:\ST\STM32CubeIDE_1.12.1\STM32CubeIDE\plugins\com.st.stm32cube.common.mx_6.8.1.202304191431\\db\/plugins/mcufinder/images/
2023-05-28 01:04:55,935 [WARN] DbFile:41 - Overriding database path with different value: C:\Users\User\.stmcufinder\plugins\mcufinder/ => C:\Users\User\.stmcufinder\plugins\mcufinder
2023-05-28 01:04:55,935 [INFO] ApiDb:250 - Set database path to: C:\Users\User\.stmcufinder\plugins\mcufinder//mcu/
2023-05-28 01:04:55,935 [WARN] DbFile:41 - Overriding database path with different value: C:\Users\User\.stmcufinder\plugins\mcufinder/ => C:\Users\User\.stmcufinder\plugins\mcufinder
2023-05-28 01:04:55,935 [INFO] DbMcusAds:125 - Set database path to: C:\Users\User\.stmcufinder\plugins\mcufinder//mcu/
2023-05-28 01:04:55,935 [WARN] DbFile:41 - Overriding database path with different value: C:\Users\User\.stmcufinder\plugins\mcufinder/ => C:\Users\User\.stmcufinder\plugins\mcufinder
2023-05-28 01:04:55,935 [WARN] DbFile:41 - Overriding database path with different value: C:\Users\User\.stmcufinder\plugins\mcufinder/ => C:\Users\User\.stmcufinder\plugins\mcufinder
2023-05-28 01:04:55,935 [INFO] CrossReferenceDbSqlite:203 - Set database path to: C:\Users\User\.stmcufinder\plugins\mcufinder//mcu/cs/
2023-05-28 01:04:55,950 [INFO] ApplicationProperties:184 - Using Application install path: C:\ST\STM32CubeIDE_1.12.1\STM32CubeIDE\plugins\com.st.stm32cube.common.mx_6.8.1.202304191431
2023-05-28 01:04:55,951 [INFO] PluginManage:196 - Search for loadable plugins [exclusion list=, ]
2023-05-28 01:04:55,952 [INFO] PluginManage:310 - Check plugin analytics
2023-05-28 01:04:56,086 [INFO] AnalyticsPlugin:253 - Accepted Software Licenses: 
2023-05-28 01:04:56,086 [INFO] AnalyticsPlugin:255 - Accepted CMSIS Pack Licenses: 
2023-05-28 01:04:56,087 [INFO] AnalyticsPlugin:257 - Accepted Firmware Licenses: FW.F4.1.27.0
2023-05-28 01:04:56,093 [INFO] PluginManage:359 - Loaded plugin analytics (category:tool,tabindex:-1)
2023-05-28 01:04:56,093 [INFO] PluginManage:310 - Check plugin cadmodel
2023-05-28 01:04:56,110 [INFO] CADModel:105 - Init CAD model plugin
2023-05-28 01:04:56,110 [INFO] PluginManage:359 - Loaded plugin cadmodel (category:power,tabindex:5)
2023-05-28 01:04:56,110 [INFO] PluginManage:310 - Check plugin clock
2023-05-28 01:04:56,124 [INFO] PluginManage:359 - Loaded plugin clock (category:base,tabindex:2)
2023-05-28 01:04:56,124 [INFO] PluginManage:310 - Check plugin ddr
2023-05-28 01:04:56,125 [INFO] PluginManage:359 - Loaded plugin ddr (category:tool,tabindex:6)
2023-05-28 01:04:56,125 [INFO] PluginManage:310 - Check plugin filemanager
2023-05-28 01:04:56,244 [INFO] PluginManage:359 - Loaded plugin filemanager (category:base,tabindex:10)
2023-05-28 01:04:56,244 [INFO] PluginManage:310 - Check plugin ipmanager
2023-05-28 01:04:56,252 [INFO] PluginManage:359 - Loaded plugin ipmanager (category:base,tabindex:5)
2023-05-28 01:04:56,252 [INFO] PluginManage:310 - Check plugin lpbam
2023-05-28 01:04:56,424 [INFO] PluginManage:359 - Loaded plugin lpbam (category:base,tabindex:0)
2023-05-28 01:04:56,424 [INFO] PluginManage:310 - Check plugin pinoutandconfiguration
2023-05-28 01:04:56,437 [INFO] PluginManage:359 - Loaded plugin pinoutandconfiguration (category:base,tabindex:1)
2023-05-28 01:04:56,438 [INFO] PluginManage:310 - Check plugin pinoutconfig
2023-05-28 01:04:56,527 [WARN] SupportedApi:132 - Cannot load RTOS API schema: s4s-elt-must-match.1: The content of 'definitions' must match (annotation?, (simpleType | complexType)?, (unique | key | keyref)*)). A problem was found starting at: attribute.
2023-05-28 01:04:56,618 [INFO] PluginManage:359 - Loaded plugin pinoutconfig (category:base,tabindex:0)
2023-05-28 01:04:56,618 [INFO] PluginManage:310 - Check plugin power
2023-05-28 01:04:56,661 [INFO] PluginManage:359 - Loaded plugin power (category:power,tabindex:4)
2023-05-28 01:04:56,661 [INFO] PluginManage:310 - Check plugin projectmanager
2023-05-28 01:04:56,674 [INFO] PluginManage:359 - Loaded plugin projectmanager (category:projectmanager,tabindex:3)
2023-05-28 01:04:56,674 [INFO] PluginManage:310 - Check plugin thirdparty
2023-05-28 01:04:56,840 [INFO] PluginManage:359 - Loaded plugin thirdparty (category:base,tabindex:-1)
2023-05-28 01:04:56,840 [WARN] IntegrityCheckThread:84 - waiting for thirdparty lock release [integrity check]
2023-05-28 01:04:56,840 [INFO] PluginManage:310 - Check plugin tools
2023-05-28 01:04:56,840 [INFO] IntegrityCheckThread:86 - entering critical section [integrity check]
2023-05-28 01:04:56,842 [INFO] ThirdPartyUpdaterWithRetryManager:70 - Updater plugin not ready yet. [1/15]
2023-05-28 01:04:56,853 [INFO] PluginManage:359 - Loaded plugin tools (category:base,tabindex:7)
2023-05-28 01:04:56,853 [INFO] PluginManage:310 - Check plugin tutovideos
2023-05-28 01:04:57,040 [INFO] PluginManage:359 - Loaded plugin tutovideos (category:base,tabindex:-1)
2023-05-28 01:04:57,041 [INFO] PluginManage:310 - Check plugin updater
2023-05-28 01:04:57,051 [INFO] PluginManage:359 - Loaded plugin updater (category:base,tabindex:12)
2023-05-28 01:04:57,052 [INFO] PluginManage:283 - PluginManage : Loaded plugins [15]
2023-05-28 01:04:57,294 [INFO] PinOutPanel:1499 - setPackage(No Configuration,No Configuration)
2023-05-28 01:04:57,353 [INFO] CADModel:165 - CPN selected for project level
2023-05-28 01:04:57,353 [INFO] CADModel:114 - Register for checkConnection events
2023-05-28 01:04:57,372 [INFO] IPUIPlugin:80 - create IPUIPlugin
2023-05-28 01:04:57,373 [INFO] PluginManager:220 - loadIPPluginJar : add adc
2023-05-28 01:04:57,376 [INFO] IPUIPlugin:80 - create IPUIPlugin
2023-05-28 01:04:57,376 [INFO] PluginManager:220 - loadIPPluginJar : add aes
2023-05-28 01:04:57,380 [INFO] IPUIPlugin:80 - create IPUIPlugin
2023-05-28 01:04:57,380 [INFO] PluginManager:220 - loadIPPluginJar : add can
2023-05-28 01:04:57,383 [INFO] IPUIPlugin:80 - create IPUIPlugin
2023-05-28 01:04:57,383 [INFO] PluginManager:220 - loadIPPluginJar : add comp
2023-05-28 01:04:57,387 [INFO] IPUIPlugin:80 - create IPUIPlugin
2023-05-28 01:04:57,387 [INFO] PluginManager:220 - loadIPPluginJar : add cryp
2023-05-28 01:04:57,391 [INFO] IPUIPlugin:80 - create IPUIPlugin
2023-05-28 01:04:57,391 [INFO] PluginManager:220 - loadIPPluginJar : add dfsdm
2023-05-28 01:04:57,397 [INFO] IPUIPlugin:80 - create IPUIPlugin
2023-05-28 01:04:57,397 [INFO] PluginManager:220 - loadIPPluginJar : add dma
2023-05-28 01:04:57,400 [INFO] IPUIPlugin:80 - create IPUIPlugin
2023-05-28 01:04:57,401 [INFO] PluginManager:220 - loadIPPluginJar : add dma3
2023-05-28 01:04:57,402 [INFO] IPUIPlugin:80 - create IPUIPlugin
2023-05-28 01:04:57,403 [INFO] PluginManager:220 - loadIPPluginJar : add fatfs
2023-05-28 01:04:57,407 [INFO] IPUIPlugin:80 - create IPUIPlugin
2023-05-28 01:04:57,407 [INFO] PluginManager:220 - loadIPPluginJar : add fmc
2023-05-28 01:04:57,414 [INFO] IPUIPlugin:80 - create IPUIPlugin
2023-05-28 01:04:57,414 [INFO] PluginManager:220 - loadIPPluginJar : add freertos
2023-05-28 01:04:57,417 [INFO] IPUIPlugin:80 - create IPUIPlugin
2023-05-28 01:04:57,417 [INFO] PluginManager:220 - loadIPPluginJar : add genericplugin
2023-05-28 01:04:57,420 [INFO] IPUIPlugin:80 - create IPUIPlugin
2023-05-28 01:04:57,420 [INFO] PluginManager:220 - loadIPPluginJar : add gfxmmu
2023-05-28 01:04:57,426 [INFO] IPUIPlugin:80 - create IPUIPlugin
2023-05-28 01:04:57,426 [INFO] PluginManager:220 - loadIPPluginJar : add gic
2023-05-28 01:04:57,430 [INFO] IPUIPlugin:80 - create IPUIPlugin
2023-05-28 01:04:57,431 [INFO] PluginManager:220 - loadIPPluginJar : add gpio
2023-05-28 01:04:57,434 [INFO] IPUIPlugin:80 - create IPUIPlugin
2023-05-28 01:04:57,434 [INFO] PluginManager:220 - loadIPPluginJar : add gtzc
2023-05-28 01:04:57,436 [INFO] IPUIPlugin:80 - create IPUIPlugin
2023-05-28 01:04:57,436 [INFO] PluginManager:220 - loadIPPluginJar : add hash
2023-05-28 01:04:57,439 [INFO] IPUIPlugin:80 - create IPUIPlugin
2023-05-28 01:04:57,439 [INFO] PluginManager:220 - loadIPPluginJar : add i2c
2023-05-28 01:04:57,442 [INFO] IPUIPlugin:80 - create IPUIPlugin
2023-05-28 01:04:57,442 [INFO] PluginManager:220 - loadIPPluginJar : add i2s
2023-05-28 01:04:57,445 [INFO] IPUIPlugin:80 - create IPUIPlugin
2023-05-28 01:04:57,445 [INFO] PluginManager:220 - loadIPPluginJar : add i3c
2023-05-28 01:04:57,457 [INFO] IPUIPlugin:80 - create IPUIPlugin
2023-05-28 01:04:57,458 [INFO] PluginManager:220 - loadIPPluginJar : add ipddr
2023-05-28 01:04:57,465 [INFO] IPUIPlugin:80 - create IPUIPlugin
2023-05-28 01:04:57,465 [INFO] PluginManager:220 - loadIPPluginJar : add linkedlist
2023-05-28 01:04:57,468 [INFO] IPUIPlugin:80 - create IPUIPlugin
2023-05-28 01:04:57,469 [INFO] PluginManager:220 - loadIPPluginJar : add lorawan
2023-05-28 01:04:57,471 [INFO] IPUIPlugin:80 - create IPUIPlugin
2023-05-28 01:04:57,471 [INFO] PluginManager:220 - loadIPPluginJar : add ltdc
2023-05-28 01:04:57,477 [INFO] IPUIPlugin:80 - create IPUIPlugin
2023-05-28 01:04:57,477 [INFO] PluginManager:220 - loadIPPluginJar : add mdma
2023-05-28 01:04:57,482 [INFO] IPUIPlugin:80 - create IPUIPlugin
2023-05-28 01:04:57,482 [INFO] PluginManager:220 - loadIPPluginJar : add nvic
2023-05-28 01:04:57,485 [INFO] IPUIPlugin:80 - create IPUIPlugin
2023-05-28 01:04:57,485 [INFO] PluginManager:220 - loadIPPluginJar : add opamp
2023-05-28 01:04:57,489 [INFO] IPUIPlugin:80 - create IPUIPlugin
2023-05-28 01:04:57,490 [INFO] PluginManager:220 - loadIPPluginJar : add openamp
2023-05-28 01:04:57,493 [INFO] IPUIPlugin:80 - create IPUIPlugin
2023-05-28 01:04:57,493 [INFO] PluginManager:220 - loadIPPluginJar : add pdm2pcm
2023-05-28 01:04:57,500 [INFO] IPUIPlugin:80 - create IPUIPlugin
2023-05-28 01:04:57,502 [INFO] PluginManager:220 - loadIPPluginJar : add plateformsettings
2023-05-28 01:04:57,513 [INFO] IPUIPlugin:80 - create IPUIPlugin
2023-05-28 01:04:57,513 [INFO] PluginManager:220 - loadIPPluginJar : add quadspi
2023-05-28 01:04:57,522 [INFO] IPUIPlugin:80 - create IPUIPlugin
2023-05-28 01:04:57,522 [INFO] PluginManager:220 - loadIPPluginJar : add resmgrutility
2023-05-28 01:04:57,543 [INFO] IPUIPlugin:80 - create IPUIPlugin
2023-05-28 01:04:57,543 [INFO] PluginManager:220 - loadIPPluginJar : add sai
2023-05-28 01:04:57,565 [INFO] IPUIPlugin:80 - create IPUIPlugin
2023-05-28 01:04:57,565 [INFO] PluginManager:220 - loadIPPluginJar : add spi
2023-05-28 01:04:57,588 [INFO] IPUIPlugin:80 - create IPUIPlugin
2023-05-28 01:04:57,588 [INFO] PluginManager:220 - loadIPPluginJar : add stm32_wpan
2023-05-28 01:04:57,599 [INFO] IPUIPlugin:80 - create IPUIPlugin
2023-05-28 01:04:57,600 [INFO] PluginManager:220 - loadIPPluginJar : add tim
2023-05-28 01:04:57,622 [INFO] IPUIPlugin:80 - create IPUIPlugin
2023-05-28 01:04:57,623 [INFO] PluginManager:220 - loadIPPluginJar : add touchsensing
2023-05-28 01:04:57,649 [INFO] IPUIPlugin:80 - create IPUIPlugin
2023-05-28 01:04:57,649 [INFO] PluginManager:220 - loadIPPluginJar : add tracer_emb
2023-05-28 01:04:57,661 [INFO] IPUIPlugin:80 - create IPUIPlugin
2023-05-28 01:04:57,661 [INFO] PluginManager:220 - loadIPPluginJar : add ts
2023-05-28 01:04:57,671 [INFO] IPUIPlugin:80 - create IPUIPlugin
2023-05-28 01:04:57,671 [INFO] PluginManager:220 - loadIPPluginJar : add tsc
2023-05-28 01:04:57,683 [INFO] IPUIPlugin:80 - create IPUIPlugin
2023-05-28 01:04:57,683 [INFO] PluginManager:220 - loadIPPluginJar : add ucpd
2023-05-28 01:04:57,700 [INFO] IPUIPlugin:80 - create IPUIPlugin
2023-05-28 01:04:57,701 [INFO] PluginManager:220 - loadIPPluginJar : add usart
2023-05-28 01:04:57,717 [INFO] IPUIPlugin:80 - create IPUIPlugin
2023-05-28 01:04:57,718 [INFO] PluginManager:220 - loadIPPluginJar : add usbx
2023-05-28 01:04:57,840 [INFO] CADModel:165 - CPN selected for project level
2023-05-28 01:04:57,841 [INFO] CADModel:114 - Register for checkConnection events
2023-05-28 01:04:57,842 [FATAL] Updater:308 - Updater called before beeing initialized
2023-05-28 01:04:57,842 [ERROR] CADModel:125 - Updater not yet initialized, retry later 
2023-05-28 01:04:57,991 [INFO] CADModel:165 - CPN selected for project level
2023-05-28 01:04:57,991 [INFO] CADModel:114 - Register for checkConnection events
2023-05-28 01:04:57,991 [FATAL] Updater:308 - Updater called before beeing initialized
2023-05-28 01:04:57,991 [ERROR] CADModel:125 - Updater not yet initialized, retry later 
2023-05-28 01:04:57,995 [FATAL] Updater:308 - Updater called before beeing initialized
2023-05-28 01:04:58,087 [FATAL] Updater:308 - Updater called before beeing initialized
2023-05-28 01:04:58,100 [INFO] DbMcusAds:53 - JSON generation date=Tue Mar 07 11:50:54 GMT+03:00 2023 (1678179054945)
2023-05-28 01:04:58,100 [FATAL] Updater:308 - Updater called before beeing initialized
2023-05-28 01:04:58,161 [WARN] DetailPanel:346 - Failed to get advertising image, set to default
2023-05-28 01:04:58,249 [FATAL] Updater:308 - Updater called before beeing initialized
2023-05-28 01:04:58,251 [FATAL] Updater:308 - Updater called before beeing initialized
2023-05-28 01:04:58,251 [FATAL] Updater:308 - Updater called before beeing initialized
2023-05-28 01:04:58,251 [WARN] DetailPanel:346 - Failed to get advertising image, set to default
2023-05-28 01:04:58,252 [FATAL] Updater:308 - Updater called before beeing initialized
2023-05-28 01:04:58,303 [ERROR] Updater:1120 - MainUpdater not yet initialized. External WinMGr cannot be set.
2023-05-28 01:04:58,309 [INFO] Updater:1056 - Updater Version found : 6.8.1
2023-05-28 01:04:58,324 [INFO] ApplicationProperties:184 - Using Application install path: C:\ST\STM32CubeIDE_1.12.1\STM32CubeIDE\plugins\com.st.stm32cube.common.mx_6.8.1.202304191431
2023-05-28 01:04:58,640 [INFO] MainUpdater:2854 - connection check result : 10
2023-05-28 01:04:58,642 [INFO] MainUpdater:283 - Updater Check For Update Now.
2023-05-28 01:04:58,643 [INFO] MicroXplorer:498 - Change Database Version : DB.6.0.81
2023-05-28 01:04:58,799 [INFO] CheckServerUpdateThread:120 - End of CheckServer Thread
2023-05-28 01:04:58,872 [INFO] MainUpdater:2854 - connection check result : 10
2023-05-28 01:04:58,878 [INFO] MainUpdater:2854 - connection check result : 10
2023-05-28 01:04:58,976 [INFO] MicroXplorer:468 - Change Database Path : 
2023-05-28 01:04:58,976 [INFO] MicroXplorer:498 - Change Database Version : DB.6.0.81
2023-05-28 01:04:58,977 [WARN] ThirdParty:871 - waiting for thirdparty lock release [close project]
2023-05-28 01:04:59,997 [WARN] PackLoader:240 - Cannot read IP mode file for STMicroelectronics.X-CUBE-GNSS1.6.0.0
2023-05-28 01:05:00,051 [WARN] PackLoader:240 - Cannot read IP mode file for STMicroelectronics.X-CUBE-AZRTOS-F4.1.1.0
2023-05-28 01:05:00,068 [WARN] PackLoader:240 - Cannot read IP mode file for STMicroelectronics.X-CUBE-SMBUS.2.1.0
2023-05-28 01:05:00,076 [WARN] PackLoader:240 - Cannot read IP mode file for wolfSSL.I-CUBE-wolfSSL.5.6.0
2023-05-28 01:05:00,100 [WARN] PackLoader:240 - Cannot read IP mode file for STMicroelectronics.X-CUBE-AZRTOS-F7.1.1.0
2023-05-28 01:05:00,182 [WARN] PackLoader:240 - Cannot read IP mode file for STMicroelectronics.X-CUBE-MEMS1.9.6.0
2023-05-28 01:05:00,431 [ERROR] RealEvaluatedCondition:428 - Found unsupported composite condition: GROUP='STM32_MetaDataManager' CLASS='Data Exchange'
2023-05-28 01:05:00,431 [ERROR] RealEvaluatedCondition:428 - Found unsupported composite condition: GROUP='STM32_MetaDataManager' CLASS='Data Exchange'
2023-05-28 01:05:00,432 [WARN] PackLoader:240 - Cannot read IP mode file for STMicroelectronics.FP-SNS-MOTENV1.4.3.0
2023-05-28 01:05:00,441 [WARN] PackLoader:240 - Cannot read IP mode file for STMicroelectronics.FP-SNS-FLIGHT1.5.0.0
2023-05-28 01:05:00,453 [ERROR] RealEvaluatedCondition:428 - Found unsupported composite condition: CLASS='Data Exchange' GROUP='STM32_MetaDataManager'
2023-05-28 01:05:00,454 [ERROR] RealEvaluatedCondition:428 - Found unsupported composite condition: CLASS='Data Exchange' GROUP='STM32_MetaDataManager'
2023-05-28 01:05:00,455 [WARN] PackLoader:240 - Cannot read IP mode file for STMicroelectronics.FP-SNS-MOTENV1.4.3.1
2023-05-28 01:05:00,466 [WARN] PackLoader:240 - Cannot read IP mode file for STMicroelectronics.FP-SNS-FLIGHT1.5.0.1
2023-05-28 01:05:00,481 [WARN] PackLoader:240 - Cannot read IP mode file for STMicroelectronics.X-CUBE-BLE1.6.2.4
2023-05-28 01:05:00,499 [WARN] PackLoader:240 - Cannot read IP mode file for emotas.I-CUBE-CANOPEN.1.1.3
2023-05-28 01:05:00,519 [WARN] PackLoader:240 - Cannot read IP mode file for STMicroelectronics.X-CUBE-BLEMGR.2.0.0
2023-05-28 01:05:00,562 [WARN] ConditionMgr:438 - getConditionDescription Invalid condition id : UX DEVICE CLASS RTOS Condition cause : null
2023-05-28 01:05:00,562 [WARN] ConditionMgr:438 - getConditionDescription Invalid condition id : UX DEVICE CLASS RTOS Condition cause : null
2023-05-28 01:05:00,567 [WARN] PackLoader:240 - Cannot read IP mode file for STMicroelectronics.X-CUBE-AZRTOS-H7.3.1.0
2023-05-28 01:05:00,568 [WARN] ConditionMgr:1039 - genDependencies : Invalid condition id : UX DEVICE CLASS RTOS Condition cause : null
2023-05-28 01:05:00,569 [WARN] ConditionMgr:1039 - genDependencies : Invalid condition id : UX DEVICE CLASS RTOS Condition cause : null
2023-05-28 01:05:00,570 [WARN] ConditionMgr:1039 - genDependencies : Invalid condition id : UX DEVICE CLASS RTOS Condition cause : null
2023-05-28 01:05:00,570 [WARN] ConditionMgr:1039 - genDependencies : Invalid condition id : UX DEVICE CLASS RTOS Condition cause : null
2023-05-28 01:05:00,570 [WARN] ConditionMgr:1039 - genDependencies : Invalid condition id : UX DEVICE CLASS RTOS Condition cause : null
2023-05-28 01:05:00,593 [WARN] PackLoader:240 - Cannot read IP mode file for STMicroelectronics.X-CUBE-DISPLAY.3.0.0
2023-05-28 01:05:00,613 [WARN] PackLoader:240 - Cannot read IP mode file for STMicroelectronics.X-CUBE-NFC7.1.0.0
2023-05-28 01:05:00,624 [WARN] PackLoader:240 - Cannot read IP mode file for STMicroelectronics.X-CUBE-EEPRMA1.4.1.0
2023-05-28 01:05:00,664 [WARN] ConditionMgr:438 - getConditionDescription Invalid condition id : LAN8742 Phy interface Condition cause : null
2023-05-28 01:05:00,665 [WARN] PackLoader:240 - Cannot read IP mode file for STMicroelectronics.X-CUBE-AZRTOS-L4.2.0.0
2023-05-28 01:05:00,666 [WARN] ConditionMgr:1039 - genDependencies : Invalid condition id : LAN8742 Phy interface Condition cause : null
2023-05-28 01:05:00,666 [WARN] ConditionMgr:1039 - genDependencies : Invalid condition id : LAN8742 Phy interface Condition cause : null
2023-05-28 01:05:00,667 [WARN] ConditionMgr:1039 - genDependencies : Invalid condition id : LAN8742 Phy interface Condition cause : null
2023-05-28 01:05:00,681 [WARN] PackLoader:240 - Cannot read IP mode file for WES.I-CUBE-Cesium.1.3.0
2023-05-28 01:05:00,693 [WARN] PackLoader:240 - Cannot read IP mode file for STMicroelectronics.X-CUBE-SFXS2LP1.4.0.0
2023-05-28 01:05:00,707 [WARN] PackLoader:240 - Cannot read IP mode file for STMicroelectronics.X-CUBE-BLE2.3.3.0
2023-05-28 01:05:00,718 [WARN] PackLoader:240 - Cannot read IP mode file for STMicroelectronics.X-CUBE-ISPU.1.1.0
2023-05-28 01:05:00,730 [WARN] PackLoader:240 - Cannot read IP mode file for STMicroelectronics.X-CUBE-AI.8.0.0
2023-05-28 01:05:00,742 [WARN] PackLoader:240 - Cannot read IP mode file for STMicroelectronics.X-CUBE-FREERTOS.1.0.1
2023-05-28 01:05:00,753 [WARN] PackLoader:240 - Cannot read IP mode file for STMicroelectronics.X-CUBE-TOUCHGFX.4.21.3
2023-05-28 01:05:00,757 [WARN] PackLoader:240 - Cannot read IP mode file for STMicroelectronics.X-CUBE-TOUCHGFX.4.21.4
2023-05-28 01:05:00,774 [WARN] PackLoader:240 - Cannot read IP mode file for STMicroelectronics.X-CUBE-ALGOBUILD.1.3.0
2023-05-28 01:05:00,810 [WARN] PackLoader:240 - Cannot read IP mode file for STMicroelectronics.X-CUBE-AZRTOS-L5.1.1.0
2023-05-28 01:05:00,850 [WARN] PackLoader:240 - Cannot read IP mode file for STMicroelectronics.X-CUBE-AZRTOS-G0.1.1.0
2023-05-28 01:05:00,861 [WARN] PackLoader:240 - Cannot read IP mode file for STMicroelectronics.X-CUBE-AI.8.0.1
2023-05-28 01:05:00,882 [WARN] PackLoader:240 - Cannot read IP mode file for STMicroelectronics.X-CUBE-SUBG2.5.0.0
2023-05-28 01:05:00,901 [WARN] PackLoader:240 - Cannot read IP mode file for STMicroelectronics.X-CUBE-NFC4.3.0.0
2023-05-28 01:05:00,934 [WARN] PackLoader:240 - Cannot read IP mode file for STMicroelectronics.X-CUBE-AZRTOS-G4.2.0.0
2023-05-28 01:05:00,953 [WARN] PackLoader:240 - Cannot read IP mode file for STMicroelectronics.X-CUBE-TOF1.3.3.0
2023-05-28 01:05:00,969 [WARN] PackLoader:240 - Cannot read IP mode file for STMicroelectronics.FP-ATR-SIGFOX1.3.2.0
2023-05-28 01:05:01,004 [WARN] PackLoader:240 - Cannot read IP mode file for STMicroelectronics.X-CUBE-AZRTOS-L4.1.0.0
2023-05-28 01:05:01,033 [WARN] PackLoader:240 - Cannot read IP mode file for STMicroelectronics.X-CUBE-AZRTOS-WL.1.0.0
2023-05-28 01:05:01,047 [WARN] PackLoader:240 - Cannot read IP mode file for portGmbH.I-Cube-SoM-uGOAL.1.1.0
2023-05-28 01:05:01,057 [WARN] PackLoader:240 - Cannot read IP mode file for STMicroelectronics.X-CUBE-ALS.1.0.1
2023-05-28 01:05:01,101 [WARN] PackLoader:240 - Cannot read IP mode file for STMicroelectronics.X-CUBE-AZRTOS-WB.1.1.0
2023-05-28 01:05:01,145 [WARN] PackLoader:240 - Cannot read IP mode file for SEGGER.I-CUBE-embOS.1.3.1
2023-05-28 01:05:01,200 [WARN] PackLoader:240 - Cannot read IP mode file for STMicroelectronics.FP-ATR-ASTRA1.2.0.0
2023-05-28 01:05:01,201 [INFO] ThirdParty:978 - Integrity check success = true
2023-05-28 01:05:01,201 [INFO] IntegrityCheckThread:100 - exiting critical section [integrity check]
2023-05-28 01:05:01,201 [INFO] IntegrityCheckThread:103 - End integrity checks thread
2023-05-28 01:05:01,201 [INFO] ThirdParty:873 - entering critical section [close project]
2023-05-28 01:05:01,202 [INFO] ThirdParty:883 - exiting critical section [close project]
2023-05-28 01:05:01,209 [INFO] PinOutPanel:1499 - setPackage(No Configuration,No Configuration)
2023-05-28 01:05:01,217 [INFO] UtilMem:75 - Begin LoadConfig() Used Memory: 399837800 Bytes (426770432)
2023-05-28 01:05:01,219 [INFO] MicroXplorer:468 - Change Database Path : 
2023-05-28 01:05:01,219 [INFO] MicroXplorer:498 - Change Database Version : DB.6.0.81
2023-05-28 01:05:01,219 [INFO] OpenFileManager:308 - Change cursor
2023-05-28 01:05:01,268 [INFO] Mcu:1937 - Initializing MCU STM32F407V(E-G)Tx STM32F407VGTx STM32F407VGT6
2023-05-28 01:05:02,801 [INFO] Context:659 - Trying to add GPIOservice into a context  which must be forbidden
2023-05-28 01:05:03,609 [INFO] RtosManager:555 - Registered RTOS mode: class=CMSIS, group=RTOS, mode=CMSIS_V1, owner=FREERTOS
2023-05-28 01:05:03,609 [INFO] RtosManager:555 - Registered RTOS mode: class=CMSIS, group=RTOS2, mode=CMSIS_V2, owner=FREERTOS
2023-05-28 01:05:03,609 [INFO] RtosManager:555 - Registered RTOS mode: class=RTOS, group=Core, mode=CMSIS_V1, owner=FREERTOS
2023-05-28 01:05:03,609 [INFO] RtosManager:555 - Registered RTOS mode: class=RTOS, group=Core, mode=CMSIS_V2, owner=FREERTOS
2023-05-28 01:05:03,610 [WARN] ModelIntegratedComponent:184 - Missing modes for component STMicroelectronics:FreeRTOS:0.0.1:STMicroelectronics:RTOS:FreeRTOS:Core:::10.2.0:
2023-05-28 01:05:03,620 [WARN] ModelIntegratedComponent:63 - No mode defined for component null
2023-05-28 01:05:03,620 [WARN] ModelIntegratedComponent:63 - No mode defined for component null
2023-05-28 01:05:03,621 [WARN] ModelIntegratedComponent:63 - No mode defined for component null
2023-05-28 01:05:03,621 [WARN] ModelIntegratedComponent:63 - No mode defined for component null
2023-05-28 01:05:03,621 [WARN] ModelIntegratedComponent:63 - No mode defined for component null
2023-05-28 01:05:03,621 [WARN] ModelIntegratedComponent:63 - No mode defined for component null
2023-05-28 01:05:03,621 [WARN] ModelIntegratedComponent:63 - No mode defined for component null
2023-05-28 01:05:03,621 [WARN] ModelIntegratedComponent:63 - No mode defined for component null
2023-05-28 01:05:03,621 [WARN] ModelIntegratedComponent:63 - No mode defined for component null
2023-05-28 01:05:03,621 [WARN] ModelIntegratedComponent:63 - No mode defined for component null
2023-05-28 01:05:03,621 [WARN] ModelIntegratedComponent:63 - No mode defined for component null
2023-05-28 01:05:03,621 [WARN] ModelIntegratedComponent:63 - No mode defined for component null
2023-05-28 01:05:03,621 [WARN] ModelIntegratedComponent:63 - No mode defined for component null
2023-05-28 01:05:03,622 [WARN] ModelIntegratedComponent:63 - No mode defined for component null
2023-05-28 01:05:03,622 [WARN] ModelIntegratedComponent:63 - No mode defined for component null
2023-05-28 01:05:03,622 [WARN] ModelIntegratedComponent:63 - No mode defined for component null
2023-05-28 01:05:03,622 [WARN] ModelIntegratedComponent:63 - No mode defined for component null
2023-05-28 01:05:03,622 [WARN] ModelIntegratedComponent:63 - No mode defined for component null
2023-05-28 01:05:03,622 [WARN] ModelIntegratedComponent:63 - No mode defined for component null
2023-05-28 01:05:03,622 [WARN] ModelIntegratedComponent:63 - No mode defined for component null
2023-05-28 01:05:03,622 [WARN] ModelIntegratedComponent:63 - No mode defined for component null
2023-05-28 01:05:03,622 [WARN] ModelIntegratedComponent:63 - No mode defined for component null
2023-05-28 01:05:03,622 [WARN] ModelIntegratedComponent:63 - No mode defined for component null
2023-05-28 01:05:03,622 [WARN] ModelIntegratedComponent:63 - No mode defined for component null
2023-05-28 01:05:03,622 [WARN] ModelIntegratedComponent:63 - No mode defined for component null
2023-05-28 01:05:03,622 [WARN] ModelIntegratedComponent:63 - No mode defined for component null
2023-05-28 01:05:03,622 [WARN] ModelIntegratedComponent:63 - No mode defined for component null
2023-05-28 01:05:03,622 [WARN] ModelIntegratedComponent:63 - No mode defined for component null
2023-05-28 01:05:03,622 [WARN] ModelIntegratedComponent:63 - No mode defined for component null
2023-05-28 01:05:03,622 [WARN] ModelIntegratedComponent:63 - No mode defined for component null
2023-05-28 01:05:03,623 [WARN] ModelIntegratedComponent:63 - No mode defined for component null
2023-05-28 01:05:03,623 [WARN] ModelIntegratedComponent:63 - No mode defined for component null
2023-05-28 01:05:03,623 [WARN] ModelIntegratedComponent:63 - No mode defined for component null
2023-05-28 01:05:03,650 [INFO] ThirdPartyModel:298 - Start build external matchings
2023-05-28 01:05:03,889 [INFO] ThirdPartyModel:316 - End build external matchings
2023-05-28 01:05:03,909 [INFO] ImportTextPane:194 - (OptionalMessage_ERROR) IP (RCC) : Parameter (RTCHSEDivFreq_Value) has invalid value (4000000)
2023-05-28 01:05:04,144 [INFO] UtilMem:75 - End LoadConfig() Used Memory: 549944624 Bytes (670040064)
2023-05-28 01:05:04,248 [INFO] ApiDb:581 - Connected to CubeFinder SQLite database (C:\Users\User\.stmcufinder\plugins\mcufinder\mcu\cube-finder-db.db)
2023-05-28 01:05:04,332 [INFO] ApiDb:668 - CubeFinder database Data Model version=2.1
2023-05-28 01:05:04,332 [INFO] ApiDb:669 - CubeFinder database Configuration version=3.0.35
2023-05-28 01:05:04,332 [INFO] ApiDb:670 - CubeFinder database generation date=2023-05-12 (1683877179)
2023-05-28 01:05:04,332 [INFO] ApiDb:671 - CubeFinder database FW Pack versions=[FP-ATR-ASTRA1_V2.0.0, FP-SNS-FLIGHT1_V5.0.0, FP-SNS-MOTENV1_V4.3.0, STM32Cube_FW_C0_V1.0.1, STM32Cube_FW_F0_V1.11.4, STM32Cube_FW_F3_V1.11.4, STM32Cube_FW_F4_V1.27.1, STM32Cube_FW_F7_V1.17.0, STM32Cube_FW_G0_V1.6.1, STM32Cube_FW_G4_V1.5.1, STM32Cube_FW_H5_V0.5.1, STM32Cube_FW_H5_V1.0.0, STM32Cube_FW_H7_V1.11.0, STM32Cube_FW_L0_V1.12.2, STM32Cube_FW_L5_V1.5.0, STM32Cube_FW_U5_V1.2.0, STM32Cube_FW_WBA_V1.0.0, STM32Cube_FW_WBA_V1.0.0RC1, STM32Cube_FW_WBA_V1.0.0RC3, STM32Cube_FW_WB_V1.15.0RC1, STM32Cube_FW_WB_V1.16.0, STM32Cube_FW_WB_V1.16.0RC2, STM32Cube_FW_WL_V1.3.0, X-CUBE-ALGOBUILD_V1.3.0, X-CUBE-ALS_V1.0.1, X-CUBE-AZRTOS-F4_V1.1.0, X-CUBE-AZRTOS-F7_V1.1.0, X-CUBE-AZRTOS-G0_V1.1.0, X-CUBE-AZRTOS-G4_V2.0.0, X-CUBE-AZRTOS-H7_V3.1.0, X-CUBE-AZRTOS-L4_V1.0.0, X-CUBE-AZRTOS-L5_V1.1.0, X-CUBE-AZRTOS-WB_V1.1.0, X-CUBE-AZRTOS-WL_V1.0.0, X-CUBE-BLE1_V6.2.4, X-CUBE-BLE2_V3.3.0, X-CUBE-BLEMGR_V2.0.0, X-CUBE-EEPRMA1_V4.1.0, X-CUBE-FREERTOS_V1.0.1, X-CUBE-GNSS1_V6.0.0, X-CUBE-MEMS1_V9.1.0, X-CUBE-MEMS1_V9.4.0, X-CUBE-MEMS1_V9.6.0, X-CUBE-NFC4_V3.0.0, X-CUBE-NFC7_V1.0.0, X-CUBE-SFXS2LP1_V4.0.0, X-CUBE-SUBG2_V5.0.0]
2023-05-28 01:05:06,431 [INFO] ApiDb:240 - Found 297 in-development CPN: [B-G473E-ZEST1S, B-WB1M-WPAN1, B-WL5M-SUBG1, NUCLEO-C031C6, NUCLEO-H503RB, NUCLEO-H563ZI, NUCLEO-U545RE-Q, NUCLEO-U5A5ZJ-Q, NUCLEO-WBA52CG, STEVAL-PROTEUS1, STEVAL-STWINBX1, STM320518-EVAL, STM32C0116-DK, STM32C011D6Y3TR, STM32C011D6Y6TR, STM32C011F4P3, STM32C011F4P6, STM32C011F4U3, STM32C011F4U6TR, STM32C011F6P3, STM32C011F6P6, STM32C011F6U3, STM32C011F6U6TR, STM32C011J4M3, STM32C011J4M6, STM32C011J6M3, STM32C011J6M6, STM32C0316-DK, STM32C031C4T3, STM32C031C4T6, STM32C031C4U3, STM32C031C4U6, STM32C031C6T3, STM32C031C6T6, STM32C031C6U3, STM32C031C6U6, STM32C031F4P3, STM32C031F4P6, STM32C031F6P3, STM32C031F6P6, STM32C031G4U3, STM32C031G4U6, STM32C031G6U3, STM32C031G6U6, STM32C031K4T3, STM32C031K4T6, STM32C031K4U3, STM32C031K4U6, STM32C031K6T3, STM32C031K6T6, STM32C031K6U3, STM32C031K6U6, STM32G071K8TXN, STM32G071K8UXN, STM32G081GBU6N, STM32G081KBT6N, STM32G081KBUXN, STM32G0B1CCT6N, STM32G0B1KCT6, STM32G0B1NEY6TR, STM32G0B1RCT6N, STM32G0C1CCT6, STM32G0C1CCT6N, STM32G0C1CCU6N, STM32G0C1CET6N, STM32G0C1CEU6N, STM32G0C1KCT6, STM32G0C1NEY6TR, STM32G0C1RCI6N, STM32G0C1RCT6N, STM32G0C1REI6N, STM32G0C1RET6N, STM32G0C1VCI6, STM32G0C1VEI6, STM32G471CCT6, STM32G471CCU6, STM32G471CET3, STM32G471CET6, STM32G471CEU3, STM32G471CEU6, STM32G471MCT6, STM32G471MET3, STM32G471MET6, STM32G471MEY6TR, STM32G471QCT6, STM32G471QET3, STM32G471RCT6, STM32G471RET3, STM32G471RET6, STM32G471VCH6, STM32G471VCI6, STM32G471VCT6, STM32G471VEH3, STM32G471VEH6, STM32G471VEI3, STM32G471VEI6, STM32G471VET3, STM32G471VET6, STM32G474CCT6, STM32H503CBT6, STM32H503CBU6, STM32H503EBY6TR, STM32H503KBU6, STM32H503RBT6, STM32H562AGI6, STM32H562AII6, STM32H562IGK6, STM32H562IGT6, STM32H562IIK6, STM32H562IIT6, STM32H562RGT6, STM32H562RGV6, STM32H562RIT6, STM32H562RIV6, STM32H562VGT6, STM32H562VIT6, STM32H562ZGT6, STM32H562ZIT6, STM32H563AGI6, STM32H563AII3Q, STM32H563AII6, STM32H563IGK6, STM32H563IGT6, STM32H563IIK3Q, STM32H563IIK6, STM32H563IIT3Q, STM32H563IIT6, STM32H563MIY3QTR, STM32H563RGT6, STM32H563RGV6, STM32H563RIT6, STM32H563RIV6, STM32H563VGT6, STM32H563VIT3Q, STM32H563VIT6, STM32H563ZGT6, STM32H563ZIT3Q, STM32H563ZIT6, STM32H573AII3Q, STM32H573AII6, STM32H573I-DK, STM32H573IIK3Q, STM32H573IIK6, STM32H573IIT3Q, STM32H573IIT6, STM32H573MIY3QTR, STM32H573RIT6, STM32H573RIV6, STM32H573VIT3Q, STM32H573VIT6, STM32H573ZIT3Q, STM32H573ZIT6, STM32L4R5QGI6STR, STM32MP131AAE3, STM32MP131AAF3, STM32MP131AAG3, STM32MP131CAE3, STM32MP131CAF3, STM32MP131CAG3, STM32MP131DAE7, STM32MP131DAF7, STM32MP131DAG7, STM32MP131FAE7, STM32MP131FAF7, STM32MP131FAG7, STM32MP133AAE3, STM32MP133AAF3, STM32MP133AAG3, STM32MP133CAE3, STM32MP133CAF3, STM32MP133CAG3, STM32MP133DAE7, STM32MP133DAF7, STM32MP133DAG7, STM32MP133FAE7, STM32MP133FAF7, STM32MP133FAG7, STM32MP135AAE3, STM32MP135AAF3, STM32MP135AAG3, STM32MP135CAE3, STM32MP135CAF3, STM32MP135CAG3, STM32MP135DAE7, STM32MP135DAF7, STM32MP135DAG7, STM32MP135F-DK, STM32MP135FAE7, STM32MP135FAF7, STM32MP135FAF7T, STM32MP135FAF7U, STM32MP135FAG7, STM32U535CBT6, STM32U535CBT6Q, STM32U535CBU6, STM32U535CBU6Q, STM32U535CCT6, STM32U535CCT6Q, STM32U535CCU6, STM32U535CCU6Q, STM32U535CET6, STM32U535CET6Q, STM32U535CEU6, STM32U535CEU6Q, STM32U535JEY6QTR, STM32U535NCY6QTR, STM32U535NEY6QTR, STM32U535RBI6, STM32U535RBI6Q, STM32U535RBT6, STM32U535RBT6Q, STM32U535RCI6, STM32U535RCI6Q, STM32U535RCT6, STM32U535RCT6Q, STM32U535REI6, STM32U535REI6Q, STM32U535RET6, STM32U535RET6Q, STM32U535VCI6, STM32U535VCI6Q, STM32U535VCT6, STM32U535VCT6Q, STM32U535VEI6, STM32U535VEI6Q, STM32U535VET6, STM32U535VET6Q, STM32U545CET6, STM32U545CET6Q, STM32U545CEU6, STM32U545CEU6Q, STM32U545JEY6QTR, STM32U545NEY6QTR, STM32U545REI6, STM32U545REI6Q, STM32U545RET6, STM32U545RET6Q, STM32U545VEI6, STM32U545VEI6Q, STM32U545VET6, STM32U545VET6Q, STM32U595AIH6, STM32U595AIH6Q, STM32U595AJH6, STM32U595AJH6Q, STM32U595QII6, STM32U595QII6Q, STM32U595QJI6, STM32U595QJI6Q, STM32U595RIT6, STM32U595RIT6Q, STM32U595RJT6, STM32U595RJT6Q, STM32U595VIT6, STM32U595VIT6Q, STM32U595VJT6, STM32U595VJT6Q, STM32U595ZIT6, STM32U595ZIT6Q, STM32U595ZIY6QTR, STM32U595ZJT6, STM32U595ZJT6Q, STM32U595ZJY6QTR, STM32U599BJY6QTR, STM32U599NIH6Q, STM32U599NJH6Q, STM32U599VIT6Q, STM32U599VJT6, STM32U599VJT6Q, STM32U599ZIT6Q, STM32U599ZIY6QTR, STM32U599ZJT6Q, STM32U599ZJY6QTR, STM32U5A5AJH6, STM32U5A5AJH6Q, STM32U5A5QJI6, STM32U5A5QJI6Q, STM32U5A5RJT6, STM32U5A5RJT6Q, STM32U5A5VJT6, STM32U5A5VJT6Q, STM32U5A5ZJT6, STM32U5A5ZJT6Q, STM32U5A5ZJY6QTR, STM32U5A9BJY6QTR, STM32U5A9J-DK, STM32U5A9NJH6Q, STM32U5A9VJT6Q, STM32U5A9ZJT6Q, STM32U5A9ZJY6QTR, STM32WB1MMCH6, STM32WBA52CEU6, STM32WBA52CEU6T, STM32WBA52CGU6, STM32WBA52CGU6T, STM32WL5MOCH6, STM32WL5MOCH6TR]
2023-05-28 01:05:06,434 [INFO] DbMcus:216 - Found 3775 MCUs, 3775 are supported
2023-05-28 01:05:06,437 [INFO] ApiDb:423 - Load user favorites file C:\Users\User/.stm32cubeide/favorites.mcus.txt: 0 item(s)
2023-05-28 01:05:06,437 [INFO] ApiDb:427 - User favorites MCUs=[]
2023-05-28 01:05:06,437 [INFO] DbMcus:222 - Set 0 / 0 favorites MCUs
2023-05-28 01:05:06,774 [WARN] ThirdParty:833 - waiting for thirdparty lock release [change project]
2023-05-28 01:05:06,774 [INFO] ThirdParty:835 - entering critical section [change project]
2023-05-28 01:05:06,774 [INFO] ThirdParty:1030 - CMSIS Pack Vendor :STMicroelectronics X-CUBE-ISPU 1.1.0
2023-05-28 01:05:06,774 [INFO] ThirdParty:1030 - CMSIS Pack Vendor :STMicroelectronics X-CUBE-GNSS1 6.0.0
2023-05-28 01:05:06,774 [INFO] ThirdParty:1030 - CMSIS Pack Vendor :STMicroelectronics USB_HOST 2.0.0
2023-05-28 01:05:06,774 [INFO] ThirdParty:1030 - CMSIS Pack Vendor :STMicroelectronics X-CUBE-AZRTOS-F4 1.1.0
2023-05-28 01:05:06,774 [INFO] ThirdParty:1030 - CMSIS Pack Vendor :STMicroelectronics LIBJPEG 8.0.0
2023-05-28 01:05:06,774 [INFO] ThirdParty:1030 - CMSIS Pack Vendor :STMicroelectronics X-CUBE-SMBUS 2.1.0
2023-05-28 01:05:06,774 [INFO] ThirdParty:1030 - CMSIS Pack Vendor :wolfSSL I-CUBE-wolfSSL 5.6.0
2023-05-28 01:05:06,774 [INFO] ThirdParty:1030 - CMSIS Pack Vendor :STMicroelectronics USB_DEVICE 3.0.0
2023-05-28 01:05:06,774 [INFO] ThirdParty:1030 - CMSIS Pack Vendor :STMicroelectronics X-CUBE-AI 8.0.0
2023-05-28 01:05:06,774 [INFO] ThirdParty:1030 - CMSIS Pack Vendor :STMicroelectronics X-CUBE-FREERTOS 1.0.1
2023-05-28 01:05:06,774 [INFO] ThirdParty:1030 - CMSIS Pack Vendor :STMicroelectronics X-CUBE-TOUCHGFX 4.21.3
2023-05-28 01:05:06,774 [INFO] ThirdParty:1030 - CMSIS Pack Vendor :STMicroelectronics X-CUBE-AZRTOS-F7 1.1.0
2023-05-28 01:05:06,774 [INFO] ThirdParty:1030 - CMSIS Pack Vendor :STMicroelectronics X-CUBE-TOUCHGFX 4.21.4
2023-05-28 01:05:06,775 [INFO] ThirdParty:1030 - CMSIS Pack Vendor :STMicroelectronics USB_DEVICE 2.0.0
2023-05-28 01:05:06,775 [INFO] ThirdParty:1030 - CMSIS Pack Vendor :STMicroelectronics X-CUBE-MEMS1 9.6.0
2023-05-28 01:05:06,775 [INFO] ThirdParty:1030 - CMSIS Pack Vendor :STMicroelectronics FP-SNS-MOTENV1 4.3.0
2023-05-28 01:05:06,775 [INFO] ThirdParty:1030 - CMSIS Pack Vendor :STMicroelectronics FP-SNS-FLIGHT1 5.0.0
2023-05-28 01:05:06,775 [INFO] ThirdParty:1030 - CMSIS Pack Vendor :STMicroelectronics FP-SNS-MOTENV1 4.3.1
2023-05-28 01:05:06,775 [INFO] ThirdParty:1030 - CMSIS Pack Vendor :STMicroelectronics FP-SNS-FLIGHT1 5.0.1
2023-05-28 01:05:06,775 [INFO] ThirdParty:1030 - CMSIS Pack Vendor :STMicroelectronics X-CUBE-ALGOBUILD 1.3.0
2023-05-28 01:05:06,775 [INFO] ThirdParty:1030 - CMSIS Pack Vendor :STMicroelectronics X-CUBE-BLE1 6.2.4
2023-05-28 01:05:06,775 [INFO] ThirdParty:1030 - CMSIS Pack Vendor :STMicroelectronics X-CUBE-AZRTOS-L5 1.1.0
2023-05-28 01:05:06,775 [INFO] ThirdParty:1030 - CMSIS Pack Vendor :STMicroelectronics FreeRTOS 0.0.1
2023-05-28 01:05:06,775 [INFO] ThirdParty:1030 - CMSIS Pack Vendor :emotas I-CUBE-CANOPEN 1.1.3
2023-05-28 01:05:06,775 [INFO] ThirdParty:1030 - CMSIS Pack Vendor :STMicroelectronics X-CUBE-AZRTOS-G0 1.1.0
2023-05-28 01:05:06,775 [INFO] ThirdParty:1030 - CMSIS Pack Vendor :STMicroelectronics X-CUBE-BLEMGR 2.0.0
2023-05-28 01:05:06,775 [INFO] ThirdParty:1030 - CMSIS Pack Vendor :STMicroelectronics X-CUBE-AI 8.0.1
2023-05-28 01:05:06,775 [INFO] ThirdParty:1030 - CMSIS Pack Vendor :STMicroelectronics X-CUBE-SUBG2 5.0.0
2023-05-28 01:05:06,775 [INFO] ThirdParty:1030 - CMSIS Pack Vendor :STMicroelectronics X-CUBE-NFC4 3.0.0
2023-05-28 01:05:06,775 [INFO] ThirdParty:1030 - CMSIS Pack Vendor :STMicroelectronics STM32_WPAN 1.0.0
2023-05-28 01:05:06,775 [INFO] ThirdParty:1030 - CMSIS Pack Vendor :STMicroelectronics lwIP 2.0.3
2023-05-28 01:05:06,775 [INFO] ThirdParty:1030 - CMSIS Pack Vendor :STMicroelectronics USB_HOST 1.0.0
2023-05-28 01:05:06,775 [INFO] ThirdParty:1030 - CMSIS Pack Vendor :STMicroelectronics X-CUBE-AZRTOS-G4 2.0.0
2023-05-28 01:05:06,775 [INFO] ThirdParty:1030 - CMSIS Pack Vendor :STMicroelectronics PDM2PCM 3.1.0
2023-05-28 01:05:06,775 [INFO] ThirdParty:1030 - CMSIS Pack Vendor :STMicroelectronics X-CUBE-AZRTOS-H7 3.1.0
2023-05-28 01:05:06,775 [INFO] ThirdParty:1030 - CMSIS Pack Vendor :STMicroelectronics X-CUBE-TOF1 3.3.0
2023-05-28 01:05:06,775 [INFO] ThirdParty:1030 - CMSIS Pack Vendor :STMicroelectronics PDM2PCM 3.3.0
2023-05-28 01:05:06,776 [INFO] ThirdParty:1030 - CMSIS Pack Vendor :STMicroelectronics X-CUBE-DISPLAY 3.0.0
2023-05-28 01:05:06,776 [INFO] ThirdParty:1030 - CMSIS Pack Vendor :STMicroelectronics FP-ATR-SIGFOX1 3.2.0
2023-05-28 01:05:06,776 [INFO] ThirdParty:1030 - CMSIS Pack Vendor :STMicroelectronics X-CUBE-AZRTOS-L4 1.0.0
2023-05-28 01:05:06,776 [INFO] ThirdParty:1030 - CMSIS Pack Vendor :STMicroelectronics HAL Drivers 0.0.0
2023-05-28 01:05:06,776 [INFO] ThirdParty:1030 - CMSIS Pack Vendor :STMicroelectronics MBEDTLS 2.16.2
2023-05-28 01:05:06,776 [INFO] ThirdParty:1030 - CMSIS Pack Vendor :STMicroelectronics MBEDTLS 2.14.1
2023-05-28 01:05:06,776 [INFO] ThirdParty:1030 - CMSIS Pack Vendor :STMicroelectronics X-CUBE-NFC7 1.0.0
2023-05-28 01:05:06,776 [INFO] ThirdParty:1030 - CMSIS Pack Vendor :STMicroelectronics X-CUBE-AZRTOS-WL 1.0.0
2023-05-28 01:05:06,776 [INFO] ThirdParty:1030 - CMSIS Pack Vendor :STMicroelectronics X-CUBE-EEPRMA1 4.1.0
2023-05-28 01:05:06,776 [INFO] ThirdParty:1030 - CMSIS Pack Vendor :portGmbH I-Cube-SoM-uGOAL 1.1.0
2023-05-28 01:05:06,776 [INFO] ThirdParty:1030 - CMSIS Pack Vendor :STMicroelectronics X-CUBE-ALS 1.0.1
2023-05-28 01:05:06,776 [INFO] ThirdParty:1030 - CMSIS Pack Vendor :STMicroelectronics ThreadX 1.0.0
2023-05-28 01:05:06,776 [INFO] ThirdParty:1030 - CMSIS Pack Vendor :STMicroelectronics X-CUBE-AZRTOS-WB 1.1.0
2023-05-28 01:05:06,776 [INFO] ThirdParty:1030 - CMSIS Pack Vendor :SEGGER I-CUBE-embOS 1.3.1
2023-05-28 01:05:06,776 [INFO] ThirdParty:1030 - CMSIS Pack Vendor :STMicroelectronics USB_DEVICE 1.0.0
2023-05-28 01:05:06,776 [INFO] ThirdParty:1030 - CMSIS Pack Vendor :STMicroelectronics X-CUBE-AZRTOS-L4 2.0.0
2023-05-28 01:05:06,776 [INFO] ThirdParty:1030 - CMSIS Pack Vendor :STMicroelectronics ThreadX 0.0.2
2023-05-28 01:05:06,776 [INFO] ThirdParty:1030 - CMSIS Pack Vendor :WES I-CUBE-Cesium 1.3.0
2023-05-28 01:05:06,776 [INFO] ThirdParty:1030 - CMSIS Pack Vendor :STMicroelectronics FP-ATR-ASTRA1 2.0.0
2023-05-28 01:05:06,776 [INFO] ThirdParty:1030 - CMSIS Pack Vendor :STMicroelectronics lwIP 2.1.2
2023-05-28 01:05:06,776 [INFO] ThirdParty:1030 - CMSIS Pack Vendor :STMicroelectronics X-CUBE-SFXS2LP1 4.0.0
2023-05-28 01:05:06,776 [INFO] ThirdParty:1030 - CMSIS Pack Vendor :STMicroelectronics X-CUBE-BLE2 3.3.0
2023-05-28 01:05:06,776 [INFO] ThirdParty:1030 - CMSIS Pack Vendor :STMicroelectronics PDM2PCM 3.2.0
2023-05-28 01:05:06,777 [INFO] ThirdParty:841 - exiting critical section [change project]
2023-05-28 01:05:07,136 [INFO] PinOutPanel:1499 - setPackage(No Configuration,No Configuration)
2023-05-28 01:05:07,137 [INFO] PinOutPanel:1499 - setPackage(STM32F407VGTx,LQFP100)
2023-05-28 01:05:07,628 [INFO] UtilMem:75 - Before build in PCC Used Memory: 518593576 Bytes (710934528)
2023-05-28 01:05:08,315 [INFO] UtilMem:75 - After build in PCC Used Memory: 553605176 Bytes (710934528)
2023-05-28 01:05:08,385 [INFO] ApiDbMcu:507 - Load IP Config File for USB_HOST
2023-05-28 01:05:08,387 [WARN] BspModel:443 - BSP dependency skipped because of component: name='IOExpander', api='Unknown'
2023-05-28 01:05:08,424 [INFO] IPUIPlugin:80 - create IPUIPlugin
2023-05-28 01:05:08,424 [INFO] IPUIPlugin:80 - create IPUIPlugin
2023-05-28 01:05:08,424 [INFO] IPUIPlugin:80 - create IPUIPlugin
2023-05-28 01:05:08,424 [INFO] IPUIPlugin:80 - create IPUIPlugin
2023-05-28 01:05:08,424 [INFO] IPUIPlugin:80 - create IPUIPlugin
2023-05-28 01:05:08,425 [INFO] IPUIPlugin:80 - create IPUIPlugin
2023-05-28 01:05:08,425 [INFO] IPUIPlugin:80 - create IPUIPlugin
2023-05-28 01:05:08,425 [INFO] IPUIPlugin:80 - create IPUIPlugin
2023-05-28 01:05:08,425 [INFO] IPUIPlugin:80 - create IPUIPlugin
2023-05-28 01:05:08,425 [INFO] IPUIPlugin:80 - create IPUIPlugin
2023-05-28 01:05:08,425 [INFO] IPUIPlugin:80 - create IPUIPlugin
2023-05-28 01:05:08,425 [INFO] IPUIPlugin:80 - create IPUIPlugin
2023-05-28 01:05:08,425 [INFO] IPUIPlugin:80 - create IPUIPlugin
2023-05-28 01:05:08,425 [INFO] IPUIPlugin:80 - create IPUIPlugin
2023-05-28 01:05:08,426 [INFO] IPUIPlugin:80 - create IPUIPlugin
2023-05-28 01:05:08,426 [INFO] IPUIPlugin:80 - create IPUIPlugin
2023-05-28 01:05:08,426 [INFO] IPUIPlugin:80 - create IPUIPlugin
2023-05-28 01:05:08,426 [INFO] IPUIPlugin:80 - create IPUIPlugin
2023-05-28 01:05:08,426 [INFO] IPUIPlugin:80 - create IPUIPlugin
2023-05-28 01:05:08,426 [INFO] IPUIPlugin:80 - create IPUIPlugin
2023-05-28 01:05:08,426 [INFO] IPUIPlugin:80 - create IPUIPlugin
2023-05-28 01:05:08,427 [INFO] IPUIPlugin:80 - create IPUIPlugin
2023-05-28 01:05:08,427 [INFO] IPUIPlugin:80 - create IPUIPlugin
2023-05-28 01:05:08,427 [INFO] IPUIPlugin:80 - create IPUIPlugin
2023-05-28 01:05:08,427 [INFO] IPUIPlugin:80 - create IPUIPlugin
2023-05-28 01:05:08,427 [INFO] IPUIPlugin:80 - create IPUIPlugin
2023-05-28 01:05:08,428 [INFO] IPUIPlugin:80 - create IPUIPlugin
2023-05-28 01:05:08,428 [INFO] IPUIPlugin:80 - create IPUIPlugin
2023-05-28 01:05:08,428 [INFO] IPUIPlugin:80 - create IPUIPlugin
2023-05-28 01:05:08,429 [INFO] IPUIPlugin:80 - create IPUIPlugin
2023-05-28 01:05:08,429 [INFO] IPUIPlugin:80 - create IPUIPlugin
2023-05-28 01:05:08,429 [INFO] IPUIPlugin:80 - create IPUIPlugin
2023-05-28 01:05:08,430 [INFO] IPUIPlugin:80 - create IPUIPlugin
2023-05-28 01:05:08,430 [INFO] IPUIPlugin:80 - create IPUIPlugin
2023-05-28 01:05:08,430 [INFO] IPUIPlugin:80 - create IPUIPlugin
2023-05-28 01:05:08,430 [INFO] IPUIPlugin:80 - create IPUIPlugin
2023-05-28 01:05:08,430 [INFO] IPUIPlugin:80 - create IPUIPlugin
2023-05-28 01:05:08,430 [INFO] IPUIPlugin:80 - create IPUIPlugin
2023-05-28 01:05:08,431 [INFO] IPUIPlugin:80 - create IPUIPlugin
2023-05-28 01:05:08,431 [INFO] IPUIPlugin:80 - create IPUIPlugin
2023-05-28 01:05:08,462 [INFO] IPUIPlugin:80 - create IPUIPlugin
2023-05-28 01:05:08,463 [INFO] IPUIPlugin:80 - create IPUIPlugin
2023-05-28 01:05:08,463 [INFO] IPUIPlugin:80 - create IPUIPlugin
2023-05-28 01:05:08,463 [INFO] IPUIPlugin:80 - create IPUIPlugin
2023-05-28 01:05:08,464 [INFO] IPUIPlugin:80 - create IPUIPlugin
2023-05-28 01:05:08,464 [INFO] IPUIPlugin:80 - create IPUIPlugin
2023-05-28 01:05:08,464 [INFO] IPUIPlugin:80 - create IPUIPlugin
2023-05-28 01:05:08,465 [INFO] IPUIPlugin:80 - create IPUIPlugin
2023-05-28 01:05:08,465 [INFO] IPUIPlugin:80 - create IPUIPlugin
2023-05-28 01:05:08,465 [INFO] IPUIPlugin:80 - create IPUIPlugin
2023-05-28 01:05:08,466 [INFO] IPUIPlugin:80 - create IPUIPlugin
2023-05-28 01:05:08,466 [INFO] IPUIPlugin:80 - create IPUIPlugin
2023-05-28 01:05:08,467 [INFO] IPUIPlugin:80 - create IPUIPlugin
2023-05-28 01:05:08,467 [INFO] IPUIPlugin:80 - create IPUIPlugin
2023-05-28 01:05:08,469 [INFO] IPUIPlugin:80 - create IPUIPlugin
2023-05-28 01:05:08,469 [INFO] IPUIPlugin:80 - create IPUIPlugin
2023-05-28 01:05:08,470 [INFO] IPUIPlugin:80 - create IPUIPlugin
2023-05-28 01:05:08,470 [INFO] IPUIPlugin:80 - create IPUIPlugin
2023-05-28 01:05:08,483 [INFO] ApiDbMcu:507 - Load IP Config File for PDM2PCM
2023-05-28 01:05:08,497 [WARN] IP:2113 - I2C_Coeff_DF not found: check if there is a RefParameter without a condition.
2023-05-28 01:05:08,498 [WARN] IP:2113 - Analog_Filter not found: check if there is a RefParameter without a condition.
2023-05-28 01:05:08,511 [INFO] I2sManager:658 - 9.6E7
2023-05-28 01:05:08,512 [INFO] I2sManager:195 - I2S Clock Value : 9.6E7
2023-05-28 01:05:08,516 [INFO] I2sManager:553 - AudioClock : 93750Divider : 2Odd : 0
2023-05-28 01:05:08,745 [INFO] CADModel:165 - CPN selected for project levelSTM32F407VGT6
2023-05-28 01:05:08,746 [INFO] CADModel:114 - Register for checkConnection events
2023-05-28 01:05:08,810 [INFO] OpenFileManager:328 - Restore cursor
2023-05-28 01:05:08,956 [WARN] IP:2113 - I2C_Coeff_DF not found: check if there is a RefParameter without a condition.
2023-05-28 01:05:08,956 [WARN] IP:2113 - Analog_Filter not found: check if there is a RefParameter without a condition.
2023-05-28 01:05:08,956 [WARN] IP:2113 - I2C_Coeff_DF not found: check if there is a RefParameter without a condition.
2023-05-28 01:05:08,956 [WARN] IP:2113 - Analog_Filter not found: check if there is a RefParameter without a condition.
