2023-07-09 00:15:00,779 [INFO] MainUpdater:2854 - connection check result : 10
2023-07-09 00:15:00,787 [INFO] MainUpdater:2854 - connection check result : 10
2023-07-09 00:15:00,982 [INFO] MicroXplorer:468 - Change Database Path : 
2023-07-09 00:15:00,982 [INFO] MicroXplorer:498 - Change Database Version : DB.6.0.81
2023-07-09 00:15:01,020 [WARN] ThirdParty:871 - waiting for thirdparty lock release [close project]
2023-07-09 00:15:01,020 [INFO] ThirdParty:873 - entering critical section [close project]
2023-07-09 00:15:01,021 [INFO] ThirdParty:883 - exiting critical section [close project]
2023-07-09 00:15:01,024 [INFO] PinOutPanel:1499 - setPackage(No Configuration,No Configuration)
2023-07-09 00:15:01,054 [WARN] IpParametersView:150 - Warning: This peripheral hasn't parameters
2023-07-09 00:15:01,080 [WARN] MainPanel:257 - <html><b><center>Warning: This peripheral has no parameters to be configured<br></b></html>
2023-07-09 00:15:01,098 [INFO] UtilMem:75 - Begin LoadConfig() Used Memory: 278703808 Bytes (731906048)
2023-07-09 00:15:01,098 [INFO] MicroXplorer:468 - Change Database Path : 
2023-07-09 00:15:01,098 [INFO] MicroXplorer:498 - Change Database Version : DB.6.0.81
2023-07-09 00:15:01,098 [INFO] OpenFileManager:308 - Change cursor
2023-07-09 00:15:01,111 [INFO] Mcu:1937 - Initializing MCU STM32F407V(E-G)Tx STM32F407VGTx STM32F407VGT6
2023-07-09 00:15:02,178 [INFO] Context:659 - Trying to add GPIOservice into a context  which must be forbidden
2023-07-09 00:15:02,800 [INFO] RtosManager:555 - Registered RTOS mode: class=CMSIS, group=RTOS, mode=CMSIS_V1, owner=FREERTOS
2023-07-09 00:15:02,800 [INFO] RtosManager:555 - Registered RTOS mode: class=CMSIS, group=RTOS2, mode=CMSIS_V2, owner=FREERTOS
2023-07-09 00:15:02,800 [INFO] RtosManager:555 - Registered RTOS mode: class=RTOS, group=Core, mode=CMSIS_V1, owner=FREERTOS
2023-07-09 00:15:02,800 [INFO] RtosManager:555 - Registered RTOS mode: class=RTOS, group=Core, mode=CMSIS_V2, owner=FREERTOS
2023-07-09 00:15:02,800 [WARN] ModelIntegratedComponent:184 - Missing modes for component STMicroelectronics:FreeRTOS:0.0.1:STMicroelectronics:RTOS:FreeRTOS:Core:::10.2.0:
2023-07-09 00:15:02,807 [WARN] ModelIntegratedComponent:63 - No mode defined for component null
2023-07-09 00:15:02,807 [WARN] ModelIntegratedComponent:63 - No mode defined for component null
2023-07-09 00:15:02,807 [WARN] ModelIntegratedComponent:63 - No mode defined for component null
2023-07-09 00:15:02,807 [WARN] ModelIntegratedComponent:63 - No mode defined for component null
2023-07-09 00:15:02,808 [WARN] ModelIntegratedComponent:63 - No mode defined for component null
2023-07-09 00:15:02,808 [WARN] ModelIntegratedComponent:63 - No mode defined for component null
2023-07-09 00:15:02,808 [WARN] ModelIntegratedComponent:63 - No mode defined for component null
2023-07-09 00:15:02,808 [WARN] ModelIntegratedComponent:63 - No mode defined for component null
2023-07-09 00:15:02,808 [WARN] ModelIntegratedComponent:63 - No mode defined for component null
2023-07-09 00:15:02,808 [WARN] ModelIntegratedComponent:63 - No mode defined for component null
2023-07-09 00:15:02,808 [WARN] ModelIntegratedComponent:63 - No mode defined for component null
2023-07-09 00:15:02,808 [WARN] ModelIntegratedComponent:63 - No mode defined for component null
2023-07-09 00:15:02,808 [WARN] ModelIntegratedComponent:63 - No mode defined for component null
2023-07-09 00:15:02,808 [WARN] ModelIntegratedComponent:63 - No mode defined for component null
2023-07-09 00:15:02,808 [WARN] ModelIntegratedComponent:63 - No mode defined for component null
2023-07-09 00:15:02,808 [WARN] ModelIntegratedComponent:63 - No mode defined for component null
2023-07-09 00:15:02,808 [WARN] ModelIntegratedComponent:63 - No mode defined for component null
2023-07-09 00:15:02,808 [WARN] ModelIntegratedComponent:63 - No mode defined for component null
2023-07-09 00:15:02,808 [WARN] ModelIntegratedComponent:63 - No mode defined for component null
2023-07-09 00:15:02,808 [WARN] ModelIntegratedComponent:63 - No mode defined for component null
2023-07-09 00:15:02,808 [WARN] ModelIntegratedComponent:63 - No mode defined for component null
2023-07-09 00:15:02,808 [WARN] ModelIntegratedComponent:63 - No mode defined for component null
2023-07-09 00:15:02,808 [WARN] ModelIntegratedComponent:63 - No mode defined for component null
2023-07-09 00:15:02,808 [WARN] ModelIntegratedComponent:63 - No mode defined for component null
2023-07-09 00:15:02,808 [WARN] ModelIntegratedComponent:63 - No mode defined for component null
2023-07-09 00:15:02,808 [WARN] ModelIntegratedComponent:63 - No mode defined for component null
2023-07-09 00:15:02,808 [WARN] ModelIntegratedComponent:63 - No mode defined for component null
2023-07-09 00:15:02,809 [WARN] ModelIntegratedComponent:63 - No mode defined for component null
2023-07-09 00:15:02,809 [WARN] ModelIntegratedComponent:63 - No mode defined for component null
2023-07-09 00:15:02,809 [WARN] ModelIntegratedComponent:63 - No mode defined for component null
2023-07-09 00:15:02,809 [WARN] ModelIntegratedComponent:63 - No mode defined for component null
2023-07-09 00:15:02,809 [WARN] ModelIntegratedComponent:63 - No mode defined for component null
2023-07-09 00:15:02,809 [WARN] ModelIntegratedComponent:63 - No mode defined for component null
2023-07-09 00:15:02,818 [INFO] ThirdPartyModel:298 - Start build external matchings
2023-07-09 00:15:03,045 [INFO] ThirdPartyModel:316 - End build external matchings
2023-07-09 00:15:03,056 [INFO] ImportTextPane:194 - (OptionalMessage_ERROR) IP (RCC) : Parameter (RTCHSEDivFreq_Value) has invalid value (4000000)
2023-07-09 00:15:03,298 [INFO] UtilMem:75 - End LoadConfig() Used Memory: 258625800 Bytes (731906048)
2023-07-09 00:15:03,347 [WARN] ThirdParty:833 - waiting for thirdparty lock release [change project]
2023-07-09 00:15:03,348 [INFO] ThirdParty:835 - entering critical section [change project]
2023-07-09 00:15:03,348 [INFO] ThirdParty:1030 - CMSIS Pack Vendor :STMicroelectronics X-CUBE-ISPU 1.1.0
2023-07-09 00:15:03,348 [INFO] ThirdParty:1030 - CMSIS Pack Vendor :STMicroelectronics X-CUBE-GNSS1 6.0.0
2023-07-09 00:15:03,348 [INFO] ThirdParty:1030 - CMSIS Pack Vendor :STMicroelectronics USB_HOST 2.0.0
2023-07-09 00:15:03,348 [INFO] ThirdParty:1030 - CMSIS Pack Vendor :STMicroelectronics X-CUBE-AZRTOS-F4 1.1.0
2023-07-09 00:15:03,348 [INFO] ThirdParty:1030 - CMSIS Pack Vendor :STMicroelectronics LIBJPEG 8.0.0
2023-07-09 00:15:03,348 [INFO] ThirdParty:1030 - CMSIS Pack Vendor :STMicroelectronics X-CUBE-SMBUS 2.1.0
2023-07-09 00:15:03,348 [INFO] ThirdParty:1030 - CMSIS Pack Vendor :wolfSSL I-CUBE-wolfSSL 5.6.0
2023-07-09 00:15:03,348 [INFO] ThirdParty:1030 - CMSIS Pack Vendor :STMicroelectronics USB_DEVICE 3.0.0
2023-07-09 00:15:03,348 [INFO] ThirdParty:1030 - CMSIS Pack Vendor :STMicroelectronics X-CUBE-AI 8.0.0
2023-07-09 00:15:03,348 [INFO] ThirdParty:1030 - CMSIS Pack Vendor :STMicroelectronics X-CUBE-FREERTOS 1.0.1
2023-07-09 00:15:03,348 [INFO] ThirdParty:1030 - CMSIS Pack Vendor :STMicroelectronics X-CUBE-TOUCHGFX 4.21.3
2023-07-09 00:15:03,349 [INFO] ThirdParty:1030 - CMSIS Pack Vendor :STMicroelectronics X-CUBE-AZRTOS-F7 1.1.0
2023-07-09 00:15:03,349 [INFO] ThirdParty:1030 - CMSIS Pack Vendor :STMicroelectronics X-CUBE-TOUCHGFX 4.21.4
2023-07-09 00:15:03,349 [INFO] ThirdParty:1030 - CMSIS Pack Vendor :STMicroelectronics USB_DEVICE 2.0.0
2023-07-09 00:15:03,349 [INFO] ThirdParty:1030 - CMSIS Pack Vendor :STMicroelectronics X-CUBE-MEMS1 9.6.0
2023-07-09 00:15:03,349 [INFO] ThirdParty:1030 - CMSIS Pack Vendor :STMicroelectronics FP-SNS-MOTENV1 4.3.0
2023-07-09 00:15:03,349 [INFO] ThirdParty:1030 - CMSIS Pack Vendor :STMicroelectronics FP-SNS-MOTENV1 4.3.2
2023-07-09 00:15:03,349 [INFO] ThirdParty:1030 - CMSIS Pack Vendor :STMicroelectronics FP-SNS-FLIGHT1 5.0.0
2023-07-09 00:15:03,349 [INFO] ThirdParty:1030 - CMSIS Pack Vendor :STMicroelectronics FP-SNS-MOTENV1 4.3.1
2023-07-09 00:15:03,349 [INFO] ThirdParty:1030 - CMSIS Pack Vendor :STMicroelectronics FP-SNS-FLIGHT1 5.0.1
2023-07-09 00:15:03,349 [INFO] ThirdParty:1030 - CMSIS Pack Vendor :STMicroelectronics X-CUBE-ALGOBUILD 1.3.0
2023-07-09 00:15:03,349 [INFO] ThirdParty:1030 - CMSIS Pack Vendor :STMicroelectronics X-CUBE-BLE1 6.2.4
2023-07-09 00:15:03,349 [INFO] ThirdParty:1030 - CMSIS Pack Vendor :STMicroelectronics X-CUBE-AZRTOS-L5 1.1.0
2023-07-09 00:15:03,349 [INFO] ThirdParty:1030 - CMSIS Pack Vendor :STMicroelectronics FreeRTOS 0.0.1
2023-07-09 00:15:03,349 [INFO] ThirdParty:1030 - CMSIS Pack Vendor :STMicroelectronics X-CUBE-AZRTOS-G0 1.1.0
2023-07-09 00:15:03,349 [INFO] ThirdParty:1030 - CMSIS Pack Vendor :emotas I-CUBE-CANOPEN 1.1.3
2023-07-09 00:15:03,349 [INFO] ThirdParty:1030 - CMSIS Pack Vendor :STMicroelectronics X-CUBE-BLEMGR 2.0.0
2023-07-09 00:15:03,349 [INFO] ThirdParty:1030 - CMSIS Pack Vendor :STMicroelectronics X-CUBE-AI 8.0.1
2023-07-09 00:15:03,349 [INFO] ThirdParty:1030 - CMSIS Pack Vendor :STMicroelectronics X-CUBE-NFC4 3.0.0
2023-07-09 00:15:03,349 [INFO] ThirdParty:1030 - CMSIS Pack Vendor :STMicroelectronics X-CUBE-SUBG2 5.0.0
2023-07-09 00:15:03,349 [INFO] ThirdParty:1030 - CMSIS Pack Vendor :STMicroelectronics STM32_WPAN 1.0.0
2023-07-09 00:15:03,349 [INFO] ThirdParty:1030 - CMSIS Pack Vendor :STMicroelectronics lwIP 2.0.3
2023-07-09 00:15:03,350 [INFO] ThirdParty:1030 - CMSIS Pack Vendor :STMicroelectronics USB_HOST 1.0.0
2023-07-09 00:15:03,350 [INFO] ThirdParty:1030 - CMSIS Pack Vendor :STMicroelectronics X-CUBE-AZRTOS-G4 2.0.0
2023-07-09 00:15:03,350 [INFO] ThirdParty:1030 - CMSIS Pack Vendor :STMicroelectronics PDM2PCM 3.1.0
2023-07-09 00:15:03,350 [INFO] ThirdParty:1030 - CMSIS Pack Vendor :STMicroelectronics X-CUBE-AZRTOS-H7 3.1.0
2023-07-09 00:15:03,350 [INFO] ThirdParty:1030 - CMSIS Pack Vendor :STMicroelectronics X-CUBE-TOF1 3.3.0
2023-07-09 00:15:03,350 [INFO] ThirdParty:1030 - CMSIS Pack Vendor :STMicroelectronics PDM2PCM 3.3.0
2023-07-09 00:15:03,350 [INFO] ThirdParty:1030 - CMSIS Pack Vendor :STMicroelectronics X-CUBE-DISPLAY 3.0.0
2023-07-09 00:15:03,350 [INFO] ThirdParty:1030 - CMSIS Pack Vendor :STMicroelectronics FP-ATR-SIGFOX1 3.2.0
2023-07-09 00:15:03,350 [INFO] ThirdParty:1030 - CMSIS Pack Vendor :STMicroelectronics X-CUBE-AZRTOS-L4 1.0.0
2023-07-09 00:15:03,350 [INFO] ThirdParty:1030 - CMSIS Pack Vendor :STMicroelectronics HAL Drivers 0.0.0
2023-07-09 00:15:03,350 [INFO] ThirdParty:1030 - CMSIS Pack Vendor :STMicroelectronics MBEDTLS 2.16.2
2023-07-09 00:15:03,350 [INFO] ThirdParty:1030 - CMSIS Pack Vendor :STMicroelectronics X-CUBE-TOUCHGFX 4.22.0
2023-07-09 00:15:03,350 [INFO] ThirdParty:1030 - CMSIS Pack Vendor :STMicroelectronics X-CUBE-NFC7 1.0.1
2023-07-09 00:15:03,350 [INFO] ThirdParty:1030 - CMSIS Pack Vendor :STMicroelectronics MBEDTLS 2.14.1
2023-07-09 00:15:03,350 [INFO] ThirdParty:1030 - CMSIS Pack Vendor :STMicroelectronics X-CUBE-NFC7 1.0.0
2023-07-09 00:15:03,350 [INFO] ThirdParty:1030 - CMSIS Pack Vendor :STMicroelectronics X-CUBE-AZRTOS-WL 1.0.0
2023-07-09 00:15:03,350 [INFO] ThirdParty:1030 - CMSIS Pack Vendor :STMicroelectronics X-CUBE-EEPRMA1 4.1.0
2023-07-09 00:15:03,350 [INFO] ThirdParty:1030 - CMSIS Pack Vendor :portGmbH I-Cube-SoM-uGOAL 1.1.0
2023-07-09 00:15:03,350 [INFO] ThirdParty:1030 - CMSIS Pack Vendor :STMicroelectronics X-CUBE-ALS 1.0.1
2023-07-09 00:15:03,350 [INFO] ThirdParty:1030 - CMSIS Pack Vendor :STMicroelectronics ThreadX 1.0.0
2023-07-09 00:15:03,350 [INFO] ThirdParty:1030 - CMSIS Pack Vendor :STMicroelectronics X-CUBE-AZRTOS-WB 1.1.0
2023-07-09 00:15:03,350 [INFO] ThirdParty:1030 - CMSIS Pack Vendor :STMicroelectronics X-CUBE-AZRTOS-WL 2.0.0
2023-07-09 00:15:03,350 [INFO] ThirdParty:1030 - CMSIS Pack Vendor :SEGGER I-CUBE-embOS 1.3.1
2023-07-09 00:15:03,350 [INFO] ThirdParty:1030 - CMSIS Pack Vendor :STMicroelectronics USB_DEVICE 1.0.0
2023-07-09 00:15:03,350 [INFO] ThirdParty:1030 - CMSIS Pack Vendor :STMicroelectronics X-CUBE-AZRTOS-L4 2.0.0
2023-07-09 00:15:03,350 [INFO] ThirdParty:1030 - CMSIS Pack Vendor :STMicroelectronics ThreadX 0.0.2
2023-07-09 00:15:03,351 [INFO] ThirdParty:1030 - CMSIS Pack Vendor :WES I-CUBE-Cesium 1.3.0
2023-07-09 00:15:03,351 [INFO] ThirdParty:1030 - CMSIS Pack Vendor :STMicroelectronics FP-ATR-ASTRA1 2.0.0
2023-07-09 00:15:03,351 [INFO] ThirdParty:1030 - CMSIS Pack Vendor :STMicroelectronics lwIP 2.1.2
2023-07-09 00:15:03,351 [INFO] ThirdParty:1030 - CMSIS Pack Vendor :STMicroelectronics X-CUBE-SFXS2LP1 4.0.0
2023-07-09 00:15:03,351 [INFO] ThirdParty:1030 - CMSIS Pack Vendor :STMicroelectronics X-CUBE-BLE2 3.3.0
2023-07-09 00:15:03,351 [INFO] ThirdParty:1030 - CMSIS Pack Vendor :STMicroelectronics PDM2PCM 3.2.0
2023-07-09 00:15:03,351 [INFO] ThirdParty:841 - exiting critical section [change project]
2023-07-09 00:15:03,581 [INFO] PinOutPanel:1499 - setPackage(No Configuration,No Configuration)
2023-07-09 00:15:03,583 [INFO] PinOutPanel:1499 - setPackage(STM32F407VGTx,LQFP100)
2023-07-09 00:15:03,896 [INFO] UtilMem:75 - Before build in PCC Used Memory: 351249736 Bytes (731906048)
2023-07-09 00:15:04,090 [INFO] UtilMem:75 - After build in PCC Used Memory: 395289928 Bytes (731906048)
2023-07-09 00:15:04,110 [INFO] IPUIPlugin:80 - create IPUIPlugin
2023-07-09 00:15:04,110 [INFO] IPUIPlugin:80 - create IPUIPlugin
2023-07-09 00:15:04,110 [INFO] IPUIPlugin:80 - create IPUIPlugin
2023-07-09 00:15:04,110 [INFO] IPUIPlugin:80 - create IPUIPlugin
2023-07-09 00:15:04,110 [INFO] IPUIPlugin:80 - create IPUIPlugin
2023-07-09 00:15:04,110 [INFO] IPUIPlugin:80 - create IPUIPlugin
2023-07-09 00:15:04,111 [INFO] IPUIPlugin:80 - create IPUIPlugin
2023-07-09 00:15:04,111 [INFO] IPUIPlugin:80 - create IPUIPlugin
2023-07-09 00:15:04,111 [INFO] IPUIPlugin:80 - create IPUIPlugin
2023-07-09 00:15:04,111 [INFO] IPUIPlugin:80 - create IPUIPlugin
2023-07-09 00:15:04,111 [INFO] IPUIPlugin:80 - create IPUIPlugin
2023-07-09 00:15:04,111 [INFO] IPUIPlugin:80 - create IPUIPlugin
2023-07-09 00:15:04,111 [INFO] IPUIPlugin:80 - create IPUIPlugin
2023-07-09 00:15:04,111 [INFO] IPUIPlugin:80 - create IPUIPlugin
2023-07-09 00:15:04,111 [INFO] IPUIPlugin:80 - create IPUIPlugin
2023-07-09 00:15:04,111 [INFO] IPUIPlugin:80 - create IPUIPlugin
2023-07-09 00:15:04,111 [INFO] IPUIPlugin:80 - create IPUIPlugin
2023-07-09 00:15:04,111 [INFO] IPUIPlugin:80 - create IPUIPlugin
2023-07-09 00:15:04,112 [INFO] IPUIPlugin:80 - create IPUIPlugin
2023-07-09 00:15:04,112 [INFO] IPUIPlugin:80 - create IPUIPlugin
2023-07-09 00:15:04,112 [INFO] IPUIPlugin:80 - create IPUIPlugin
2023-07-09 00:15:04,112 [INFO] IPUIPlugin:80 - create IPUIPlugin
2023-07-09 00:15:04,112 [INFO] IPUIPlugin:80 - create IPUIPlugin
2023-07-09 00:15:04,112 [INFO] IPUIPlugin:80 - create IPUIPlugin
2023-07-09 00:15:04,112 [INFO] IPUIPlugin:80 - create IPUIPlugin
2023-07-09 00:15:04,112 [INFO] IPUIPlugin:80 - create IPUIPlugin
2023-07-09 00:15:04,113 [INFO] IPUIPlugin:80 - create IPUIPlugin
2023-07-09 00:15:04,113 [INFO] IPUIPlugin:80 - create IPUIPlugin
2023-07-09 00:15:04,113 [INFO] IPUIPlugin:80 - create IPUIPlugin
2023-07-09 00:15:04,113 [INFO] IPUIPlugin:80 - create IPUIPlugin
2023-07-09 00:15:04,113 [INFO] IPUIPlugin:80 - create IPUIPlugin
2023-07-09 00:15:04,113 [INFO] IPUIPlugin:80 - create IPUIPlugin
2023-07-09 00:15:04,114 [INFO] IPUIPlugin:80 - create IPUIPlugin
2023-07-09 00:15:04,114 [INFO] IPUIPlugin:80 - create IPUIPlugin
2023-07-09 00:15:04,114 [INFO] IPUIPlugin:80 - create IPUIPlugin
2023-07-09 00:15:04,114 [INFO] IPUIPlugin:80 - create IPUIPlugin
2023-07-09 00:15:04,114 [INFO] IPUIPlugin:80 - create IPUIPlugin
2023-07-09 00:15:04,114 [INFO] IPUIPlugin:80 - create IPUIPlugin
2023-07-09 00:15:04,114 [INFO] IPUIPlugin:80 - create IPUIPlugin
2023-07-09 00:15:04,115 [INFO] IPUIPlugin:80 - create IPUIPlugin
2023-07-09 00:15:04,115 [INFO] IPUIPlugin:80 - create IPUIPlugin
2023-07-09 00:15:04,115 [INFO] IPUIPlugin:80 - create IPUIPlugin
2023-07-09 00:15:04,115 [INFO] IPUIPlugin:80 - create IPUIPlugin
2023-07-09 00:15:04,115 [INFO] IPUIPlugin:80 - create IPUIPlugin
2023-07-09 00:15:04,115 [INFO] IPUIPlugin:80 - create IPUIPlugin
2023-07-09 00:15:04,116 [INFO] IPUIPlugin:80 - create IPUIPlugin
2023-07-09 00:15:04,116 [INFO] IPUIPlugin:80 - create IPUIPlugin
2023-07-09 00:15:04,116 [INFO] IPUIPlugin:80 - create IPUIPlugin
2023-07-09 00:15:04,116 [INFO] IPUIPlugin:80 - create IPUIPlugin
2023-07-09 00:15:04,116 [INFO] IPUIPlugin:80 - create IPUIPlugin
2023-07-09 00:15:04,117 [INFO] IPUIPlugin:80 - create IPUIPlugin
2023-07-09 00:15:04,117 [INFO] IPUIPlugin:80 - create IPUIPlugin
2023-07-09 00:15:04,117 [INFO] IPUIPlugin:80 - create IPUIPlugin
2023-07-09 00:15:04,117 [INFO] IPUIPlugin:80 - create IPUIPlugin
2023-07-09 00:15:04,118 [INFO] IPUIPlugin:80 - create IPUIPlugin
2023-07-09 00:15:04,118 [INFO] IPUIPlugin:80 - create IPUIPlugin
2023-07-09 00:15:04,119 [INFO] IPUIPlugin:80 - create IPUIPlugin
2023-07-09 00:15:04,119 [INFO] IPUIPlugin:80 - create IPUIPlugin
2023-07-09 00:15:04,125 [INFO] ApiDbMcu:507 - Load IP Config File for PDM2PCM
2023-07-09 00:15:04,177 [INFO] CADModel:165 - CPN selected for project levelSTM32F407VGT6
2023-07-09 00:15:04,177 [INFO] CADModel:114 - Register for checkConnection events
2023-07-09 00:15:04,231 [INFO] OpenFileManager:328 - Restore cursor
2023-07-09 00:20:22,417 [INFO] ADCParametersView:116 -                Rank 1 : false
2023-07-09 00:20:22,517 [INFO] ADCParametersView:116 -                Rank 1 : false
2023-07-09 00:20:22,517 [INFO] ADCParametersView:116 -                Rank 1 : false
2023-07-09 00:20:22,518 [INFO] ADCParametersView:116 -                Rank 1 : false
2023-07-09 00:20:22,518 [INFO] ADCParametersView:116 -                Rank 1 : false
2023-07-09 00:20:22,518 [INFO] ADCParametersView:116 -                Rank 1 : false
2023-07-09 00:20:22,518 [INFO] ADCParametersView:116 -                Rank 1 : false
2023-07-09 00:20:22,519 [INFO] ADCParametersView:116 -                Rank 1 : false
2023-07-09 00:20:22,519 [INFO] ADCParametersView:116 -                Rank 1 : false
2023-07-09 00:20:22,519 [INFO] ADCParametersView:116 -                Rank 1 : false
2023-07-09 00:20:22,519 [INFO] ADCParametersView:116 -                Rank 1 : false
2023-07-09 00:20:22,519 [INFO] ADCParametersView:116 -                Rank 1 : false
2023-07-09 00:20:22,519 [INFO] ADCParametersView:116 -                Rank 1 : false
2023-07-09 00:20:22,519 [INFO] ADCParametersView:116 -                Rank 1 : false
2023-07-09 00:20:22,520 [INFO] ADCParametersView:116 -                Rank 1 : false
2023-07-09 00:20:22,549 [INFO] ADCParametersView:116 -                Rank 1 : false
2023-07-09 00:27:45,651 [INFO] NvicIntPanel:101 - NVIC parent = com.st.microxplorer.plugins.ip.nvic.MultiNvicIntPanel[,0,0,450x289,layout=javax.swing.BoxLayout,alignmentX=0.0,alignmentY=0.0,border=,flags=9,maximumSize=,minimumSize=,preferredSize=]
2023-07-09 00:27:52,313 [INFO] NvicIntPanel:101 - NVIC parent = com.st.microxplorer.plugins.ip.nvic.MultiNvicIntPanel[,0,0,0x0,invalid,layout=javax.swing.BoxLayout,alignmentX=0.0,alignmentY=0.0,border=,flags=9,maximumSize=,minimumSize=,preferredSize=]
2023-07-09 00:52:06,736 [INFO] NvicIntPanel:101 - NVIC parent = com.st.microxplorer.plugins.ip.nvic.MultiNvicIntPanel[,0,0,0x0,invalid,layout=javax.swing.BoxLayout,alignmentX=0.0,alignmentY=0.0,border=,flags=9,maximumSize=,minimumSize=,preferredSize=]
2023-07-09 00:52:15,193 [INFO] UtilMem:75 - End SaveConfig() Used Memory: 272109632 Bytes (731906048)
2023-07-09 00:52:15,249 [INFO] UtilMem:75 - End SaveConfig() Used Memory: 294129728 Bytes (731906048)
2023-07-09 00:52:15,665 [INFO] UtilMem:75 - End SaveConfig() Used Memory: 374347840 Bytes (731906048)
2023-07-09 00:52:16,196 [INFO] BlockDiagram:2759 - set Specific Code input for plugin: TIM1_8
2023-07-09 00:52:16,197 [INFO] BlockDiagram:2759 - set Specific Code input for plugin: SYS
2023-07-09 00:52:16,197 [INFO] BlockDiagram:2759 - set Specific Code input for plugin: ADC
2023-07-09 00:52:16,197 [INFO] BlockDiagram:2759 - set Specific Code input for plugin: RCC
2023-07-09 00:52:16,197 [INFO] BlockDiagram:2759 - set Specific Code input for plugin: NVIC
2023-07-09 00:52:16,197 [INFO] BlockDiagram:2759 - set Specific Code input for plugin: USART
2023-07-09 00:52:16,197 [INFO] BlockDiagram:2759 - set Specific Code input for plugin: GPIO
2023-07-09 00:52:16,200 [INFO] CodeGenerator:793 - code generatio: config db path: C:\ST\STM32CubeIDE_1.12.1\STM32CubeIDE\plugins\com.st.stm32cube.common.mx_6.8.1.202304191431\\db\
2023-07-09 00:52:16,564 [INFO] CodeEngine:255 - oldGeneratedFile, C:\Users\User\STM32CubeIDE\workspace_1.12.1\adc_esp01\MXTmpFiles\license.tmp_save
2023-07-09 00:52:16,937 [INFO] CodeEngine:279 - Generated code: C:\Users\User\STM32CubeIDE\workspace_1.12.1\adc_esp01\MXTmpFiles\license.tmp
2023-07-09 00:52:17,025 [INFO] CodeEngine:255 - oldGeneratedFile, C:\Users\User\STM32CubeIDE\workspace_1.12.1\adc_esp01\MXTmpFiles\gpio.tmp_save
2023-07-09 00:52:17,120 [INFO] CodeEngine:279 - Generated code: C:\Users\User\STM32CubeIDE\workspace_1.12.1\adc_esp01\MXTmpFiles\gpio.tmp
2023-07-09 00:52:17,269 [INFO] CodeEngine:255 - oldGeneratedFile, C:\Users\User\STM32CubeIDE\workspace_1.12.1\adc_esp01\Core\Src\stm32f4xx_it.c_save
2023-07-09 00:52:17,370 [INFO] CodeEngine:279 - Generated code: C:\Users\User\STM32CubeIDE\workspace_1.12.1\adc_esp01\Core\Src\stm32f4xx_it.c
2023-07-09 00:52:17,381 [INFO] CodeEngine:255 - oldGeneratedFile, C:\Users\User\STM32CubeIDE\workspace_1.12.1\adc_esp01\Core\Inc\stm32f4xx_it.h_save
2023-07-09 00:52:17,447 [INFO] CodeEngine:279 - Generated code: C:\Users\User\STM32CubeIDE\workspace_1.12.1\adc_esp01\Core\Inc\stm32f4xx_it.h
2023-07-09 00:52:17,461 [INFO] CodeEngine:255 - oldGeneratedFile, C:\Users\User\STM32CubeIDE\workspace_1.12.1\adc_esp01\Core\Src\stm32f4xx_hal_msp.c_save
2023-07-09 00:52:17,581 [INFO] CodeEngine:279 - Generated code: C:\Users\User\STM32CubeIDE\workspace_1.12.1\adc_esp01\Core\Src\stm32f4xx_hal_msp.c
2023-07-09 00:52:17,590 [INFO] CodeEngine:255 - oldGeneratedFile, C:\Users\User\STM32CubeIDE\workspace_1.12.1\adc_esp01\MXTmpFiles\system.tmp_save
2023-07-09 00:52:17,654 [INFO] CodeEngine:279 - Generated code: C:\Users\User\STM32CubeIDE\workspace_1.12.1\adc_esp01\MXTmpFiles\system.tmp
2023-07-09 00:52:17,668 [INFO] CodeEngine:311 - oldGeneratedFile, C:\Users\User\STM32CubeIDE\workspace_1.12.1\adc_esp01\Core\Inc\stm32f4xx_hal_conf.h_save
2023-07-09 00:52:17,750 [INFO] CodeEngine:335 - Generated code: C:\Users\User\STM32CubeIDE\workspace_1.12.1\adc_esp01\Core\Inc\stm32f4xx_hal_conf.h
2023-07-09 00:52:17,787 [WARN] IPConfigManager:3431 - IP not found : TIM
2023-07-09 00:52:17,789 [WARN] CodeGenerator:3754 - IP not found : null
2023-07-09 00:52:17,799 [INFO] CodeEngine:255 - oldGeneratedFile, C:\Users\User\STM32CubeIDE\workspace_1.12.1\adc_esp01\Core\Inc\main.h_save
2023-07-09 00:52:17,877 [INFO] CodeEngine:279 - Generated code: C:\Users\User\STM32CubeIDE\workspace_1.12.1\adc_esp01\Core\Inc\main.h
2023-07-09 00:52:17,886 [INFO] CodeEngine:255 - oldGeneratedFile, C:\Users\User\STM32CubeIDE\workspace_1.12.1\adc_esp01\Core\Src\main.c_save
2023-07-09 00:52:18,007 [INFO] CodeEngine:279 - Generated code: C:\Users\User\STM32CubeIDE\workspace_1.12.1\adc_esp01\Core\Src\main.c
2023-07-09 00:52:18,754 [INFO] ProjectBuilder:2996 - Time for Copy HAL[1] : 176mS.
2023-07-09 00:52:18,767 [INFO] ProjectBuilder:4304 - Project Generator version: 3.19.2
2023-07-09 00:52:19,091 [INFO] ConfigFileManager:1483 - The Die is : DIE413
2023-07-09 00:52:19,103 [INFO] ApiDbMcu:507 - Load IP Config File for FATFS
2023-07-09 00:52:19,112 [INFO] ApiDbMcu:507 - Load IP Config File for FREERTOS
2023-07-09 00:52:19,118 [INFO] ApiDbMcu:507 - Load IP Config File for LIBJPEG
2023-07-09 00:52:19,168 [INFO] ApiDbMcu:507 - Load IP Config File for LWIP
2023-07-09 00:52:19,174 [INFO] ApiDbMcu:507 - Load IP Config File for MBEDTLS
2023-07-09 00:52:19,185 [INFO] ApiDbMcu:507 - Load IP Config File for USB_DEVICE
2023-07-09 00:52:19,193 [INFO] ApiDbMcu:507 - Load IP Config File for USB_HOST
