2023-05-30 16:16:20,282 [INFO] Activator:176 - 


2023-05-30 16:16:20,287 [INFO] Activator:177 - !SESSION log4j initialized
2023-05-30 16:16:27,562 [INFO] LogOutputStream:77 - [STDOUT_REDIRECT] 
2023-05-30 16:16:52,943 [ERROR] LogOutputStream:75 - [STDERR_REDIRECT] SLF4J: Failed to load class "org.slf4j.impl.StaticLoggerBinder".
2023-05-30 16:16:52,943 [ERROR] LogOutputStream:75 - [STDERR_REDIRECT] SLF4J: Defaulting to no-operation (NOP) logger implementation
2023-05-30 16:16:52,945 [ERROR] LogOutputStream:75 - [STDERR_REDIRECT] SLF4J: See http://www.slf4j.org/codes.html#StaticLoggerBinder for further details.
2023-05-30 16:50:09,625 [INFO] ApplicationProperties:184 - Using Application install path: C:\ST\STM32CubeIDE_1.12.1\STM32CubeIDE\plugins\com.st.stm32cube.common.mx_6.8.1.202304191431
2023-05-30 16:50:09,647 [INFO] DbMcusXml:78 - Set database path to: C:\ST\STM32CubeIDE_1.12.1\STM32CubeIDE\plugins\com.st.stm32cube.common.mx_6.8.1.202304191431\\db\/mcu/
2023-05-30 16:50:09,647 [INFO] ApiDb:274 - Set plugin database path to: C:\ST\STM32CubeIDE_1.12.1\STM32CubeIDE\plugins\com.st.stm32cube.common.mx_6.8.1.202304191431\\db\/plugins/boardmanager/
2023-05-30 16:50:09,648 [WARN] ApiDb:259 - Overriding images path with different value:  => C:\ST\STM32CubeIDE_1.12.1\STM32CubeIDE\plugins\com.st.stm32cube.common.mx_6.8.1.202304191431\\db\/plugins/mcufinder/images/
2023-05-30 16:50:09,675 [INFO] ApiDb:250 - Set database path to: C:\Users\User\.stmcufinder\plugins\mcufinder//mcu/
2023-05-30 16:50:09,676 [INFO] DbMcusAds:125 - Set database path to: C:\Users\User\.stmcufinder\plugins\mcufinder//mcu/
2023-05-30 16:50:09,820 [INFO] CrossReferenceDbSqlite:203 - Set database path to: C:\Users\User\.stmcufinder\plugins\mcufinder//mcu/cs/
2023-05-30 16:50:09,925 [INFO] RulesReader:64 - Compatibility file has been processed (293 Rules)
2023-05-30 16:50:10,000 [INFO] DbMcusXml:78 - Set database path to: C:\ST\STM32CubeIDE_1.12.1\STM32CubeIDE\plugins\com.st.stm32cube.common.mx_6.8.1.202304191431\\db\/mcu/
2023-05-30 16:50:10,000 [INFO] ApiDb:274 - Set plugin database path to: C:\ST\STM32CubeIDE_1.12.1\STM32CubeIDE\plugins\com.st.stm32cube.common.mx_6.8.1.202304191431\\db\/plugins/boardmanager/
2023-05-30 16:50:10,000 [INFO] ApiDb:261 - Set plugin images path to: C:\ST\STM32CubeIDE_1.12.1\STM32CubeIDE\plugins\com.st.stm32cube.common.mx_6.8.1.202304191431\\db\/plugins/mcufinder/images/
2023-05-30 16:50:10,001 [WARN] DbFile:41 - Overriding database path with different value: C:\Users\User\.stmcufinder\plugins\mcufinder/ => C:\Users\User\.stmcufinder\plugins\mcufinder
2023-05-30 16:50:10,001 [INFO] ApiDb:250 - Set database path to: C:\Users\User\.stmcufinder\plugins\mcufinder//mcu/
2023-05-30 16:50:10,001 [WARN] DbFile:41 - Overriding database path with different value: C:\Users\User\.stmcufinder\plugins\mcufinder/ => C:\Users\User\.stmcufinder\plugins\mcufinder
2023-05-30 16:50:10,001 [INFO] DbMcusAds:125 - Set database path to: C:\Users\User\.stmcufinder\plugins\mcufinder//mcu/
2023-05-30 16:50:10,001 [WARN] DbFile:41 - Overriding database path with different value: C:\Users\User\.stmcufinder\plugins\mcufinder/ => C:\Users\User\.stmcufinder\plugins\mcufinder
2023-05-30 16:50:10,001 [WARN] DbFile:41 - Overriding database path with different value: C:\Users\User\.stmcufinder\plugins\mcufinder/ => C:\Users\User\.stmcufinder\plugins\mcufinder
2023-05-30 16:50:10,001 [INFO] CrossReferenceDbSqlite:203 - Set database path to: C:\Users\User\.stmcufinder\plugins\mcufinder//mcu/cs/
2023-05-30 16:50:10,078 [INFO] MainPanel:253 - HeapMemory: 443547648
2023-05-30 16:50:10,184 [INFO] DbMcusXml:78 - Set database path to: C:\ST\STM32CubeIDE_1.12.1\STM32CubeIDE\plugins\com.st.stm32cube.common.mx_6.8.1.202304191431\\db\/mcu/
2023-05-30 16:50:10,184 [INFO] ApiDb:274 - Set plugin database path to: C:\ST\STM32CubeIDE_1.12.1\STM32CubeIDE\plugins\com.st.stm32cube.common.mx_6.8.1.202304191431\\db\/plugins/boardmanager/
2023-05-30 16:50:10,184 [INFO] ApiDb:261 - Set plugin images path to: C:\ST\STM32CubeIDE_1.12.1\STM32CubeIDE\plugins\com.st.stm32cube.common.mx_6.8.1.202304191431\\db\/plugins/mcufinder/images/
2023-05-30 16:50:10,185 [WARN] DbFile:41 - Overriding database path with different value: C:\Users\User\.stmcufinder\plugins\mcufinder/ => C:\Users\User\.stmcufinder\plugins\mcufinder
2023-05-30 16:50:10,185 [INFO] ApiDb:250 - Set database path to: C:\Users\User\.stmcufinder\plugins\mcufinder//mcu/
2023-05-30 16:50:10,186 [WARN] DbFile:41 - Overriding database path with different value: C:\Users\User\.stmcufinder\plugins\mcufinder/ => C:\Users\User\.stmcufinder\plugins\mcufinder
2023-05-30 16:50:10,186 [INFO] DbMcusAds:125 - Set database path to: C:\Users\User\.stmcufinder\plugins\mcufinder//mcu/
2023-05-30 16:50:10,186 [WARN] DbFile:41 - Overriding database path with different value: C:\Users\User\.stmcufinder\plugins\mcufinder/ => C:\Users\User\.stmcufinder\plugins\mcufinder
2023-05-30 16:50:10,186 [WARN] DbFile:41 - Overriding database path with different value: C:\Users\User\.stmcufinder\plugins\mcufinder/ => C:\Users\User\.stmcufinder\plugins\mcufinder
2023-05-30 16:50:10,186 [INFO] CrossReferenceDbSqlite:203 - Set database path to: C:\Users\User\.stmcufinder\plugins\mcufinder//mcu/cs/
2023-05-30 16:50:10,201 [INFO] ApplicationProperties:184 - Using Application install path: C:\ST\STM32CubeIDE_1.12.1\STM32CubeIDE\plugins\com.st.stm32cube.common.mx_6.8.1.202304191431
2023-05-30 16:50:10,203 [INFO] PluginManage:196 - Search for loadable plugins [exclusion list=, ]
2023-05-30 16:50:10,204 [INFO] PluginManage:310 - Check plugin analytics
2023-05-30 16:50:10,335 [INFO] AnalyticsPlugin:253 - Accepted Software Licenses: 
2023-05-30 16:50:10,336 [INFO] AnalyticsPlugin:255 - Accepted CMSIS Pack Licenses: 
2023-05-30 16:50:10,336 [INFO] AnalyticsPlugin:257 - Accepted Firmware Licenses: FW.F4.1.27.0
2023-05-30 16:50:10,345 [INFO] PluginManage:359 - Loaded plugin analytics (category:tool,tabindex:-1)
2023-05-30 16:50:10,345 [INFO] PluginManage:310 - Check plugin cadmodel
2023-05-30 16:50:10,356 [INFO] CADModel:105 - Init CAD model plugin
2023-05-30 16:50:10,357 [INFO] PluginManage:359 - Loaded plugin cadmodel (category:power,tabindex:5)
2023-05-30 16:50:10,357 [INFO] PluginManage:310 - Check plugin clock
2023-05-30 16:50:10,376 [INFO] PluginManage:359 - Loaded plugin clock (category:base,tabindex:2)
2023-05-30 16:50:10,376 [INFO] PluginManage:310 - Check plugin ddr
2023-05-30 16:50:10,379 [INFO] PluginManage:359 - Loaded plugin ddr (category:tool,tabindex:6)
2023-05-30 16:50:10,379 [INFO] PluginManage:310 - Check plugin filemanager
2023-05-30 16:50:10,569 [INFO] PluginManage:359 - Loaded plugin filemanager (category:base,tabindex:10)
2023-05-30 16:50:10,569 [INFO] PluginManage:310 - Check plugin ipmanager
2023-05-30 16:50:10,576 [INFO] PluginManage:359 - Loaded plugin ipmanager (category:base,tabindex:5)
2023-05-30 16:50:10,576 [INFO] PluginManage:310 - Check plugin lpbam
2023-05-30 16:50:10,586 [INFO] PluginManage:359 - Loaded plugin lpbam (category:base,tabindex:0)
2023-05-30 16:50:10,586 [INFO] PluginManage:310 - Check plugin pinoutandconfiguration
2023-05-30 16:50:10,597 [INFO] PluginManage:359 - Loaded plugin pinoutandconfiguration (category:base,tabindex:1)
2023-05-30 16:50:10,597 [INFO] PluginManage:310 - Check plugin pinoutconfig
2023-05-30 16:50:10,679 [WARN] SupportedApi:132 - Cannot load RTOS API schema: s4s-elt-must-match.1: The content of 'definitions' must match (annotation?, (simpleType | complexType)?, (unique | key | keyref)*)). A problem was found starting at: attribute.
2023-05-30 16:50:10,823 [INFO] PluginManage:359 - Loaded plugin pinoutconfig (category:base,tabindex:0)
2023-05-30 16:50:10,823 [INFO] PluginManage:310 - Check plugin power
2023-05-30 16:50:10,838 [INFO] PluginManage:359 - Loaded plugin power (category:power,tabindex:4)
2023-05-30 16:50:10,838 [INFO] PluginManage:310 - Check plugin projectmanager
2023-05-30 16:50:10,853 [INFO] PluginManage:359 - Loaded plugin projectmanager (category:projectmanager,tabindex:3)
2023-05-30 16:50:10,853 [INFO] PluginManage:310 - Check plugin thirdparty
2023-05-30 16:50:11,040 [INFO] PluginManage:359 - Loaded plugin thirdparty (category:base,tabindex:-1)
2023-05-30 16:50:11,040 [WARN] IntegrityCheckThread:84 - waiting for thirdparty lock release [integrity check]
2023-05-30 16:50:11,041 [INFO] PluginManage:310 - Check plugin tools
2023-05-30 16:50:11,041 [INFO] IntegrityCheckThread:86 - entering critical section [integrity check]
2023-05-30 16:50:11,044 [INFO] ThirdPartyUpdaterWithRetryManager:70 - Updater plugin not ready yet. [1/15]
2023-05-30 16:50:11,063 [INFO] PluginManage:359 - Loaded plugin tools (category:base,tabindex:7)
2023-05-30 16:50:11,063 [INFO] PluginManage:310 - Check plugin tutovideos
2023-05-30 16:50:11,287 [INFO] PluginManage:359 - Loaded plugin tutovideos (category:base,tabindex:-1)
2023-05-30 16:50:11,288 [INFO] PluginManage:310 - Check plugin updater
2023-05-30 16:50:11,304 [INFO] PluginManage:359 - Loaded plugin updater (category:base,tabindex:12)
2023-05-30 16:50:11,305 [INFO] PluginManage:283 - PluginManage : Loaded plugins [15]
2023-05-30 16:50:11,590 [INFO] PinOutPanel:1499 - setPackage(No Configuration,No Configuration)
2023-05-30 16:50:11,657 [INFO] CADModel:165 - CPN selected for project level
2023-05-30 16:50:11,657 [INFO] CADModel:114 - Register for checkConnection events
2023-05-30 16:50:11,709 [INFO] IPUIPlugin:80 - create IPUIPlugin
2023-05-30 16:50:11,709 [INFO] PluginManager:220 - loadIPPluginJar : add adc
2023-05-30 16:50:11,724 [INFO] IPUIPlugin:80 - create IPUIPlugin
2023-05-30 16:50:11,724 [INFO] PluginManager:220 - loadIPPluginJar : add aes
2023-05-30 16:50:11,740 [INFO] IPUIPlugin:80 - create IPUIPlugin
2023-05-30 16:50:11,740 [INFO] PluginManager:220 - loadIPPluginJar : add can
2023-05-30 16:50:11,750 [INFO] IPUIPlugin:80 - create IPUIPlugin
2023-05-30 16:50:11,750 [INFO] PluginManager:220 - loadIPPluginJar : add comp
2023-05-30 16:50:11,766 [INFO] IPUIPlugin:80 - create IPUIPlugin
2023-05-30 16:50:11,766 [INFO] PluginManager:220 - loadIPPluginJar : add cryp
2023-05-30 16:50:11,780 [INFO] IPUIPlugin:80 - create IPUIPlugin
2023-05-30 16:50:11,780 [INFO] PluginManager:220 - loadIPPluginJar : add dfsdm
2023-05-30 16:50:11,816 [INFO] IPUIPlugin:80 - create IPUIPlugin
2023-05-30 16:50:11,816 [INFO] PluginManager:220 - loadIPPluginJar : add dma
2023-05-30 16:50:11,837 [INFO] IPUIPlugin:80 - create IPUIPlugin
2023-05-30 16:50:11,837 [INFO] PluginManager:220 - loadIPPluginJar : add dma3
2023-05-30 16:50:11,850 [INFO] IPUIPlugin:80 - create IPUIPlugin
2023-05-30 16:50:11,850 [INFO] PluginManager:220 - loadIPPluginJar : add fatfs
2023-05-30 16:50:11,869 [INFO] IPUIPlugin:80 - create IPUIPlugin
2023-05-30 16:50:11,869 [INFO] PluginManager:220 - loadIPPluginJar : add fmc
2023-05-30 16:50:11,888 [INFO] IPUIPlugin:80 - create IPUIPlugin
2023-05-30 16:50:11,888 [INFO] PluginManager:220 - loadIPPluginJar : add freertos
2023-05-30 16:50:11,904 [INFO] IPUIPlugin:80 - create IPUIPlugin
2023-05-30 16:50:11,904 [INFO] PluginManager:220 - loadIPPluginJar : add genericplugin
2023-05-30 16:50:11,944 [INFO] IPUIPlugin:80 - create IPUIPlugin
2023-05-30 16:50:11,945 [INFO] PluginManager:220 - loadIPPluginJar : add gfxmmu
2023-05-30 16:50:12,010 [INFO] IPUIPlugin:80 - create IPUIPlugin
2023-05-30 16:50:12,010 [INFO] PluginManager:220 - loadIPPluginJar : add gic
2023-05-30 16:50:12,090 [INFO] IPUIPlugin:80 - create IPUIPlugin
2023-05-30 16:50:12,090 [INFO] PluginManager:220 - loadIPPluginJar : add gpio
2023-05-30 16:50:12,118 [INFO] IPUIPlugin:80 - create IPUIPlugin
2023-05-30 16:50:12,118 [INFO] PluginManager:220 - loadIPPluginJar : add gtzc
2023-05-30 16:50:12,134 [INFO] IPUIPlugin:80 - create IPUIPlugin
2023-05-30 16:50:12,134 [INFO] PluginManager:220 - loadIPPluginJar : add hash
2023-05-30 16:50:12,153 [INFO] IPUIPlugin:80 - create IPUIPlugin
2023-05-30 16:50:12,153 [INFO] PluginManager:220 - loadIPPluginJar : add i2c
2023-05-30 16:50:12,169 [INFO] IPUIPlugin:80 - create IPUIPlugin
2023-05-30 16:50:12,169 [INFO] PluginManager:220 - loadIPPluginJar : add i2s
2023-05-30 16:50:12,185 [INFO] IPUIPlugin:80 - create IPUIPlugin
2023-05-30 16:50:12,185 [INFO] PluginManager:220 - loadIPPluginJar : add i3c
2023-05-30 16:50:12,212 [INFO] IPUIPlugin:80 - create IPUIPlugin
2023-05-30 16:50:12,212 [INFO] PluginManager:220 - loadIPPluginJar : add ipddr
2023-05-30 16:50:12,246 [INFO] IPUIPlugin:80 - create IPUIPlugin
2023-05-30 16:50:12,246 [INFO] PluginManager:220 - loadIPPluginJar : add linkedlist
2023-05-30 16:50:12,261 [INFO] IPUIPlugin:80 - create IPUIPlugin
2023-05-30 16:50:12,261 [INFO] PluginManager:220 - loadIPPluginJar : add lorawan
2023-05-30 16:50:12,276 [INFO] IPUIPlugin:80 - create IPUIPlugin
2023-05-30 16:50:12,276 [INFO] PluginManager:220 - loadIPPluginJar : add ltdc
2023-05-30 16:50:12,346 [INFO] IPUIPlugin:80 - create IPUIPlugin
2023-05-30 16:50:12,346 [INFO] PluginManager:220 - loadIPPluginJar : add mdma
2023-05-30 16:50:12,419 [INFO] IPUIPlugin:80 - create IPUIPlugin
2023-05-30 16:50:12,419 [INFO] PluginManager:220 - loadIPPluginJar : add nvic
2023-05-30 16:50:12,434 [INFO] IPUIPlugin:80 - create IPUIPlugin
2023-05-30 16:50:12,434 [INFO] PluginManager:220 - loadIPPluginJar : add opamp
2023-05-30 16:50:12,459 [INFO] IPUIPlugin:80 - create IPUIPlugin
2023-05-30 16:50:12,460 [INFO] PluginManager:220 - loadIPPluginJar : add openamp
2023-05-30 16:50:12,481 [INFO] IPUIPlugin:80 - create IPUIPlugin
2023-05-30 16:50:12,481 [INFO] PluginManager:220 - loadIPPluginJar : add pdm2pcm
2023-05-30 16:50:12,556 [INFO] IPUIPlugin:80 - create IPUIPlugin
2023-05-30 16:50:12,558 [INFO] PluginManager:220 - loadIPPluginJar : add plateformsettings
2023-05-30 16:50:12,568 [INFO] IPUIPlugin:80 - create IPUIPlugin
2023-05-30 16:50:12,568 [INFO] PluginManager:220 - loadIPPluginJar : add quadspi
2023-05-30 16:50:12,578 [INFO] IPUIPlugin:80 - create IPUIPlugin
2023-05-30 16:50:12,578 [INFO] PluginManager:220 - loadIPPluginJar : add resmgrutility
2023-05-30 16:50:12,595 [INFO] IPUIPlugin:80 - create IPUIPlugin
2023-05-30 16:50:12,595 [INFO] PluginManager:220 - loadIPPluginJar : add sai
2023-05-30 16:50:12,611 [INFO] IPUIPlugin:80 - create IPUIPlugin
2023-05-30 16:50:12,612 [INFO] PluginManager:220 - loadIPPluginJar : add spi
2023-05-30 16:50:12,633 [INFO] IPUIPlugin:80 - create IPUIPlugin
2023-05-30 16:50:12,633 [INFO] PluginManager:220 - loadIPPluginJar : add stm32_wpan
2023-05-30 16:50:12,643 [INFO] IPUIPlugin:80 - create IPUIPlugin
2023-05-30 16:50:12,643 [INFO] PluginManager:220 - loadIPPluginJar : add tim
2023-05-30 16:50:12,661 [INFO] IPUIPlugin:80 - create IPUIPlugin
2023-05-30 16:50:12,661 [INFO] PluginManager:220 - loadIPPluginJar : add touchsensing
2023-05-30 16:50:12,673 [INFO] IPUIPlugin:80 - create IPUIPlugin
2023-05-30 16:50:12,673 [INFO] PluginManager:220 - loadIPPluginJar : add tracer_emb
2023-05-30 16:50:12,683 [INFO] IPUIPlugin:80 - create IPUIPlugin
2023-05-30 16:50:12,683 [INFO] PluginManager:220 - loadIPPluginJar : add ts
2023-05-30 16:50:12,694 [INFO] IPUIPlugin:80 - create IPUIPlugin
2023-05-30 16:50:12,694 [INFO] PluginManager:220 - loadIPPluginJar : add tsc
2023-05-30 16:50:12,704 [INFO] IPUIPlugin:80 - create IPUIPlugin
2023-05-30 16:50:12,704 [INFO] PluginManager:220 - loadIPPluginJar : add ucpd
2023-05-30 16:50:12,720 [INFO] IPUIPlugin:80 - create IPUIPlugin
2023-05-30 16:50:12,720 [INFO] PluginManager:220 - loadIPPluginJar : add usart
2023-05-30 16:50:12,735 [INFO] IPUIPlugin:80 - create IPUIPlugin
2023-05-30 16:50:12,735 [INFO] PluginManager:220 - loadIPPluginJar : add usbx
2023-05-30 16:50:12,868 [INFO] CADModel:165 - CPN selected for project level
2023-05-30 16:50:12,868 [INFO] CADModel:114 - Register for checkConnection events
2023-05-30 16:50:12,868 [FATAL] Updater:308 - Updater called before beeing initialized
2023-05-30 16:50:12,869 [ERROR] CADModel:125 - Updater not yet initialized, retry later 
2023-05-30 16:50:12,994 [INFO] CADModel:165 - CPN selected for project level
2023-05-30 16:50:12,994 [INFO] CADModel:114 - Register for checkConnection events
2023-05-30 16:50:12,994 [FATAL] Updater:308 - Updater called before beeing initialized
2023-05-30 16:50:12,994 [ERROR] CADModel:125 - Updater not yet initialized, retry later 
2023-05-30 16:50:12,997 [FATAL] Updater:308 - Updater called before beeing initialized
2023-05-30 16:50:13,106 [FATAL] Updater:308 - Updater called before beeing initialized
2023-05-30 16:50:13,129 [INFO] DbMcusAds:53 - JSON generation date=Tue Mar 07 11:50:54 GMT+03:00 2023 (1678179054945)
2023-05-30 16:50:13,130 [FATAL] Updater:308 - Updater called before beeing initialized
2023-05-30 16:50:13,196 [WARN] DetailPanel:346 - Failed to get advertising image, set to default
2023-05-30 16:50:13,321 [FATAL] Updater:308 - Updater called before beeing initialized
2023-05-30 16:50:13,324 [FATAL] Updater:308 - Updater called before beeing initialized
2023-05-30 16:50:13,324 [FATAL] Updater:308 - Updater called before beeing initialized
2023-05-30 16:50:13,324 [WARN] DetailPanel:346 - Failed to get advertising image, set to default
2023-05-30 16:50:13,325 [FATAL] Updater:308 - Updater called before beeing initialized
2023-05-30 16:50:13,370 [ERROR] Updater:1120 - MainUpdater not yet initialized. External WinMGr cannot be set.
2023-05-30 16:50:13,376 [INFO] Updater:1056 - Updater Version found : 6.8.1
2023-05-30 16:50:13,392 [INFO] ApplicationProperties:184 - Using Application install path: C:\ST\STM32CubeIDE_1.12.1\STM32CubeIDE\plugins\com.st.stm32cube.common.mx_6.8.1.202304191431
2023-05-30 16:50:13,537 [INFO] MainUpdater:2854 - connection check result : 10
2023-05-30 16:50:13,538 [INFO] MainUpdater:283 - Updater Check For Update Now.
2023-05-30 16:50:13,538 [INFO] MicroXplorer:498 - Change Database Version : DB.6.0.81
2023-05-30 16:50:13,708 [INFO] CheckServerUpdateThread:120 - End of CheckServer Thread
2023-05-30 16:50:13,749 [INFO] MainUpdater:2854 - connection check result : 10
2023-05-30 16:50:13,753 [INFO] MainUpdater:2854 - connection check result : 10
2023-05-30 16:50:13,845 [INFO] MicroXplorer:468 - Change Database Path : 
2023-05-30 16:50:13,846 [INFO] MicroXplorer:498 - Change Database Version : DB.6.0.81
2023-05-30 16:50:13,846 [WARN] ThirdParty:871 - waiting for thirdparty lock release [close project]
2023-05-30 16:50:14,270 [WARN] PackLoader:240 - Cannot read IP mode file for STMicroelectronics.X-CUBE-GNSS1.6.0.0
2023-05-30 16:50:14,305 [WARN] PackLoader:240 - Cannot read IP mode file for STMicroelectronics.X-CUBE-AZRTOS-F4.1.1.0
2023-05-30 16:50:14,323 [WARN] PackLoader:240 - Cannot read IP mode file for STMicroelectronics.X-CUBE-SMBUS.2.1.0
2023-05-30 16:50:14,330 [WARN] PackLoader:240 - Cannot read IP mode file for wolfSSL.I-CUBE-wolfSSL.5.6.0
2023-05-30 16:50:14,356 [WARN] PackLoader:240 - Cannot read IP mode file for STMicroelectronics.X-CUBE-AZRTOS-F7.1.1.0
2023-05-30 16:50:14,419 [WARN] PackLoader:240 - Cannot read IP mode file for STMicroelectronics.X-CUBE-MEMS1.9.6.0
2023-05-30 16:50:14,601 [ERROR] RealEvaluatedCondition:428 - Found unsupported composite condition: GROUP='STM32_MetaDataManager' CLASS='Data Exchange'
2023-05-30 16:50:14,601 [ERROR] RealEvaluatedCondition:428 - Found unsupported composite condition: CLASS='Data Exchange' GROUP='STM32_MetaDataManager'
2023-05-30 16:50:14,603 [WARN] PackLoader:240 - Cannot read IP mode file for STMicroelectronics.FP-SNS-MOTENV1.4.3.0
2023-05-30 16:50:14,614 [WARN] PackLoader:240 - Cannot read IP mode file for STMicroelectronics.FP-SNS-FLIGHT1.5.0.0
2023-05-30 16:50:14,625 [ERROR] RealEvaluatedCondition:428 - Found unsupported composite condition: CLASS='Data Exchange' GROUP='STM32_MetaDataManager'
2023-05-30 16:50:14,625 [ERROR] RealEvaluatedCondition:428 - Found unsupported composite condition: GROUP='STM32_MetaDataManager' CLASS='Data Exchange'
2023-05-30 16:50:14,626 [WARN] PackLoader:240 - Cannot read IP mode file for STMicroelectronics.FP-SNS-MOTENV1.4.3.1
2023-05-30 16:50:14,638 [WARN] PackLoader:240 - Cannot read IP mode file for STMicroelectronics.FP-SNS-FLIGHT1.5.0.1
2023-05-30 16:50:14,650 [WARN] PackLoader:240 - Cannot read IP mode file for STMicroelectronics.X-CUBE-BLE1.6.2.4
2023-05-30 16:50:14,660 [WARN] PackLoader:240 - Cannot read IP mode file for emotas.I-CUBE-CANOPEN.1.1.3
2023-05-30 16:50:14,676 [WARN] PackLoader:240 - Cannot read IP mode file for STMicroelectronics.X-CUBE-BLEMGR.2.0.0
2023-05-30 16:50:14,707 [WARN] ConditionMgr:438 - getConditionDescription Invalid condition id : UX DEVICE CLASS RTOS Condition cause : null
2023-05-30 16:50:14,708 [WARN] ConditionMgr:438 - getConditionDescription Invalid condition id : UX DEVICE CLASS RTOS Condition cause : null
2023-05-30 16:50:14,710 [WARN] PackLoader:240 - Cannot read IP mode file for STMicroelectronics.X-CUBE-AZRTOS-H7.3.1.0
2023-05-30 16:50:14,711 [WARN] ConditionMgr:1039 - genDependencies : Invalid condition id : UX DEVICE CLASS RTOS Condition cause : null
2023-05-30 16:50:14,712 [WARN] ConditionMgr:1039 - genDependencies : Invalid condition id : UX DEVICE CLASS RTOS Condition cause : null
2023-05-30 16:50:14,712 [WARN] ConditionMgr:1039 - genDependencies : Invalid condition id : UX DEVICE CLASS RTOS Condition cause : null
2023-05-30 16:50:14,712 [WARN] ConditionMgr:1039 - genDependencies : Invalid condition id : UX DEVICE CLASS RTOS Condition cause : null
2023-05-30 16:50:14,713 [WARN] ConditionMgr:1039 - genDependencies : Invalid condition id : UX DEVICE CLASS RTOS Condition cause : null
2023-05-30 16:50:14,730 [WARN] PackLoader:240 - Cannot read IP mode file for STMicroelectronics.X-CUBE-DISPLAY.3.0.0
2023-05-30 16:50:14,746 [WARN] PackLoader:240 - Cannot read IP mode file for STMicroelectronics.X-CUBE-NFC7.1.0.0
2023-05-30 16:50:14,758 [WARN] PackLoader:240 - Cannot read IP mode file for STMicroelectronics.X-CUBE-EEPRMA1.4.1.0
2023-05-30 16:50:14,787 [WARN] ConditionMgr:438 - getConditionDescription Invalid condition id : LAN8742 Phy interface Condition cause : null
2023-05-30 16:50:14,789 [WARN] PackLoader:240 - Cannot read IP mode file for STMicroelectronics.X-CUBE-AZRTOS-L4.2.0.0
2023-05-30 16:50:14,790 [WARN] ConditionMgr:1039 - genDependencies : Invalid condition id : LAN8742 Phy interface Condition cause : null
2023-05-30 16:50:14,790 [WARN] ConditionMgr:1039 - genDependencies : Invalid condition id : LAN8742 Phy interface Condition cause : null
2023-05-30 16:50:14,791 [WARN] ConditionMgr:1039 - genDependencies : Invalid condition id : LAN8742 Phy interface Condition cause : null
2023-05-30 16:50:14,800 [WARN] PackLoader:240 - Cannot read IP mode file for WES.I-CUBE-Cesium.1.3.0
2023-05-30 16:50:14,813 [WARN] PackLoader:240 - Cannot read IP mode file for STMicroelectronics.X-CUBE-SFXS2LP1.4.0.0
2023-05-30 16:50:14,823 [WARN] PackLoader:240 - Cannot read IP mode file for STMicroelectronics.X-CUBE-BLE2.3.3.0
2023-05-30 16:50:14,835 [WARN] PackLoader:240 - Cannot read IP mode file for STMicroelectronics.X-CUBE-ISPU.1.1.0
2023-05-30 16:50:14,848 [WARN] PackLoader:240 - Cannot read IP mode file for STMicroelectronics.X-CUBE-AI.8.0.0
2023-05-30 16:50:14,860 [WARN] PackLoader:240 - Cannot read IP mode file for STMicroelectronics.X-CUBE-FREERTOS.1.0.1
2023-05-30 16:50:14,873 [WARN] PackLoader:240 - Cannot read IP mode file for STMicroelectronics.X-CUBE-TOUCHGFX.4.21.3
2023-05-30 16:50:14,882 [WARN] PackLoader:240 - Cannot read IP mode file for STMicroelectronics.X-CUBE-TOUCHGFX.4.21.4
2023-05-30 16:50:14,896 [WARN] PackLoader:240 - Cannot read IP mode file for STMicroelectronics.X-CUBE-ALGOBUILD.1.3.0
2023-05-30 16:50:14,919 [WARN] PackLoader:240 - Cannot read IP mode file for STMicroelectronics.X-CUBE-AZRTOS-L5.1.1.0
2023-05-30 16:50:14,946 [WARN] PackLoader:240 - Cannot read IP mode file for STMicroelectronics.X-CUBE-AZRTOS-G0.1.1.0
2023-05-30 16:50:14,956 [WARN] PackLoader:240 - Cannot read IP mode file for STMicroelectronics.X-CUBE-AI.8.0.1
2023-05-30 16:50:14,971 [WARN] PackLoader:240 - Cannot read IP mode file for STMicroelectronics.X-CUBE-SUBG2.5.0.0
2023-05-30 16:50:14,985 [WARN] PackLoader:240 - Cannot read IP mode file for STMicroelectronics.X-CUBE-NFC4.3.0.0
2023-05-30 16:50:15,009 [WARN] PackLoader:240 - Cannot read IP mode file for STMicroelectronics.X-CUBE-AZRTOS-G4.2.0.0
2023-05-30 16:50:15,027 [WARN] PackLoader:240 - Cannot read IP mode file for STMicroelectronics.X-CUBE-TOF1.3.3.0
2023-05-30 16:50:15,044 [WARN] PackLoader:240 - Cannot read IP mode file for STMicroelectronics.FP-ATR-SIGFOX1.3.2.0
2023-05-30 16:50:15,068 [WARN] PackLoader:240 - Cannot read IP mode file for STMicroelectronics.X-CUBE-AZRTOS-L4.1.0.0
2023-05-30 16:50:15,083 [WARN] PackLoader:240 - Cannot read IP mode file for STMicroelectronics.X-CUBE-AZRTOS-WL.1.0.0
2023-05-30 16:50:15,090 [WARN] PackLoader:240 - Cannot read IP mode file for portGmbH.I-Cube-SoM-uGOAL.1.1.0
2023-05-30 16:50:15,099 [WARN] PackLoader:240 - Cannot read IP mode file for STMicroelectronics.X-CUBE-ALS.1.0.1
2023-05-30 16:50:15,112 [WARN] PackLoader:240 - Cannot read IP mode file for STMicroelectronics.X-CUBE-AZRTOS-WB.1.1.0
2023-05-30 16:50:15,149 [WARN] PackLoader:240 - Cannot read IP mode file for SEGGER.I-CUBE-embOS.1.3.1
2023-05-30 16:50:15,195 [WARN] PackLoader:240 - Cannot read IP mode file for STMicroelectronics.FP-ATR-ASTRA1.2.0.0
2023-05-30 16:50:15,196 [INFO] ThirdParty:978 - Integrity check success = true
2023-05-30 16:50:15,196 [INFO] IntegrityCheckThread:100 - exiting critical section [integrity check]
2023-05-30 16:50:15,196 [INFO] IntegrityCheckThread:103 - End integrity checks thread
2023-05-30 16:50:15,196 [INFO] ThirdParty:873 - entering critical section [close project]
2023-05-30 16:50:15,197 [INFO] ThirdParty:883 - exiting critical section [close project]
2023-05-30 16:50:15,200 [INFO] PinOutPanel:1499 - setPackage(No Configuration,No Configuration)
2023-05-30 16:50:15,223 [INFO] UtilMem:75 - Begin LoadConfig() Used Memory: 164689856 Bytes (443547648)
2023-05-30 16:50:15,225 [INFO] MicroXplorer:468 - Change Database Path : 
2023-05-30 16:50:15,226 [INFO] MicroXplorer:498 - Change Database Version : DB.6.0.81
2023-05-30 16:50:15,226 [INFO] OpenFileManager:308 - Change cursor
2023-05-30 16:50:15,275 [INFO] Mcu:1937 - Initializing MCU STM32F407V(E-G)Tx STM32F407VGTx STM32F407VGT6
2023-05-30 16:50:16,697 [INFO] Context:659 - Trying to add GPIOservice into a context  which must be forbidden
2023-05-30 16:50:17,622 [INFO] RtosManager:555 - Registered RTOS mode: class=CMSIS, group=RTOS, mode=CMSIS_V1, owner=FREERTOS
2023-05-30 16:50:17,623 [INFO] RtosManager:555 - Registered RTOS mode: class=CMSIS, group=RTOS2, mode=CMSIS_V2, owner=FREERTOS
2023-05-30 16:50:17,625 [INFO] RtosManager:555 - Registered RTOS mode: class=RTOS, group=Core, mode=CMSIS_V1, owner=FREERTOS
2023-05-30 16:50:17,627 [INFO] RtosManager:555 - Registered RTOS mode: class=RTOS, group=Core, mode=CMSIS_V2, owner=FREERTOS
2023-05-30 16:50:17,630 [WARN] ModelIntegratedComponent:184 - Missing modes for component STMicroelectronics:FreeRTOS:0.0.1:STMicroelectronics:RTOS:FreeRTOS:Core:::10.2.0:
2023-05-30 16:50:17,672 [WARN] ModelIntegratedComponent:63 - No mode defined for component null
2023-05-30 16:50:17,673 [WARN] ModelIntegratedComponent:63 - No mode defined for component null
2023-05-30 16:50:17,674 [WARN] ModelIntegratedComponent:63 - No mode defined for component null
2023-05-30 16:50:17,674 [WARN] ModelIntegratedComponent:63 - No mode defined for component null
2023-05-30 16:50:17,674 [WARN] ModelIntegratedComponent:63 - No mode defined for component null
2023-05-30 16:50:17,674 [WARN] ModelIntegratedComponent:63 - No mode defined for component null
2023-05-30 16:50:17,674 [WARN] ModelIntegratedComponent:63 - No mode defined for component null
2023-05-30 16:50:17,674 [WARN] ModelIntegratedComponent:63 - No mode defined for component null
2023-05-30 16:50:17,674 [WARN] ModelIntegratedComponent:63 - No mode defined for component null
2023-05-30 16:50:17,674 [WARN] ModelIntegratedComponent:63 - No mode defined for component null
2023-05-30 16:50:17,674 [WARN] ModelIntegratedComponent:63 - No mode defined for component null
2023-05-30 16:50:17,674 [WARN] ModelIntegratedComponent:63 - No mode defined for component null
2023-05-30 16:50:17,675 [WARN] ModelIntegratedComponent:63 - No mode defined for component null
2023-05-30 16:50:17,675 [WARN] ModelIntegratedComponent:63 - No mode defined for component null
2023-05-30 16:50:17,675 [WARN] ModelIntegratedComponent:63 - No mode defined for component null
2023-05-30 16:50:17,675 [WARN] ModelIntegratedComponent:63 - No mode defined for component null
2023-05-30 16:50:17,675 [WARN] ModelIntegratedComponent:63 - No mode defined for component null
2023-05-30 16:50:17,675 [WARN] ModelIntegratedComponent:63 - No mode defined for component null
2023-05-30 16:50:17,675 [WARN] ModelIntegratedComponent:63 - No mode defined for component null
2023-05-30 16:50:17,675 [WARN] ModelIntegratedComponent:63 - No mode defined for component null
2023-05-30 16:50:17,675 [WARN] ModelIntegratedComponent:63 - No mode defined for component null
2023-05-30 16:50:17,675 [WARN] ModelIntegratedComponent:63 - No mode defined for component null
2023-05-30 16:50:17,675 [WARN] ModelIntegratedComponent:63 - No mode defined for component null
2023-05-30 16:50:17,675 [WARN] ModelIntegratedComponent:63 - No mode defined for component null
2023-05-30 16:50:17,675 [WARN] ModelIntegratedComponent:63 - No mode defined for component null
2023-05-30 16:50:17,675 [WARN] ModelIntegratedComponent:63 - No mode defined for component null
2023-05-30 16:50:17,676 [WARN] ModelIntegratedComponent:63 - No mode defined for component null
2023-05-30 16:50:17,676 [WARN] ModelIntegratedComponent:63 - No mode defined for component null
2023-05-30 16:50:17,676 [WARN] ModelIntegratedComponent:63 - No mode defined for component null
2023-05-30 16:50:17,676 [WARN] ModelIntegratedComponent:63 - No mode defined for component null
2023-05-30 16:50:17,676 [WARN] ModelIntegratedComponent:63 - No mode defined for component null
2023-05-30 16:50:17,676 [WARN] ModelIntegratedComponent:63 - No mode defined for component null
2023-05-30 16:50:17,676 [WARN] ModelIntegratedComponent:63 - No mode defined for component null
2023-05-30 16:50:17,750 [INFO] ThirdPartyModel:298 - Start build external matchings
2023-05-30 16:50:18,111 [INFO] ThirdPartyModel:316 - End build external matchings
2023-05-30 16:50:18,153 [INFO] ImportTextPane:194 - (OptionalMessage_ERROR) IP (RCC) : Parameter (RTCHSEDivFreq_Value) has invalid value (4000000)
2023-05-30 16:50:18,522 [INFO] UtilMem:75 - End LoadConfig() Used Memory: 195508112 Bytes (443547648)
2023-05-30 16:50:18,833 [INFO] ApiDb:581 - Connected to CubeFinder SQLite database (C:\Users\User\.stmcufinder\plugins\mcufinder\mcu\cube-finder-db.db)
2023-05-30 16:50:18,929 [INFO] ApiDb:668 - CubeFinder database Data Model version=2.1
2023-05-30 16:50:18,929 [INFO] ApiDb:669 - CubeFinder database Configuration version=3.0.35
2023-05-30 16:50:18,929 [INFO] ApiDb:670 - CubeFinder database generation date=2023-05-12 (1683877179)
2023-05-30 16:50:18,929 [INFO] ApiDb:671 - CubeFinder database FW Pack versions=[FP-ATR-ASTRA1_V2.0.0, FP-SNS-FLIGHT1_V5.0.0, FP-SNS-MOTENV1_V4.3.0, STM32Cube_FW_C0_V1.0.1, STM32Cube_FW_F0_V1.11.4, STM32Cube_FW_F3_V1.11.4, STM32Cube_FW_F4_V1.27.1, STM32Cube_FW_F7_V1.17.0, STM32Cube_FW_G0_V1.6.1, STM32Cube_FW_G4_V1.5.1, STM32Cube_FW_H5_V0.5.1, STM32Cube_FW_H5_V1.0.0, STM32Cube_FW_H7_V1.11.0, STM32Cube_FW_L0_V1.12.2, STM32Cube_FW_L5_V1.5.0, STM32Cube_FW_U5_V1.2.0, STM32Cube_FW_WBA_V1.0.0, STM32Cube_FW_WBA_V1.0.0RC1, STM32Cube_FW_WBA_V1.0.0RC3, STM32Cube_FW_WB_V1.15.0RC1, STM32Cube_FW_WB_V1.16.0, STM32Cube_FW_WB_V1.16.0RC2, STM32Cube_FW_WL_V1.3.0, X-CUBE-ALGOBUILD_V1.3.0, X-CUBE-ALS_V1.0.1, X-CUBE-AZRTOS-F4_V1.1.0, X-CUBE-AZRTOS-F7_V1.1.0, X-CUBE-AZRTOS-G0_V1.1.0, X-CUBE-AZRTOS-G4_V2.0.0, X-CUBE-AZRTOS-H7_V3.1.0, X-CUBE-AZRTOS-L4_V1.0.0, X-CUBE-AZRTOS-L5_V1.1.0, X-CUBE-AZRTOS-WB_V1.1.0, X-CUBE-AZRTOS-WL_V1.0.0, X-CUBE-BLE1_V6.2.4, X-CUBE-BLE2_V3.3.0, X-CUBE-BLEMGR_V2.0.0, X-CUBE-EEPRMA1_V4.1.0, X-CUBE-FREERTOS_V1.0.1, X-CUBE-GNSS1_V6.0.0, X-CUBE-MEMS1_V9.1.0, X-CUBE-MEMS1_V9.4.0, X-CUBE-MEMS1_V9.6.0, X-CUBE-NFC4_V3.0.0, X-CUBE-NFC7_V1.0.0, X-CUBE-SFXS2LP1_V4.0.0, X-CUBE-SUBG2_V5.0.0]
2023-05-30 16:50:21,102 [INFO] ApiDb:240 - Found 297 in-development CPN: [B-G473E-ZEST1S, B-WB1M-WPAN1, B-WL5M-SUBG1, NUCLEO-C031C6, NUCLEO-H503RB, NUCLEO-H563ZI, NUCLEO-U545RE-Q, NUCLEO-U5A5ZJ-Q, NUCLEO-WBA52CG, STEVAL-PROTEUS1, STEVAL-STWINBX1, STM320518-EVAL, STM32C0116-DK, STM32C011D6Y3TR, STM32C011D6Y6TR, STM32C011F4P3, STM32C011F4P6, STM32C011F4U3, STM32C011F4U6TR, STM32C011F6P3, STM32C011F6P6, STM32C011F6U3, STM32C011F6U6TR, STM32C011J4M3, STM32C011J4M6, STM32C011J6M3, STM32C011J6M6, STM32C0316-DK, STM32C031C4T3, STM32C031C4T6, STM32C031C4U3, STM32C031C4U6, STM32C031C6T3, STM32C031C6T6, STM32C031C6U3, STM32C031C6U6, STM32C031F4P3, STM32C031F4P6, STM32C031F6P3, STM32C031F6P6, STM32C031G4U3, STM32C031G4U6, STM32C031G6U3, STM32C031G6U6, STM32C031K4T3, STM32C031K4T6, STM32C031K4U3, STM32C031K4U6, STM32C031K6T3, STM32C031K6T6, STM32C031K6U3, STM32C031K6U6, STM32G071K8TXN, STM32G071K8UXN, STM32G081GBU6N, STM32G081KBT6N, STM32G081KBUXN, STM32G0B1CCT6N, STM32G0B1KCT6, STM32G0B1NEY6TR, STM32G0B1RCT6N, STM32G0C1CCT6, STM32G0C1CCT6N, STM32G0C1CCU6N, STM32G0C1CET6N, STM32G0C1CEU6N, STM32G0C1KCT6, STM32G0C1NEY6TR, STM32G0C1RCI6N, STM32G0C1RCT6N, STM32G0C1REI6N, STM32G0C1RET6N, STM32G0C1VCI6, STM32G0C1VEI6, STM32G471CCT6, STM32G471CCU6, STM32G471CET3, STM32G471CET6, STM32G471CEU3, STM32G471CEU6, STM32G471MCT6, STM32G471MET3, STM32G471MET6, STM32G471MEY6TR, STM32G471QCT6, STM32G471QET3, STM32G471RCT6, STM32G471RET3, STM32G471RET6, STM32G471VCH6, STM32G471VCI6, STM32G471VCT6, STM32G471VEH3, STM32G471VEH6, STM32G471VEI3, STM32G471VEI6, STM32G471VET3, STM32G471VET6, STM32G474CCT6, STM32H503CBT6, STM32H503CBU6, STM32H503EBY6TR, STM32H503KBU6, STM32H503RBT6, STM32H562AGI6, STM32H562AII6, STM32H562IGK6, STM32H562IGT6, STM32H562IIK6, STM32H562IIT6, STM32H562RGT6, STM32H562RGV6, STM32H562RIT6, STM32H562RIV6, STM32H562VGT6, STM32H562VIT6, STM32H562ZGT6, STM32H562ZIT6, STM32H563AGI6, STM32H563AII3Q, STM32H563AII6, STM32H563IGK6, STM32H563IGT6, STM32H563IIK3Q, STM32H563IIK6, STM32H563IIT3Q, STM32H563IIT6, STM32H563MIY3QTR, STM32H563RGT6, STM32H563RGV6, STM32H563RIT6, STM32H563RIV6, STM32H563VGT6, STM32H563VIT3Q, STM32H563VIT6, STM32H563ZGT6, STM32H563ZIT3Q, STM32H563ZIT6, STM32H573AII3Q, STM32H573AII6, STM32H573I-DK, STM32H573IIK3Q, STM32H573IIK6, STM32H573IIT3Q, STM32H573IIT6, STM32H573MIY3QTR, STM32H573RIT6, STM32H573RIV6, STM32H573VIT3Q, STM32H573VIT6, STM32H573ZIT3Q, STM32H573ZIT6, STM32L4R5QGI6STR, STM32MP131AAE3, STM32MP131AAF3, STM32MP131AAG3, STM32MP131CAE3, STM32MP131CAF3, STM32MP131CAG3, STM32MP131DAE7, STM32MP131DAF7, STM32MP131DAG7, STM32MP131FAE7, STM32MP131FAF7, STM32MP131FAG7, STM32MP133AAE3, STM32MP133AAF3, STM32MP133AAG3, STM32MP133CAE3, STM32MP133CAF3, STM32MP133CAG3, STM32MP133DAE7, STM32MP133DAF7, STM32MP133DAG7, STM32MP133FAE7, STM32MP133FAF7, STM32MP133FAG7, STM32MP135AAE3, STM32MP135AAF3, STM32MP135AAG3, STM32MP135CAE3, STM32MP135CAF3, STM32MP135CAG3, STM32MP135DAE7, STM32MP135DAF7, STM32MP135DAG7, STM32MP135F-DK, STM32MP135FAE7, STM32MP135FAF7, STM32MP135FAF7T, STM32MP135FAF7U, STM32MP135FAG7, STM32U535CBT6, STM32U535CBT6Q, STM32U535CBU6, STM32U535CBU6Q, STM32U535CCT6, STM32U535CCT6Q, STM32U535CCU6, STM32U535CCU6Q, STM32U535CET6, STM32U535CET6Q, STM32U535CEU6, STM32U535CEU6Q, STM32U535JEY6QTR, STM32U535NCY6QTR, STM32U535NEY6QTR, STM32U535RBI6, STM32U535RBI6Q, STM32U535RBT6, STM32U535RBT6Q, STM32U535RCI6, STM32U535RCI6Q, STM32U535RCT6, STM32U535RCT6Q, STM32U535REI6, STM32U535REI6Q, STM32U535RET6, STM32U535RET6Q, STM32U535VCI6, STM32U535VCI6Q, STM32U535VCT6, STM32U535VCT6Q, STM32U535VEI6, STM32U535VEI6Q, STM32U535VET6, STM32U535VET6Q, STM32U545CET6, STM32U545CET6Q, STM32U545CEU6, STM32U545CEU6Q, STM32U545JEY6QTR, STM32U545NEY6QTR, STM32U545REI6, STM32U545REI6Q, STM32U545RET6, STM32U545RET6Q, STM32U545VEI6, STM32U545VEI6Q, STM32U545VET6, STM32U545VET6Q, STM32U595AIH6, STM32U595AIH6Q, STM32U595AJH6, STM32U595AJH6Q, STM32U595QII6, STM32U595QII6Q, STM32U595QJI6, STM32U595QJI6Q, STM32U595RIT6, STM32U595RIT6Q, STM32U595RJT6, STM32U595RJT6Q, STM32U595VIT6, STM32U595VIT6Q, STM32U595VJT6, STM32U595VJT6Q, STM32U595ZIT6, STM32U595ZIT6Q, STM32U595ZIY6QTR, STM32U595ZJT6, STM32U595ZJT6Q, STM32U595ZJY6QTR, STM32U599BJY6QTR, STM32U599NIH6Q, STM32U599NJH6Q, STM32U599VIT6Q, STM32U599VJT6, STM32U599VJT6Q, STM32U599ZIT6Q, STM32U599ZIY6QTR, STM32U599ZJT6Q, STM32U599ZJY6QTR, STM32U5A5AJH6, STM32U5A5AJH6Q, STM32U5A5QJI6, STM32U5A5QJI6Q, STM32U5A5RJT6, STM32U5A5RJT6Q, STM32U5A5VJT6, STM32U5A5VJT6Q, STM32U5A5ZJT6, STM32U5A5ZJT6Q, STM32U5A5ZJY6QTR, STM32U5A9BJY6QTR, STM32U5A9J-DK, STM32U5A9NJH6Q, STM32U5A9VJT6Q, STM32U5A9ZJT6Q, STM32U5A9ZJY6QTR, STM32WB1MMCH6, STM32WBA52CEU6, STM32WBA52CEU6T, STM32WBA52CGU6, STM32WBA52CGU6T, STM32WL5MOCH6, STM32WL5MOCH6TR]
2023-05-30 16:50:21,105 [INFO] DbMcus:216 - Found 3775 MCUs, 3775 are supported
2023-05-30 16:50:21,107 [INFO] ApiDb:423 - Load user favorites file C:\Users\User/.stm32cubeide/favorites.mcus.txt: 0 item(s)
2023-05-30 16:50:21,107 [INFO] ApiDb:427 - User favorites MCUs=[]
2023-05-30 16:50:21,107 [INFO] DbMcus:222 - Set 0 / 0 favorites MCUs
2023-05-30 16:50:21,430 [WARN] ThirdParty:833 - waiting for thirdparty lock release [change project]
2023-05-30 16:50:21,430 [INFO] ThirdParty:835 - entering critical section [change project]
2023-05-30 16:50:21,430 [INFO] ThirdParty:1030 - CMSIS Pack Vendor :STMicroelectronics X-CUBE-ISPU 1.1.0
2023-05-30 16:50:21,430 [INFO] ThirdParty:1030 - CMSIS Pack Vendor :STMicroelectronics X-CUBE-GNSS1 6.0.0
2023-05-30 16:50:21,430 [INFO] ThirdParty:1030 - CMSIS Pack Vendor :STMicroelectronics USB_HOST 2.0.0
2023-05-30 16:50:21,430 [INFO] ThirdParty:1030 - CMSIS Pack Vendor :STMicroelectronics X-CUBE-AZRTOS-F4 1.1.0
2023-05-30 16:50:21,430 [INFO] ThirdParty:1030 - CMSIS Pack Vendor :STMicroelectronics LIBJPEG 8.0.0
2023-05-30 16:50:21,430 [INFO] ThirdParty:1030 - CMSIS Pack Vendor :STMicroelectronics X-CUBE-SMBUS 2.1.0
2023-05-30 16:50:21,430 [INFO] ThirdParty:1030 - CMSIS Pack Vendor :wolfSSL I-CUBE-wolfSSL 5.6.0
2023-05-30 16:50:21,430 [INFO] ThirdParty:1030 - CMSIS Pack Vendor :STMicroelectronics USB_DEVICE 3.0.0
2023-05-30 16:50:21,430 [INFO] ThirdParty:1030 - CMSIS Pack Vendor :STMicroelectronics X-CUBE-AI 8.0.0
2023-05-30 16:50:21,430 [INFO] ThirdParty:1030 - CMSIS Pack Vendor :STMicroelectronics X-CUBE-FREERTOS 1.0.1
2023-05-30 16:50:21,430 [INFO] ThirdParty:1030 - CMSIS Pack Vendor :STMicroelectronics X-CUBE-TOUCHGFX 4.21.3
2023-05-30 16:50:21,430 [INFO] ThirdParty:1030 - CMSIS Pack Vendor :STMicroelectronics X-CUBE-AZRTOS-F7 1.1.0
2023-05-30 16:50:21,430 [INFO] ThirdParty:1030 - CMSIS Pack Vendor :STMicroelectronics X-CUBE-TOUCHGFX 4.21.4
2023-05-30 16:50:21,431 [INFO] ThirdParty:1030 - CMSIS Pack Vendor :STMicroelectronics USB_DEVICE 2.0.0
2023-05-30 16:50:21,431 [INFO] ThirdParty:1030 - CMSIS Pack Vendor :STMicroelectronics X-CUBE-MEMS1 9.6.0
2023-05-30 16:50:21,431 [INFO] ThirdParty:1030 - CMSIS Pack Vendor :STMicroelectronics FP-SNS-MOTENV1 4.3.0
2023-05-30 16:50:21,431 [INFO] ThirdParty:1030 - CMSIS Pack Vendor :STMicroelectronics FP-SNS-FLIGHT1 5.0.0
2023-05-30 16:50:21,431 [INFO] ThirdParty:1030 - CMSIS Pack Vendor :STMicroelectronics FP-SNS-MOTENV1 4.3.1
2023-05-30 16:50:21,431 [INFO] ThirdParty:1030 - CMSIS Pack Vendor :STMicroelectronics FP-SNS-FLIGHT1 5.0.1
2023-05-30 16:50:21,431 [INFO] ThirdParty:1030 - CMSIS Pack Vendor :STMicroelectronics X-CUBE-ALGOBUILD 1.3.0
2023-05-30 16:50:21,431 [INFO] ThirdParty:1030 - CMSIS Pack Vendor :STMicroelectronics X-CUBE-BLE1 6.2.4
2023-05-30 16:50:21,431 [INFO] ThirdParty:1030 - CMSIS Pack Vendor :STMicroelectronics X-CUBE-AZRTOS-L5 1.1.0
2023-05-30 16:50:21,431 [INFO] ThirdParty:1030 - CMSIS Pack Vendor :STMicroelectronics FreeRTOS 0.0.1
2023-05-30 16:50:21,431 [INFO] ThirdParty:1030 - CMSIS Pack Vendor :emotas I-CUBE-CANOPEN 1.1.3
2023-05-30 16:50:21,431 [INFO] ThirdParty:1030 - CMSIS Pack Vendor :STMicroelectronics X-CUBE-AZRTOS-G0 1.1.0
2023-05-30 16:50:21,431 [INFO] ThirdParty:1030 - CMSIS Pack Vendor :STMicroelectronics X-CUBE-BLEMGR 2.0.0
2023-05-30 16:50:21,431 [INFO] ThirdParty:1030 - CMSIS Pack Vendor :STMicroelectronics X-CUBE-AI 8.0.1
2023-05-30 16:50:21,431 [INFO] ThirdParty:1030 - CMSIS Pack Vendor :STMicroelectronics X-CUBE-SUBG2 5.0.0
2023-05-30 16:50:21,431 [INFO] ThirdParty:1030 - CMSIS Pack Vendor :STMicroelectronics X-CUBE-NFC4 3.0.0
2023-05-30 16:50:21,431 [INFO] ThirdParty:1030 - CMSIS Pack Vendor :STMicroelectronics STM32_WPAN 1.0.0
2023-05-30 16:50:21,431 [INFO] ThirdParty:1030 - CMSIS Pack Vendor :STMicroelectronics lwIP 2.0.3
2023-05-30 16:50:21,431 [INFO] ThirdParty:1030 - CMSIS Pack Vendor :STMicroelectronics USB_HOST 1.0.0
2023-05-30 16:50:21,431 [INFO] ThirdParty:1030 - CMSIS Pack Vendor :STMicroelectronics X-CUBE-AZRTOS-G4 2.0.0
2023-05-30 16:50:21,431 [INFO] ThirdParty:1030 - CMSIS Pack Vendor :STMicroelectronics PDM2PCM 3.1.0
2023-05-30 16:50:21,431 [INFO] ThirdParty:1030 - CMSIS Pack Vendor :STMicroelectronics X-CUBE-AZRTOS-H7 3.1.0
2023-05-30 16:50:21,431 [INFO] ThirdParty:1030 - CMSIS Pack Vendor :STMicroelectronics X-CUBE-TOF1 3.3.0
2023-05-30 16:50:21,431 [INFO] ThirdParty:1030 - CMSIS Pack Vendor :STMicroelectronics PDM2PCM 3.3.0
2023-05-30 16:50:21,432 [INFO] ThirdParty:1030 - CMSIS Pack Vendor :STMicroelectronics X-CUBE-DISPLAY 3.0.0
2023-05-30 16:50:21,432 [INFO] ThirdParty:1030 - CMSIS Pack Vendor :STMicroelectronics FP-ATR-SIGFOX1 3.2.0
2023-05-30 16:50:21,432 [INFO] ThirdParty:1030 - CMSIS Pack Vendor :STMicroelectronics X-CUBE-AZRTOS-L4 1.0.0
2023-05-30 16:50:21,432 [INFO] ThirdParty:1030 - CMSIS Pack Vendor :STMicroelectronics HAL Drivers 0.0.0
2023-05-30 16:50:21,432 [INFO] ThirdParty:1030 - CMSIS Pack Vendor :STMicroelectronics MBEDTLS 2.16.2
2023-05-30 16:50:21,432 [INFO] ThirdParty:1030 - CMSIS Pack Vendor :STMicroelectronics MBEDTLS 2.14.1
2023-05-30 16:50:21,432 [INFO] ThirdParty:1030 - CMSIS Pack Vendor :STMicroelectronics X-CUBE-NFC7 1.0.0
2023-05-30 16:50:21,432 [INFO] ThirdParty:1030 - CMSIS Pack Vendor :STMicroelectronics X-CUBE-AZRTOS-WL 1.0.0
2023-05-30 16:50:21,432 [INFO] ThirdParty:1030 - CMSIS Pack Vendor :STMicroelectronics X-CUBE-EEPRMA1 4.1.0
2023-05-30 16:50:21,432 [INFO] ThirdParty:1030 - CMSIS Pack Vendor :portGmbH I-Cube-SoM-uGOAL 1.1.0
2023-05-30 16:50:21,432 [INFO] ThirdParty:1030 - CMSIS Pack Vendor :STMicroelectronics X-CUBE-ALS 1.0.1
2023-05-30 16:50:21,432 [INFO] ThirdParty:1030 - CMSIS Pack Vendor :STMicroelectronics ThreadX 1.0.0
2023-05-30 16:50:21,432 [INFO] ThirdParty:1030 - CMSIS Pack Vendor :STMicroelectronics X-CUBE-AZRTOS-WB 1.1.0
2023-05-30 16:50:21,432 [INFO] ThirdParty:1030 - CMSIS Pack Vendor :SEGGER I-CUBE-embOS 1.3.1
2023-05-30 16:50:21,432 [INFO] ThirdParty:1030 - CMSIS Pack Vendor :STMicroelectronics USB_DEVICE 1.0.0
2023-05-30 16:50:21,432 [INFO] ThirdParty:1030 - CMSIS Pack Vendor :STMicroelectronics X-CUBE-AZRTOS-L4 2.0.0
2023-05-30 16:50:21,432 [INFO] ThirdParty:1030 - CMSIS Pack Vendor :STMicroelectronics ThreadX 0.0.2
2023-05-30 16:50:21,432 [INFO] ThirdParty:1030 - CMSIS Pack Vendor :WES I-CUBE-Cesium 1.3.0
2023-05-30 16:50:21,432 [INFO] ThirdParty:1030 - CMSIS Pack Vendor :STMicroelectronics FP-ATR-ASTRA1 2.0.0
2023-05-30 16:50:21,432 [INFO] ThirdParty:1030 - CMSIS Pack Vendor :STMicroelectronics lwIP 2.1.2
2023-05-30 16:50:21,432 [INFO] ThirdParty:1030 - CMSIS Pack Vendor :STMicroelectronics X-CUBE-SFXS2LP1 4.0.0
2023-05-30 16:50:21,433 [INFO] ThirdParty:1030 - CMSIS Pack Vendor :STMicroelectronics X-CUBE-BLE2 3.3.0
2023-05-30 16:50:21,433 [INFO] ThirdParty:1030 - CMSIS Pack Vendor :STMicroelectronics PDM2PCM 3.2.0
2023-05-30 16:50:21,433 [INFO] ThirdParty:841 - exiting critical section [change project]
2023-05-30 16:50:21,825 [INFO] PinOutPanel:1499 - setPackage(No Configuration,No Configuration)
2023-05-30 16:50:21,826 [INFO] PinOutPanel:1499 - setPackage(STM32F407VGTx,LQFP100)
2023-05-30 16:50:22,274 [INFO] UtilMem:75 - Before build in PCC Used Memory: 239130320 Bytes (443547648)
2023-05-30 16:50:23,011 [INFO] UtilMem:75 - After build in PCC Used Memory: 213141144 Bytes (443547648)
2023-05-30 16:50:23,077 [INFO] ApiDbMcu:507 - Load IP Config File for USB_HOST
2023-05-30 16:50:23,079 [WARN] BspModel:443 - BSP dependency skipped because of component: name='IOExpander', api='Unknown'
2023-05-30 16:50:23,107 [INFO] IPUIPlugin:80 - create IPUIPlugin
2023-05-30 16:50:23,107 [INFO] IPUIPlugin:80 - create IPUIPlugin
2023-05-30 16:50:23,108 [INFO] IPUIPlugin:80 - create IPUIPlugin
2023-05-30 16:50:23,108 [INFO] IPUIPlugin:80 - create IPUIPlugin
2023-05-30 16:50:23,108 [INFO] IPUIPlugin:80 - create IPUIPlugin
2023-05-30 16:50:23,108 [INFO] IPUIPlugin:80 - create IPUIPlugin
2023-05-30 16:50:23,108 [INFO] IPUIPlugin:80 - create IPUIPlugin
2023-05-30 16:50:23,108 [INFO] IPUIPlugin:80 - create IPUIPlugin
2023-05-30 16:50:23,108 [INFO] IPUIPlugin:80 - create IPUIPlugin
2023-05-30 16:50:23,109 [INFO] IPUIPlugin:80 - create IPUIPlugin
2023-05-30 16:50:23,109 [INFO] IPUIPlugin:80 - create IPUIPlugin
2023-05-30 16:50:23,109 [INFO] IPUIPlugin:80 - create IPUIPlugin
2023-05-30 16:50:23,109 [INFO] IPUIPlugin:80 - create IPUIPlugin
2023-05-30 16:50:23,109 [INFO] IPUIPlugin:80 - create IPUIPlugin
2023-05-30 16:50:23,109 [INFO] IPUIPlugin:80 - create IPUIPlugin
2023-05-30 16:50:23,109 [INFO] IPUIPlugin:80 - create IPUIPlugin
2023-05-30 16:50:23,109 [INFO] IPUIPlugin:80 - create IPUIPlugin
2023-05-30 16:50:23,109 [INFO] IPUIPlugin:80 - create IPUIPlugin
2023-05-30 16:50:23,110 [INFO] IPUIPlugin:80 - create IPUIPlugin
2023-05-30 16:50:23,110 [INFO] IPUIPlugin:80 - create IPUIPlugin
2023-05-30 16:50:23,110 [INFO] IPUIPlugin:80 - create IPUIPlugin
2023-05-30 16:50:23,110 [INFO] IPUIPlugin:80 - create IPUIPlugin
2023-05-30 16:50:23,110 [INFO] IPUIPlugin:80 - create IPUIPlugin
2023-05-30 16:50:23,110 [INFO] IPUIPlugin:80 - create IPUIPlugin
2023-05-30 16:50:23,111 [INFO] IPUIPlugin:80 - create IPUIPlugin
2023-05-30 16:50:23,111 [INFO] IPUIPlugin:80 - create IPUIPlugin
2023-05-30 16:50:23,111 [INFO] IPUIPlugin:80 - create IPUIPlugin
2023-05-30 16:50:23,111 [INFO] IPUIPlugin:80 - create IPUIPlugin
2023-05-30 16:50:23,111 [INFO] IPUIPlugin:80 - create IPUIPlugin
2023-05-30 16:50:23,112 [INFO] IPUIPlugin:80 - create IPUIPlugin
2023-05-30 16:50:23,112 [INFO] IPUIPlugin:80 - create IPUIPlugin
2023-05-30 16:50:23,112 [INFO] IPUIPlugin:80 - create IPUIPlugin
2023-05-30 16:50:23,112 [INFO] IPUIPlugin:80 - create IPUIPlugin
2023-05-30 16:50:23,112 [INFO] IPUIPlugin:80 - create IPUIPlugin
2023-05-30 16:50:23,112 [INFO] IPUIPlugin:80 - create IPUIPlugin
2023-05-30 16:50:23,113 [INFO] IPUIPlugin:80 - create IPUIPlugin
2023-05-30 16:50:23,113 [INFO] IPUIPlugin:80 - create IPUIPlugin
2023-05-30 16:50:23,113 [INFO] IPUIPlugin:80 - create IPUIPlugin
2023-05-30 16:50:23,113 [INFO] IPUIPlugin:80 - create IPUIPlugin
2023-05-30 16:50:23,114 [INFO] IPUIPlugin:80 - create IPUIPlugin
2023-05-30 16:50:23,114 [INFO] IPUIPlugin:80 - create IPUIPlugin
2023-05-30 16:50:23,114 [INFO] IPUIPlugin:80 - create IPUIPlugin
2023-05-30 16:50:23,115 [INFO] IPUIPlugin:80 - create IPUIPlugin
2023-05-30 16:50:23,115 [INFO] IPUIPlugin:80 - create IPUIPlugin
2023-05-30 16:50:23,115 [INFO] IPUIPlugin:80 - create IPUIPlugin
2023-05-30 16:50:23,115 [INFO] IPUIPlugin:80 - create IPUIPlugin
2023-05-30 16:50:23,116 [INFO] IPUIPlugin:80 - create IPUIPlugin
2023-05-30 16:50:23,116 [INFO] IPUIPlugin:80 - create IPUIPlugin
2023-05-30 16:50:23,116 [INFO] IPUIPlugin:80 - create IPUIPlugin
2023-05-30 16:50:23,116 [INFO] IPUIPlugin:80 - create IPUIPlugin
2023-05-30 16:50:23,117 [INFO] IPUIPlugin:80 - create IPUIPlugin
2023-05-30 16:50:23,117 [INFO] IPUIPlugin:80 - create IPUIPlugin
2023-05-30 16:50:23,117 [INFO] IPUIPlugin:80 - create IPUIPlugin
2023-05-30 16:50:23,117 [INFO] IPUIPlugin:80 - create IPUIPlugin
2023-05-30 16:50:23,118 [INFO] IPUIPlugin:80 - create IPUIPlugin
2023-05-30 16:50:23,118 [INFO] IPUIPlugin:80 - create IPUIPlugin
2023-05-30 16:50:23,119 [INFO] IPUIPlugin:80 - create IPUIPlugin
2023-05-30 16:50:23,119 [INFO] IPUIPlugin:80 - create IPUIPlugin
2023-05-30 16:50:23,133 [INFO] ApiDbMcu:507 - Load IP Config File for PDM2PCM
2023-05-30 16:50:23,142 [WARN] IP:2113 - I2C_Coeff_DF not found: check if there is a RefParameter without a condition.
2023-05-30 16:50:23,143 [WARN] IP:2113 - Analog_Filter not found: check if there is a RefParameter without a condition.
2023-05-30 16:50:23,152 [INFO] I2sManager:658 - 9.6E7
2023-05-30 16:50:23,153 [INFO] I2sManager:195 - I2S Clock Value : 9.6E7
2023-05-30 16:50:23,157 [INFO] I2sManager:553 - AudioClock : 93750Divider : 2Odd : 0
2023-05-30 16:50:23,360 [INFO] CADModel:165 - CPN selected for project levelSTM32F407VGT6
2023-05-30 16:50:23,360 [INFO] CADModel:114 - Register for checkConnection events
2023-05-30 16:50:23,399 [INFO] OpenFileManager:328 - Restore cursor
2023-05-30 16:50:23,560 [WARN] IP:2113 - I2C_Coeff_DF not found: check if there is a RefParameter without a condition.
2023-05-30 16:50:23,560 [WARN] IP:2113 - Analog_Filter not found: check if there is a RefParameter without a condition.
2023-05-30 16:50:23,561 [WARN] IP:2113 - I2C_Coeff_DF not found: check if there is a RefParameter without a condition.
2023-05-30 16:50:23,561 [WARN] IP:2113 - Analog_Filter not found: check if there is a RefParameter without a condition.
2023-05-30 17:05:56,179 [INFO] NvicIntPanel:101 - NVIC parent = com.st.microxplorer.plugins.ip.nvic.MultiNvicIntPanel[,0,0,0x0,invalid,layout=javax.swing.BoxLayout,alignmentX=0.0,alignmentY=0.0,border=,flags=9,maximumSize=,minimumSize=,preferredSize=]
2023-05-30 17:05:56,272 [INFO] NvicIntPanel:101 - NVIC parent = com.st.microxplorer.plugins.ip.nvic.MultiNvicIntPanel[,0,0,0x0,invalid,layout=javax.swing.BoxLayout,alignmentX=0.0,alignmentY=0.0,border=,flags=9,maximumSize=,minimumSize=,preferredSize=]
2023-05-30 17:05:56,387 [INFO] NvicIntPanel:101 - NVIC parent = com.st.microxplorer.plugins.ip.nvic.MultiNvicIntPanel[,0,0,0x0,invalid,layout=javax.swing.BoxLayout,alignmentX=0.0,alignmentY=0.0,border=,flags=9,maximumSize=,minimumSize=,preferredSize=]
2023-05-30 17:05:57,633 [INFO] ADCParametersView:116 -                Rank 1 : false
2023-05-30 17:05:57,681 [INFO] ADCParametersView:116 -                Rank 1 : false
2023-05-30 17:05:57,681 [INFO] ADCParametersView:116 -                Rank 1 : false
2023-05-30 17:05:57,681 [INFO] ADCParametersView:116 -                Rank 1 : false
2023-05-30 17:05:57,682 [INFO] ADCParametersView:116 -                Rank 1 : false
2023-05-30 17:05:57,682 [INFO] ADCParametersView:116 -                Rank 1 : false
2023-05-30 17:05:57,682 [INFO] ADCParametersView:116 -                Rank 1 : false
2023-05-30 17:05:57,682 [INFO] ADCParametersView:116 -                Rank 1 : false
2023-05-30 17:05:57,682 [INFO] ADCParametersView:116 -                Rank 1 : false
2023-05-30 17:05:57,682 [INFO] ADCParametersView:116 -                Rank 1 : false
2023-05-30 17:05:57,682 [INFO] ADCParametersView:116 -                Rank 1 : false
2023-05-30 17:05:57,683 [INFO] ADCParametersView:116 -                Rank 1 : false
2023-05-30 17:05:57,683 [INFO] ADCParametersView:116 -                Rank 1 : false
2023-05-30 17:05:57,683 [INFO] ADCParametersView:116 -                Rank 1 : false
2023-05-30 17:05:57,683 [INFO] ADCParametersView:116 -                Rank 1 : false
2023-05-30 17:05:57,706 [INFO] ADCParametersView:116 -                Rank 1 : false
2023-05-30 17:06:05,952 [INFO] NvicIntPanel:101 - NVIC parent = com.st.microxplorer.plugins.ip.nvic.MultiNvicIntPanel[,0,0,0x0,invalid,layout=javax.swing.BoxLayout,alignmentX=0.0,alignmentY=0.0,border=,flags=9,maximumSize=,minimumSize=,preferredSize=]
2023-05-30 17:06:06,016 [INFO] ADCParametersView:116 -                Rank 1 : false
2023-05-30 17:06:06,019 [INFO] ADCParametersView:116 -                Rank 1 : false
2023-05-30 17:06:06,019 [INFO] ADCParametersView:116 -                Rank 1 : false
2023-05-30 17:06:06,019 [INFO] ADCParametersView:116 -                Rank 1 : false
2023-05-30 17:06:06,019 [INFO] ADCParametersView:116 -                Rank 1 : false
2023-05-30 17:06:06,019 [INFO] ADCParametersView:116 -                Rank 1 : false
2023-05-30 17:06:06,019 [INFO] ADCParametersView:116 -                Rank 1 : false
2023-05-30 17:06:06,019 [INFO] ADCParametersView:116 -                Rank 1 : false
2023-05-30 17:06:06,019 [INFO] ADCParametersView:116 -                Rank 1 : false
2023-05-30 17:06:06,020 [INFO] ADCParametersView:116 -                Rank 1 : false
2023-05-30 17:06:06,020 [INFO] ADCParametersView:116 -                Rank 1 : false
2023-05-30 17:06:06,020 [INFO] ADCParametersView:116 -                Rank 1 : false
2023-05-30 17:06:06,020 [INFO] ADCParametersView:116 -                Rank 1 : false
2023-05-30 17:06:06,020 [INFO] ADCParametersView:116 -                Rank 1 : false
2023-05-30 17:06:06,046 [INFO] ADCParametersView:116 -                Rank 1 : false
2023-05-30 17:06:11,176 [INFO] NvicIntPanel:101 - NVIC parent = com.st.microxplorer.plugins.ip.nvic.MultiNvicIntPanel[,0,0,0x0,invalid,layout=javax.swing.BoxLayout,alignmentX=0.0,alignmentY=0.0,border=,flags=9,maximumSize=,minimumSize=,preferredSize=]
2023-05-30 17:06:11,243 [INFO] ADCParametersView:116 -                Rank 1 : false
2023-05-30 17:06:11,246 [INFO] ADCParametersView:116 -                Rank 1 : false
2023-05-30 17:06:11,246 [INFO] ADCParametersView:116 -                Rank 1 : false
2023-05-30 17:06:11,246 [INFO] ADCParametersView:116 -                Rank 1 : false
2023-05-30 17:06:11,246 [INFO] ADCParametersView:116 -                Rank 1 : false
2023-05-30 17:06:11,247 [INFO] ADCParametersView:116 -                Rank 1 : false
2023-05-30 17:06:11,247 [INFO] ADCParametersView:116 -                Rank 1 : false
2023-05-30 17:06:11,247 [INFO] ADCParametersView:116 -                Rank 1 : false
2023-05-30 17:06:11,247 [INFO] ADCParametersView:116 -                Rank 1 : false
2023-05-30 17:06:11,247 [INFO] ADCParametersView:116 -                Rank 1 : false
2023-05-30 17:06:11,247 [INFO] ADCParametersView:116 -                Rank 1 : false
2023-05-30 17:06:11,247 [INFO] ADCParametersView:116 -                Rank 1 : false
2023-05-30 17:06:11,247 [INFO] ADCParametersView:116 -                Rank 1 : false
2023-05-30 17:06:11,247 [INFO] ADCParametersView:116 -                Rank 1 : false
2023-05-30 17:06:11,272 [INFO] ADCParametersView:116 -                Rank 1 : false
2023-05-30 17:06:20,165 [INFO] NvicIntPanel:101 - NVIC parent = com.st.microxplorer.plugins.ip.nvic.MultiNvicIntPanel[,0,0,0x0,invalid,layout=javax.swing.BoxLayout,alignmentX=0.0,alignmentY=0.0,border=,flags=9,maximumSize=,minimumSize=,preferredSize=]
2023-05-30 17:06:20,204 [INFO] ADCParametersView:116 -                Rank 1 : false
2023-05-30 17:06:20,207 [INFO] ADCParametersView:116 -                Rank 1 : false
2023-05-30 17:06:20,207 [INFO] ADCParametersView:116 -                Rank 1 : false
2023-05-30 17:06:20,207 [INFO] ADCParametersView:116 -                Rank 1 : false
2023-05-30 17:06:20,207 [INFO] ADCParametersView:116 -                Rank 1 : false
2023-05-30 17:06:20,207 [INFO] ADCParametersView:116 -                Rank 1 : false
2023-05-30 17:06:20,208 [INFO] ADCParametersView:116 -                Rank 1 : false
2023-05-30 17:06:20,208 [INFO] ADCParametersView:116 -                Rank 1 : false
2023-05-30 17:06:20,208 [INFO] ADCParametersView:116 -                Rank 1 : false
2023-05-30 17:06:20,208 [INFO] ADCParametersView:116 -                Rank 1 : false
2023-05-30 17:06:20,208 [INFO] ADCParametersView:116 -                Rank 1 : false
2023-05-30 17:06:20,208 [INFO] ADCParametersView:116 -                Rank 1 : false
2023-05-30 17:06:20,208 [INFO] ADCParametersView:116 -                Rank 1 : false
2023-05-30 17:06:20,209 [INFO] ADCParametersView:116 -                Rank 1 : false
2023-05-30 17:06:20,234 [INFO] ADCParametersView:116 -                Rank 1 : false
2023-05-30 17:07:10,167 [INFO] NvicIntPanel:101 - NVIC parent = com.st.microxplorer.plugins.ip.nvic.MultiNvicIntPanel[,0,0,0x0,invalid,layout=javax.swing.BoxLayout,alignmentX=0.0,alignmentY=0.0,border=,flags=9,maximumSize=,minimumSize=,preferredSize=]
2023-05-30 17:07:32,564 [INFO] UtilMem:75 - End SaveConfig() Used Memory: 195555168 Bytes (443547648)
2023-05-30 17:07:34,448 [INFO] UtilMem:75 - End SaveConfig() Used Memory: 362727832 Bytes (443547648)
2023-05-30 17:07:35,381 [INFO] BlockDiagram:2759 - set Specific Code input for plugin: TIM1_8
2023-05-30 17:07:35,381 [INFO] BlockDiagram:2759 - set Specific Code input for plugin: SYS
2023-05-30 17:07:35,382 [INFO] BlockDiagram:2759 - set Specific Code input for plugin: ADC
2023-05-30 17:07:35,382 [INFO] BlockDiagram:2759 - set Specific Code input for plugin: RCC
2023-05-30 17:07:35,382 [INFO] BlockDiagram:2759 - set Specific Code input for plugin: NVIC
2023-05-30 17:07:35,382 [INFO] BlockDiagram:2759 - set Specific Code input for plugin: GPIO
2023-05-30 17:07:35,386 [INFO] CodeGenerator:793 - code generatio: config db path: C:\ST\STM32CubeIDE_1.12.1\STM32CubeIDE\plugins\com.st.stm32cube.common.mx_6.8.1.202304191431\\db\
2023-05-30 17:07:35,780 [INFO] CodeEngine:255 - oldGeneratedFile, C:\Users\User\STM32CubeIDE\workspace_1.12.1\19_pwm_adc_control\MXTmpFiles\license.tmp_save
2023-05-30 17:07:36,192 [INFO] CodeEngine:279 - Generated code: C:\Users\User\STM32CubeIDE\workspace_1.12.1\19_pwm_adc_control\MXTmpFiles\license.tmp
2023-05-30 17:07:36,270 [INFO] CodeEngine:255 - oldGeneratedFile, C:\Users\User\STM32CubeIDE\workspace_1.12.1\19_pwm_adc_control\MXTmpFiles\gpio.tmp_save
2023-05-30 17:07:36,444 [INFO] CodeEngine:279 - Generated code: C:\Users\User\STM32CubeIDE\workspace_1.12.1\19_pwm_adc_control\MXTmpFiles\gpio.tmp
2023-05-30 17:07:36,610 [INFO] CodeEngine:255 - oldGeneratedFile, C:\Users\User\STM32CubeIDE\workspace_1.12.1\19_pwm_adc_control\Core\Src\stm32f4xx_it.c_save
2023-05-30 17:07:36,752 [INFO] CodeEngine:279 - Generated code: C:\Users\User\STM32CubeIDE\workspace_1.12.1\19_pwm_adc_control\Core\Src\stm32f4xx_it.c
2023-05-30 17:07:36,770 [INFO] CodeEngine:255 - oldGeneratedFile, C:\Users\User\STM32CubeIDE\workspace_1.12.1\19_pwm_adc_control\Core\Inc\stm32f4xx_it.h_save
2023-05-30 17:07:36,894 [INFO] CodeEngine:279 - Generated code: C:\Users\User\STM32CubeIDE\workspace_1.12.1\19_pwm_adc_control\Core\Inc\stm32f4xx_it.h
2023-05-30 17:07:36,926 [INFO] CodeEngine:255 - oldGeneratedFile, C:\Users\User\STM32CubeIDE\workspace_1.12.1\19_pwm_adc_control\Core\Src\stm32f4xx_hal_msp.c_save
2023-05-30 17:07:37,148 [INFO] CodeEngine:279 - Generated code: C:\Users\User\STM32CubeIDE\workspace_1.12.1\19_pwm_adc_control\Core\Src\stm32f4xx_hal_msp.c
2023-05-30 17:07:37,161 [INFO] CodeEngine:255 - oldGeneratedFile, C:\Users\User\STM32CubeIDE\workspace_1.12.1\19_pwm_adc_control\MXTmpFiles\system.tmp_save
2023-05-30 17:07:37,256 [INFO] CodeEngine:279 - Generated code: C:\Users\User\STM32CubeIDE\workspace_1.12.1\19_pwm_adc_control\MXTmpFiles\system.tmp
2023-05-30 17:07:37,277 [INFO] CodeEngine:311 - oldGeneratedFile, C:\Users\User\STM32CubeIDE\workspace_1.12.1\19_pwm_adc_control\Core\Inc\stm32f4xx_hal_conf.h_save
2023-05-30 17:07:37,433 [INFO] CodeEngine:335 - Generated code: C:\Users\User\STM32CubeIDE\workspace_1.12.1\19_pwm_adc_control\Core\Inc\stm32f4xx_hal_conf.h
2023-05-30 17:07:37,468 [WARN] IPConfigManager:3431 - IP not found : TIM
2023-05-30 17:07:37,470 [WARN] CodeGenerator:3754 - IP not found : null
2023-05-30 17:07:37,485 [INFO] CodeEngine:255 - oldGeneratedFile, C:\Users\User\STM32CubeIDE\workspace_1.12.1\19_pwm_adc_control\Core\Inc\main.h_save
2023-05-30 17:07:37,562 [INFO] CodeEngine:279 - Generated code: C:\Users\User\STM32CubeIDE\workspace_1.12.1\19_pwm_adc_control\Core\Inc\main.h
2023-05-30 17:07:37,578 [INFO] CodeEngine:255 - oldGeneratedFile, C:\Users\User\STM32CubeIDE\workspace_1.12.1\19_pwm_adc_control\Core\Src\main.c_save
2023-05-30 17:07:37,692 [INFO] CodeEngine:279 - Generated code: C:\Users\User\STM32CubeIDE\workspace_1.12.1\19_pwm_adc_control\Core\Src\main.c
2023-05-30 17:07:38,623 [INFO] ProjectBuilder:2996 - Time for Copy HAL[1] : 194mS.
2023-05-30 17:07:38,636 [INFO] ProjectBuilder:4304 - Project Generator version: 3.19.2
2023-05-30 17:07:39,130 [INFO] ConfigFileManager:1483 - The Die is : DIE413
2023-05-30 17:07:39,143 [INFO] ApiDbMcu:507 - Load IP Config File for FATFS
2023-05-30 17:07:39,161 [INFO] ApiDbMcu:507 - Load IP Config File for FREERTOS
2023-05-30 17:07:39,172 [INFO] ApiDbMcu:507 - Load IP Config File for LIBJPEG
2023-05-30 17:07:39,185 [INFO] ApiDbMcu:507 - Load IP Config File for LWIP
2023-05-30 17:07:39,198 [INFO] ApiDbMcu:507 - Load IP Config File for MBEDTLS
2023-05-30 17:07:39,236 [INFO] ApiDbMcu:507 - Load IP Config File for USB_DEVICE
2023-05-30 17:07:40,291 [INFO] LogOutputStream:77 - [STDOUT_REDIRECT] 
2023-05-30 17:07:43,094 [INFO] ProjectBuilder:4505 - Time for Generating toolchain IDE Files: 4456mS.
2023-05-30 17:07:43,096 [INFO] ProjectBuilder:2867 - Time for Copy CMSIS : 1mS.
2023-05-30 17:07:43,100 [INFO] ProjectBuilder:2867 - Time for Copy CMSIS : 0mS.
