2023-07-09 00:52:20,156 [INFO] LogOutputStream:77 - [STDOUT_REDIRECT] 
2023-07-09 00:52:21,725 [INFO] ProjectBuilder:4505 - Time for Generating toolchain IDE Files: 2957mS.
2023-07-09 00:52:21,727 [INFO] ProjectBuilder:2867 - Time for Copy CMSIS : 1mS.
2023-07-09 00:52:21,730 [INFO] ProjectBuilder:2867 - Time for Copy CMSIS : 1mS.
2023-07-09 00:58:22,210 [INFO] NvicIntPanel:101 - NVIC parent = com.st.microxplorer.plugins.ip.nvic.MultiNvicIntPanel[,0,0,0x0,invalid,layout=javax.swing.BoxLayout,alignmentX=0.0,alignmentY=0.0,border=,flags=9,maximumSize=,minimumSize=,preferredSize=]
2023-07-09 01:02:15,796 [INFO] UtilMem:75 - End SaveConfig() Used Memory: 388664584 Bytes (785383424)
2023-07-09 01:02:15,876 [INFO] UtilMem:75 - End SaveConfig() Used Memory: 431654152 Bytes (785383424)
2023-07-09 01:02:16,049 [INFO] UtilMem:75 - End SaveConfig() Used Memory: 507677960 Bytes (785383424)
2023-07-09 01:02:16,443 [INFO] BlockDiagram:2759 - set Specific Code input for plugin: TIM1_8
2023-07-09 01:02:16,443 [INFO] BlockDiagram:2759 - set Specific Code input for plugin: SYS
2023-07-09 01:02:16,444 [INFO] BlockDiagram:2759 - set Specific Code input for plugin: ADC
2023-07-09 01:02:16,444 [INFO] BlockDiagram:2759 - set Specific Code input for plugin: RCC
2023-07-09 01:02:16,444 [INFO] BlockDiagram:2759 - set Specific Code input for plugin: NVIC
2023-07-09 01:02:16,444 [INFO] BlockDiagram:2759 - set Specific Code input for plugin: USART
2023-07-09 01:02:16,444 [INFO] BlockDiagram:2759 - set Specific Code input for plugin: GPIO
2023-07-09 01:02:16,445 [INFO] CodeGenerator:793 - code generatio: config db path: C:\ST\STM32CubeIDE_1.12.1\STM32CubeIDE\plugins\com.st.stm32cube.common.mx_6.8.1.202304191431\\db\
2023-07-09 01:02:16,597 [INFO] CodeEngine:255 - oldGeneratedFile, C:\Users\User\STM32CubeIDE\workspace_1.12.1\adc_esp01\MXTmpFiles\license.tmp_save
2023-07-09 01:02:16,660 [INFO] CodeEngine:279 - Generated code: C:\Users\User\STM32CubeIDE\workspace_1.12.1\adc_esp01\MXTmpFiles\license.tmp
2023-07-09 01:02:16,674 [INFO] CodeEngine:255 - oldGeneratedFile, C:\Users\User\STM32CubeIDE\workspace_1.12.1\adc_esp01\MXTmpFiles\gpio.tmp_save
2023-07-09 01:02:16,732 [INFO] CodeEngine:279 - Generated code: C:\Users\User\STM32CubeIDE\workspace_1.12.1\adc_esp01\MXTmpFiles\gpio.tmp
2023-07-09 01:02:16,818 [INFO] CodeEngine:255 - oldGeneratedFile, C:\Users\User\STM32CubeIDE\workspace_1.12.1\adc_esp01\Core\Src\stm32f4xx_it.c_save
2023-07-09 01:02:16,875 [INFO] CodeEngine:279 - Generated code: C:\Users\User\STM32CubeIDE\workspace_1.12.1\adc_esp01\Core\Src\stm32f4xx_it.c
2023-07-09 01:02:16,881 [INFO] CodeEngine:255 - oldGeneratedFile, C:\Users\User\STM32CubeIDE\workspace_1.12.1\adc_esp01\Core\Inc\stm32f4xx_it.h_save
2023-07-09 01:02:16,931 [INFO] CodeEngine:279 - Generated code: C:\Users\User\STM32CubeIDE\workspace_1.12.1\adc_esp01\Core\Inc\stm32f4xx_it.h
2023-07-09 01:02:16,939 [INFO] CodeEngine:255 - oldGeneratedFile, C:\Users\User\STM32CubeIDE\workspace_1.12.1\adc_esp01\Core\Src\stm32f4xx_hal_msp.c_save
2023-07-09 01:02:17,021 [INFO] CodeEngine:279 - Generated code: C:\Users\User\STM32CubeIDE\workspace_1.12.1\adc_esp01\Core\Src\stm32f4xx_hal_msp.c
2023-07-09 01:02:17,025 [INFO] CodeEngine:255 - oldGeneratedFile, C:\Users\User\STM32CubeIDE\workspace_1.12.1\adc_esp01\MXTmpFiles\system.tmp_save
2023-07-09 01:02:17,074 [INFO] CodeEngine:279 - Generated code: C:\Users\User\STM32CubeIDE\workspace_1.12.1\adc_esp01\MXTmpFiles\system.tmp
2023-07-09 01:02:17,083 [INFO] CodeEngine:311 - oldGeneratedFile, C:\Users\User\STM32CubeIDE\workspace_1.12.1\adc_esp01\Core\Inc\stm32f4xx_hal_conf.h_save
2023-07-09 01:02:17,230 [INFO] CodeEngine:335 - Generated code: C:\Users\User\STM32CubeIDE\workspace_1.12.1\adc_esp01\Core\Inc\stm32f4xx_hal_conf.h
2023-07-09 01:02:17,248 [WARN] IPConfigManager:3431 - IP not found : TIM
2023-07-09 01:02:17,248 [WARN] CodeGenerator:3754 - IP not found : null
2023-07-09 01:02:17,254 [INFO] CodeEngine:255 - oldGeneratedFile, C:\Users\User\STM32CubeIDE\workspace_1.12.1\adc_esp01\Core\Inc\main.h_save
2023-07-09 01:02:17,304 [INFO] CodeEngine:279 - Generated code: C:\Users\User\STM32CubeIDE\workspace_1.12.1\adc_esp01\Core\Inc\main.h
2023-07-09 01:02:17,308 [INFO] CodeEngine:255 - oldGeneratedFile, C:\Users\User\STM32CubeIDE\workspace_1.12.1\adc_esp01\Core\Src\main.c_save
2023-07-09 01:02:17,393 [INFO] CodeEngine:279 - Generated code: C:\Users\User\STM32CubeIDE\workspace_1.12.1\adc_esp01\Core\Src\main.c
2023-07-09 01:02:17,883 [INFO] ProjectBuilder:2996 - Time for Copy HAL[1] : 116mS.
2023-07-09 01:02:17,886 [INFO] ProjectBuilder:4304 - Project Generator version: 3.19.2
2023-07-09 01:02:18,059 [INFO] ConfigFileManager:1483 - The Die is : DIE413
2023-07-09 01:02:19,545 [INFO] ProjectBuilder:4505 - Time for Generating toolchain IDE Files: 1659mS.
2023-07-09 01:02:19,546 [INFO] ProjectBuilder:2867 - Time for Copy CMSIS : 1mS.
2023-07-09 01:02:19,550 [INFO] ProjectBuilder:2867 - Time for Copy CMSIS : 0mS.
