2023-04-29 01:24:11,667 [INFO] Gpio:273 - dependency for GPIO [RCC]
2023-04-29 01:29:52,026 [INFO] UtilMem:75 - End SaveConfig() Used Memory: 536621472 Bytes (657457152)
2023-04-29 01:29:54,709 [INFO] UtilMem:75 - End SaveConfig() Used Memory: 266746824 Bytes (657457152)
2023-04-29 01:29:57,423 [INFO] UtilMem:75 - End SaveConfig() Used Memory: 362167240 Bytes (657457152)
2023-04-29 01:29:57,721 [INFO] BlockDiagram:2759 - set Specific Code input for plugin: SYS
2023-04-29 01:29:57,722 [INFO] BlockDiagram:2759 - set Specific Code input for plugin: RCC
2023-04-29 01:29:57,722 [INFO] BlockDiagram:2759 - set Specific Code input for plugin: NVIC
2023-04-29 01:29:57,722 [INFO] BlockDiagram:2759 - set Specific Code input for plugin: GPIO
2023-04-29 01:29:57,723 [INFO] CodeGenerator:793 - code generatio: config db path: C:\ST\STM32CubeIDE_1.12.1\STM32CubeIDE\plugins\com.st.stm32cube.common.mx_6.8.1.202304191431\\db\
2023-04-29 01:29:57,885 [INFO] CodeEngine:255 - oldGeneratedFile, C:\Users\User\STM32CubeIDE\workspace_1.12.1\deneme1\MXTmpFiles\license.tmp_save
2023-04-29 01:29:57,965 [INFO] CodeEngine:279 - Generated code: C:\Users\User\STM32CubeIDE\workspace_1.12.1\deneme1\MXTmpFiles\license.tmp
2023-04-29 01:29:57,981 [INFO] CodeEngine:255 - oldGeneratedFile, C:\Users\User\STM32CubeIDE\workspace_1.12.1\deneme1\MXTmpFiles\gpio.tmp_save
2023-04-29 01:29:58,039 [INFO] CodeEngine:279 - Generated code: C:\Users\User\STM32CubeIDE\workspace_1.12.1\deneme1\MXTmpFiles\gpio.tmp
2023-04-29 01:29:58,061 [INFO] CodeEngine:255 - oldGeneratedFile, C:\Users\User\STM32CubeIDE\workspace_1.12.1\deneme1\Core\Src\stm32f4xx_it.c_save
2023-04-29 01:29:58,236 [INFO] CodeEngine:279 - Generated code: C:\Users\User\STM32CubeIDE\workspace_1.12.1\deneme1\Core\Src\stm32f4xx_it.c
2023-04-29 01:29:58,243 [INFO] CodeEngine:255 - oldGeneratedFile, C:\Users\User\STM32CubeIDE\workspace_1.12.1\deneme1\Core\Inc\stm32f4xx_it.h_save
2023-04-29 01:29:58,464 [INFO] CodeEngine:279 - Generated code: C:\Users\User\STM32CubeIDE\workspace_1.12.1\deneme1\Core\Inc\stm32f4xx_it.h
2023-04-29 01:29:58,476 [INFO] CodeEngine:255 - oldGeneratedFile, C:\Users\User\STM32CubeIDE\workspace_1.12.1\deneme1\Core\Src\stm32f4xx_hal_msp.c_save
2023-04-29 01:29:58,570 [INFO] CodeEngine:279 - Generated code: C:\Users\User\STM32CubeIDE\workspace_1.12.1\deneme1\Core\Src\stm32f4xx_hal_msp.c
2023-04-29 01:29:58,577 [INFO] CodeEngine:255 - oldGeneratedFile, C:\Users\User\STM32CubeIDE\workspace_1.12.1\deneme1\MXTmpFiles\system.tmp_save
2023-04-29 01:29:58,626 [INFO] CodeEngine:279 - Generated code: C:\Users\User\STM32CubeIDE\workspace_1.12.1\deneme1\MXTmpFiles\system.tmp
2023-04-29 01:29:58,636 [INFO] CodeEngine:311 - oldGeneratedFile, C:\Users\User\STM32CubeIDE\workspace_1.12.1\deneme1\Core\Inc\stm32f4xx_hal_conf.h_save
2023-04-29 01:29:58,698 [INFO] CodeEngine:335 - Generated code: C:\Users\User\STM32CubeIDE\workspace_1.12.1\deneme1\Core\Inc\stm32f4xx_hal_conf.h
2023-04-29 01:29:58,724 [INFO] CodeEngine:255 - oldGeneratedFile, C:\Users\User\STM32CubeIDE\workspace_1.12.1\deneme1\Core\Inc\main.h_save
2023-04-29 01:29:58,797 [INFO] CodeEngine:279 - Generated code: C:\Users\User\STM32CubeIDE\workspace_1.12.1\deneme1\Core\Inc\main.h
2023-04-29 01:29:58,806 [INFO] CodeEngine:255 - oldGeneratedFile, C:\Users\User\STM32CubeIDE\workspace_1.12.1\deneme1\Core\Src\main.c_save
2023-04-29 01:29:58,890 [INFO] CodeEngine:279 - Generated code: C:\Users\User\STM32CubeIDE\workspace_1.12.1\deneme1\Core\Src\main.c
2023-04-29 01:29:59,422 [INFO] ProjectBuilder:2996 - Time for Copy HAL[1] : 164mS.
2023-04-29 01:29:59,426 [INFO] ProjectBuilder:4304 - Project Generator version: 3.19.2
2023-04-29 01:29:59,702 [INFO] ConfigFileManager:1483 - The Die is : DIE413
2023-04-29 01:30:01,396 [INFO] ProjectBuilder:4505 - Time for Generating toolchain IDE Files: 1970mS.
2023-04-29 01:30:01,397 [INFO] ProjectBuilder:2867 - Time for Copy CMSIS : 0mS.
2023-04-29 01:30:01,400 [INFO] ProjectBuilder:2867 - Time for Copy CMSIS : 0mS.
