2023-06-21 00:49:12,338 [INFO] MainUpdater:2854 - connection check result : 10
2023-06-21 00:49:12,435 [INFO] McuFinderGlobals:66 - Set McuFinderConnectedMode to true
2023-06-21 00:49:12,438 [INFO] MultiScanPanel:200 - Auto-refresh data requested => check proxy status ongoing
2023-06-21 00:49:12,438 [INFO] FinderPluginLoader:95 - Searching for filters in installed packs
2023-06-21 00:49:13,143 [INFO] LoadUrlFilesThread:185 - End of LoadServerUrlFiles without Thread
2023-06-21 00:49:13,143 [INFO] DetailPanel:341 - Set advertising image to C:/Users/User/STM32Cube/Repository/\en.prom-stm32h5-mcu-finder.jpg
2023-06-21 00:49:15,089 [INFO] MultiScanPanel:200 - Auto-refresh data requested => check proxy status ongoing
2023-06-21 00:49:15,130 [INFO] LoadUrlFilesThread:185 - End of LoadServerUrlFiles without Thread
2023-06-21 00:49:15,131 [INFO] DetailPanel:341 - Set advertising image to C:/Users/User/STM32Cube/Repository/\en.prom-stm32h5-mcu-finder.jpg
2023-06-21 00:49:15,908 [INFO] ApiDb:581 - Connected to CubeFinder SQLite database (C:\Users\User\.stmcufinder\plugins\mcufinder\mcu\cube-finder-db.db)
2023-06-21 00:49:32,642 [INFO] MainUpdater:2854 - connection check result : 10
2023-06-21 00:49:32,642 [INFO] MainUpdater:2854 - connection check result : 10
2023-06-21 00:49:32,708 [INFO] MicroXplorer:468 - Change Database Path : 
2023-06-21 00:49:32,708 [INFO] MicroXplorer:498 - Change Database Version : DB.6.0.81
2023-06-21 00:49:32,737 [WARN] ThirdParty:871 - waiting for thirdparty lock release [close project]
2023-06-21 00:49:32,737 [INFO] ThirdParty:873 - entering critical section [close project]
2023-06-21 00:49:32,737 [INFO] ThirdParty:883 - exiting critical section [close project]
2023-06-21 00:49:32,739 [INFO] PinOutPanel:1499 - setPackage(No Configuration,No Configuration)
2023-06-21 00:49:32,748 [WARN] IpParametersView:150 - Warning: This peripheral hasn't parameters
2023-06-21 00:49:32,755 [WARN] MainPanel:257 - <html><b><center>Warning: This peripheral has no parameters to be configured<br></b></html>
2023-06-21 00:49:32,777 [INFO] UtilMem:75 - Begin LoadConfig() Used Memory: 475307688 Bytes (735051776)
2023-06-21 00:49:32,779 [INFO] OpenFileManager:308 - Change cursor
2023-06-21 00:49:32,808 [INFO] RulesReader:64 - Compatibility file has been processed (293 Rules)
2023-06-21 00:49:32,811 [INFO] ProjectFactory:402 - No CPN specified for board STM32F407G-DISC1 => set CPN to STM32F407VGT6
2023-06-21 00:49:32,811 [INFO] Mcu:1937 - Initializing MCU STM32F407V(E-G)Tx STM32F407VGTx STM32F407VGT6
2023-06-21 00:49:33,768 [INFO] Context:659 - Trying to add GPIOservice into a context  which must be forbidden
2023-06-21 00:49:34,085 [INFO] Rule:228 - rule 117617 - U5Cobra4M][GTZC] default value MPCBB3 and MPCBB5 - Not Secured memory - MPCBB1 is applicable
2023-06-21 00:49:34,085 [INFO] Rule:228 - rule 117617 - U5Cobra4M][GTZC] default value MPCBB3 and MPCBB5 - Not Secured memory - MPCBB1 is applicable
2023-06-21 00:49:34,085 [INFO] Rule:228 - rule 117617 - U5Cobra4M][GTZC] default value MPCBB3 and MPCBB5 - Not Secured memory - MPCBB2 is applicable
2023-06-21 00:49:34,085 [INFO] Rule:228 - rule 117617 - U5Cobra4M][GTZC] default value MPCBB3 and MPCBB5 - Not Secured memory - MPCBB2 is applicable
2023-06-21 00:49:34,085 [INFO] Rule:228 - rule 117617 - U5Cobra4M][GTZC] default value MPCBB3 and MPCBB5 - Not Secured memory - MPCBB3 is applicable
2023-06-21 00:49:34,086 [INFO] Rule:228 - rule 117617 - U5Cobra4M][GTZC] default value MPCBB3 and MPCBB5 - Not Secured memory - MPCBB3 is applicable
2023-06-21 00:49:34,086 [INFO] Rule:228 - rule 117617 - U5Cobra4M][GTZC] default value MPCBB3 and MPCBB5 - Not Secured memory - MPCBB4 is applicable
2023-06-21 00:49:34,086 [INFO] Rule:228 - rule 117617 - U5Cobra4M][GTZC] default value MPCBB3 and MPCBB5 - Not Secured memory - MPCBB4 is applicable
2023-06-21 00:49:34,086 [INFO] Rule:228 - rule 117617 - U5Cobra4M][GTZC] default value MPCBB3 and MPCBB5 - Secured memory - MPCBB1 is applicable
2023-06-21 00:49:34,086 [INFO] Rule:228 - rule 117617 - U5Cobra4M][GTZC] default value MPCBB3 and MPCBB5 - Secured memory - MPCBB2 is applicable
2023-06-21 00:49:34,086 [INFO] Rule:228 - rule 117617 - U5Cobra4M][GTZC] default value MPCBB3 and MPCBB5 - Secured memory - MPCBB3 is applicable
2023-06-21 00:49:34,086 [INFO] Rule:228 - rule 117617 - U5Cobra4M][GTZC] default value MPCBB3 and MPCBB5 - Secured memory - MPCBB4 is applicable
2023-06-21 00:49:34,086 [INFO] Rule:228 - rule 117617 - U5Cobra4M][GTZC] default value MPCBB3 and MPCBB5 - Privileged memory - MPCBB1 is applicable
2023-06-21 00:49:34,086 [INFO] Rule:228 - rule 117617 - U5Cobra4M][GTZC] default value MPCBB3 and MPCBB5 - Privileged memory - MPCBB2 is applicable
2023-06-21 00:49:34,086 [INFO] Rule:228 - rule 117617 - U5Cobra4M][GTZC] default value MPCBB3 and MPCBB5 - Privileged memory - MPCBB3 is applicable
2023-06-21 00:49:34,086 [INFO] Rule:228 - rule 117617 - U5Cobra4M][GTZC] default value MPCBB3 and MPCBB5 - Privileged memory - MPCBB4 is applicable
2023-06-21 00:49:34,086 [INFO] Rule:228 - rule 117617 - U5Cobra4M][GTZC] default value MPCBB3 and MPCBB5 - Not Privileged memory - MPCBB1 is applicable
2023-06-21 00:49:34,086 [INFO] Rule:228 - rule 117617 - U5Cobra4M][GTZC] default value MPCBB3 and MPCBB5 - Not Privileged memory - MPCBB2 is applicable
2023-06-21 00:49:34,086 [INFO] Rule:228 - rule 117617 - U5Cobra4M][GTZC] default value MPCBB3 and MPCBB5 - Not Privileged memory - MPCBB3 is applicable
2023-06-21 00:49:34,086 [INFO] Rule:228 - rule 117617 - U5Cobra4M][GTZC] default value MPCBB3 and MPCBB5 - Not Privileged memory - MPCBB4 is applicable
2023-06-21 00:49:34,086 [INFO] Rule:228 - rule 117617 - U5Cobra4M][GTZC] default value MPCBB3 and MPCBB5 - Privileged memory - MPCBB1 is applicable
2023-06-21 00:49:34,086 [INFO] Rule:228 - rule 117617 - U5Cobra4M][GTZC] default value MPCBB3 and MPCBB5 - Privileged memory - MPCBB2 is applicable
2023-06-21 00:49:34,087 [INFO] Rule:228 - rule 117617 - U5Cobra4M][GTZC] default value MPCBB3 and MPCBB5 - Privileged memory - MPCBB3 is applicable
2023-06-21 00:49:34,087 [INFO] Rule:228 - rule 117617 - U5Cobra4M][GTZC] default value MPCBB3 and MPCBB5 - Privileged memory - MPCBB4 is applicable
2023-06-21 00:49:34,087 [INFO] Rule:228 - rule 117617 - U5Cobra4M][GTZC] default value MPCBB3 and MPCBB5 - Privileged memory - MPCBB1 is applicable
2023-06-21 00:49:34,087 [INFO] Rule:228 - rule 117617 - U5Cobra4M][GTZC] default value MPCBB3 and MPCBB5 - Privileged memory - MPCBB2 is applicable
2023-06-21 00:49:34,087 [INFO] Rule:228 - rule 117617 - U5Cobra4M][GTZC] default value MPCBB3 and MPCBB5 - Privileged memory - MPCBB3 is applicable
2023-06-21 00:49:34,087 [INFO] Rule:228 - rule 117617 - U5Cobra4M][GTZC] default value MPCBB3 and MPCBB5 - Privileged memory - MPCBB4 is applicable
2023-06-21 00:49:34,087 [INFO] Rule:228 - rule 117617 - U5Cobra4M][GTZC] default value MPCBB3 and MPCBB5 - Not Privileged memory - MPCBB1 is applicable
2023-06-21 00:49:34,087 [INFO] Rule:228 - rule 117617 - U5Cobra4M][GTZC] default value MPCBB3 and MPCBB5 - Not Privileged memory - MPCBB2 is applicable
2023-06-21 00:49:34,087 [INFO] Rule:228 - rule 117617 - U5Cobra4M][GTZC] default value MPCBB3 and MPCBB5 - Not Privileged memory - MPCBB3 is applicable
2023-06-21 00:49:34,087 [INFO] Rule:228 - rule 117617 - U5Cobra4M][GTZC] default value MPCBB3 and MPCBB5 - Not Privileged memory - MPCBB4 is applicable
2023-06-21 00:49:34,087 [INFO] Rule:228 - rule 117617 - U5Cobra4M][GTZC] default value MPCBB3 and MPCBB5 - Privileged memory - MPCBB1 is applicable
2023-06-21 00:49:34,087 [INFO] Rule:228 - rule 117617 - U5Cobra4M][GTZC] default value MPCBB3 and MPCBB5 - Privileged memory - MPCBB2 is applicable
2023-06-21 00:49:34,087 [INFO] Rule:228 - rule 117617 - U5Cobra4M][GTZC] default value MPCBB3 and MPCBB5 - Privileged memory - MPCBB3 is applicable
2023-06-21 00:49:34,087 [INFO] Rule:228 - rule 117617 - U5Cobra4M][GTZC] default value MPCBB3 and MPCBB5 - Privileged memory - MPCBB4 is applicable
2023-06-21 00:49:34,087 [INFO] Rule:228 - rule Rename SubGHz_Phy SUBGHZ_APPLICATION SUBGHZ_PINGPONG to SUBGHZ_ADV_APPLICATION is applicable
2023-06-21 00:49:34,087 [INFO] Rule:228 - rule Rename Enabled to IBEACON is applicable
2023-06-21 00:49:34,087 [INFO] Rule:228 - rule GTZC_S instance for project manager is applicable
2023-06-21 00:49:34,087 [INFO] Rule:228 - rule GTZC_S instance for context M33S is applicable
2023-06-21 00:49:34,087 [INFO] Rule:228 - rule GTZC_S instance value for IP GTZC is applicable
2023-06-21 00:49:34,087 [INFO] Rule:228 - rule GTZC_S instance for mcu.IP is applicable
2023-06-21 00:49:34,087 [INFO] Rule:228 - rule GTZC_S instance for VP is applicable
2023-06-21 00:49:34,087 [INFO] Rule:228 - rule GTZC_S instance for signal is applicable
2023-06-21 00:49:34,087 [INFO] Rule:228 - rule GTZC_S instance for mcu.Pin is applicable
2023-06-21 00:49:34,087 [INFO] Rule:228 - rule GTZC_S instance for VP is applicable
2023-06-21 00:49:34,088 [INFO] Rule:228 - rule GTZC_S instance for signal is applicable
2023-06-21 00:49:34,088 [INFO] Rule:228 - rule GTZC_S instance for mcu is applicable
2023-06-21 00:49:34,088 [INFO] Rule:228 - rule GTZC_S instance for mcu.Pin is applicable
2023-06-21 00:49:34,088 [INFO] Rule:228 - rule GTZC_S instance value for IP GTZC is applicable
2023-06-21 00:49:34,088 [INFO] Rule:228 - rule GTZC_S instance for project manager is applicable
2023-06-21 00:49:34,088 [INFO] Rule:228 - rule GTZC_S instance for context M33S is applicable
2023-06-21 00:49:34,088 [INFO] Rule:228 - rule GTZC_S instance for VP is applicable
2023-06-21 00:49:34,088 [INFO] Rule:228 - rule GTZC_S instance for signal is applicable
2023-06-21 00:49:34,089 [INFO] Rule:228 - rule SPDIFRX instance for mcu is applicable
2023-06-21 00:49:34,089 [INFO] Rule:228 - rule Rename Tracer Mode is applicable
2023-06-21 00:49:34,089 [INFO] Rule:228 - rule SPDIFRX instance value for IP SPDIFRX is applicable
2023-06-21 00:49:34,089 [INFO] Rule:228 - rule SPDIFRX instance for signal is applicable
2023-06-21 00:49:34,089 [INFO] Rule:228 - rule SPDIFRX instance for project manager is applicable
2023-06-21 00:49:34,089 [INFO] Rule:228 - rule SPDIFRX instance for project manager is applicable
2023-06-21 00:49:34,089 [INFO] Rule:228 - rule ADC Scan  fix with FW F7 is applicable
2023-06-21 00:49:34,089 [INFO] Rule:228 - rule ADC Scan  fix with FW F7 is applicable
2023-06-21 00:49:34,089 [INFO] Rule:228 - rule WakeUp0 Mode is applicable
2023-06-21 00:49:34,089 [INFO] Rule:228 - rule WakeUp0 SIGNAL is applicable
2023-06-21 00:49:34,089 [INFO] Rule:228 - rule WakeUp1 Mode is applicable
2023-06-21 00:49:34,089 [INFO] Rule:228 - rule WakeUp1 SIGNAL is applicable
2023-06-21 00:49:34,089 [INFO] Rule:228 - rule WakeUp2 Mode is applicable
2023-06-21 00:49:34,089 [INFO] Rule:228 - rule WakeUp2 SIGNAL is applicable
2023-06-21 00:49:34,089 [INFO] Rule:228 - rule WakeUp4 Mode is applicable
2023-06-21 00:49:34,089 [INFO] Rule:228 - rule WakeUp4 SIGNAL is applicable
2023-06-21 00:49:34,089 [INFO] Rule:228 - rule WakeUp5 Mode is applicable
2023-06-21 00:49:34,089 [INFO] Rule:228 - rule WakeUp5 SIGNAL is applicable
2023-06-21 00:49:34,089 [INFO] Rule:228 - rule Add RTC Activate Clock Source is applicable
2023-06-21 00:49:34,090 [INFO] Rule:228 - rule Add RTC Activate Calendar 1 is applicable
2023-06-21 00:49:34,090 [INFO] Rule:228 - rule Add RTC Activate Calendar 2 is applicable
2023-06-21 00:49:34,090 [INFO] Rule:228 - rule Add RTC Activate Calendar 3 is applicable
2023-06-21 00:49:34,090 [INFO] Rule:228 - rule UART/USART TX Mode is applicable
2023-06-21 00:49:34,090 [INFO] Rule:228 - rule UART/USART RX Mode is applicable
2023-06-21 00:49:34,090 [INFO] Rule:228 - rule UART/USART RX TX Mode is applicable
2023-06-21 00:49:34,090 [INFO] Rule:228 - rule UART/USART PARITY NONE is applicable
2023-06-21 00:49:34,090 [INFO] Rule:228 - rule UART/USART PARITY EVEN is applicable
2023-06-21 00:49:34,090 [INFO] Rule:228 - rule UART/USART PARITY ODD is applicable
2023-06-21 00:49:34,090 [INFO] Rule:228 - rule USART StopBits 1 is applicable
2023-06-21 00:49:34,090 [INFO] Rule:228 - rule USART StopBits 2 is applicable
2023-06-21 00:49:34,090 [INFO] Rule:228 - rule USART StopBits 1.5 is applicable
2023-06-21 00:49:34,090 [INFO] Rule:228 - rule USART StopBits 0.5 is applicable
2023-06-21 00:49:34,090 [INFO] Rule:228 - rule UART/USART WORD LENGTH 7 is applicable
2023-06-21 00:49:34,090 [INFO] Rule:228 - rule UART/USART WORD LENGTH 8 is applicable
2023-06-21 00:49:34,090 [INFO] Rule:228 - rule UART/USART WORD LENGTH 9 is applicable
2023-06-21 00:49:34,090 [INFO] Rule:228 - rule Rename FMC NAND NCE signal is applicable
2023-06-21 00:49:34,090 [INFO] Rule:228 - rule Rename FMC NAND INT signal is applicable
2023-06-21 00:49:34,090 [INFO] Rule:228 - rule Change Default Value for LSE Drive Capability for WB family is applicable
2023-06-21 00:49:34,090 [INFO] Rule:228 - rule Change Default Value for ADC Clock Prescaler G0 family is applicable
2023-06-21 00:49:34,090 [INFO] Rule:228 - rule Change Default Value for ADC ExternalTrigConv L4 family is applicable
2023-06-21 00:49:34,090 [INFO] Rule:228 - rule Change Default Value for ADC ExternalTrigInjecConv L4 family is applicable
2023-06-21 00:49:34,090 [INFO] Rule:228 - rule Change Default Value for ADC ExternalTrigConv F3 family is applicable
2023-06-21 00:49:34,090 [INFO] Rule:228 - rule Change Default Value for ADC ExternalTrigInjecConv F3 family is applicable
2023-06-21 00:49:34,090 [INFO] Rule:228 - rule Change Default Value for ADC ExternalTrigConv Goldfish serie is applicable
2023-06-21 00:49:34,090 [INFO] Rule:228 - rule Change Default Value for ADC ExternalTrigInjecConv Goldfish serie is applicable
2023-06-21 00:49:34,090 [INFO] Rule:228 - rule Change Default Value for ADC ExternalTrigConv L0 family is applicable
2023-06-21 00:49:34,090 [INFO] Rule:228 - rule Change Default Value for ADC ExternalTrigConv F0 family is applicable
2023-06-21 00:49:34,091 [INFO] Rule:228 - rule Change Default Value for ADC ExternalTrigConvn L1 family is applicable
2023-06-21 00:49:34,091 [INFO] Rule:228 - rule Change Default Value for ADC ExternalTrigInjecConv L1 family is applicable
2023-06-21 00:49:34,091 [INFO] Rule:228 - rule Change Default Value for ADC ExternalTrigConv F1 family is applicable
2023-06-21 00:49:34,091 [INFO] Rule:228 - rule Change Default Value for ADC ExternalTrigInjecConv F1 family is applicable
2023-06-21 00:49:34,091 [INFO] Rule:228 - rule Change Default Value for ADC ExternalTrigConv F7 family is applicable
2023-06-21 00:49:34,091 [INFO] Rule:228 - rule Change Default Value for ADC ExternalTrigInjecConv F7 family is applicable
2023-06-21 00:49:34,091 [INFO] Rule:228 - rule Change Default Value for ADC ExternalTrigConv F4 and F2 family is applicable
2023-06-21 00:49:34,091 [INFO] Rule:228 - rule Change Default Value for ADC ExternalTrigInjecConv F4 and F2 family is applicable
2023-06-21 00:49:34,091 [INFO] Rule:228 - rule ADC SamplingTime fix with FW L0  is applicable
2023-06-21 00:49:34,091 [INFO] Rule:228 - rule ADC SamplingTime fix with FW L0  is applicable
2023-06-21 00:49:34,091 [INFO] Rule:228 - rule ADC SamplingTime fix with FW L0 is applicable
2023-06-21 00:49:34,091 [INFO] Rule:228 - rule ADC SamplingTime fix with FW L0 is applicable
2023-06-21 00:49:34,091 [INFO] Rule:228 - rule ADC SamplingTime fix with FW L0  is applicable
2023-06-21 00:49:34,091 [INFO] Rule:228 - rule ADC SamplingTime fix with FW L0 is applicable
2023-06-21 00:49:34,091 [INFO] Rule:228 - rule Rename USB_OE Signal is applicable
2023-06-21 00:49:34,091 [INFO] Rule:228 - rule Rename Activate_OE Mode is applicable
2023-06-21 00:49:34,091 [INFO] Rule:228 - rule Rename DIE462/DIE415 pin PC14/OSC32_IN -> PC14-OSC32_IN (PC14) is applicable
2023-06-21 00:49:34,092 [INFO] Rule:228 - rule Rename DIE462/DIE415 pin PC15/OSC32_OUT -> PC15-OSC32_OUT (PC15) is applicable
2023-06-21 00:49:34,092 [INFO] Rule:228 - rule Rename DIE462/DIE415 pin PH0/OSC_IN -> PH0-OSC_IN (PH0) is applicable
2023-06-21 00:49:34,092 [INFO] Rule:228 - rule Rename DIE462/DIE415 pin PH1/OSC_OUT -> PH1-OSC_OUT (PH1) is applicable
2023-06-21 00:49:34,092 [INFO] Rule:228 - rule Rename DIE462 pin PA13 -> PA13 (JTMS/SWDIO) is applicable
2023-06-21 00:49:34,092 [INFO] Rule:228 - rule Rename DIE415 pin PA13 -> PA13 (JTMS/SWDIO) is applicable
2023-06-21 00:49:34,092 [INFO] Rule:228 - rule Rename DIE462 pin PA14 -> PA14 (JTCK/SWCLK) is applicable
2023-06-21 00:49:34,092 [INFO] Rule:228 - rule Rename DIE415 pin PA14 -> PA14 (JTCK/SWCLK) is applicable
2023-06-21 00:49:34,092 [INFO] Rule:228 - rule Rename DIE462/DIE415 pin PA15 -> PA15 (JTDI) is applicable
2023-06-21 00:49:34,092 [INFO] Rule:228 - rule Rename DIE462 pin PB3 -> PB3 (JTD0/TRACESWO) is applicable
2023-06-21 00:49:34,092 [INFO] Rule:228 - rule Rename DIE415 pin PB3 -> PB3 (JTD0-TRACESWO) is applicable
2023-06-21 00:49:34,092 [INFO] Rule:228 - rule Rename DIE462/DIE415 pin PB4 -> PB4 (NJTRST) is applicable
2023-06-21 00:49:34,092 [INFO] Rule:228 - rule Rename DIE462 pin PH3/BOOT0 -> PH3-BOOT0 (BOOT0) is applicable
2023-06-21 00:49:34,092 [INFO] Rule:228 - rule Rename CRYP DataEncryptionTypesList to Algorithm is applicable
2023-06-21 00:49:34,092 [INFO] Rule:228 - rule Rename AES DataEncryptionTypesList to Algorithm is applicable
2023-06-21 00:49:34,092 [INFO] Rule:228 - rule Rename TDESECB to CRYP_TDES_ECB is applicable
2023-06-21 00:49:34,092 [INFO] Rule:228 - rule Rename TDESCBC to CRYP_TDES_CBC is applicable
2023-06-21 00:49:34,092 [INFO] Rule:228 - rule Rename DESECB to CRYP_DES_ECB is applicable
2023-06-21 00:49:34,092 [INFO] Rule:228 - rule Rename DESCBC to CRYP_DES_CBC is applicable
2023-06-21 00:49:34,092 [INFO] Rule:228 - rule Rename AESECB to CRYP_AES_ECB is applicable
2023-06-21 00:49:34,093 [INFO] Rule:228 - rule Rename AESCBC to CRYP_AES_CBC is applicable
2023-06-21 00:49:34,093 [INFO] Rule:228 - rule Rename AESCTR to CRYP_AES_CTR is applicable
2023-06-21 00:49:34,093 [INFO] Rule:228 - rule Rename AESGCM to CRYP_AES_GCM is applicable
2023-06-21 00:49:34,093 [INFO] Rule:228 - rule Rename AESCCM to CRYP_AES_CCM is applicable
2023-06-21 00:49:34,093 [INFO] Rule:228 - rule Rename CAN TimeSeg1 to BS1 is applicable
2023-06-21 00:49:34,093 [INFO] Rule:228 - rule Rename CAN TimeSeg2 to BS2 is applicable
2023-06-21 00:49:34,093 [INFO] Rule:228 - rule Rename CAN SyncJumpWidth to SJW is applicable
2023-06-21 00:49:34,093 [INFO] Rule:228 - rule TimeTriggeredMode to TTCM is applicable
2023-06-21 00:49:34,093 [INFO] Rule:228 - rule Rename CAN AutoBusOff to ABOM is applicable
2023-06-21 00:49:34,093 [INFO] Rule:228 - rule Rename CAN AutoWakeUp to AWUM is applicable
2023-06-21 00:49:34,093 [INFO] Rule:228 - rule Rename CAN AutoRetransmission to NART is applicable
2023-06-21 00:49:34,093 [INFO] Rule:228 - rule Rename CAN ReceiveFifoLocked to RFLM is applicable
2023-06-21 00:49:34,093 [INFO] Rule:228 - rule Rename CAN TransmitFifoPriority to TXFP is applicable
2023-06-21 00:49:34,093 [INFO] Rule:228 - rule Rename HRTIMER HRTIM_OUTPUTFAULTLEVEL_HIGH in HRTIMER HRTIM_OUTPUTFAULTLEVEL_HIGHZ is applicable
2023-06-21 00:49:34,093 [INFO] Rule:228 - rule Rename TIMER TIM_CLEARINPUTSOURCE_OCREFCLR in  TIMER TIM_CLEARINPUTSOURCE_NONE for F7 family is applicable
2023-06-21 00:49:34,093 [INFO] Rule:228 - rule FDCAN_R1 - Rename FDCAN mode Master into Classic is applicable
2023-06-21 00:49:34,093 [INFO] Rule:228 - rule FDCAN_R2 - Rename FDCAN mode Slave into Classic is applicable
2023-06-21 00:49:34,093 [INFO] Rule:228 - rule FDCAN1_R3 - if PA10.Mode=FullDuplex, add Pin PA12 is applicable
2023-06-21 00:49:34,093 [INFO] Rule:228 - rule FDCAN1_R3 - if PA9.Mode=FullDuplex, add Pin PA11 is applicable
2023-06-21 00:49:34,093 [INFO] Rule:228 - rule FDCAN1_R3 - Alternatepin_1 - if PE1.Mode=FullDuplex, add Pin PB9 is applicable
2023-06-21 00:49:34,093 [INFO] Rule:228 - rule FDCAN1_R3 - Alternatepin_1 - if PE0.Mode=FullDuplex, add Pin PB8 is applicable
2023-06-21 00:49:34,093 [INFO] Rule:228 - rule FDCAN1_R3 - Alternatepin_2 - if PD5.Mode=FullDuplex, add Pin PD1 is applicable
2023-06-21 00:49:34,093 [INFO] Rule:228 - rule FDCAN1_R3 - Alternatepin_2 - if PD4.Mode=FullDuplex, add Pin PD0 is applicable
2023-06-21 00:49:34,094 [INFO] Rule:228 - rule FDCAN1_R4 - Rename Mode FullDuplex into Enable FDCAN_TXFD for pin PA10 is applicable
2023-06-21 00:49:34,094 [INFO] Rule:228 - rule FDCAN1_R4 - Rename Mode FullDuplex into Enable FDCAN_TXFD for pin PA9 is applicable
2023-06-21 00:49:34,094 [INFO] Rule:228 - rule FDCAN1_R4 - Alternatepin_1 - Rename Mode FullDuplex into Enable FDCAN_TXFD for pin PE1 is applicable
2023-06-21 00:49:34,094 [INFO] Rule:228 - rule FDCAN1_R4 - Alternatepin_1 - Rename Mode FullDuplex into Enable FDCAN_TXFD for pin PE0 is applicable
2023-06-21 00:49:34,094 [INFO] Rule:228 - rule FDCAN1_R4 - Alternatepin_2 - Rename Mode FullDuplex into Enable FDCAN_TXFD for pin PD5 is applicable
2023-06-21 00:49:34,094 [INFO] Rule:228 - rule FDCAN1_R4 - Alternatepin_2 - Rename Mode FullDuplex into Enable FDCAN_TXFD for pin PD4 is applicable
2023-06-21 00:49:34,094 [INFO] Rule:228 - rule FDCAN2_R3 - if PD10.Mode=FullDuplex, add Pin PB13 is applicable
2023-06-21 00:49:34,094 [INFO] Rule:228 - rule FDCAN2_R3 - if PD9.Mode=FullDuplex, add Pin PB12 is applicable
2023-06-21 00:49:34,094 [INFO] Rule:228 - rule FDCAN2_R3 - Alternatepin_1 - if PB7.Mode=FullDuplex, add Pin PB6 is applicable
2023-06-21 00:49:34,094 [INFO] Rule:228 - rule FDCAN2_R3 - Alternatepin_1 - if PD9.Mode=FullDuplex, add Pin PB12 is applicable
2023-06-21 00:49:34,094 [INFO] Rule:228 - rule FDCAN2_R4 - Rename Mode FullDuplex into Enable FDCAN_TXFD for pin PD10 is applicable
2023-06-21 00:49:34,094 [INFO] Rule:228 - rule FDCAN2_R4 - Rename Mode FullDuplex into Enable FDCAN_TXFD for pin PD9 is applicable
2023-06-21 00:49:34,094 [INFO] Rule:228 - rule FDCAN2_R4 - Alternatepin_1 - Rename Mode FullDuplex into Enable FDCAN_TXFD for pin PB7 is applicable
2023-06-21 00:49:34,094 [INFO] Rule:228 - rule FDCAN2_R4 - Alternatepin_1 - Rename Mode FullDuplex into Enable FDCAN_TXFD for pin PD6 is applicable
2023-06-21 00:49:34,094 [INFO] Rule:228 - rule USART TxPinLevelInvertParam Mode is applicable
2023-06-21 00:49:34,094 [INFO] Rule:228 - rule USART RxPinLevelInvertParam Mode is applicable
2023-06-21 00:49:34,094 [INFO] Rule:228 - rule USART DataInvertParam Mode is applicable
2023-06-21 00:49:34,094 [INFO] Rule:228 - rule USART SwapParam Mode is applicable
2023-06-21 00:49:34,094 [INFO] Rule:228 - rule USART OverrunDisableParam Mode is applicable
2023-06-21 00:49:34,094 [INFO] Rule:228 - rule USART DMADisableonRxErrorParam Mode is applicable
2023-06-21 00:49:34,094 [INFO] Rule:228 - rule USART MSBFirstParam Mode is applicable
2023-06-21 00:49:34,094 [INFO] Rule:228 - rule Update MwName for USB_DEVICE is applicable
2023-06-21 00:49:34,094 [INFO] Rule:228 - rule Change PWR_Regulator_Voltage_Scale Default Value for RCC  H7 family is applicable
2023-06-21 00:49:34,094 [INFO] Rule:228 - rule UART/USART IPParameter rename Prescaler parameter to ClockPrescaler is applicable
2023-06-21 00:49:34,094 [INFO] Rule:228 - rule UART/USART Prescaler rename Prescaler parameter to ClockPrescaler is applicable
2023-06-21 00:49:34,094 [INFO] Rule:228 - rule TIM1CLockSelection is applicable
2023-06-21 00:49:34,094 [INFO] Rule:228 - rule TIM15CLockSelection is applicable
2023-06-21 00:49:34,094 [INFO] Rule:228 - rule align RCC SDMMC3CLockSelection default value on MP1 is applicable
2023-06-21 00:49:34,094 [INFO] Rule:228 - rule align RCC SDMMC12CLockSelection default value on MP1 is applicable
2023-06-21 00:49:34,095 [INFO] Rule:228 - rule align RCC QSPICLockSelection default value on MP1 is applicable
2023-06-21 00:49:34,095 [INFO] Rule:228 - rule align RCC QSPICLockSelection default value on MP1 is applicable
2023-06-21 00:49:34,095 [INFO] Rule:228 - rule align RCC SPI6CLockSelection default value on MP1 is applicable
2023-06-21 00:49:34,095 [INFO] Rule:228 - rule align RCC LPTIM23CLockSelection default value on MP1 is applicable
2023-06-21 00:49:34,095 [INFO] Rule:228 - rule align RCC LPTIM1CLockSelection default value on MP1 is applicable
2023-06-21 00:49:34,095 [INFO] Rule:228 - rule align RCC USART1CLockSelection default value on MP1 is applicable
2023-06-21 00:49:34,095 [INFO] Rule:228 - rule align RCC USART24CLockSelection default value on MP1 is applicable
2023-06-21 00:49:34,095 [INFO] Rule:228 - rule align RCC USART6CLockSelection default value on MP1 is applicable
2023-06-21 00:49:34,095 [INFO] Rule:228 - rule align RCC UART78CLockSelection default value on MP1 is applicable
2023-06-21 00:49:34,095 [INFO] Rule:228 - rule align RCC USART35CLockSelection default value on MP1 is applicable
2023-06-21 00:49:34,095 [INFO] Rule:228 - rule align RCC SPI45CLockSelection default value on MP1 is applicable
2023-06-21 00:49:34,095 [INFO] Rule:228 - rule align RCC I2C46CLockSelection BCLK value on MP1 is applicable
2023-06-21 00:49:34,095 [INFO] Rule:228 - rule align RCC SPI45CLockSelection default value on MP1 is applicable
2023-06-21 00:49:34,095 [INFO] Rule:228 - rule align RCC I2C12CLockSelection default value on MP1 is applicable
2023-06-21 00:49:34,095 [INFO] Rule:228 - rule align RCC I2C35CLockSelection default value on MP1 is applicable
2023-06-21 00:49:34,095 [INFO] Rule:228 - rule align RCC LPTIM45CLockSelection default value on MP1 is applicable
2023-06-21 00:49:34,095 [INFO] Rule:228 - rule Rename DCMI PIXCK signal is applicable
2023-06-21 00:49:34,095 [INFO] Rule:228 - rule Change Default Value for I2C46CLockSelection MP1 family is applicable
2023-06-21 00:49:34,095 [INFO] Rule:228 - rule Change Default Value for UART for G4, G0 and WB families is applicable
2023-06-21 00:49:34,095 [INFO] Rule:228 - rule Change Default Value for USART for G4, G0 and WB families is applicable
2023-06-21 00:49:34,095 [INFO] Rule:228 - rule Change Default Value for USART for G4 family is applicable
2023-06-21 00:49:34,095 [INFO] Rule:228 - rule Change USART1CLockSelection refparam name for MP1 is applicable
2023-06-21 00:49:34,096 [INFO] Rule:228 - rule Change USART2CLockSelection refparam name for MP1 is applicable
2023-06-21 00:49:34,096 [INFO] Rule:228 - rule Change USART3CLockSelection refparam name for MP1 is applicable
2023-06-21 00:49:34,096 [INFO] Rule:228 - rule Change UART4CLockSelection refparam name for MP1 is applicable
2023-06-21 00:49:34,096 [INFO] Rule:228 - rule Change UART5CLockSelection refparam name for MP1 is applicable
2023-06-21 00:49:34,096 [INFO] Rule:228 - rule Change LPUART1CLockSelection refparam name for MP1 is applicable
2023-06-21 00:49:34,096 [INFO] Rule:228 - rule Change LPTIM1CLockSelection refparam name for MP1 is applicable
2023-06-21 00:49:34,096 [INFO] Rule:228 - rule Change LPTIM2CLockSelection refparam name for MP1 is applicable
2023-06-21 00:49:34,096 [INFO] Rule:228 - rule Change RCC_MCO1Source refparam name for MP1 is applicable
2023-06-21 00:49:34,096 [INFO] Rule:228 - rule Change LSCOSource1 refparam name for MP1 is applicable
2023-06-21 00:49:34,096 [INFO] Rule:228 - rule Change SMPSCLockSelection refparam name for MP1 is applicable
2023-06-21 00:49:34,096 [INFO] Rule:228 - rule Change LPTIM3CLockSelection refparam name for MP1 is applicable
2023-06-21 00:49:34,096 [INFO] Rule:228 - rule Change MPCBB* Default Template Mode to Parameters is applicable
2023-06-21 00:49:34,096 [INFO] Rule:228 - rule Change MPCWM* or MPCBB* Secure Mode to Parameters is applicable
2023-06-21 00:49:34,096 [INFO] Rule:228 - rule Change MPCWM* or MPCBB* No Secure Mode to Parameters is applicable
2023-06-21 00:49:34,096 [INFO] Rule:228 - rule Change TZSC IP Secure Mode to Parameters is applicable
2023-06-21 00:49:34,096 [INFO] Rule:228 - rule Change TZSC IP No Secure Mode to Parameters is applicable
2023-06-21 00:49:34,096 [INFO] Rule:228 - rule Change TZSC IP Privilege Mode to Parameters is applicable
2023-06-21 00:49:34,096 [INFO] Rule:228 - rule Change TZSC IP No Privilege Mode to Parameters is applicable
2023-06-21 00:49:34,096 [INFO] Rule:228 - rule Change TZIC IT Secure Mode to Parameters is applicable
2023-06-21 00:49:34,096 [INFO] Rule:228 - rule Change TZIC IT No Secure Mode to Parameters is applicable
2023-06-21 00:49:34,096 [INFO] Rule:228 - rule Add MPCBB1_NonSecureArea_Start_Address value with referenced to MPCBB1_NonSecureArea_Start value is applicable
2023-06-21 00:49:34,096 [INFO] Rule:228 - rule Add MPCBB2_NonSecureArea_Start_Address value with referenced to MPCBB2_NonSecureArea_Start value is applicable
2023-06-21 00:49:34,096 [INFO] Rule:228 - rule Add MPCWM1_NonSecureArea*_Start_Address value with referenced to MPCWM1_NonSecureArea*_Start value is applicable
2023-06-21 00:49:34,096 [INFO] Rule:228 - rule Add MPCWM2_NonSecureArea*_Start_Address value with referenced to MPCWM2_NonSecureArea*_Start value is applicable
2023-06-21 00:49:34,096 [INFO] Rule:228 - rule Add MPCWM3_NonSecureArea_Start_Address value with referenced to MPCWM3_NonSecureArea_Start value is applicable
2023-06-21 00:49:34,097 [INFO] Rule:228 - rule Change Default Value for PLL1UserDefinedConfig is applicable
2023-06-21 00:49:34,097 [INFO] Rule:228 - rule Change GPIO_PuPd Default Value for USART in async mode is applicable
2023-06-21 00:49:34,097 [INFO] Rule:228 - rule Change SMPSDivider Default Value is applicable
2023-06-21 00:49:34,097 [INFO] Rule:228 - rule OPAMP is applicable
2023-06-21 00:49:34,097 [INFO] Rule:228 - rule LPUART IPParameter rename Prescaler parameter to ClockPrescaler for STM32H7 is applicable
2023-06-21 00:49:34,097 [INFO] Rule:228 - rule LPUART IPParameter rename Prescaler parameter to ClockPrescaler for STM32H7 is applicable
2023-06-21 00:49:34,097 [INFO] Rule:228 - rule LPUART IPParameter rename Prescaler parameter to ClockPrescaler for STM32WB is applicable
2023-06-21 00:49:34,097 [INFO] Rule:228 - rule LPUART IPParameter rename Prescaler parameter to ClockPrescaler for STM32WB is applicable
2023-06-21 00:49:34,097 [INFO] Rule:228 - rule LPUART IPParameter rename Prescaler parameter to ClockPrescaler for STM32G4 is applicable
2023-06-21 00:49:34,097 [INFO] Rule:228 - rule LPUART IPParameter rename Prescaler parameter to ClockPrescaler for STM32G4 is applicable
2023-06-21 00:49:34,097 [INFO] Rule:228 - rule LPUART IPParameter rename Prescaler parameter to ClockPrescaler for STM32L5 is applicable
2023-06-21 00:49:34,097 [INFO] Rule:228 - rule LPUART IPParameter rename Prescaler parameter to ClockPrescaler for STM32L5 is applicable
2023-06-21 00:49:34,097 [INFO] Rule:228 - rule LPUART IPParameter rename Prescaler parameter to ClockPrescaler for STM32G4 is applicable
2023-06-21 00:49:34,097 [INFO] Rule:228 - rule LPUART IPParameter rename Prescaler parameter to ClockPrescaler for STM32G4 is applicable
2023-06-21 00:49:34,097 [INFO] Rule:228 - rule USB device lib V2.5.3 for L0 rename USBD_SUPPORT_USER_STRING parameter to USBD_SUPPORT_USER_STRING_DESC4 is applicable
2023-06-21 00:49:34,097 [INFO] Rule:228 - rule I2SCLockSelection clock entry align is applicable
2023-06-21 00:49:34,097 [INFO] Rule:228 - rule Assign TIMx context if used as SYS timebase is applicable
2023-06-21 00:49:34,097 [INFO] Rule:228 - rule Change GPIO_Pu Default Value for I2C is applicable
2023-06-21 00:49:34,097 [INFO] Rule:228 - rule Change GPIO_Pu Default Value for SMBus is applicable
2023-06-21 00:49:34,097 [INFO] Rule:228 - rule change FDCAN default value is applicable
2023-06-21 00:49:34,097 [INFO] Rule:228 - rule Change mode sai is applicable
2023-06-21 00:49:34,097 [INFO] Rule:228 - rule **Change sai mode is applicable
2023-06-21 00:49:34,121 [INFO] DbConfProperties:307 - Apply Compatibility (50/258 Rules)
2023-06-21 00:49:34,136 [INFO] ImportTextPane:194 - (OptionalMessage_ERROR) Unable to find key (Mcu.ThirdPartyNb) in loaded IOC file
2023-06-21 00:49:34,258 [INFO] RtosManager:555 - Registered RTOS mode: class=CMSIS, group=RTOS, mode=CMSIS_V1, owner=FREERTOS
2023-06-21 00:49:34,258 [INFO] RtosManager:555 - Registered RTOS mode: class=CMSIS, group=RTOS2, mode=CMSIS_V2, owner=FREERTOS
2023-06-21 00:49:34,258 [INFO] RtosManager:555 - Registered RTOS mode: class=RTOS, group=Core, mode=CMSIS_V1, owner=FREERTOS
2023-06-21 00:49:34,259 [INFO] RtosManager:555 - Registered RTOS mode: class=RTOS, group=Core, mode=CMSIS_V2, owner=FREERTOS
2023-06-21 00:49:34,259 [WARN] ModelIntegratedComponent:184 - Missing modes for component STMicroelectronics:FreeRTOS:0.0.1:STMicroelectronics:RTOS:FreeRTOS:Core:::10.2.0:
2023-06-21 00:49:34,266 [WARN] ModelIntegratedComponent:63 - No mode defined for component null
2023-06-21 00:49:34,266 [WARN] ModelIntegratedComponent:63 - No mode defined for component null
2023-06-21 00:49:34,266 [WARN] ModelIntegratedComponent:63 - No mode defined for component null
2023-06-21 00:49:34,266 [WARN] ModelIntegratedComponent:63 - No mode defined for component null
2023-06-21 00:49:34,267 [WARN] ModelIntegratedComponent:63 - No mode defined for component null
2023-06-21 00:49:34,267 [WARN] ModelIntegratedComponent:63 - No mode defined for component null
2023-06-21 00:49:34,267 [WARN] ModelIntegratedComponent:63 - No mode defined for component null
2023-06-21 00:49:34,267 [WARN] ModelIntegratedComponent:63 - No mode defined for component null
2023-06-21 00:49:34,267 [WARN] ModelIntegratedComponent:63 - No mode defined for component null
2023-06-21 00:49:34,267 [WARN] ModelIntegratedComponent:63 - No mode defined for component null
2023-06-21 00:49:34,267 [WARN] ModelIntegratedComponent:63 - No mode defined for component null
2023-06-21 00:49:34,267 [WARN] ModelIntegratedComponent:63 - No mode defined for component null
2023-06-21 00:49:34,267 [WARN] ModelIntegratedComponent:63 - No mode defined for component null
2023-06-21 00:49:34,267 [WARN] ModelIntegratedComponent:63 - No mode defined for component null
2023-06-21 00:49:34,267 [WARN] ModelIntegratedComponent:63 - No mode defined for component null
2023-06-21 00:49:34,267 [WARN] ModelIntegratedComponent:63 - No mode defined for component null
2023-06-21 00:49:34,267 [WARN] ModelIntegratedComponent:63 - No mode defined for component null
2023-06-21 00:49:34,267 [WARN] ModelIntegratedComponent:63 - No mode defined for component null
2023-06-21 00:49:34,267 [WARN] ModelIntegratedComponent:63 - No mode defined for component null
2023-06-21 00:49:34,267 [WARN] ModelIntegratedComponent:63 - No mode defined for component null
2023-06-21 00:49:34,267 [WARN] ModelIntegratedComponent:63 - No mode defined for component null
2023-06-21 00:49:34,267 [WARN] ModelIntegratedComponent:63 - No mode defined for component null
2023-06-21 00:49:34,267 [WARN] ModelIntegratedComponent:63 - No mode defined for component null
2023-06-21 00:49:34,267 [WARN] ModelIntegratedComponent:63 - No mode defined for component null
2023-06-21 00:49:34,267 [WARN] ModelIntegratedComponent:63 - No mode defined for component null
2023-06-21 00:49:34,267 [WARN] ModelIntegratedComponent:63 - No mode defined for component null
2023-06-21 00:49:34,267 [WARN] ModelIntegratedComponent:63 - No mode defined for component null
2023-06-21 00:49:34,267 [WARN] ModelIntegratedComponent:63 - No mode defined for component null
2023-06-21 00:49:34,267 [WARN] ModelIntegratedComponent:63 - No mode defined for component null
2023-06-21 00:49:34,267 [WARN] ModelIntegratedComponent:63 - No mode defined for component null
2023-06-21 00:49:34,267 [WARN] ModelIntegratedComponent:63 - No mode defined for component null
2023-06-21 00:49:34,267 [WARN] ModelIntegratedComponent:63 - No mode defined for component null
2023-06-21 00:49:34,267 [WARN] ModelIntegratedComponent:63 - No mode defined for component null
2023-06-21 00:49:34,278 [INFO] ThirdPartyModel:298 - Start build external matchings
2023-06-21 00:49:34,681 [INFO] ThirdPartyModel:316 - End build external matchings
2023-06-21 00:49:34,690 [INFO] ImportTextPane:194 - (OptionalMessage_ERROR) IP (RCC) : Parameter (RTCHSEDivFreq_Value) has invalid value (4000000)
2023-06-21 00:49:34,880 [INFO] UtilMem:75 - End LoadConfig() Used Memory: 366565680 Bytes (735051776)
2023-06-21 00:49:34,894 [WARN] ThirdParty:833 - waiting for thirdparty lock release [change project]
2023-06-21 00:49:34,894 [INFO] ThirdParty:835 - entering critical section [change project]
2023-06-21 00:49:34,894 [INFO] ThirdParty:1030 - CMSIS Pack Vendor :STMicroelectronics X-CUBE-ISPU 1.1.0
2023-06-21 00:49:34,894 [INFO] ThirdParty:1030 - CMSIS Pack Vendor :STMicroelectronics X-CUBE-GNSS1 6.0.0
2023-06-21 00:49:34,894 [INFO] ThirdParty:1030 - CMSIS Pack Vendor :STMicroelectronics USB_HOST 2.0.0
2023-06-21 00:49:34,894 [INFO] ThirdParty:1030 - CMSIS Pack Vendor :STMicroelectronics X-CUBE-AZRTOS-F4 1.1.0
2023-06-21 00:49:34,894 [INFO] ThirdParty:1030 - CMSIS Pack Vendor :STMicroelectronics LIBJPEG 8.0.0
2023-06-21 00:49:34,894 [INFO] ThirdParty:1030 - CMSIS Pack Vendor :STMicroelectronics X-CUBE-SMBUS 2.1.0
2023-06-21 00:49:34,894 [INFO] ThirdParty:1030 - CMSIS Pack Vendor :wolfSSL I-CUBE-wolfSSL 5.6.0
2023-06-21 00:49:34,894 [INFO] ThirdParty:1030 - CMSIS Pack Vendor :STMicroelectronics USB_DEVICE 3.0.0
2023-06-21 00:49:34,894 [INFO] ThirdParty:1030 - CMSIS Pack Vendor :STMicroelectronics X-CUBE-AI 8.0.0
2023-06-21 00:49:34,894 [INFO] ThirdParty:1030 - CMSIS Pack Vendor :STMicroelectronics X-CUBE-FREERTOS 1.0.1
2023-06-21 00:49:34,894 [INFO] ThirdParty:1030 - CMSIS Pack Vendor :STMicroelectronics X-CUBE-TOUCHGFX 4.21.3
2023-06-21 00:49:34,894 [INFO] ThirdParty:1030 - CMSIS Pack Vendor :STMicroelectronics X-CUBE-AZRTOS-F7 1.1.0
2023-06-21 00:49:34,894 [INFO] ThirdParty:1030 - CMSIS Pack Vendor :STMicroelectronics X-CUBE-TOUCHGFX 4.21.4
2023-06-21 00:49:34,895 [INFO] ThirdParty:1030 - CMSIS Pack Vendor :STMicroelectronics USB_DEVICE 2.0.0
2023-06-21 00:49:34,895 [INFO] ThirdParty:1030 - CMSIS Pack Vendor :STMicroelectronics X-CUBE-MEMS1 9.6.0
2023-06-21 00:49:34,895 [INFO] ThirdParty:1030 - CMSIS Pack Vendor :STMicroelectronics FP-SNS-MOTENV1 4.3.0
2023-06-21 00:49:34,895 [INFO] ThirdParty:1030 - CMSIS Pack Vendor :STMicroelectronics FP-SNS-FLIGHT1 5.0.0
2023-06-21 00:49:34,895 [INFO] ThirdParty:1030 - CMSIS Pack Vendor :STMicroelectronics FP-SNS-MOTENV1 4.3.1
2023-06-21 00:49:34,895 [INFO] ThirdParty:1030 - CMSIS Pack Vendor :STMicroelectronics FP-SNS-FLIGHT1 5.0.1
2023-06-21 00:49:34,895 [INFO] ThirdParty:1030 - CMSIS Pack Vendor :STMicroelectronics X-CUBE-ALGOBUILD 1.3.0
2023-06-21 00:49:34,895 [INFO] ThirdParty:1030 - CMSIS Pack Vendor :STMicroelectronics X-CUBE-BLE1 6.2.4
2023-06-21 00:49:34,895 [INFO] ThirdParty:1030 - CMSIS Pack Vendor :STMicroelectronics X-CUBE-AZRTOS-L5 1.1.0
2023-06-21 00:49:34,895 [INFO] ThirdParty:1030 - CMSIS Pack Vendor :STMicroelectronics FreeRTOS 0.0.1
2023-06-21 00:49:34,895 [INFO] ThirdParty:1030 - CMSIS Pack Vendor :STMicroelectronics X-CUBE-AZRTOS-G0 1.1.0
2023-06-21 00:49:34,895 [INFO] ThirdParty:1030 - CMSIS Pack Vendor :emotas I-CUBE-CANOPEN 1.1.3
2023-06-21 00:49:34,895 [INFO] ThirdParty:1030 - CMSIS Pack Vendor :STMicroelectronics X-CUBE-BLEMGR 2.0.0
2023-06-21 00:49:34,895 [INFO] ThirdParty:1030 - CMSIS Pack Vendor :STMicroelectronics X-CUBE-AI 8.0.1
2023-06-21 00:49:34,895 [INFO] ThirdParty:1030 - CMSIS Pack Vendor :STMicroelectronics X-CUBE-NFC4 3.0.0
2023-06-21 00:49:34,895 [INFO] ThirdParty:1030 - CMSIS Pack Vendor :STMicroelectronics X-CUBE-SUBG2 5.0.0
2023-06-21 00:49:34,895 [INFO] ThirdParty:1030 - CMSIS Pack Vendor :STMicroelectronics STM32_WPAN 1.0.0
2023-06-21 00:49:34,895 [INFO] ThirdParty:1030 - CMSIS Pack Vendor :STMicroelectronics lwIP 2.0.3
2023-06-21 00:49:34,895 [INFO] ThirdParty:1030 - CMSIS Pack Vendor :STMicroelectronics USB_HOST 1.0.0
2023-06-21 00:49:34,895 [INFO] ThirdParty:1030 - CMSIS Pack Vendor :STMicroelectronics X-CUBE-AZRTOS-G4 2.0.0
2023-06-21 00:49:34,895 [INFO] ThirdParty:1030 - CMSIS Pack Vendor :STMicroelectronics PDM2PCM 3.1.0
2023-06-21 00:49:34,895 [INFO] ThirdParty:1030 - CMSIS Pack Vendor :STMicroelectronics X-CUBE-AZRTOS-H7 3.1.0
2023-06-21 00:49:34,895 [INFO] ThirdParty:1030 - CMSIS Pack Vendor :STMicroelectronics X-CUBE-TOF1 3.3.0
2023-06-21 00:49:34,895 [INFO] ThirdParty:1030 - CMSIS Pack Vendor :STMicroelectronics PDM2PCM 3.3.0
2023-06-21 00:49:34,895 [INFO] ThirdParty:1030 - CMSIS Pack Vendor :STMicroelectronics X-CUBE-DISPLAY 3.0.0
2023-06-21 00:49:34,895 [INFO] ThirdParty:1030 - CMSIS Pack Vendor :STMicroelectronics FP-ATR-SIGFOX1 3.2.0
2023-06-21 00:49:34,895 [INFO] ThirdParty:1030 - CMSIS Pack Vendor :STMicroelectronics X-CUBE-AZRTOS-L4 1.0.0
2023-06-21 00:49:34,895 [INFO] ThirdParty:1030 - CMSIS Pack Vendor :STMicroelectronics HAL Drivers 0.0.0
2023-06-21 00:49:34,895 [INFO] ThirdParty:1030 - CMSIS Pack Vendor :STMicroelectronics MBEDTLS 2.16.2
2023-06-21 00:49:34,895 [INFO] ThirdParty:1030 - CMSIS Pack Vendor :STMicroelectronics X-CUBE-NFC7 1.0.1
2023-06-21 00:49:34,895 [INFO] ThirdParty:1030 - CMSIS Pack Vendor :STMicroelectronics MBEDTLS 2.14.1
2023-06-21 00:49:34,895 [INFO] ThirdParty:1030 - CMSIS Pack Vendor :STMicroelectronics X-CUBE-NFC7 1.0.0
2023-06-21 00:49:34,895 [INFO] ThirdParty:1030 - CMSIS Pack Vendor :STMicroelectronics X-CUBE-AZRTOS-WL 1.0.0
2023-06-21 00:49:34,895 [INFO] ThirdParty:1030 - CMSIS Pack Vendor :STMicroelectronics X-CUBE-EEPRMA1 4.1.0
2023-06-21 00:49:34,895 [INFO] ThirdParty:1030 - CMSIS Pack Vendor :portGmbH I-Cube-SoM-uGOAL 1.1.0
2023-06-21 00:49:34,895 [INFO] ThirdParty:1030 - CMSIS Pack Vendor :STMicroelectronics X-CUBE-ALS 1.0.1
2023-06-21 00:49:34,895 [INFO] ThirdParty:1030 - CMSIS Pack Vendor :STMicroelectronics ThreadX 1.0.0
2023-06-21 00:49:34,895 [INFO] ThirdParty:1030 - CMSIS Pack Vendor :STMicroelectronics X-CUBE-AZRTOS-WB 1.1.0
2023-06-21 00:49:34,895 [INFO] ThirdParty:1030 - CMSIS Pack Vendor :STMicroelectronics X-CUBE-AZRTOS-WL 2.0.0
2023-06-21 00:49:34,895 [INFO] ThirdParty:1030 - CMSIS Pack Vendor :SEGGER I-CUBE-embOS 1.3.1
2023-06-21 00:49:34,895 [INFO] ThirdParty:1030 - CMSIS Pack Vendor :STMicroelectronics USB_DEVICE 1.0.0
2023-06-21 00:49:34,895 [INFO] ThirdParty:1030 - CMSIS Pack Vendor :STMicroelectronics X-CUBE-AZRTOS-L4 2.0.0
2023-06-21 00:49:34,896 [INFO] ThirdParty:1030 - CMSIS Pack Vendor :STMicroelectronics ThreadX 0.0.2
2023-06-21 00:49:34,896 [INFO] ThirdParty:1030 - CMSIS Pack Vendor :WES I-CUBE-Cesium 1.3.0
2023-06-21 00:49:34,896 [INFO] ThirdParty:1030 - CMSIS Pack Vendor :STMicroelectronics FP-ATR-ASTRA1 2.0.0
2023-06-21 00:49:34,896 [INFO] ThirdParty:1030 - CMSIS Pack Vendor :STMicroelectronics lwIP 2.1.2
2023-06-21 00:49:34,896 [INFO] ThirdParty:1030 - CMSIS Pack Vendor :STMicroelectronics X-CUBE-SFXS2LP1 4.0.0
2023-06-21 00:49:34,896 [INFO] ThirdParty:1030 - CMSIS Pack Vendor :STMicroelectronics X-CUBE-BLE2 3.3.0
2023-06-21 00:49:34,896 [INFO] ThirdParty:1030 - CMSIS Pack Vendor :STMicroelectronics PDM2PCM 3.2.0
2023-06-21 00:49:34,896 [INFO] ThirdParty:841 - exiting critical section [change project]
2023-06-21 00:49:35,037 [INFO] PinOutPanel:1499 - setPackage(No Configuration,No Configuration)
2023-06-21 00:49:35,038 [INFO] PinOutPanel:1499 - setPackage(STM32F407VGTx,LQFP100)
2023-06-21 00:49:35,242 [INFO] UtilMem:75 - Before build in PCC Used Memory: 403940512 Bytes (735051776)
2023-06-21 00:49:35,511 [INFO] UtilMem:75 - After build in PCC Used Memory: 449029280 Bytes (735051776)
2023-06-21 00:49:35,516 [INFO] ApiDbMcu:507 - Load IP Config File for USB_HOST
2023-06-21 00:49:35,516 [WARN] BspModel:443 - BSP dependency skipped because of component: name='IOExpander', api='Unknown'
2023-06-21 00:49:35,533 [INFO] IPUIPlugin:80 - create IPUIPlugin
2023-06-21 00:49:35,533 [INFO] IPUIPlugin:80 - create IPUIPlugin
2023-06-21 00:49:35,533 [INFO] IPUIPlugin:80 - create IPUIPlugin
2023-06-21 00:49:35,533 [INFO] IPUIPlugin:80 - create IPUIPlugin
2023-06-21 00:49:35,533 [INFO] IPUIPlugin:80 - create IPUIPlugin
2023-06-21 00:49:35,534 [INFO] IPUIPlugin:80 - create IPUIPlugin
2023-06-21 00:49:35,534 [INFO] IPUIPlugin:80 - create IPUIPlugin
2023-06-21 00:49:35,534 [INFO] IPUIPlugin:80 - create IPUIPlugin
2023-06-21 00:49:35,534 [INFO] IPUIPlugin:80 - create IPUIPlugin
2023-06-21 00:49:35,534 [INFO] IPUIPlugin:80 - create IPUIPlugin
2023-06-21 00:49:35,534 [INFO] IPUIPlugin:80 - create IPUIPlugin
2023-06-21 00:49:35,534 [INFO] IPUIPlugin:80 - create IPUIPlugin
2023-06-21 00:49:35,534 [INFO] IPUIPlugin:80 - create IPUIPlugin
2023-06-21 00:49:35,535 [INFO] IPUIPlugin:80 - create IPUIPlugin
2023-06-21 00:49:35,535 [INFO] IPUIPlugin:80 - create IPUIPlugin
2023-06-21 00:49:35,535 [INFO] IPUIPlugin:80 - create IPUIPlugin
2023-06-21 00:49:35,535 [INFO] IPUIPlugin:80 - create IPUIPlugin
2023-06-21 00:49:35,535 [INFO] IPUIPlugin:80 - create IPUIPlugin
2023-06-21 00:49:35,535 [INFO] IPUIPlugin:80 - create IPUIPlugin
2023-06-21 00:49:35,535 [INFO] IPUIPlugin:80 - create IPUIPlugin
2023-06-21 00:49:35,535 [INFO] IPUIPlugin:80 - create IPUIPlugin
2023-06-21 00:49:35,535 [INFO] IPUIPlugin:80 - create IPUIPlugin
2023-06-21 00:49:35,536 [INFO] IPUIPlugin:80 - create IPUIPlugin
2023-06-21 00:49:35,536 [INFO] IPUIPlugin:80 - create IPUIPlugin
2023-06-21 00:49:35,536 [INFO] IPUIPlugin:80 - create IPUIPlugin
2023-06-21 00:49:35,536 [INFO] IPUIPlugin:80 - create IPUIPlugin
2023-06-21 00:49:35,536 [INFO] IPUIPlugin:80 - create IPUIPlugin
2023-06-21 00:49:35,536 [INFO] IPUIPlugin:80 - create IPUIPlugin
2023-06-21 00:49:35,536 [INFO] IPUIPlugin:80 - create IPUIPlugin
2023-06-21 00:49:35,536 [INFO] IPUIPlugin:80 - create IPUIPlugin
2023-06-21 00:49:35,536 [INFO] IPUIPlugin:80 - create IPUIPlugin
2023-06-21 00:49:35,537 [INFO] IPUIPlugin:80 - create IPUIPlugin
2023-06-21 00:49:35,537 [INFO] IPUIPlugin:80 - create IPUIPlugin
2023-06-21 00:49:35,537 [INFO] IPUIPlugin:80 - create IPUIPlugin
2023-06-21 00:49:35,537 [INFO] IPUIPlugin:80 - create IPUIPlugin
2023-06-21 00:49:35,537 [INFO] IPUIPlugin:80 - create IPUIPlugin
2023-06-21 00:49:35,537 [INFO] IPUIPlugin:80 - create IPUIPlugin
2023-06-21 00:49:35,537 [INFO] IPUIPlugin:80 - create IPUIPlugin
2023-06-21 00:49:35,538 [INFO] IPUIPlugin:80 - create IPUIPlugin
2023-06-21 00:49:35,538 [INFO] IPUIPlugin:80 - create IPUIPlugin
2023-06-21 00:49:35,538 [INFO] IPUIPlugin:80 - create IPUIPlugin
2023-06-21 00:49:35,538 [INFO] IPUIPlugin:80 - create IPUIPlugin
2023-06-21 00:49:35,538 [INFO] IPUIPlugin:80 - create IPUIPlugin
2023-06-21 00:49:35,538 [INFO] IPUIPlugin:80 - create IPUIPlugin
2023-06-21 00:49:35,538 [INFO] IPUIPlugin:80 - create IPUIPlugin
2023-06-21 00:49:35,539 [INFO] IPUIPlugin:80 - create IPUIPlugin
2023-06-21 00:49:35,539 [INFO] IPUIPlugin:80 - create IPUIPlugin
2023-06-21 00:49:35,539 [INFO] IPUIPlugin:80 - create IPUIPlugin
2023-06-21 00:49:35,539 [INFO] IPUIPlugin:80 - create IPUIPlugin
2023-06-21 00:49:35,539 [INFO] IPUIPlugin:80 - create IPUIPlugin
2023-06-21 00:49:35,540 [INFO] IPUIPlugin:80 - create IPUIPlugin
2023-06-21 00:49:35,540 [INFO] IPUIPlugin:80 - create IPUIPlugin
2023-06-21 00:49:35,540 [INFO] IPUIPlugin:80 - create IPUIPlugin
2023-06-21 00:49:35,540 [INFO] IPUIPlugin:80 - create IPUIPlugin
2023-06-21 00:49:35,540 [INFO] IPUIPlugin:80 - create IPUIPlugin
2023-06-21 00:49:35,541 [INFO] IPUIPlugin:80 - create IPUIPlugin
2023-06-21 00:49:35,541 [INFO] IPUIPlugin:80 - create IPUIPlugin
2023-06-21 00:49:35,542 [INFO] IPUIPlugin:80 - create IPUIPlugin
2023-06-21 00:49:35,544 [INFO] ApiDbMcu:507 - Load IP Config File for PDM2PCM
2023-06-21 00:49:35,545 [WARN] IP:2113 - I2C_Coeff_DF not found: check if there is a RefParameter without a condition.
2023-06-21 00:49:35,545 [WARN] IP:2113 - Analog_Filter not found: check if there is a RefParameter without a condition.
2023-06-21 00:49:35,547 [INFO] I2sManager:658 - 9.6E7
2023-06-21 00:49:35,547 [INFO] I2sManager:195 - I2S Clock Value : 9.6E7
2023-06-21 00:49:35,547 [INFO] I2sManager:553 - AudioClock : 93750Divider : 2Odd : 0
2023-06-21 00:49:35,587 [INFO] CADModel:165 - CPN selected for project levelSTM32F407VGT6
2023-06-21 00:49:35,587 [INFO] CADModel:114 - Register for checkConnection events
2023-06-21 00:49:35,634 [INFO] OpenFileManager:328 - Restore cursor
2023-06-21 00:49:35,774 [WARN] IP:2113 - I2C_Coeff_DF not found: check if there is a RefParameter without a condition.
2023-06-21 00:49:35,774 [WARN] IP:2113 - Analog_Filter not found: check if there is a RefParameter without a condition.
2023-06-21 00:49:35,775 [WARN] IP:2113 - I2C_Coeff_DF not found: check if there is a RefParameter without a condition.
2023-06-21 00:49:35,775 [WARN] IP:2113 - Analog_Filter not found: check if there is a RefParameter without a condition.
2023-06-21 00:49:35,995 [INFO] UtilMem:75 - End SaveConfig() Used Memory: 576112160 Bytes (735051776)
2023-06-21 00:49:36,086 [INFO] UtilMem:75 - End SaveConfig() Used Memory: 596643736 Bytes (735051776)
2023-06-21 00:49:36,374 [INFO] BlockDiagram:2759 - set Specific Code input for plugin: SPI
2023-06-21 00:49:36,374 [INFO] BlockDiagram:2759 - set Specific Code input for plugin: I2S
2023-06-21 00:49:36,374 [INFO] BlockDiagram:2759 - set Specific Code input for plugin: SYS
2023-06-21 00:49:36,374 [INFO] BlockDiagram:2759 - set Specific Code input for plugin: RCC
2023-06-21 00:49:36,374 [INFO] BlockDiagram:2759 - set Specific Code input for plugin: I2C
2023-06-21 00:49:36,374 [INFO] BlockDiagram:2759 - set Specific Code input for plugin: USB_OTG_FS
2023-06-21 00:49:36,374 [INFO] BlockDiagram:2759 - set Specific Code input for plugin: NVIC
2023-06-21 00:49:36,374 [INFO] BlockDiagram:2759 - set Specific Code input for plugin: USB_HOST
2023-06-21 00:49:36,375 [INFO] BlockDiagram:2759 - set Specific Code input for plugin: GPIO
2023-06-21 00:49:36,377 [INFO] CodeGenerator:793 - code generatio: config db path: C:\ST\STM32CubeIDE_1.12.1\STM32CubeIDE\plugins\com.st.stm32cube.common.mx_6.8.1.202304191431\\db\
2023-06-21 00:49:36,382 [WARN] IP:2113 - I2C_Coeff_DF not found: check if there is a RefParameter without a condition.
2023-06-21 00:49:36,382 [WARN] IP:2113 - Analog_Filter not found: check if there is a RefParameter without a condition.
2023-06-21 00:49:36,618 [INFO] CodeEngine:255 - oldGeneratedFile, C:\Users\User\STM32CubeIDE\workspace_1.12.1\ssd1306_fsociety\MXTmpFiles\license.tmp_save
2023-06-21 00:49:36,700 [INFO] CodeEngine:279 - Generated code: C:\Users\User\STM32CubeIDE\workspace_1.12.1\ssd1306_fsociety\MXTmpFiles\license.tmp
2023-06-21 00:49:36,797 [INFO] CodeEngine:255 - oldGeneratedFile, C:\Users\User\STM32CubeIDE\workspace_1.12.1\ssd1306_fsociety\MXTmpFiles\gpio.tmp_save
2023-06-21 00:49:36,920 [INFO] CodeEngine:279 - Generated code: C:\Users\User\STM32CubeIDE\workspace_1.12.1\ssd1306_fsociety\MXTmpFiles\gpio.tmp
2023-06-21 00:49:36,984 [WARN] IPConfigManager:2937 - Warning: the RefConfig PWREx_EnableUSBVoltageDetector is not available in your config.xml file
2023-06-21 00:49:36,993 [INFO] CodeEngine:255 - oldGeneratedFile, C:\Users\User\STM32CubeIDE\workspace_1.12.1\ssd1306_fsociety\MXTmpFiles\usb_otg_fs_vars.tmp_save
2023-06-21 00:49:37,052 [INFO] CodeEngine:279 - Generated code: C:\Users\User\STM32CubeIDE\workspace_1.12.1\ssd1306_fsociety\MXTmpFiles\usb_otg_fs_vars.tmp
2023-06-21 00:49:37,056 [INFO] CodeEngine:255 - oldGeneratedFile, C:\Users\User\STM32CubeIDE\workspace_1.12.1\ssd1306_fsociety\MXTmpFiles\usb_otg_fs_inc.tmp_save
2023-06-21 00:49:37,106 [INFO] CodeEngine:279 - Generated code: C:\Users\User\STM32CubeIDE\workspace_1.12.1\ssd1306_fsociety\MXTmpFiles\usb_otg_fs_inc.tmp
2023-06-21 00:49:37,110 [INFO] CodeEngine:255 - oldGeneratedFile, C:\Users\User\STM32CubeIDE\workspace_1.12.1\ssd1306_fsociety\MXTmpFiles\usb_otg_fs_HalInit.tmp_save
2023-06-21 00:49:37,175 [INFO] CodeEngine:279 - Generated code: C:\Users\User\STM32CubeIDE\workspace_1.12.1\ssd1306_fsociety\MXTmpFiles\usb_otg_fs_HalInit.tmp
2023-06-21 00:49:37,179 [INFO] CodeEngine:255 - oldGeneratedFile, C:\Users\User\STM32CubeIDE\workspace_1.12.1\ssd1306_fsociety\MXTmpFiles\usb_otg_fs_Msp.tmp_save
2023-06-21 00:49:37,244 [INFO] CodeEngine:279 - Generated code: C:\Users\User\STM32CubeIDE\workspace_1.12.1\ssd1306_fsociety\MXTmpFiles\usb_otg_fs_Msp.tmp
2023-06-21 00:49:37,444 [INFO] CodeEngine:255 - oldGeneratedFile, C:\Users\User\STM32CubeIDE\workspace_1.12.1\ssd1306_fsociety\USB_HOST\App\usb_host.c_save
2023-06-21 00:49:37,500 [INFO] CodeEngine:279 - Generated code: C:\Users\User\STM32CubeIDE\workspace_1.12.1\ssd1306_fsociety\USB_HOST\App\usb_host.c
2023-06-21 00:49:37,504 [INFO] CodeEngine:255 - oldGeneratedFile, C:\Users\User\STM32CubeIDE\workspace_1.12.1\ssd1306_fsociety\USB_HOST\App\usb_host.h_save
2023-06-21 00:49:37,582 [INFO] CodeEngine:279 - Generated code: C:\Users\User\STM32CubeIDE\workspace_1.12.1\ssd1306_fsociety\USB_HOST\App\usb_host.h
2023-06-21 00:49:37,586 [INFO] CodeEngine:255 - oldGeneratedFile, C:\Users\User\STM32CubeIDE\workspace_1.12.1\ssd1306_fsociety\USB_HOST\Target\usbh_conf.h_save
2023-06-21 00:49:37,634 [INFO] CodeEngine:279 - Generated code: C:\Users\User\STM32CubeIDE\workspace_1.12.1\ssd1306_fsociety\USB_HOST\Target\usbh_conf.h
2023-06-21 00:49:37,637 [INFO] CodeEngine:255 - oldGeneratedFile, C:\Users\User\STM32CubeIDE\workspace_1.12.1\ssd1306_fsociety\USB_HOST\Target\usbh_conf.c_save
2023-06-21 00:49:37,686 [INFO] CodeEngine:279 - Generated code: C:\Users\User\STM32CubeIDE\workspace_1.12.1\ssd1306_fsociety\USB_HOST\Target\usbh_conf.c
2023-06-21 00:49:37,689 [INFO] CodeEngine:255 - oldGeneratedFile, C:\Users\User\STM32CubeIDE\workspace_1.12.1\ssd1306_fsociety\USB_HOST\Target\usbh_platform.c_save
2023-06-21 00:49:37,731 [INFO] CodeEngine:279 - Generated code: C:\Users\User\STM32CubeIDE\workspace_1.12.1\ssd1306_fsociety\USB_HOST\Target\usbh_platform.c
2023-06-21 00:49:37,734 [INFO] CodeEngine:255 - oldGeneratedFile, C:\Users\User\STM32CubeIDE\workspace_1.12.1\ssd1306_fsociety\USB_HOST\Target\usbh_platform.h_save
2023-06-21 00:49:37,777 [INFO] CodeEngine:279 - Generated code: C:\Users\User\STM32CubeIDE\workspace_1.12.1\ssd1306_fsociety\USB_HOST\Target\usbh_platform.h
2023-06-21 00:49:37,786 [INFO] CodeEngine:255 - oldGeneratedFile, C:\Users\User\STM32CubeIDE\workspace_1.12.1\ssd1306_fsociety\Core\Src\stm32f4xx_it.c_save
2023-06-21 00:49:37,912 [INFO] CodeEngine:279 - Generated code: C:\Users\User\STM32CubeIDE\workspace_1.12.1\ssd1306_fsociety\Core\Src\stm32f4xx_it.c
2023-06-21 00:49:37,916 [INFO] CodeEngine:255 - oldGeneratedFile, C:\Users\User\STM32CubeIDE\workspace_1.12.1\ssd1306_fsociety\Core\Inc\stm32f4xx_it.h_save
2023-06-21 00:49:37,961 [INFO] CodeEngine:279 - Generated code: C:\Users\User\STM32CubeIDE\workspace_1.12.1\ssd1306_fsociety\Core\Inc\stm32f4xx_it.h
2023-06-21 00:49:37,970 [INFO] CodeEngine:255 - oldGeneratedFile, C:\Users\User\STM32CubeIDE\workspace_1.12.1\ssd1306_fsociety\Core\Src\stm32f4xx_hal_msp.c_save
2023-06-21 00:49:38,034 [INFO] CodeEngine:279 - Generated code: C:\Users\User\STM32CubeIDE\workspace_1.12.1\ssd1306_fsociety\Core\Src\stm32f4xx_hal_msp.c
2023-06-21 00:49:38,038 [INFO] CodeEngine:255 - oldGeneratedFile, C:\Users\User\STM32CubeIDE\workspace_1.12.1\ssd1306_fsociety\MXTmpFiles\system.tmp_save
2023-06-21 00:49:38,113 [INFO] CodeEngine:279 - Generated code: C:\Users\User\STM32CubeIDE\workspace_1.12.1\ssd1306_fsociety\MXTmpFiles\system.tmp
2023-06-21 00:49:38,120 [INFO] CodeEngine:311 - oldGeneratedFile, C:\Users\User\STM32CubeIDE\workspace_1.12.1\ssd1306_fsociety\Core\Inc\stm32f4xx_hal_conf.h_save
2023-06-21 00:49:38,168 [INFO] CodeEngine:335 - Generated code: C:\Users\User\STM32CubeIDE\workspace_1.12.1\ssd1306_fsociety\Core\Inc\stm32f4xx_hal_conf.h
2023-06-21 00:49:38,187 [INFO] CodeEngine:255 - oldGeneratedFile, C:\Users\User\STM32CubeIDE\workspace_1.12.1\ssd1306_fsociety\Core\Inc\main.h_save
2023-06-21 00:49:38,238 [INFO] CodeEngine:279 - Generated code: C:\Users\User\STM32CubeIDE\workspace_1.12.1\ssd1306_fsociety\Core\Inc\main.h
2023-06-21 00:49:38,241 [INFO] CodeEngine:255 - oldGeneratedFile, C:\Users\User\STM32CubeIDE\workspace_1.12.1\ssd1306_fsociety\Core\Src\main.c_save
2023-06-21 00:49:38,306 [INFO] CodeEngine:279 - Generated code: C:\Users\User\STM32CubeIDE\workspace_1.12.1\ssd1306_fsociety\Core\Src\main.c
2023-06-21 00:49:38,880 [INFO] ProjectBuilder:2996 - Time for Copy HAL[1] : 185mS.
2023-06-21 00:49:38,885 [INFO] ProjectBuilder:4304 - Project Generator version: 3.19.2
2023-06-21 00:49:39,233 [INFO] ConfigFileManager:1483 - The Die is : DIE413
2023-06-21 00:49:39,236 [INFO] ApiDbMcu:507 - Load IP Config File for FATFS
2023-06-21 00:49:39,241 [INFO] ApiDbMcu:507 - Load IP Config File for FREERTOS
2023-06-21 00:49:39,250 [INFO] ApiDbMcu:507 - Load IP Config File for LIBJPEG
2023-06-21 00:49:39,256 [INFO] ApiDbMcu:507 - Load IP Config File for LWIP
2023-06-21 00:49:39,263 [INFO] ApiDbMcu:507 - Load IP Config File for MBEDTLS
2023-06-21 00:49:39,273 [INFO] ApiDbMcu:507 - Load IP Config File for USB_DEVICE
2023-06-21 00:49:40,967 [INFO] ProjectBuilder:4505 - Time for Generating toolchain IDE Files: 2082mS.
2023-06-21 00:49:40,968 [INFO] ProjectBuilder:2867 - Time for Copy CMSIS : 0mS.
2023-06-21 00:49:40,974 [INFO] ProjectBuilder:2867 - Time for Copy CMSIS : 0mS.
2023-06-21 00:49:41,731 [INFO] McuFinderGlobals:66 - Set McuFinderConnectedMode to true
2023-06-21 00:49:41,733 [INFO] ApiDb:448 - Save user favorites file C:\Users\User/.stm32cubeide/favorites.mcus.txt: 0 item(s)
2023-06-21 00:49:41,733 [INFO] ApiDb:452 - User favorites MCUs=[]
2023-06-21 00:49:41,734 [INFO] ApiDb:448 - Save user favorites file C:\Users\User/.stm32cubeide/favorites.boards.txt: 0 item(s)
2023-06-21 00:49:41,734 [INFO] ApiDb:452 - User favorites Boards=[]
2023-06-21 00:50:05,431 [WARN] IP:2113 - I2C_Coeff_DF not found: check if there is a RefParameter without a condition.
2023-06-21 00:50:05,431 [WARN] IP:2113 - Analog_Filter not found: check if there is a RefParameter without a condition.
2023-06-21 00:50:05,431 [WARN] IP:2113 - I2C_Coeff_DF not found: check if there is a RefParameter without a condition.
2023-06-21 00:50:05,431 [WARN] IP:2113 - Analog_Filter not found: check if there is a RefParameter without a condition.
2023-06-21 00:50:05,471 [WARN] IP:2113 - I2C_Coeff_DF not found: check if there is a RefParameter without a condition.
2023-06-21 00:50:05,471 [WARN] IP:2113 - Analog_Filter not found: check if there is a RefParameter without a condition.
2023-06-21 00:50:08,599 [WARN] IP:2113 - I2C_Coeff_DF not found: check if there is a RefParameter without a condition.
2023-06-21 00:50:08,599 [WARN] IP:2113 - Analog_Filter not found: check if there is a RefParameter without a condition.
2023-06-21 00:50:08,599 [WARN] IP:2113 - I2C_Coeff_DF not found: check if there is a RefParameter without a condition.
2023-06-21 00:50:08,599 [WARN] IP:2113 - Analog_Filter not found: check if there is a RefParameter without a condition.
2023-06-21 00:50:08,637 [WARN] IP:2113 - I2C_Coeff_DF not found: check if there is a RefParameter without a condition.
2023-06-21 00:50:08,637 [WARN] IP:2113 - Analog_Filter not found: check if there is a RefParameter without a condition.
2023-06-21 00:50:08,643 [WARN] IP:2113 - I2C_Coeff_DF not found: check if there is a RefParameter without a condition.
2023-06-21 00:50:08,643 [WARN] IP:2113 - Analog_Filter not found: check if there is a RefParameter without a condition.
2023-06-21 00:50:11,056 [INFO] UtilMem:75 - End SaveConfig() Used Memory: 531369184 Bytes (899678208)
2023-06-21 00:50:11,552 [INFO] UtilMem:75 - End SaveConfig() Used Memory: 628886752 Bytes (899678208)
2023-06-21 00:50:11,785 [INFO] BlockDiagram:2759 - set Specific Code input for plugin: SYS
2023-06-21 00:50:11,785 [INFO] BlockDiagram:2759 - set Specific Code input for plugin: RCC
2023-06-21 00:50:11,785 [INFO] BlockDiagram:2759 - set Specific Code input for plugin: I2C
2023-06-21 00:50:11,785 [INFO] BlockDiagram:2759 - set Specific Code input for plugin: NVIC
2023-06-21 00:50:11,785 [INFO] BlockDiagram:2759 - set Specific Code input for plugin: GPIO
2023-06-21 00:50:11,786 [INFO] CodeGenerator:793 - code generatio: config db path: C:\ST\STM32CubeIDE_1.12.1\STM32CubeIDE\plugins\com.st.stm32cube.common.mx_6.8.1.202304191431\\db\
2023-06-21 00:50:11,787 [WARN] IP:2113 - I2C_Coeff_DF not found: check if there is a RefParameter without a condition.
2023-06-21 00:50:11,787 [WARN] IP:2113 - Analog_Filter not found: check if there is a RefParameter without a condition.
2023-06-21 00:50:12,005 [INFO] CodeEngine:255 - oldGeneratedFile, C:\Users\User\STM32CubeIDE\workspace_1.12.1\ssd1306_fsociety\MXTmpFiles\license.tmp_save
2023-06-21 00:50:12,048 [INFO] CodeEngine:279 - Generated code: C:\Users\User\STM32CubeIDE\workspace_1.12.1\ssd1306_fsociety\MXTmpFiles\license.tmp
2023-06-21 00:50:12,056 [INFO] CodeEngine:255 - oldGeneratedFile, C:\Users\User\STM32CubeIDE\workspace_1.12.1\ssd1306_fsociety\MXTmpFiles\gpio.tmp_save
2023-06-21 00:50:12,101 [INFO] CodeEngine:279 - Generated code: C:\Users\User\STM32CubeIDE\workspace_1.12.1\ssd1306_fsociety\MXTmpFiles\gpio.tmp
2023-06-21 00:50:12,125 [INFO] CodeEngine:255 - oldGeneratedFile, C:\Users\User\STM32CubeIDE\workspace_1.12.1\ssd1306_fsociety\Core\Src\stm32f4xx_it.c_save
2023-06-21 00:50:12,188 [INFO] CodeEngine:279 - Generated code: C:\Users\User\STM32CubeIDE\workspace_1.12.1\ssd1306_fsociety\Core\Src\stm32f4xx_it.c
2023-06-21 00:50:12,193 [INFO] CodeEngine:255 - oldGeneratedFile, C:\Users\User\STM32CubeIDE\workspace_1.12.1\ssd1306_fsociety\Core\Inc\stm32f4xx_it.h_save
2023-06-21 00:50:12,238 [INFO] CodeEngine:279 - Generated code: C:\Users\User\STM32CubeIDE\workspace_1.12.1\ssd1306_fsociety\Core\Inc\stm32f4xx_it.h
2023-06-21 00:50:12,248 [INFO] CodeEngine:255 - oldGeneratedFile, C:\Users\User\STM32CubeIDE\workspace_1.12.1\ssd1306_fsociety\Core\Src\stm32f4xx_hal_msp.c_save
2023-06-21 00:50:12,314 [INFO] CodeEngine:279 - Generated code: C:\Users\User\STM32CubeIDE\workspace_1.12.1\ssd1306_fsociety\Core\Src\stm32f4xx_hal_msp.c
2023-06-21 00:50:12,317 [INFO] CodeEngine:255 - oldGeneratedFile, C:\Users\User\STM32CubeIDE\workspace_1.12.1\ssd1306_fsociety\MXTmpFiles\system.tmp_save
2023-06-21 00:50:12,358 [INFO] CodeEngine:279 - Generated code: C:\Users\User\STM32CubeIDE\workspace_1.12.1\ssd1306_fsociety\MXTmpFiles\system.tmp
2023-06-21 00:50:12,364 [INFO] CodeEngine:311 - oldGeneratedFile, C:\Users\User\STM32CubeIDE\workspace_1.12.1\ssd1306_fsociety\Core\Inc\stm32f4xx_hal_conf.h_save
2023-06-21 00:50:12,413 [INFO] CodeEngine:335 - Generated code: C:\Users\User\STM32CubeIDE\workspace_1.12.1\ssd1306_fsociety\Core\Inc\stm32f4xx_hal_conf.h
2023-06-21 00:50:12,431 [INFO] CodeEngine:255 - oldGeneratedFile, C:\Users\User\STM32CubeIDE\workspace_1.12.1\ssd1306_fsociety\Core\Inc\main.h_save
2023-06-21 00:50:12,479 [INFO] CodeEngine:279 - Generated code: C:\Users\User\STM32CubeIDE\workspace_1.12.1\ssd1306_fsociety\Core\Inc\main.h
2023-06-21 00:50:12,484 [INFO] CodeEngine:255 - oldGeneratedFile, C:\Users\User\STM32CubeIDE\workspace_1.12.1\ssd1306_fsociety\Core\Src\main.c_save
2023-06-21 00:50:12,552 [INFO] CodeEngine:279 - Generated code: C:\Users\User\STM32CubeIDE\workspace_1.12.1\ssd1306_fsociety\Core\Src\main.c
2023-06-21 00:50:13,149 [INFO] ProjectBuilder:2996 - Time for Copy HAL[1] : 124mS.
2023-06-21 00:50:13,151 [INFO] ProjectBuilder:4304 - Project Generator version: 3.19.2
2023-06-21 00:50:13,346 [INFO] ConfigFileManager:1483 - The Die is : DIE413
2023-06-21 00:50:15,018 [INFO] ProjectBuilder:4505 - Time for Generating toolchain IDE Files: 1867mS.
2023-06-21 00:50:15,019 [INFO] ProjectBuilder:2867 - Time for Copy CMSIS : 1mS.
2023-06-21 00:50:15,021 [INFO] ProjectBuilder:2867 - Time for Copy CMSIS : 0mS.
2023-06-21 18:33:32,695 [INFO] Activator:176 - 


2023-06-21 18:33:32,696 [INFO] Activator:177 - !SESSION log4j initialized
2023-06-21 18:33:41,171 [INFO] LogOutputStream:77 - [STDOUT_REDIRECT] 
2023-06-21 18:34:05,186 [ERROR] LogOutputStream:75 - [STDERR_REDIRECT] SLF4J: Failed to load class "org.slf4j.impl.StaticLoggerBinder".
2023-06-21 18:34:05,187 [ERROR] LogOutputStream:75 - [STDERR_REDIRECT] SLF4J: Defaulting to no-operation (NOP) logger implementation
2023-06-21 18:34:05,188 [ERROR] LogOutputStream:75 - [STDERR_REDIRECT] SLF4J: See http://www.slf4j.org/codes.html#StaticLoggerBinder for further details.
