2023-05-03 00:47:50,682 [INFO] LogOutputStream:77 - [STDOUT_REDIRECT] 
2023-05-03 00:47:53,709 [INFO] ProjectBuilder:4505 - Time for Generating toolchain IDE Files: 4968mS.
2023-05-03 00:47:53,712 [INFO] ProjectBuilder:2867 - Time for Copy CMSIS : 1mS.
2023-05-03 00:47:53,715 [INFO] ProjectBuilder:2867 - Time for Copy CMSIS : 0mS.
2023-05-03 00:48:30,908 [INFO] Gpio:273 - dependency for GPIO [RCC, SYS]
2023-05-03 00:48:52,220 [INFO] UtilMem:75 - End SaveConfig() Used Memory: 363034088 Bytes (757071872)
2023-05-03 00:48:52,401 [INFO] UtilMem:75 - End SaveConfig() Used Memory: 391867880 Bytes (757071872)
2023-05-03 00:48:52,779 [INFO] BlockDiagram:2759 - set Specific Code input for plugin: SYS
2023-05-03 00:48:52,781 [INFO] BlockDiagram:2759 - set Specific Code input for plugin: RCC
2023-05-03 00:48:52,782 [INFO] BlockDiagram:2759 - set Specific Code input for plugin: NVIC
2023-05-03 00:48:52,783 [INFO] BlockDiagram:2759 - set Specific Code input for plugin: GPIO
2023-05-03 00:48:52,785 [INFO] CodeGenerator:793 - code generatio: config db path: C:\ST\STM32CubeIDE_1.12.1\STM32CubeIDE\plugins\com.st.stm32cube.common.mx_6.8.1.202304191431\\db\
2023-05-03 00:48:52,913 [INFO] CodeEngine:255 - oldGeneratedFile, C:\Users\User\STM32CubeIDE\workspace_1.12.1\deneme1\MXTmpFiles\license.tmp_save
2023-05-03 00:48:52,964 [INFO] CodeEngine:279 - Generated code: C:\Users\User\STM32CubeIDE\workspace_1.12.1\deneme1\MXTmpFiles\license.tmp
2023-05-03 00:48:52,980 [INFO] CodeEngine:255 - oldGeneratedFile, C:\Users\User\STM32CubeIDE\workspace_1.12.1\deneme1\MXTmpFiles\gpio.tmp_save
2023-05-03 00:48:53,034 [INFO] CodeEngine:279 - Generated code: C:\Users\User\STM32CubeIDE\workspace_1.12.1\deneme1\MXTmpFiles\gpio.tmp
2023-05-03 00:48:53,054 [INFO] CodeEngine:255 - oldGeneratedFile, C:\Users\User\STM32CubeIDE\workspace_1.12.1\deneme1\Core\Src\stm32f4xx_it.c_save
2023-05-03 00:48:53,113 [INFO] CodeEngine:279 - Generated code: C:\Users\User\STM32CubeIDE\workspace_1.12.1\deneme1\Core\Src\stm32f4xx_it.c
2023-05-03 00:48:53,118 [INFO] CodeEngine:255 - oldGeneratedFile, C:\Users\User\STM32CubeIDE\workspace_1.12.1\deneme1\Core\Inc\stm32f4xx_it.h_save
2023-05-03 00:48:53,167 [INFO] CodeEngine:279 - Generated code: C:\Users\User\STM32CubeIDE\workspace_1.12.1\deneme1\Core\Inc\stm32f4xx_it.h
2023-05-03 00:48:53,176 [INFO] CodeEngine:255 - oldGeneratedFile, C:\Users\User\STM32CubeIDE\workspace_1.12.1\deneme1\Core\Src\stm32f4xx_hal_msp.c_save
2023-05-03 00:48:53,247 [INFO] CodeEngine:279 - Generated code: C:\Users\User\STM32CubeIDE\workspace_1.12.1\deneme1\Core\Src\stm32f4xx_hal_msp.c
2023-05-03 00:48:53,253 [INFO] CodeEngine:255 - oldGeneratedFile, C:\Users\User\STM32CubeIDE\workspace_1.12.1\deneme1\MXTmpFiles\system.tmp_save
2023-05-03 00:48:53,300 [INFO] CodeEngine:279 - Generated code: C:\Users\User\STM32CubeIDE\workspace_1.12.1\deneme1\MXTmpFiles\system.tmp
2023-05-03 00:48:53,307 [INFO] CodeEngine:311 - oldGeneratedFile, C:\Users\User\STM32CubeIDE\workspace_1.12.1\deneme1\Core\Inc\stm32f4xx_hal_conf.h_save
2023-05-03 00:48:53,359 [INFO] CodeEngine:335 - Generated code: C:\Users\User\STM32CubeIDE\workspace_1.12.1\deneme1\Core\Inc\stm32f4xx_hal_conf.h
2023-05-03 00:48:53,382 [INFO] CodeEngine:255 - oldGeneratedFile, C:\Users\User\STM32CubeIDE\workspace_1.12.1\deneme1\Core\Inc\main.h_save
2023-05-03 00:48:53,433 [INFO] CodeEngine:279 - Generated code: C:\Users\User\STM32CubeIDE\workspace_1.12.1\deneme1\Core\Inc\main.h
2023-05-03 00:48:53,438 [INFO] CodeEngine:255 - oldGeneratedFile, C:\Users\User\STM32CubeIDE\workspace_1.12.1\deneme1\Core\Src\main.c_save
2023-05-03 00:48:53,522 [INFO] CodeEngine:279 - Generated code: C:\Users\User\STM32CubeIDE\workspace_1.12.1\deneme1\Core\Src\main.c
2023-05-03 00:48:54,093 [INFO] ProjectBuilder:2996 - Time for Copy HAL[1] : 132mS.
2023-05-03 00:48:54,096 [INFO] ProjectBuilder:4304 - Project Generator version: 3.19.2
2023-05-03 00:48:54,265 [INFO] ConfigFileManager:1483 - The Die is : DIE413
2023-05-03 00:48:55,738 [INFO] ProjectBuilder:4505 - Time for Generating toolchain IDE Files: 1642mS.
2023-05-03 00:48:55,739 [INFO] ProjectBuilder:2867 - Time for Copy CMSIS : 0mS.
2023-05-03 00:48:55,743 [INFO] ProjectBuilder:2867 - Time for Copy CMSIS : 1mS.
2023-05-03 14:36:50,211 [INFO] Activator:176 - 


2023-05-03 14:36:50,213 [INFO] Activator:177 - !SESSION log4j initialized
2023-05-03 14:36:55,214 [INFO] LogOutputStream:77 - [STDOUT_REDIRECT] 
2023-05-03 14:37:17,544 [ERROR] LogOutputStream:75 - [STDERR_REDIRECT] SLF4J: Failed to load class "org.slf4j.impl.StaticLoggerBinder".
2023-05-03 14:37:17,545 [ERROR] LogOutputStream:75 - [STDERR_REDIRECT] SLF4J: Defaulting to no-operation (NOP) logger implementation
2023-05-03 14:37:17,546 [ERROR] LogOutputStream:75 - [STDERR_REDIRECT] SLF4J: See http://www.slf4j.org/codes.html#StaticLoggerBinder for further details.
2023-05-03 14:37:48,222 [INFO] ApplicationProperties:184 - Using Application install path: C:\ST\STM32CubeIDE_1.12.1\STM32CubeIDE\plugins\com.st.stm32cube.common.mx_6.8.1.202304191431
2023-05-03 14:37:48,240 [INFO] DbMcusXml:78 - Set database path to: C:\ST\STM32CubeIDE_1.12.1\STM32CubeIDE\plugins\com.st.stm32cube.common.mx_6.8.1.202304191431\\db\/mcu/
2023-05-03 14:37:48,240 [INFO] ApiDb:274 - Set plugin database path to: C:\ST\STM32CubeIDE_1.12.1\STM32CubeIDE\plugins\com.st.stm32cube.common.mx_6.8.1.202304191431\\db\/plugins/boardmanager/
2023-05-03 14:37:48,242 [WARN] ApiDb:259 - Overriding images path with different value:  => C:\ST\STM32CubeIDE_1.12.1\STM32CubeIDE\plugins\com.st.stm32cube.common.mx_6.8.1.202304191431\\db\/plugins/mcufinder/images/
2023-05-03 14:37:48,257 [INFO] ApiDb:250 - Set database path to: C:\Users\User\.stmcufinder\plugins\mcufinder//mcu/
2023-05-03 14:37:48,259 [INFO] DbMcusAds:125 - Set database path to: C:\Users\User\.stmcufinder\plugins\mcufinder//mcu/
2023-05-03 14:37:48,284 [INFO] CrossReferenceDbSqlite:203 - Set database path to: C:\Users\User\.stmcufinder\plugins\mcufinder//mcu/cs/
2023-05-03 14:37:48,366 [INFO] RulesReader:64 - Compatibility file has been processed (293 Rules)
2023-05-03 14:37:48,451 [INFO] DbMcusXml:78 - Set database path to: C:\ST\STM32CubeIDE_1.12.1\STM32CubeIDE\plugins\com.st.stm32cube.common.mx_6.8.1.202304191431\\db\/mcu/
2023-05-03 14:37:48,451 [INFO] ApiDb:274 - Set plugin database path to: C:\ST\STM32CubeIDE_1.12.1\STM32CubeIDE\plugins\com.st.stm32cube.common.mx_6.8.1.202304191431\\db\/plugins/boardmanager/
2023-05-03 14:37:48,451 [INFO] ApiDb:261 - Set plugin images path to: C:\ST\STM32CubeIDE_1.12.1\STM32CubeIDE\plugins\com.st.stm32cube.common.mx_6.8.1.202304191431\\db\/plugins/mcufinder/images/
2023-05-03 14:37:48,451 [WARN] DbFile:41 - Overriding database path with different value: C:\Users\User\.stmcufinder\plugins\mcufinder/ => C:\Users\User\.stmcufinder\plugins\mcufinder
2023-05-03 14:37:48,451 [INFO] ApiDb:250 - Set database path to: C:\Users\User\.stmcufinder\plugins\mcufinder//mcu/
2023-05-03 14:37:48,451 [WARN] DbFile:41 - Overriding database path with different value: C:\Users\User\.stmcufinder\plugins\mcufinder/ => C:\Users\User\.stmcufinder\plugins\mcufinder
2023-05-03 14:37:48,451 [INFO] DbMcusAds:125 - Set database path to: C:\Users\User\.stmcufinder\plugins\mcufinder//mcu/
2023-05-03 14:37:48,451 [WARN] DbFile:41 - Overriding database path with different value: C:\Users\User\.stmcufinder\plugins\mcufinder/ => C:\Users\User\.stmcufinder\plugins\mcufinder
2023-05-03 14:37:48,451 [WARN] DbFile:41 - Overriding database path with different value: C:\Users\User\.stmcufinder\plugins\mcufinder/ => C:\Users\User\.stmcufinder\plugins\mcufinder
2023-05-03 14:37:48,452 [INFO] CrossReferenceDbSqlite:203 - Set database path to: C:\Users\User\.stmcufinder\plugins\mcufinder//mcu/cs/
2023-05-03 14:37:48,528 [INFO] MainPanel:253 - HeapMemory: 448790528
2023-05-03 14:37:48,619 [INFO] DbMcusXml:78 - Set database path to: C:\ST\STM32CubeIDE_1.12.1\STM32CubeIDE\plugins\com.st.stm32cube.common.mx_6.8.1.202304191431\\db\/mcu/
2023-05-03 14:37:48,619 [INFO] ApiDb:274 - Set plugin database path to: C:\ST\STM32CubeIDE_1.12.1\STM32CubeIDE\plugins\com.st.stm32cube.common.mx_6.8.1.202304191431\\db\/plugins/boardmanager/
2023-05-03 14:37:48,619 [INFO] ApiDb:261 - Set plugin images path to: C:\ST\STM32CubeIDE_1.12.1\STM32CubeIDE\plugins\com.st.stm32cube.common.mx_6.8.1.202304191431\\db\/plugins/mcufinder/images/
2023-05-03 14:37:48,619 [WARN] DbFile:41 - Overriding database path with different value: C:\Users\User\.stmcufinder\plugins\mcufinder/ => C:\Users\User\.stmcufinder\plugins\mcufinder
2023-05-03 14:37:48,619 [INFO] ApiDb:250 - Set database path to: C:\Users\User\.stmcufinder\plugins\mcufinder//mcu/
2023-05-03 14:37:48,619 [WARN] DbFile:41 - Overriding database path with different value: C:\Users\User\.stmcufinder\plugins\mcufinder/ => C:\Users\User\.stmcufinder\plugins\mcufinder
2023-05-03 14:37:48,619 [INFO] DbMcusAds:125 - Set database path to: C:\Users\User\.stmcufinder\plugins\mcufinder//mcu/
2023-05-03 14:37:48,620 [WARN] DbFile:41 - Overriding database path with different value: C:\Users\User\.stmcufinder\plugins\mcufinder/ => C:\Users\User\.stmcufinder\plugins\mcufinder
2023-05-03 14:37:48,620 [WARN] DbFile:41 - Overriding database path with different value: C:\Users\User\.stmcufinder\plugins\mcufinder/ => C:\Users\User\.stmcufinder\plugins\mcufinder
2023-05-03 14:37:48,620 [INFO] CrossReferenceDbSqlite:203 - Set database path to: C:\Users\User\.stmcufinder\plugins\mcufinder//mcu/cs/
2023-05-03 14:37:48,634 [INFO] ApplicationProperties:184 - Using Application install path: C:\ST\STM32CubeIDE_1.12.1\STM32CubeIDE\plugins\com.st.stm32cube.common.mx_6.8.1.202304191431
2023-05-03 14:37:48,635 [INFO] PluginManage:196 - Search for loadable plugins [exclusion list=, ]
2023-05-03 14:37:48,636 [INFO] PluginManage:310 - Check plugin analytics
2023-05-03 14:37:48,773 [INFO] AnalyticsPlugin:253 - Accepted Software Licenses: 
2023-05-03 14:37:48,773 [INFO] AnalyticsPlugin:255 - Accepted CMSIS Pack Licenses: 
2023-05-03 14:37:48,774 [INFO] AnalyticsPlugin:257 - Accepted Firmware Licenses: FW.F4.1.27.0
2023-05-03 14:37:48,782 [INFO] PluginManage:359 - Loaded plugin analytics (category:tool,tabindex:-1)
2023-05-03 14:37:48,782 [INFO] PluginManage:310 - Check plugin cadmodel
2023-05-03 14:37:48,789 [INFO] CADModel:105 - Init CAD model plugin
2023-05-03 14:37:48,790 [INFO] PluginManage:359 - Loaded plugin cadmodel (category:power,tabindex:5)
2023-05-03 14:37:48,790 [INFO] PluginManage:310 - Check plugin clock
2023-05-03 14:37:48,803 [INFO] PluginManage:359 - Loaded plugin clock (category:base,tabindex:2)
2023-05-03 14:37:48,803 [INFO] PluginManage:310 - Check plugin ddr
2023-05-03 14:37:48,805 [INFO] PluginManage:359 - Loaded plugin ddr (category:tool,tabindex:6)
2023-05-03 14:37:48,805 [INFO] PluginManage:310 - Check plugin filemanager
2023-05-03 14:37:48,924 [INFO] PluginManage:359 - Loaded plugin filemanager (category:base,tabindex:10)
2023-05-03 14:37:48,924 [INFO] PluginManage:310 - Check plugin ipmanager
2023-05-03 14:37:48,932 [INFO] PluginManage:359 - Loaded plugin ipmanager (category:base,tabindex:5)
2023-05-03 14:37:48,932 [INFO] PluginManage:310 - Check plugin lpbam
2023-05-03 14:37:48,942 [INFO] PluginManage:359 - Loaded plugin lpbam (category:base,tabindex:0)
2023-05-03 14:37:48,942 [INFO] PluginManage:310 - Check plugin pinoutandconfiguration
2023-05-03 14:37:48,953 [INFO] PluginManage:359 - Loaded plugin pinoutandconfiguration (category:base,tabindex:1)
2023-05-03 14:37:48,953 [INFO] PluginManage:310 - Check plugin pinoutconfig
2023-05-03 14:37:49,049 [WARN] SupportedApi:132 - Cannot load RTOS API schema: s4s-elt-must-match.1: The content of 'definitions' must match (annotation?, (simpleType | complexType)?, (unique | key | keyref)*)). A problem was found starting at: attribute.
2023-05-03 14:37:49,147 [INFO] PluginManage:359 - Loaded plugin pinoutconfig (category:base,tabindex:0)
2023-05-03 14:37:49,147 [INFO] PluginManage:310 - Check plugin power
2023-05-03 14:37:49,160 [INFO] PluginManage:359 - Loaded plugin power (category:power,tabindex:4)
2023-05-03 14:37:49,160 [INFO] PluginManage:310 - Check plugin projectmanager
2023-05-03 14:37:49,173 [INFO] PluginManage:359 - Loaded plugin projectmanager (category:projectmanager,tabindex:3)
2023-05-03 14:37:49,173 [INFO] PluginManage:310 - Check plugin thirdparty
2023-05-03 14:37:49,307 [INFO] PluginManage:359 - Loaded plugin thirdparty (category:base,tabindex:-1)
2023-05-03 14:37:49,307 [INFO] PluginManage:310 - Check plugin tools
2023-05-03 14:37:49,307 [WARN] IntegrityCheckThread:84 - waiting for thirdparty lock release [integrity check]
2023-05-03 14:37:49,307 [INFO] IntegrityCheckThread:86 - entering critical section [integrity check]
2023-05-03 14:37:49,309 [INFO] ThirdPartyUpdaterWithRetryManager:70 - Updater plugin not ready yet. [1/15]
2023-05-03 14:37:49,312 [INFO] PluginManage:359 - Loaded plugin tools (category:base,tabindex:7)
2023-05-03 14:37:49,312 [INFO] PluginManage:310 - Check plugin tutovideos
2023-05-03 14:37:49,490 [INFO] PluginManage:359 - Loaded plugin tutovideos (category:base,tabindex:-1)
2023-05-03 14:37:49,490 [INFO] PluginManage:310 - Check plugin updater
2023-05-03 14:37:49,507 [INFO] PluginManage:359 - Loaded plugin updater (category:base,tabindex:12)
2023-05-03 14:37:49,507 [INFO] PluginManage:283 - PluginManage : Loaded plugins [15]
2023-05-03 14:37:49,781 [INFO] PinOutPanel:1499 - setPackage(No Configuration,No Configuration)
2023-05-03 14:37:49,860 [INFO] CADModel:165 - CPN selected for project level
2023-05-03 14:37:49,860 [INFO] CADModel:114 - Register for checkConnection events
2023-05-03 14:37:49,878 [INFO] IPUIPlugin:80 - create IPUIPlugin
2023-05-03 14:37:49,878 [INFO] PluginManager:220 - loadIPPluginJar : add adc
2023-05-03 14:37:49,881 [INFO] IPUIPlugin:80 - create IPUIPlugin
2023-05-03 14:37:49,881 [INFO] PluginManager:220 - loadIPPluginJar : add aes
2023-05-03 14:37:49,884 [INFO] IPUIPlugin:80 - create IPUIPlugin
2023-05-03 14:37:49,884 [INFO] PluginManager:220 - loadIPPluginJar : add can
2023-05-03 14:37:49,886 [INFO] IPUIPlugin:80 - create IPUIPlugin
2023-05-03 14:37:49,886 [INFO] PluginManager:220 - loadIPPluginJar : add comp
2023-05-03 14:37:49,889 [INFO] IPUIPlugin:80 - create IPUIPlugin
2023-05-03 14:37:49,889 [INFO] PluginManager:220 - loadIPPluginJar : add cryp
2023-05-03 14:37:49,892 [INFO] IPUIPlugin:80 - create IPUIPlugin
2023-05-03 14:37:49,892 [INFO] PluginManager:220 - loadIPPluginJar : add dfsdm
2023-05-03 14:37:49,897 [INFO] IPUIPlugin:80 - create IPUIPlugin
2023-05-03 14:37:49,897 [INFO] PluginManager:220 - loadIPPluginJar : add dma
2023-05-03 14:37:49,901 [INFO] IPUIPlugin:80 - create IPUIPlugin
2023-05-03 14:37:49,901 [INFO] PluginManager:220 - loadIPPluginJar : add dma3
2023-05-03 14:37:49,902 [INFO] IPUIPlugin:80 - create IPUIPlugin
2023-05-03 14:37:49,903 [INFO] PluginManager:220 - loadIPPluginJar : add fatfs
2023-05-03 14:37:49,907 [INFO] IPUIPlugin:80 - create IPUIPlugin
2023-05-03 14:37:49,907 [INFO] PluginManager:220 - loadIPPluginJar : add fmc
2023-05-03 14:37:49,913 [INFO] IPUIPlugin:80 - create IPUIPlugin
2023-05-03 14:37:49,913 [INFO] PluginManager:220 - loadIPPluginJar : add freertos
2023-05-03 14:37:49,915 [INFO] IPUIPlugin:80 - create IPUIPlugin
2023-05-03 14:37:49,915 [INFO] PluginManager:220 - loadIPPluginJar : add genericplugin
2023-05-03 14:37:49,918 [INFO] IPUIPlugin:80 - create IPUIPlugin
2023-05-03 14:37:49,918 [INFO] PluginManager:220 - loadIPPluginJar : add gfxmmu
2023-05-03 14:37:49,923 [INFO] IPUIPlugin:80 - create IPUIPlugin
2023-05-03 14:37:49,923 [INFO] PluginManager:220 - loadIPPluginJar : add gic
2023-05-03 14:37:49,928 [INFO] IPUIPlugin:80 - create IPUIPlugin
2023-05-03 14:37:49,928 [INFO] PluginManager:220 - loadIPPluginJar : add gpio
2023-05-03 14:37:49,931 [INFO] IPUIPlugin:80 - create IPUIPlugin
2023-05-03 14:37:49,932 [INFO] PluginManager:220 - loadIPPluginJar : add gtzc
2023-05-03 14:37:49,934 [INFO] IPUIPlugin:80 - create IPUIPlugin
2023-05-03 14:37:49,935 [INFO] PluginManager:220 - loadIPPluginJar : add hash
2023-05-03 14:37:49,937 [INFO] IPUIPlugin:80 - create IPUIPlugin
2023-05-03 14:37:49,937 [INFO] PluginManager:220 - loadIPPluginJar : add i2c
2023-05-03 14:37:49,940 [INFO] IPUIPlugin:80 - create IPUIPlugin
2023-05-03 14:37:49,940 [INFO] PluginManager:220 - loadIPPluginJar : add i2s
2023-05-03 14:37:49,943 [INFO] IPUIPlugin:80 - create IPUIPlugin
2023-05-03 14:37:49,943 [INFO] PluginManager:220 - loadIPPluginJar : add i3c
2023-05-03 14:37:49,946 [INFO] IPUIPlugin:80 - create IPUIPlugin
2023-05-03 14:37:49,946 [INFO] PluginManager:220 - loadIPPluginJar : add ipddr
2023-05-03 14:37:49,953 [INFO] IPUIPlugin:80 - create IPUIPlugin
2023-05-03 14:37:49,953 [INFO] PluginManager:220 - loadIPPluginJar : add linkedlist
2023-05-03 14:37:49,956 [INFO] IPUIPlugin:80 - create IPUIPlugin
2023-05-03 14:37:49,956 [INFO] PluginManager:220 - loadIPPluginJar : add lorawan
2023-05-03 14:37:49,957 [INFO] IPUIPlugin:80 - create IPUIPlugin
2023-05-03 14:37:49,957 [INFO] PluginManager:220 - loadIPPluginJar : add ltdc
2023-05-03 14:37:49,963 [INFO] IPUIPlugin:80 - create IPUIPlugin
2023-05-03 14:37:49,963 [INFO] PluginManager:220 - loadIPPluginJar : add mdma
2023-05-03 14:37:49,966 [INFO] IPUIPlugin:80 - create IPUIPlugin
2023-05-03 14:37:49,966 [INFO] PluginManager:220 - loadIPPluginJar : add nvic
2023-05-03 14:37:49,969 [INFO] IPUIPlugin:80 - create IPUIPlugin
2023-05-03 14:37:49,969 [INFO] PluginManager:220 - loadIPPluginJar : add opamp
2023-05-03 14:37:49,973 [INFO] IPUIPlugin:80 - create IPUIPlugin
2023-05-03 14:37:49,973 [INFO] PluginManager:220 - loadIPPluginJar : add openamp
2023-05-03 14:37:49,977 [INFO] IPUIPlugin:80 - create IPUIPlugin
2023-05-03 14:37:49,977 [INFO] PluginManager:220 - loadIPPluginJar : add pdm2pcm
2023-05-03 14:37:49,984 [INFO] IPUIPlugin:80 - create IPUIPlugin
2023-05-03 14:37:49,986 [INFO] PluginManager:220 - loadIPPluginJar : add plateformsettings
2023-05-03 14:37:49,988 [INFO] IPUIPlugin:80 - create IPUIPlugin
2023-05-03 14:37:49,988 [INFO] PluginManager:220 - loadIPPluginJar : add quadspi
2023-05-03 14:37:49,993 [INFO] IPUIPlugin:80 - create IPUIPlugin
2023-05-03 14:37:49,993 [INFO] PluginManager:220 - loadIPPluginJar : add resmgrutility
2023-05-03 14:37:49,996 [INFO] IPUIPlugin:80 - create IPUIPlugin
2023-05-03 14:37:49,996 [INFO] PluginManager:220 - loadIPPluginJar : add sai
2023-05-03 14:37:49,999 [INFO] IPUIPlugin:80 - create IPUIPlugin
2023-05-03 14:37:49,999 [INFO] PluginManager:220 - loadIPPluginJar : add spi
2023-05-03 14:37:50,003 [INFO] IPUIPlugin:80 - create IPUIPlugin
2023-05-03 14:37:50,003 [INFO] PluginManager:220 - loadIPPluginJar : add stm32_wpan
2023-05-03 14:37:50,005 [INFO] IPUIPlugin:80 - create IPUIPlugin
2023-05-03 14:37:50,005 [INFO] PluginManager:220 - loadIPPluginJar : add tim
2023-05-03 14:37:50,008 [INFO] IPUIPlugin:80 - create IPUIPlugin
2023-05-03 14:37:50,008 [INFO] PluginManager:220 - loadIPPluginJar : add touchsensing
2023-05-03 14:37:50,010 [INFO] IPUIPlugin:80 - create IPUIPlugin
2023-05-03 14:37:50,010 [INFO] PluginManager:220 - loadIPPluginJar : add tracer_emb
2023-05-03 14:37:50,012 [INFO] IPUIPlugin:80 - create IPUIPlugin
2023-05-03 14:37:50,013 [INFO] PluginManager:220 - loadIPPluginJar : add ts
2023-05-03 14:37:50,014 [INFO] IPUIPlugin:80 - create IPUIPlugin
2023-05-03 14:37:50,014 [INFO] PluginManager:220 - loadIPPluginJar : add tsc
2023-05-03 14:37:50,016 [INFO] IPUIPlugin:80 - create IPUIPlugin
2023-05-03 14:37:50,016 [INFO] PluginManager:220 - loadIPPluginJar : add ucpd
2023-05-03 14:37:50,019 [INFO] IPUIPlugin:80 - create IPUIPlugin
2023-05-03 14:37:50,019 [INFO] PluginManager:220 - loadIPPluginJar : add usart
2023-05-03 14:37:50,021 [INFO] IPUIPlugin:80 - create IPUIPlugin
2023-05-03 14:37:50,021 [INFO] PluginManager:220 - loadIPPluginJar : add usbx
2023-05-03 14:37:50,144 [INFO] CADModel:165 - CPN selected for project level
2023-05-03 14:37:50,145 [INFO] CADModel:114 - Register for checkConnection events
2023-05-03 14:37:50,146 [FATAL] Updater:308 - Updater called before beeing initialized
2023-05-03 14:37:50,146 [ERROR] CADModel:125 - Updater not yet initialized, retry later 
2023-05-03 14:37:50,269 [INFO] CADModel:165 - CPN selected for project level
2023-05-03 14:37:50,269 [INFO] CADModel:114 - Register for checkConnection events
2023-05-03 14:37:50,269 [FATAL] Updater:308 - Updater called before beeing initialized
2023-05-03 14:37:50,269 [ERROR] CADModel:125 - Updater not yet initialized, retry later 
2023-05-03 14:37:50,273 [FATAL] Updater:308 - Updater called before beeing initialized
2023-05-03 14:37:50,364 [FATAL] Updater:308 - Updater called before beeing initialized
2023-05-03 14:37:50,369 [INFO] DbMcusAds:53 - JSON generation date=Tue Mar 07 11:50:55 GMT+03:00 2023 (1678179055335)
2023-05-03 14:37:50,369 [FATAL] Updater:308 - Updater called before beeing initialized
2023-05-03 14:37:50,415 [WARN] DetailPanel:346 - Failed to get advertising image, set to default
2023-05-03 14:37:50,510 [FATAL] Updater:308 - Updater called before beeing initialized
2023-05-03 14:37:50,513 [FATAL] Updater:308 - Updater called before beeing initialized
2023-05-03 14:37:50,513 [FATAL] Updater:308 - Updater called before beeing initialized
2023-05-03 14:37:50,513 [WARN] DetailPanel:346 - Failed to get advertising image, set to default
2023-05-03 14:37:50,514 [FATAL] Updater:308 - Updater called before beeing initialized
2023-05-03 14:37:50,560 [ERROR] Updater:1120 - MainUpdater not yet initialized. External WinMGr cannot be set.
2023-05-03 14:37:50,563 [INFO] Updater:1056 - Updater Version found : 6.8.1
2023-05-03 14:37:50,605 [INFO] ApplicationProperties:184 - Using Application install path: C:\ST\STM32CubeIDE_1.12.1\STM32CubeIDE\plugins\com.st.stm32cube.common.mx_6.8.1.202304191431
2023-05-03 14:37:50,732 [INFO] MainUpdater:2854 - connection check result : 10
2023-05-03 14:37:50,733 [INFO] MainUpdater:283 - Updater Check For Update Now.
2023-05-03 14:37:50,733 [INFO] MicroXplorer:498 - Change Database Version : DB.6.0.81
2023-05-03 14:37:50,886 [INFO] CheckServerUpdateThread:120 - End of CheckServer Thread
2023-05-03 14:37:50,943 [INFO] MainUpdater:2854 - connection check result : 10
2023-05-03 14:37:50,945 [INFO] MainUpdater:2854 - connection check result : 10
2023-05-03 14:37:50,991 [INFO] MicroXplorer:468 - Change Database Path : 
2023-05-03 14:37:50,991 [INFO] MicroXplorer:498 - Change Database Version : DB.6.0.81
2023-05-03 14:37:50,992 [WARN] ThirdParty:871 - waiting for thirdparty lock release [close project]
2023-05-03 14:37:52,454 [WARN] PackLoader:240 - Cannot read IP mode file for STMicroelectronics.X-CUBE-GNSS1.6.0.0
2023-05-03 14:37:52,479 [WARN] PackLoader:240 - Cannot read IP mode file for STMicroelectronics.X-CUBE-AZRTOS-F4.1.1.0
2023-05-03 14:37:52,490 [WARN] PackLoader:240 - Cannot read IP mode file for STMicroelectronics.X-CUBE-SMBUS.2.1.0
2023-05-03 14:37:52,495 [WARN] PackLoader:240 - Cannot read IP mode file for wolfSSL.I-CUBE-wolfSSL.5.6.0
2023-05-03 14:37:52,519 [WARN] PackLoader:240 - Cannot read IP mode file for STMicroelectronics.X-CUBE-AZRTOS-F7.1.1.0
2023-05-03 14:37:52,579 [WARN] PackLoader:240 - Cannot read IP mode file for STMicroelectronics.X-CUBE-MEMS1.9.6.0
2023-05-03 14:37:52,767 [WARN] PackLoader:240 - Cannot read IP mode file for STMicroelectronics.X-CUBE-BLE1.6.2.4
2023-05-03 14:37:52,778 [WARN] PackLoader:240 - Cannot read IP mode file for emotas.I-CUBE-CANOPEN.1.1.3
2023-05-03 14:37:52,788 [WARN] PackLoader:240 - Cannot read IP mode file for STMicroelectronics.X-CUBE-BLEMGR.2.0.0
2023-05-03 14:37:52,824 [WARN] ConditionMgr:438 - getConditionDescription Invalid condition id : UX DEVICE CLASS RTOS Condition cause : null
2023-05-03 14:37:52,825 [WARN] ConditionMgr:438 - getConditionDescription Invalid condition id : UX DEVICE CLASS RTOS Condition cause : null
2023-05-03 14:37:52,829 [WARN] PackLoader:240 - Cannot read IP mode file for STMicroelectronics.X-CUBE-AZRTOS-H7.3.1.0
2023-05-03 14:37:52,832 [WARN] ConditionMgr:1039 - genDependencies : Invalid condition id : UX DEVICE CLASS RTOS Condition cause : null
2023-05-03 14:37:52,832 [WARN] ConditionMgr:1039 - genDependencies : Invalid condition id : UX DEVICE CLASS RTOS Condition cause : null
2023-05-03 14:37:52,833 [WARN] ConditionMgr:1039 - genDependencies : Invalid condition id : UX DEVICE CLASS RTOS Condition cause : null
2023-05-03 14:37:52,834 [WARN] ConditionMgr:1039 - genDependencies : Invalid condition id : UX DEVICE CLASS RTOS Condition cause : null
2023-05-03 14:37:52,834 [WARN] ConditionMgr:1039 - genDependencies : Invalid condition id : UX DEVICE CLASS RTOS Condition cause : null
2023-05-03 14:37:52,844 [WARN] PackLoader:240 - Cannot read IP mode file for STMicroelectronics.X-CUBE-DISPLAY.3.0.0
2023-05-03 14:37:52,855 [WARN] PackLoader:240 - Cannot read IP mode file for STMicroelectronics.X-CUBE-NFC7.1.0.0
2023-05-03 14:37:52,892 [WARN] PackLoader:240 - Cannot read IP mode file for STMicroelectronics.X-CUBE-EEPRMA1.4.1.0
2023-05-03 14:37:52,907 [WARN] PackLoader:240 - Cannot read IP mode file for WES.I-CUBE-Cesium.1.3.0
2023-05-03 14:37:52,918 [WARN] PackLoader:240 - Cannot read IP mode file for STMicroelectronics.X-CUBE-SFXS2LP1.4.0.0
2023-05-03 14:37:52,925 [WARN] PackLoader:240 - Cannot read IP mode file for STMicroelectronics.X-CUBE-BLE2.3.3.0
2023-05-03 14:37:52,933 [WARN] PackLoader:240 - Cannot read IP mode file for STMicroelectronics.X-CUBE-ISPU.1.1.0
2023-05-03 14:37:52,941 [WARN] PackLoader:240 - Cannot read IP mode file for STMicroelectronics.X-CUBE-AI.8.0.0
2023-05-03 14:37:52,948 [WARN] PackLoader:240 - Cannot read IP mode file for STMicroelectronics.X-CUBE-FREERTOS.1.0.1
2023-05-03 14:37:52,955 [WARN] PackLoader:240 - Cannot read IP mode file for STMicroelectronics.X-CUBE-TOUCHGFX.4.21.3
2023-05-03 14:37:52,969 [WARN] PackLoader:240 - Cannot read IP mode file for STMicroelectronics.X-CUBE-ALGOBUILD.1.3.0
2023-05-03 14:37:52,983 [WARN] PackLoader:240 - Cannot read IP mode file for STMicroelectronics.X-CUBE-AZRTOS-L5.1.1.0
2023-05-03 14:37:53,001 [WARN] PackLoader:240 - Cannot read IP mode file for STMicroelectronics.X-CUBE-AZRTOS-G0.1.1.0
2023-05-03 14:37:53,014 [WARN] PackLoader:240 - Cannot read IP mode file for STMicroelectronics.X-CUBE-SUBG2.5.0.0
2023-05-03 14:37:53,032 [WARN] PackLoader:240 - Cannot read IP mode file for STMicroelectronics.X-CUBE-NFC4.3.0.0
2023-05-03 14:37:53,049 [WARN] PackLoader:240 - Cannot read IP mode file for STMicroelectronics.X-CUBE-AZRTOS-G4.2.0.0
2023-05-03 14:37:53,063 [WARN] PackLoader:240 - Cannot read IP mode file for STMicroelectronics.X-CUBE-TOF1.3.3.0
2023-05-03 14:37:53,075 [WARN] PackLoader:240 - Cannot read IP mode file for STMicroelectronics.FP-ATR-SIGFOX1.3.2.0
2023-05-03 14:37:53,098 [WARN] PackLoader:240 - Cannot read IP mode file for STMicroelectronics.X-CUBE-AZRTOS-L4.1.0.0
2023-05-03 14:37:53,109 [WARN] PackLoader:240 - Cannot read IP mode file for STMicroelectronics.X-CUBE-AZRTOS-WL.1.0.0
2023-05-03 14:37:53,116 [WARN] PackLoader:240 - Cannot read IP mode file for portGmbH.I-Cube-SoM-uGOAL.1.1.0
2023-05-03 14:37:53,120 [WARN] PackLoader:240 - Cannot read IP mode file for STMicroelectronics.X-CUBE-ALS.1.0.1
2023-05-03 14:37:53,139 [WARN] PackLoader:240 - Cannot read IP mode file for STMicroelectronics.X-CUBE-AZRTOS-WB.1.1.0
2023-05-03 14:37:53,163 [WARN] PackLoader:240 - Cannot read IP mode file for SEGGER.I-CUBE-embOS.1.3.1
2023-05-03 14:37:53,221 [WARN] PackLoader:240 - Cannot read IP mode file for STMicroelectronics.FP-ATR-ASTRA1.2.0.0
2023-05-03 14:37:53,221 [INFO] ThirdParty:978 - Integrity check success = true
2023-05-03 14:37:53,221 [INFO] IntegrityCheckThread:100 - exiting critical section [integrity check]
2023-05-03 14:37:53,221 [INFO] IntegrityCheckThread:103 - End integrity checks thread
2023-05-03 14:37:53,221 [INFO] ThirdParty:873 - entering critical section [close project]
2023-05-03 14:37:53,222 [INFO] ThirdParty:883 - exiting critical section [close project]
2023-05-03 14:37:53,226 [INFO] PinOutPanel:1499 - setPackage(No Configuration,No Configuration)
2023-05-03 14:37:53,239 [INFO] UtilMem:75 - Begin LoadConfig() Used Memory: 443974592 Bytes (448790528)
2023-05-03 14:37:53,241 [INFO] MicroXplorer:468 - Change Database Path : 
2023-05-03 14:37:53,241 [INFO] MicroXplorer:498 - Change Database Version : DB.6.0.81
2023-05-03 14:37:53,242 [INFO] OpenFileManager:308 - Change cursor
2023-05-03 14:37:53,283 [INFO] Mcu:1937 - Initializing MCU STM32F407V(E-G)Tx STM32F407VGTx STM32F407VGT6
2023-05-03 14:37:54,925 [INFO] Context:659 - Trying to add GPIOservice into a context  which must be forbidden
2023-05-03 14:37:55,665 [INFO] RtosManager:555 - Registered RTOS mode: class=CMSIS, group=RTOS, mode=CMSIS_V1, owner=FREERTOS
2023-05-03 14:37:55,666 [INFO] RtosManager:555 - Registered RTOS mode: class=CMSIS, group=RTOS2, mode=CMSIS_V2, owner=FREERTOS
2023-05-03 14:37:55,666 [INFO] RtosManager:555 - Registered RTOS mode: class=RTOS, group=Core, mode=CMSIS_V1, owner=FREERTOS
2023-05-03 14:37:55,666 [INFO] RtosManager:555 - Registered RTOS mode: class=RTOS, group=Core, mode=CMSIS_V2, owner=FREERTOS
2023-05-03 14:37:55,666 [WARN] ModelIntegratedComponent:184 - Missing modes for component STMicroelectronics:FreeRTOS:0.0.1:STMicroelectronics:RTOS:FreeRTOS:Core:::10.2.0:
2023-05-03 14:37:55,676 [WARN] ModelIntegratedComponent:63 - No mode defined for component null
2023-05-03 14:37:55,676 [WARN] ModelIntegratedComponent:63 - No mode defined for component null
2023-05-03 14:37:55,677 [WARN] ModelIntegratedComponent:63 - No mode defined for component null
2023-05-03 14:37:55,677 [WARN] ModelIntegratedComponent:63 - No mode defined for component null
2023-05-03 14:37:55,677 [WARN] ModelIntegratedComponent:63 - No mode defined for component null
2023-05-03 14:37:55,677 [WARN] ModelIntegratedComponent:63 - No mode defined for component null
2023-05-03 14:37:55,677 [WARN] ModelIntegratedComponent:63 - No mode defined for component null
2023-05-03 14:37:55,677 [WARN] ModelIntegratedComponent:63 - No mode defined for component null
2023-05-03 14:37:55,677 [WARN] ModelIntegratedComponent:63 - No mode defined for component null
2023-05-03 14:37:55,677 [WARN] ModelIntegratedComponent:63 - No mode defined for component null
2023-05-03 14:37:55,677 [WARN] ModelIntegratedComponent:63 - No mode defined for component null
2023-05-03 14:37:55,677 [WARN] ModelIntegratedComponent:63 - No mode defined for component null
2023-05-03 14:37:55,677 [WARN] ModelIntegratedComponent:63 - No mode defined for component null
2023-05-03 14:37:55,677 [WARN] ModelIntegratedComponent:63 - No mode defined for component null
2023-05-03 14:37:55,677 [WARN] ModelIntegratedComponent:63 - No mode defined for component null
2023-05-03 14:37:55,677 [WARN] ModelIntegratedComponent:63 - No mode defined for component null
2023-05-03 14:37:55,677 [WARN] ModelIntegratedComponent:63 - No mode defined for component null
2023-05-03 14:37:55,677 [WARN] ModelIntegratedComponent:63 - No mode defined for component null
2023-05-03 14:37:55,678 [WARN] ModelIntegratedComponent:63 - No mode defined for component null
2023-05-03 14:37:55,678 [WARN] ModelIntegratedComponent:63 - No mode defined for component null
2023-05-03 14:37:55,678 [WARN] ModelIntegratedComponent:63 - No mode defined for component null
2023-05-03 14:37:55,678 [WARN] ModelIntegratedComponent:63 - No mode defined for component null
2023-05-03 14:37:55,678 [WARN] ModelIntegratedComponent:63 - No mode defined for component null
2023-05-03 14:37:55,678 [WARN] ModelIntegratedComponent:63 - No mode defined for component null
2023-05-03 14:37:55,678 [WARN] ModelIntegratedComponent:63 - No mode defined for component null
2023-05-03 14:37:55,678 [WARN] ModelIntegratedComponent:63 - No mode defined for component null
2023-05-03 14:37:55,678 [WARN] ModelIntegratedComponent:63 - No mode defined for component null
2023-05-03 14:37:55,678 [WARN] ModelIntegratedComponent:63 - No mode defined for component null
2023-05-03 14:37:55,678 [WARN] ModelIntegratedComponent:63 - No mode defined for component null
2023-05-03 14:37:55,678 [WARN] ModelIntegratedComponent:63 - No mode defined for component null
2023-05-03 14:37:55,678 [WARN] ModelIntegratedComponent:63 - No mode defined for component null
2023-05-03 14:37:55,678 [WARN] ModelIntegratedComponent:63 - No mode defined for component null
2023-05-03 14:37:55,678 [WARN] ModelIntegratedComponent:63 - No mode defined for component null
2023-05-03 14:37:55,696 [INFO] ThirdPartyModel:298 - Start build external matchings
2023-05-03 14:37:55,890 [INFO] ThirdPartyModel:316 - End build external matchings
2023-05-03 14:37:55,909 [INFO] ImportTextPane:194 - (OptionalMessage_ERROR) IP (RCC) : Parameter (RTCHSEDivFreq_Value) has invalid value (4000000)
2023-05-03 14:37:56,176 [INFO] UtilMem:75 - End LoadConfig() Used Memory: 547771784 Bytes (724566016)
2023-05-03 14:37:56,292 [INFO] ApiDb:581 - Connected to CubeFinder SQLite database (C:\Users\User\.stmcufinder\plugins\mcufinder\mcu\cube-finder-db.db)
2023-05-03 14:37:56,368 [INFO] ApiDb:668 - CubeFinder database Data Model version=2.1
2023-05-03 14:37:56,368 [INFO] ApiDb:669 - CubeFinder database Configuration version=3.0.35
2023-05-03 14:37:56,368 [INFO] ApiDb:670 - CubeFinder database generation date=2023-04-03 (1680511692)
2023-05-03 14:37:56,368 [INFO] ApiDb:671 - CubeFinder database FW Pack versions=[FP-ATR-ASTRA1_V2.0.0, STM32Cube_FW_C0_V1.0.1, STM32Cube_FW_F0_V1.11.4, STM32Cube_FW_F3_V1.11.4, STM32Cube_FW_F4_V1.27.1, STM32Cube_FW_F7_V1.17.0, STM32Cube_FW_G0_V1.6.1, STM32Cube_FW_G4_V1.5.1, STM32Cube_FW_H5_V0.5.1, STM32Cube_FW_H5_V1.0.0, STM32Cube_FW_H7_V1.11.0, STM32Cube_FW_L0_V1.12.2, STM32Cube_FW_L5_V1.5.0, STM32Cube_FW_U5_V1.2.0, STM32Cube_FW_WBA_V1.0.0, STM32Cube_FW_WBA_V1.0.0RC1, STM32Cube_FW_WBA_V1.0.0RC3, STM32Cube_FW_WB_V1.15.0RC1, STM32Cube_FW_WB_V1.16.0, STM32Cube_FW_WB_V1.16.0RC2, STM32Cube_FW_WL_V1.3.0, X-CUBE-ALGOBUILD_V1.3.0, X-CUBE-ALS_V1.0.1, X-CUBE-AZRTOS-F4_V1.1.0, X-CUBE-AZRTOS-F7_V1.1.0, X-CUBE-AZRTOS-G0_V1.1.0, X-CUBE-AZRTOS-G4_V1.0.0, X-CUBE-AZRTOS-H7_V3.0.0, X-CUBE-AZRTOS-L4_V1.0.0, X-CUBE-AZRTOS-L5_V1.1.0, X-CUBE-AZRTOS-WB_V1.1.0, X-CUBE-AZRTOS-WL_V1.0.0, X-CUBE-BLE1_V6.2.4, X-CUBE-BLE2_V3.3.0, X-CUBE-BLEMGR_V1.3.0, X-CUBE-EEPRMA1_V4.1.0, X-CUBE-FREERTOS_V1.0.1, X-CUBE-GNSS1_V6.0.0, X-CUBE-MEMS1_V9.1.0, X-CUBE-MEMS1_V9.4.0, X-CUBE-MEMS1_V9.5.0, X-CUBE-NFC4_V3.0.0, X-CUBE-NFC7_V1.0.0, X-CUBE-SFXS2LP1_V4.0.0, X-CUBE-SUBG2_V5.0.0]
2023-05-03 14:37:58,373 [INFO] ApiDb:240 - Found 297 in-development CPN: [B-G473E-ZEST1S, B-WB1M-WPAN1, B-WL5M-SUBG1, NUCLEO-C031C6, NUCLEO-H503RB, NUCLEO-H563ZI, NUCLEO-U545RE-Q, NUCLEO-U5A5ZJ-Q, NUCLEO-WBA52CG, STEVAL-PROTEUS1, STEVAL-STWINBX1, STM320518-EVAL, STM32C0116-DK, STM32C011D6Y3TR, STM32C011D6Y6TR, STM32C011F4P3, STM32C011F4P6, STM32C011F4U3, STM32C011F4U6TR, STM32C011F6P3, STM32C011F6P6, STM32C011F6U3, STM32C011F6U6TR, STM32C011J4M3, STM32C011J4M6, STM32C011J6M3, STM32C011J6M6, STM32C0316-DK, STM32C031C4T3, STM32C031C4T6, STM32C031C4U3, STM32C031C4U6, STM32C031C6T3, STM32C031C6T6, STM32C031C6U3, STM32C031C6U6, STM32C031F4P3, STM32C031F4P6, STM32C031F6P3, STM32C031F6P6, STM32C031G4U3, STM32C031G4U6, STM32C031G6U3, STM32C031G6U6, STM32C031K4T3, STM32C031K4T6, STM32C031K4U3, STM32C031K4U6, STM32C031K6T3, STM32C031K6T6, STM32C031K6U3, STM32C031K6U6, STM32G071K8TXN, STM32G071K8UXN, STM32G081GBU6N, STM32G081KBT6N, STM32G081KBUXN, STM32G0B1CCT6N, STM32G0B1KCT6, STM32G0B1NEY6TR, STM32G0B1RCT6N, STM32G0C1CCT6, STM32G0C1CCT6N, STM32G0C1CCU6N, STM32G0C1CET6N, STM32G0C1CEU6N, STM32G0C1KCT6, STM32G0C1NEY6TR, STM32G0C1RCI6N, STM32G0C1RCT6N, STM32G0C1REI6N, STM32G0C1RET6N, STM32G0C1VCI6, STM32G0C1VEI6, STM32G471CCT6, STM32G471CCU6, STM32G471CET3, STM32G471CET6, STM32G471CEU3, STM32G471CEU6, STM32G471MCT6, STM32G471MET3, STM32G471MET6, STM32G471MEY6TR, STM32G471QCT6, STM32G471QET3, STM32G471RCT6, STM32G471RET3, STM32G471RET6, STM32G471VCH6, STM32G471VCI6, STM32G471VCT6, STM32G471VEH3, STM32G471VEH6, STM32G471VEI3, STM32G471VEI6, STM32G471VET3, STM32G471VET6, STM32G474CCT6, STM32H503CBT6, STM32H503CBU6, STM32H503EBY6TR, STM32H503KBU6, STM32H503RBT6, STM32H562AGI6, STM32H562AII6, STM32H562IGK6, STM32H562IGT6, STM32H562IIK6, STM32H562IIT6, STM32H562RGT6, STM32H562RGV6, STM32H562RIT6, STM32H562RIV6, STM32H562VGT6, STM32H562VIT6, STM32H562ZGT6, STM32H562ZIT6, STM32H563AGI6, STM32H563AII3Q, STM32H563AII6, STM32H563IGK6, STM32H563IGT6, STM32H563IIK3Q, STM32H563IIK6, STM32H563IIT3Q, STM32H563IIT6, STM32H563MIY3QTR, STM32H563RGT6, STM32H563RGV6, STM32H563RIT6, STM32H563RIV6, STM32H563VGT6, STM32H563VIT3Q, STM32H563VIT6, STM32H563ZGT6, STM32H563ZIT3Q, STM32H563ZIT6, STM32H573AII3Q, STM32H573AII6, STM32H573I-DK, STM32H573IIK3Q, STM32H573IIK6, STM32H573IIT3Q, STM32H573IIT6, STM32H573MIY3QTR, STM32H573RIT6, STM32H573RIV6, STM32H573VIT3Q, STM32H573VIT6, STM32H573ZIT3Q, STM32H573ZIT6, STM32L4R5QGI6STR, STM32MP131AAE3, STM32MP131AAF3, STM32MP131AAG3, STM32MP131CAE3, STM32MP131CAF3, STM32MP131CAG3, STM32MP131DAE7, STM32MP131DAF7, STM32MP131DAG7, STM32MP131FAE7, STM32MP131FAF7, STM32MP131FAG7, STM32MP133AAE3, STM32MP133AAF3, STM32MP133AAG3, STM32MP133CAE3, STM32MP133CAF3, STM32MP133CAG3, STM32MP133DAE7, STM32MP133DAF7, STM32MP133DAG7, STM32MP133FAE7, STM32MP133FAF7, STM32MP133FAG7, STM32MP135AAE3, STM32MP135AAF3, STM32MP135AAG3, STM32MP135CAE3, STM32MP135CAF3, STM32MP135CAG3, STM32MP135DAE7, STM32MP135DAF7, STM32MP135DAG7, STM32MP135F-DK, STM32MP135FAE7, STM32MP135FAF7, STM32MP135FAF7T, STM32MP135FAF7U, STM32MP135FAG7, STM32U535CBT6, STM32U535CBT6Q, STM32U535CBU6, STM32U535CBU6Q, STM32U535CCT6, STM32U535CCT6Q, STM32U535CCU6, STM32U535CCU6Q, STM32U535CET6, STM32U535CET6Q, STM32U535CEU6, STM32U535CEU6Q, STM32U535JEY6QTR, STM32U535NCY6QTR, STM32U535NEY6QTR, STM32U535RBI6, STM32U535RBI6Q, STM32U535RBT6, STM32U535RBT6Q, STM32U535RCI6, STM32U535RCI6Q, STM32U535RCT6, STM32U535RCT6Q, STM32U535REI6, STM32U535REI6Q, STM32U535RET6, STM32U535RET6Q, STM32U535VCI6, STM32U535VCI6Q, STM32U535VCT6, STM32U535VCT6Q, STM32U535VEI6, STM32U535VEI6Q, STM32U535VET6, STM32U535VET6Q, STM32U545CET6, STM32U545CET6Q, STM32U545CEU6, STM32U545CEU6Q, STM32U545JEY6QTR, STM32U545NEY6QTR, STM32U545REI6, STM32U545REI6Q, STM32U545RET6, STM32U545RET6Q, STM32U545VEI6, STM32U545VEI6Q, STM32U545VET6, STM32U545VET6Q, STM32U595AIH6, STM32U595AIH6Q, STM32U595AJH6, STM32U595AJH6Q, STM32U595QII6, STM32U595QII6Q, STM32U595QJI6, STM32U595QJI6Q, STM32U595RIT6, STM32U595RIT6Q, STM32U595RJT6, STM32U595RJT6Q, STM32U595VIT6, STM32U595VIT6Q, STM32U595VJT6, STM32U595VJT6Q, STM32U595ZIT6, STM32U595ZIT6Q, STM32U595ZIY6QTR, STM32U595ZJT6, STM32U595ZJT6Q, STM32U595ZJY6QTR, STM32U599BJY6QTR, STM32U599NIH6Q, STM32U599NJH6Q, STM32U599VIT6Q, STM32U599VJT6, STM32U599VJT6Q, STM32U599ZIT6Q, STM32U599ZIY6QTR, STM32U599ZJT6Q, STM32U599ZJY6QTR, STM32U5A5AJH6, STM32U5A5AJH6Q, STM32U5A5QJI6, STM32U5A5QJI6Q, STM32U5A5RJT6, STM32U5A5RJT6Q, STM32U5A5VJT6, STM32U5A5VJT6Q, STM32U5A5ZJT6, STM32U5A5ZJT6Q, STM32U5A5ZJY6QTR, STM32U5A9BJY6QTR, STM32U5A9J-DK, STM32U5A9NJH6Q, STM32U5A9VJT6Q, STM32U5A9ZJT6Q, STM32U5A9ZJY6QTR, STM32WB1MMCH6, STM32WBA52CEU6, STM32WBA52CEU6T, STM32WBA52CGU6, STM32WBA52CGU6T, STM32WL5MOCH6, STM32WL5MOCH6TR]
2023-05-03 14:37:58,377 [INFO] DbMcus:216 - Found 3775 MCUs, 3775 are supported
2023-05-03 14:37:58,380 [INFO] ApiDb:423 - Load user favorites file C:\Users\User/.stm32cubeide/favorites.mcus.txt: 0 item(s)
2023-05-03 14:37:58,380 [INFO] ApiDb:427 - User favorites MCUs=[]
2023-05-03 14:37:58,380 [INFO] DbMcus:222 - Set 0 / 0 favorites MCUs
2023-05-03 14:37:58,709 [WARN] ThirdParty:833 - waiting for thirdparty lock release [change project]
2023-05-03 14:37:58,709 [INFO] ThirdParty:835 - entering critical section [change project]
2023-05-03 14:37:58,709 [INFO] ThirdParty:1030 - CMSIS Pack Vendor :STMicroelectronics X-CUBE-ISPU 1.1.0
2023-05-03 14:37:58,709 [INFO] ThirdParty:1030 - CMSIS Pack Vendor :STMicroelectronics X-CUBE-GNSS1 6.0.0
2023-05-03 14:37:58,709 [INFO] ThirdParty:1030 - CMSIS Pack Vendor :STMicroelectronics USB_HOST 2.0.0
2023-05-03 14:37:58,709 [INFO] ThirdParty:1030 - CMSIS Pack Vendor :STMicroelectronics X-CUBE-AZRTOS-F4 1.1.0
2023-05-03 14:37:58,709 [INFO] ThirdParty:1030 - CMSIS Pack Vendor :STMicroelectronics LIBJPEG 8.0.0
2023-05-03 14:37:58,709 [INFO] ThirdParty:1030 - CMSIS Pack Vendor :STMicroelectronics X-CUBE-SMBUS 2.1.0
2023-05-03 14:37:58,709 [INFO] ThirdParty:1030 - CMSIS Pack Vendor :wolfSSL I-CUBE-wolfSSL 5.6.0
2023-05-03 14:37:58,709 [INFO] ThirdParty:1030 - CMSIS Pack Vendor :STMicroelectronics USB_DEVICE 3.0.0
2023-05-03 14:37:58,709 [INFO] ThirdParty:1030 - CMSIS Pack Vendor :STMicroelectronics X-CUBE-AI 8.0.0
2023-05-03 14:37:58,709 [INFO] ThirdParty:1030 - CMSIS Pack Vendor :STMicroelectronics X-CUBE-FREERTOS 1.0.1
2023-05-03 14:37:58,709 [INFO] ThirdParty:1030 - CMSIS Pack Vendor :STMicroelectronics X-CUBE-TOUCHGFX 4.21.3
2023-05-03 14:37:58,709 [INFO] ThirdParty:1030 - CMSIS Pack Vendor :STMicroelectronics X-CUBE-AZRTOS-F7 1.1.0
2023-05-03 14:37:58,709 [INFO] ThirdParty:1030 - CMSIS Pack Vendor :STMicroelectronics USB_DEVICE 2.0.0
2023-05-03 14:37:58,709 [INFO] ThirdParty:1030 - CMSIS Pack Vendor :STMicroelectronics X-CUBE-MEMS1 9.6.0
2023-05-03 14:37:58,709 [INFO] ThirdParty:1030 - CMSIS Pack Vendor :STMicroelectronics X-CUBE-ALGOBUILD 1.3.0
2023-05-03 14:37:58,710 [INFO] ThirdParty:1030 - CMSIS Pack Vendor :STMicroelectronics X-CUBE-BLE1 6.2.4
2023-05-03 14:37:58,710 [INFO] ThirdParty:1030 - CMSIS Pack Vendor :STMicroelectronics X-CUBE-AZRTOS-L5 1.1.0
2023-05-03 14:37:58,710 [INFO] ThirdParty:1030 - CMSIS Pack Vendor :STMicroelectronics FreeRTOS 0.0.1
2023-05-03 14:37:58,710 [INFO] ThirdParty:1030 - CMSIS Pack Vendor :emotas I-CUBE-CANOPEN 1.1.3
2023-05-03 14:37:58,710 [INFO] ThirdParty:1030 - CMSIS Pack Vendor :STMicroelectronics X-CUBE-AZRTOS-G0 1.1.0
2023-05-03 14:37:58,710 [INFO] ThirdParty:1030 - CMSIS Pack Vendor :STMicroelectronics X-CUBE-BLEMGR 2.0.0
2023-05-03 14:37:58,710 [INFO] ThirdParty:1030 - CMSIS Pack Vendor :STMicroelectronics X-CUBE-SUBG2 5.0.0
2023-05-03 14:37:58,710 [INFO] ThirdParty:1030 - CMSIS Pack Vendor :STMicroelectronics X-CUBE-NFC4 3.0.0
2023-05-03 14:37:58,710 [INFO] ThirdParty:1030 - CMSIS Pack Vendor :STMicroelectronics STM32_WPAN 1.0.0
2023-05-03 14:37:58,710 [INFO] ThirdParty:1030 - CMSIS Pack Vendor :STMicroelectronics lwIP 2.0.3
2023-05-03 14:37:58,710 [INFO] ThirdParty:1030 - CMSIS Pack Vendor :STMicroelectronics USB_HOST 1.0.0
2023-05-03 14:37:58,710 [INFO] ThirdParty:1030 - CMSIS Pack Vendor :STMicroelectronics X-CUBE-AZRTOS-G4 2.0.0
2023-05-03 14:37:58,710 [INFO] ThirdParty:1030 - CMSIS Pack Vendor :STMicroelectronics PDM2PCM 3.1.0
2023-05-03 14:37:58,710 [INFO] ThirdParty:1030 - CMSIS Pack Vendor :STMicroelectronics X-CUBE-AZRTOS-H7 3.1.0
2023-05-03 14:37:58,711 [INFO] ThirdParty:1030 - CMSIS Pack Vendor :STMicroelectronics X-CUBE-TOF1 3.3.0
2023-05-03 14:37:58,711 [INFO] ThirdParty:1030 - CMSIS Pack Vendor :STMicroelectronics PDM2PCM 3.3.0
2023-05-03 14:37:58,711 [INFO] ThirdParty:1030 - CMSIS Pack Vendor :STMicroelectronics X-CUBE-DISPLAY 3.0.0
2023-05-03 14:37:58,711 [INFO] ThirdParty:1030 - CMSIS Pack Vendor :STMicroelectronics FP-ATR-SIGFOX1 3.2.0
2023-05-03 14:37:58,711 [INFO] ThirdParty:1030 - CMSIS Pack Vendor :STMicroelectronics X-CUBE-AZRTOS-L4 1.0.0
2023-05-03 14:37:58,711 [INFO] ThirdParty:1030 - CMSIS Pack Vendor :STMicroelectronics HAL Drivers 0.0.0
2023-05-03 14:37:58,711 [INFO] ThirdParty:1030 - CMSIS Pack Vendor :STMicroelectronics MBEDTLS 2.16.2
2023-05-03 14:37:58,711 [INFO] ThirdParty:1030 - CMSIS Pack Vendor :STMicroelectronics MBEDTLS 2.14.1
2023-05-03 14:37:58,711 [INFO] ThirdParty:1030 - CMSIS Pack Vendor :STMicroelectronics X-CUBE-NFC7 1.0.0
2023-05-03 14:37:58,711 [INFO] ThirdParty:1030 - CMSIS Pack Vendor :STMicroelectronics X-CUBE-AZRTOS-WL 1.0.0
2023-05-03 14:37:58,711 [INFO] ThirdParty:1030 - CMSIS Pack Vendor :STMicroelectronics X-CUBE-EEPRMA1 4.1.0
2023-05-03 14:37:58,711 [INFO] ThirdParty:1030 - CMSIS Pack Vendor :portGmbH I-Cube-SoM-uGOAL 1.1.0
2023-05-03 14:37:58,711 [INFO] ThirdParty:1030 - CMSIS Pack Vendor :STMicroelectronics X-CUBE-ALS 1.0.1
2023-05-03 14:37:58,711 [INFO] ThirdParty:1030 - CMSIS Pack Vendor :STMicroelectronics ThreadX 1.0.0
2023-05-03 14:37:58,711 [INFO] ThirdParty:1030 - CMSIS Pack Vendor :STMicroelectronics X-CUBE-AZRTOS-WB 1.1.0
2023-05-03 14:37:58,711 [INFO] ThirdParty:1030 - CMSIS Pack Vendor :SEGGER I-CUBE-embOS 1.3.1
2023-05-03 14:37:58,711 [INFO] ThirdParty:1030 - CMSIS Pack Vendor :STMicroelectronics USB_DEVICE 1.0.0
2023-05-03 14:37:58,711 [INFO] ThirdParty:1030 - CMSIS Pack Vendor :STMicroelectronics ThreadX 0.0.2
2023-05-03 14:37:58,711 [INFO] ThirdParty:1030 - CMSIS Pack Vendor :WES I-CUBE-Cesium 1.3.0
2023-05-03 14:37:58,711 [INFO] ThirdParty:1030 - CMSIS Pack Vendor :STMicroelectronics FP-ATR-ASTRA1 2.0.0
2023-05-03 14:37:58,711 [INFO] ThirdParty:1030 - CMSIS Pack Vendor :STMicroelectronics lwIP 2.1.2
2023-05-03 14:37:58,711 [INFO] ThirdParty:1030 - CMSIS Pack Vendor :STMicroelectronics X-CUBE-SFXS2LP1 4.0.0
2023-05-03 14:37:58,711 [INFO] ThirdParty:1030 - CMSIS Pack Vendor :STMicroelectronics X-CUBE-BLE2 3.3.0
2023-05-03 14:37:58,712 [INFO] ThirdParty:1030 - CMSIS Pack Vendor :STMicroelectronics PDM2PCM 3.2.0
2023-05-03 14:37:58,712 [INFO] ThirdParty:841 - exiting critical section [change project]
2023-05-03 14:37:59,057 [INFO] PinOutPanel:1499 - setPackage(No Configuration,No Configuration)
2023-05-03 14:37:59,059 [INFO] PinOutPanel:1499 - setPackage(STM32F407VGTx,LQFP100)
2023-05-03 14:37:59,638 [INFO] UtilMem:75 - Before build in PCC Used Memory: 521900144 Bytes (724566016)
2023-05-03 14:38:00,254 [INFO] UtilMem:75 - After build in PCC Used Memory: 551708160 Bytes (724566016)
2023-05-03 14:38:00,283 [INFO] IPUIPlugin:80 - create IPUIPlugin
2023-05-03 14:38:00,283 [INFO] IPUIPlugin:80 - create IPUIPlugin
2023-05-03 14:38:00,283 [INFO] IPUIPlugin:80 - create IPUIPlugin
2023-05-03 14:38:00,283 [INFO] IPUIPlugin:80 - create IPUIPlugin
2023-05-03 14:38:00,283 [INFO] IPUIPlugin:80 - create IPUIPlugin
2023-05-03 14:38:00,284 [INFO] IPUIPlugin:80 - create IPUIPlugin
2023-05-03 14:38:00,284 [INFO] IPUIPlugin:80 - create IPUIPlugin
2023-05-03 14:38:00,284 [INFO] IPUIPlugin:80 - create IPUIPlugin
2023-05-03 14:38:00,284 [INFO] IPUIPlugin:80 - create IPUIPlugin
2023-05-03 14:38:00,284 [INFO] IPUIPlugin:80 - create IPUIPlugin
2023-05-03 14:38:00,284 [INFO] IPUIPlugin:80 - create IPUIPlugin
2023-05-03 14:38:00,284 [INFO] IPUIPlugin:80 - create IPUIPlugin
2023-05-03 14:38:00,284 [INFO] IPUIPlugin:80 - create IPUIPlugin
2023-05-03 14:38:00,285 [INFO] IPUIPlugin:80 - create IPUIPlugin
2023-05-03 14:38:00,285 [INFO] IPUIPlugin:80 - create IPUIPlugin
2023-05-03 14:38:00,285 [INFO] IPUIPlugin:80 - create IPUIPlugin
2023-05-03 14:38:00,285 [INFO] IPUIPlugin:80 - create IPUIPlugin
2023-05-03 14:38:00,285 [INFO] IPUIPlugin:80 - create IPUIPlugin
2023-05-03 14:38:00,285 [INFO] IPUIPlugin:80 - create IPUIPlugin
2023-05-03 14:38:00,285 [INFO] IPUIPlugin:80 - create IPUIPlugin
2023-05-03 14:38:00,285 [INFO] IPUIPlugin:80 - create IPUIPlugin
2023-05-03 14:38:00,286 [INFO] IPUIPlugin:80 - create IPUIPlugin
2023-05-03 14:38:00,286 [INFO] IPUIPlugin:80 - create IPUIPlugin
2023-05-03 14:38:00,286 [INFO] IPUIPlugin:80 - create IPUIPlugin
2023-05-03 14:38:00,286 [INFO] IPUIPlugin:80 - create IPUIPlugin
2023-05-03 14:38:00,286 [INFO] IPUIPlugin:80 - create IPUIPlugin
2023-05-03 14:38:00,286 [INFO] IPUIPlugin:80 - create IPUIPlugin
2023-05-03 14:38:00,287 [INFO] IPUIPlugin:80 - create IPUIPlugin
2023-05-03 14:38:00,287 [INFO] IPUIPlugin:80 - create IPUIPlugin
2023-05-03 14:38:00,287 [INFO] IPUIPlugin:80 - create IPUIPlugin
2023-05-03 14:38:00,287 [INFO] IPUIPlugin:80 - create IPUIPlugin
2023-05-03 14:38:00,287 [INFO] IPUIPlugin:80 - create IPUIPlugin
2023-05-03 14:38:00,288 [INFO] IPUIPlugin:80 - create IPUIPlugin
2023-05-03 14:38:00,288 [INFO] IPUIPlugin:80 - create IPUIPlugin
2023-05-03 14:38:00,288 [INFO] IPUIPlugin:80 - create IPUIPlugin
2023-05-03 14:38:00,288 [INFO] IPUIPlugin:80 - create IPUIPlugin
2023-05-03 14:38:00,288 [INFO] IPUIPlugin:80 - create IPUIPlugin
2023-05-03 14:38:00,289 [INFO] IPUIPlugin:80 - create IPUIPlugin
2023-05-03 14:38:00,289 [INFO] IPUIPlugin:80 - create IPUIPlugin
2023-05-03 14:38:00,289 [INFO] IPUIPlugin:80 - create IPUIPlugin
2023-05-03 14:38:00,289 [INFO] IPUIPlugin:80 - create IPUIPlugin
2023-05-03 14:38:00,289 [INFO] IPUIPlugin:80 - create IPUIPlugin
2023-05-03 14:38:00,290 [INFO] IPUIPlugin:80 - create IPUIPlugin
2023-05-03 14:38:00,290 [INFO] IPUIPlugin:80 - create IPUIPlugin
2023-05-03 14:38:00,290 [INFO] IPUIPlugin:80 - create IPUIPlugin
2023-05-03 14:38:00,290 [INFO] IPUIPlugin:80 - create IPUIPlugin
2023-05-03 14:38:00,291 [INFO] IPUIPlugin:80 - create IPUIPlugin
2023-05-03 14:38:00,291 [INFO] IPUIPlugin:80 - create IPUIPlugin
2023-05-03 14:38:00,291 [INFO] IPUIPlugin:80 - create IPUIPlugin
2023-05-03 14:38:00,292 [INFO] IPUIPlugin:80 - create IPUIPlugin
2023-05-03 14:38:00,292 [INFO] IPUIPlugin:80 - create IPUIPlugin
2023-05-03 14:38:00,292 [INFO] IPUIPlugin:80 - create IPUIPlugin
2023-05-03 14:38:00,292 [INFO] IPUIPlugin:80 - create IPUIPlugin
2023-05-03 14:38:00,293 [INFO] IPUIPlugin:80 - create IPUIPlugin
2023-05-03 14:38:00,294 [INFO] IPUIPlugin:80 - create IPUIPlugin
2023-05-03 14:38:00,294 [INFO] IPUIPlugin:80 - create IPUIPlugin
2023-05-03 14:38:00,294 [INFO] IPUIPlugin:80 - create IPUIPlugin
2023-05-03 14:38:00,294 [INFO] IPUIPlugin:80 - create IPUIPlugin
2023-05-03 14:38:00,339 [INFO] ApiDbMcu:507 - Load IP Config File for PDM2PCM
2023-05-03 14:38:00,543 [INFO] CADModel:165 - CPN selected for project levelSTM32F407VGT6
2023-05-03 14:38:00,543 [INFO] CADModel:114 - Register for checkConnection events
2023-05-03 14:38:00,603 [INFO] OpenFileManager:328 - Restore cursor
2023-05-03 14:45:40,392 [INFO] UtilMem:75 - End SaveConfig() Used Memory: 560741104 Bytes (724566016)
2023-05-03 14:45:41,004 [INFO] BlockDiagram:2759 - set Specific Code input for plugin: SYS
2023-05-03 14:45:41,005 [INFO] BlockDiagram:2759 - set Specific Code input for plugin: RCC
2023-05-03 14:45:41,005 [INFO] BlockDiagram:2759 - set Specific Code input for plugin: NVIC
2023-05-03 14:45:41,005 [INFO] BlockDiagram:2759 - set Specific Code input for plugin: GPIO
2023-05-03 14:45:41,007 [INFO] CodeGenerator:793 - code generatio: config db path: C:\ST\STM32CubeIDE_1.12.1\STM32CubeIDE\plugins\com.st.stm32cube.common.mx_6.8.1.202304191431\\db\
2023-05-03 14:45:41,415 [INFO] CodeEngine:255 - oldGeneratedFile, C:\Users\User\STM32CubeIDE\workspace_1.12.1\deneme1\MXTmpFiles\license.tmp_save
2023-05-03 14:45:41,875 [INFO] CodeEngine:279 - Generated code: C:\Users\User\STM32CubeIDE\workspace_1.12.1\deneme1\MXTmpFiles\license.tmp
2023-05-03 14:45:41,982 [INFO] CodeEngine:255 - oldGeneratedFile, C:\Users\User\STM32CubeIDE\workspace_1.12.1\deneme1\MXTmpFiles\gpio.tmp_save
2023-05-03 14:45:42,071 [INFO] CodeEngine:279 - Generated code: C:\Users\User\STM32CubeIDE\workspace_1.12.1\deneme1\MXTmpFiles\gpio.tmp
2023-05-03 14:45:42,136 [INFO] CodeEngine:255 - oldGeneratedFile, C:\Users\User\STM32CubeIDE\workspace_1.12.1\deneme1\Core\Src\stm32f4xx_it.c_save
2023-05-03 14:45:42,237 [INFO] CodeEngine:279 - Generated code: C:\Users\User\STM32CubeIDE\workspace_1.12.1\deneme1\Core\Src\stm32f4xx_it.c
2023-05-03 14:45:42,246 [INFO] CodeEngine:255 - oldGeneratedFile, C:\Users\User\STM32CubeIDE\workspace_1.12.1\deneme1\Core\Inc\stm32f4xx_it.h_save
2023-05-03 14:45:42,312 [INFO] CodeEngine:279 - Generated code: C:\Users\User\STM32CubeIDE\workspace_1.12.1\deneme1\Core\Inc\stm32f4xx_it.h
2023-05-03 14:45:42,327 [INFO] CodeEngine:255 - oldGeneratedFile, C:\Users\User\STM32CubeIDE\workspace_1.12.1\deneme1\Core\Src\stm32f4xx_hal_msp.c_save
2023-05-03 14:45:42,443 [INFO] CodeEngine:279 - Generated code: C:\Users\User\STM32CubeIDE\workspace_1.12.1\deneme1\Core\Src\stm32f4xx_hal_msp.c
2023-05-03 14:45:42,448 [INFO] CodeEngine:255 - oldGeneratedFile, C:\Users\User\STM32CubeIDE\workspace_1.12.1\deneme1\MXTmpFiles\system.tmp_save
2023-05-03 14:45:42,518 [INFO] CodeEngine:279 - Generated code: C:\Users\User\STM32CubeIDE\workspace_1.12.1\deneme1\MXTmpFiles\system.tmp
2023-05-03 14:45:42,547 [INFO] CodeEngine:311 - oldGeneratedFile, C:\Users\User\STM32CubeIDE\workspace_1.12.1\deneme1\Core\Inc\stm32f4xx_hal_conf.h_save
2023-05-03 14:45:42,632 [INFO] CodeEngine:335 - Generated code: C:\Users\User\STM32CubeIDE\workspace_1.12.1\deneme1\Core\Inc\stm32f4xx_hal_conf.h
2023-05-03 14:45:42,696 [INFO] CodeEngine:255 - oldGeneratedFile, C:\Users\User\STM32CubeIDE\workspace_1.12.1\deneme1\Core\Inc\main.h_save
2023-05-03 14:45:42,776 [INFO] CodeEngine:279 - Generated code: C:\Users\User\STM32CubeIDE\workspace_1.12.1\deneme1\Core\Inc\main.h
2023-05-03 14:45:42,785 [INFO] CodeEngine:255 - oldGeneratedFile, C:\Users\User\STM32CubeIDE\workspace_1.12.1\deneme1\Core\Src\main.c_save
2023-05-03 14:45:42,898 [INFO] CodeEngine:279 - Generated code: C:\Users\User\STM32CubeIDE\workspace_1.12.1\deneme1\Core\Src\main.c
2023-05-03 14:45:43,786 [INFO] ProjectBuilder:2996 - Time for Copy HAL[1] : 163mS.
2023-05-03 14:45:43,797 [INFO] ProjectBuilder:4304 - Project Generator version: 3.19.2
2023-05-03 14:45:44,195 [INFO] ConfigFileManager:1483 - The Die is : DIE413
2023-05-03 14:45:44,219 [INFO] ApiDbMcu:507 - Load IP Config File for FATFS
2023-05-03 14:45:44,245 [INFO] ApiDbMcu:507 - Load IP Config File for FREERTOS
2023-05-03 14:45:44,252 [INFO] ApiDbMcu:507 - Load IP Config File for LIBJPEG
2023-05-03 14:45:44,347 [INFO] ApiDbMcu:507 - Load IP Config File for LWIP
2023-05-03 14:45:44,387 [INFO] ApiDbMcu:507 - Load IP Config File for MBEDTLS
2023-05-03 14:45:44,422 [INFO] ApiDbMcu:507 - Load IP Config File for USB_DEVICE
2023-05-03 14:45:44,433 [INFO] ApiDbMcu:507 - Load IP Config File for USB_HOST
2023-05-03 14:45:45,224 [INFO] LogOutputStream:77 - [STDOUT_REDIRECT] 
2023-05-03 14:45:46,489 [INFO] ProjectBuilder:4505 - Time for Generating toolchain IDE Files: 2691mS.
2023-05-03 14:45:46,502 [INFO] ProjectBuilder:2867 - Time for Copy CMSIS : 1mS.
2023-05-03 14:45:46,505 [INFO] ProjectBuilder:2867 - Time for Copy CMSIS : 0mS.
